<?xml version="1.0" encoding="utf-8"?>
<TestRun id="6b0ed6fa-1f10-4c6f-82e7-aa536f33f635" name="MPIN@E-LAPTOP-018 2023-01-12 10:46:15" runUser="HB\MPIN" xmlns="http://microsoft.com/schemas/VisualStudio/TeamTest/2010">
  <Times creation="2023-01-12T10:46:15.1954271+01:00" queuing="2023-01-12T10:46:15.1954275+01:00" start="2023-01-12T10:46:12.4668669+01:00" finish="2023-01-12T10:46:18.4236447+01:00" />
  <TestSettings name="default" id="eb8de1c9-692c-46a6-aebf-76fb067e186a">
    <Deployment runDeploymentRoot="MPIN_E-LAPTOP-018_2023-01-12_10_46_15" />
  </TestSettings>
  <Results>
    <UnitTestResult executionId="8ed8e53c-7e5f-43e9-b8ef-720fb69c85ac" testId="271bfa7b-404f-3662-be5e-76585cdcc95a" testName="Handle should call PublishWorkPatternEventAsync on ApplicationUserRepository" computerName="E-LAPTOP-018" duration="00:00:00.0022388" startTime="2023-01-12T10:46:17.8029348+01:00" endTime="2023-01-12T10:46:17.8029349+01:00" testType="13cdc9d9-ddb5-4fa4-a97d-d965ccfc6d4b" outcome="Passed" testListId="8c84fa94-04c1-424b-9868-57a2d4851a1d" relativeResultsDirectory="8ed8e53c-7e5f-43e9-b8ef-720fb69c85ac" />
    <UnitTestResult executionId="6619dc60-cfd5-4c3e-8b26-7bcdb569a32d" testId="d24fc46d-a5d2-1629-253a-f6eaa85d61c8" testName="Body when office location is lower than zero should have error" computerName="E-LAPTOP-018" duration="00:00:00.0008324" startTime="2023-01-12T10:46:15.5145163+01:00" endTime="2023-01-12T10:46:15.5145165+01:00" testType="13cdc9d9-ddb5-4fa4-a97d-d965ccfc6d4b" outcome="Passed" testListId="8c84fa94-04c1-424b-9868-57a2d4851a1d" relativeResultsDirectory="6619dc60-cfd5-4c3e-8b26-7bcdb569a32d" />
    <UnitTestResult executionId="afeafd17-bc55-4327-8932-418adc8da48d" testId="5ad7f662-1516-02fb-117a-e4dcba67b531" testName="Id when empty should have error" computerName="E-LAPTOP-018" duration="00:00:00.0014101" startTime="2023-01-12T10:46:16.6520419+01:00" endTime="2023-01-12T10:46:16.6520422+01:00" testType="13cdc9d9-ddb5-4fa4-a97d-d965ccfc6d4b" outcome="Passed" testListId="8c84fa94-04c1-424b-9868-57a2d4851a1d" relativeResultsDirectory="afeafd17-bc55-4327-8932-418adc8da48d" />
    <UnitTestResult executionId="34db9c2a-21f1-45aa-9388-ca0d2324f362" testId="71d7324f-52ff-cfd4-d761-3db4d131dc6b" testName="Handle should throw ArgumentNullException when command is not set" computerName="E-LAPTOP-018" duration="00:00:00.0025529" startTime="2023-01-12T10:46:15.5032498+01:00" endTime="2023-01-12T10:46:15.5032500+01:00" testType="13cdc9d9-ddb5-4fa4-a97d-d965ccfc6d4b" outcome="Passed" testListId="8c84fa94-04c1-424b-9868-57a2d4851a1d" relativeResultsDirectory="34db9c2a-21f1-45aa-9388-ca0d2324f362" />
    <UnitTestResult executionId="07ef4f82-0685-4711-a476-086ff05b7fd3" testId="536c3e1e-c739-0c64-327e-600a1b0482a8" testName="Handle should call GetAllLocationAsync on AllLocationRepository" computerName="E-LAPTOP-018" duration="00:00:00.0026838" startTime="2023-01-12T10:46:16.5845512+01:00" endTime="2023-01-12T10:46:16.5845518+01:00" testType="13cdc9d9-ddb5-4fa4-a97d-d965ccfc6d4b" outcome="Passed" testListId="8c84fa94-04c1-424b-9868-57a2d4851a1d" relativeResultsDirectory="07ef4f82-0685-4711-a476-086ff05b7fd3" />
    <UnitTestResult executionId="e6c54f91-6d71-412b-be7a-1d78f383e03d" testId="292393c3-8964-7815-677e-44bf74e3ddd2" testName="Handle should throw ArgumentNullException when command is not set" computerName="E-LAPTOP-018" duration="00:00:00.0029598" startTime="2023-01-12T10:46:17.8111811+01:00" endTime="2023-01-12T10:46:17.8111813+01:00" testType="13cdc9d9-ddb5-4fa4-a97d-d965ccfc6d4b" outcome="Passed" testListId="8c84fa94-04c1-424b-9868-57a2d4851a1d" relativeResultsDirectory="e6c54f91-6d71-412b-be7a-1d78f383e03d" />
    <UnitTestResult executionId="a426b2a5-a402-44dd-b917-5cd6ff2a605f" testId="6a310f27-5452-26eb-573d-b89214211eba" testName=" CheckIfInsideWorkPatternAsync should return True" computerName="E-LAPTOP-018" duration="00:00:00.0010498" startTime="2023-01-12T10:46:15.2896568+01:00" endTime="2023-01-12T10:46:15.2896570+01:00" testType="13cdc9d9-ddb5-4fa4-a97d-d965ccfc6d4b" outcome="Passed" testListId="8c84fa94-04c1-424b-9868-57a2d4851a1d" relativeResultsDirectory="a426b2a5-a402-44dd-b917-5cd6ff2a605f" />
    <UnitTestResult executionId="d972ee3c-56a4-486e-86e0-9431a9fbc571" testId="b6e7abbd-5059-cff8-1123-348c0c2bf236" testName="GetWorkPattern should be called on WorkPatternRepository" computerName="E-LAPTOP-018" duration="00:00:00.3039578" startTime="2023-01-12T10:46:16.8650995+01:00" endTime="2023-01-12T10:46:16.8651002+01:00" testType="13cdc9d9-ddb5-4fa4-a97d-d965ccfc6d4b" outcome="Passed" testListId="8c84fa94-04c1-424b-9868-57a2d4851a1d" relativeResultsDirectory="d972ee3c-56a4-486e-86e0-9431a9fbc571" />
    <UnitTestResult executionId="a5d36a6e-aadf-4457-aa69-f55e1ae04aeb" testId="14014fe1-e867-69d7-9c16-37e926e7bbb2" testName="CreateApplicationUser should call Exception when input is null" computerName="E-LAPTOP-018" duration="00:00:01.0271858" startTime="2023-01-12T10:46:16.3658891+01:00" endTime="2023-01-12T10:46:16.3658894+01:00" testType="13cdc9d9-ddb5-4fa4-a97d-d965ccfc6d4b" outcome="Passed" testListId="8c84fa94-04c1-424b-9868-57a2d4851a1d" relativeResultsDirectory="a5d36a6e-aadf-4457-aa69-f55e1ae04aeb" />
    <UnitTestResult executionId="60eee6a3-e379-4cff-b58e-6a8d15547963" testId="3b6c32a8-ccf4-b4f6-f142-9f1948e4ee4d" testName="Body when EndTimePart is higher than 24h should have error" computerName="E-LAPTOP-018" duration="00:00:00.0157634" startTime="2023-01-12T10:46:17.6479908+01:00" endTime="2023-01-12T10:46:17.6479910+01:00" testType="13cdc9d9-ddb5-4fa4-a97d-d965ccfc6d4b" outcome="Passed" testListId="8c84fa94-04c1-424b-9868-57a2d4851a1d" relativeResultsDirectory="60eee6a3-e379-4cff-b58e-6a8d15547963" />
    <UnitTestResult executionId="87995233-88a5-4acd-8b9c-d99192003f76" testId="39479a0b-e71a-5117-4ecc-a81ba03eb95f" testName="CheckAbsentAndOverLapAsync should return zero" computerName="E-LAPTOP-018" duration="00:00:00.0071289" startTime="2023-01-12T10:46:15.4059163+01:00" endTime="2023-01-12T10:46:15.4059164+01:00" testType="13cdc9d9-ddb5-4fa4-a97d-d965ccfc6d4b" outcome="Passed" testListId="8c84fa94-04c1-424b-9868-57a2d4851a1d" relativeResultsDirectory="87995233-88a5-4acd-8b9c-d99192003f76" />
    <UnitTestResult executionId="66311971-385c-44cf-92bf-17fa772df6bb" testId="78635eaf-6cb2-8757-8e94-9923f580bca6" testName="Handle should throw ArgumentNullException when command is not set" computerName="E-LAPTOP-018" duration="00:00:00.0035601" startTime="2023-01-12T10:46:17.8140807+01:00" endTime="2023-01-12T10:46:17.8140808+01:00" testType="13cdc9d9-ddb5-4fa4-a97d-d965ccfc6d4b" outcome="Passed" testListId="8c84fa94-04c1-424b-9868-57a2d4851a1d" relativeResultsDirectory="66311971-385c-44cf-92bf-17fa772df6bb" />
    <UnitTestResult executionId="d1adc700-00f1-4a17-a823-630c7b475b42" testId="2ba6167d-ee41-1ff2-7079-3f87e163678f" testName="BreakWorkPatternAsync should return empty list when inserting empty list" computerName="E-LAPTOP-018" duration="00:00:00.0006946" startTime="2023-01-12T10:46:16.7878332+01:00" endTime="2023-01-12T10:46:16.7878335+01:00" testType="13cdc9d9-ddb5-4fa4-a97d-d965ccfc6d4b" outcome="Passed" testListId="8c84fa94-04c1-424b-9868-57a2d4851a1d" relativeResultsDirectory="d1adc700-00f1-4a17-a823-630c7b475b42" />
    <UnitTestResult executionId="ac60081a-c645-4557-a945-5504eba2a21b" testId="39537503-afbf-ab0b-3f6a-c7cb51edb22c" testName="Handle should throw ArgumentNullException when command is not set" computerName="E-LAPTOP-018" duration="00:00:00.0024043" startTime="2023-01-12T10:46:16.7628512+01:00" endTime="2023-01-12T10:46:16.7628514+01:00" testType="13cdc9d9-ddb5-4fa4-a97d-d965ccfc6d4b" outcome="Passed" testListId="8c84fa94-04c1-424b-9868-57a2d4851a1d" relativeResultsDirectory="ac60081a-c645-4557-a945-5504eba2a21b" />
    <UnitTestResult executionId="819e0447-7124-4439-9214-f8cfa6e26a63" testId="cc11f297-0a5a-6840-8510-59412ea01baf" testName="TestShiftLogic - The application publish 0 parts and workToday has to be false - No absents and no Parts in WP (Random Variables-3WP,0Parts each,0Absents) " computerName="E-LAPTOP-018" duration="00:00:00.0014133" startTime="2023-01-12T10:46:15.3560772+01:00" endTime="2023-01-12T10:46:15.3560773+01:00" testType="13cdc9d9-ddb5-4fa4-a97d-d965ccfc6d4b" outcome="Passed" testListId="8c84fa94-04c1-424b-9868-57a2d4851a1d" relativeResultsDirectory="819e0447-7124-4439-9214-f8cfa6e26a63" />
    <UnitTestResult executionId="8e2f9b29-b180-4e39-8814-df4c68361fd3" testId="0d4d9e11-c0b3-d084-e6ba-f068f4b811cf" testName="Body when StartTimePart is higher than EndTimePart should have error" computerName="E-LAPTOP-018" duration="00:00:00.0006440" startTime="2023-01-12T10:46:17.8065800+01:00" endTime="2023-01-12T10:46:17.8065802+01:00" testType="13cdc9d9-ddb5-4fa4-a97d-d965ccfc6d4b" outcome="Passed" testListId="8c84fa94-04c1-424b-9868-57a2d4851a1d" relativeResultsDirectory="8e2f9b29-b180-4e39-8814-df4c68361fd3" />
    <UnitTestResult executionId="b6cac1f1-8e17-4e00-a728-444b057f91bf" testId="5845b899-8ea2-d343-d868-06dc7d125f94" testName="Body should have a child validator" computerName="E-LAPTOP-018" duration="00:00:00.0007188" startTime="2023-01-12T10:46:16.5782694+01:00" endTime="2023-01-12T10:46:16.5782696+01:00" testType="13cdc9d9-ddb5-4fa4-a97d-d965ccfc6d4b" outcome="Passed" testListId="8c84fa94-04c1-424b-9868-57a2d4851a1d" relativeResultsDirectory="b6cac1f1-8e17-4e00-a728-444b057f91bf" />
    <UnitTestResult executionId="760f68df-083e-4e58-a4c8-d53869ba2353" testId="37191a2e-a8bf-b0e8-a38d-d3632b7351ea" testName="BreakWorkPatternAsync should split the work pattern in two when user has two overlapping absents" computerName="E-LAPTOP-018" duration="00:00:00.0009634" startTime="2023-01-12T10:46:15.4392776+01:00" endTime="2023-01-12T10:46:15.4392778+01:00" testType="13cdc9d9-ddb5-4fa4-a97d-d965ccfc6d4b" outcome="Passed" testListId="8c84fa94-04c1-424b-9868-57a2d4851a1d" relativeResultsDirectory="760f68df-083e-4e58-a4c8-d53869ba2353" />
    <UnitTestResult executionId="19ff71c4-7304-42e6-b711-06b3546d7f21" testId="0274a7e4-a287-e96c-0fb1-2432a825f85e" testName="CreateApplicationUser should be called on ApplicationUserRepository" computerName="E-LAPTOP-018" duration="00:00:00.2720968" startTime="2023-01-12T10:46:17.2013231+01:00" endTime="2023-01-12T10:46:17.2013236+01:00" testType="13cdc9d9-ddb5-4fa4-a97d-d965ccfc6d4b" outcome="Passed" testListId="8c84fa94-04c1-424b-9868-57a2d4851a1d" relativeResultsDirectory="19ff71c4-7304-42e6-b711-06b3546d7f21" />
    <UnitTestResult executionId="b571c387-304e-4e25-abc2-ede2d88facf1" testId="8c5ab19a-f9af-ada5-7a4c-124ee3557a47" testName="Handle should call CreateWorkPatternAsync on WorkPatternRepository" computerName="E-LAPTOP-018" duration="00:00:00.0051045" startTime="2023-01-12T10:46:17.9207099+01:00" endTime="2023-01-12T10:46:17.9207103+01:00" testType="13cdc9d9-ddb5-4fa4-a97d-d965ccfc6d4b" outcome="Passed" testListId="8c84fa94-04c1-424b-9868-57a2d4851a1d" relativeResultsDirectory="b571c387-304e-4e25-abc2-ede2d88facf1" />
    <UnitTestResult executionId="5b40e8ea-cb44-405b-92dd-e43ca0638382" testId="6d8f7b5e-d0b0-174b-007c-0710c767806d" testName="Id when guid should not have error" computerName="E-LAPTOP-018" duration="00:00:00.0002373" startTime="2023-01-12T10:46:16.5883008+01:00" endTime="2023-01-12T10:46:16.5883009+01:00" testType="13cdc9d9-ddb5-4fa4-a97d-d965ccfc6d4b" outcome="Passed" testListId="8c84fa94-04c1-424b-9868-57a2d4851a1d" relativeResultsDirectory="5b40e8ea-cb44-405b-92dd-e43ca0638382" />
    <UnitTestResult executionId="ace37bdf-74c7-4e66-b715-6992c44bbdc4" testId="dce9605e-965b-ee77-1021-2ac56be3d56a" testName="CreateAbsent should be called on AbsentRepository" computerName="E-LAPTOP-018" duration="00:00:00.1322760" startTime="2023-01-12T10:46:16.4996776+01:00" endTime="2023-01-12T10:46:16.4996781+01:00" testType="13cdc9d9-ddb5-4fa4-a97d-d965ccfc6d4b" outcome="Passed" testListId="8c84fa94-04c1-424b-9868-57a2d4851a1d" relativeResultsDirectory="ace37bdf-74c7-4e66-b715-6992c44bbdc4" />
    <UnitTestResult executionId="41458ae2-d93d-41f8-b170-a63e0ef95307" testId="9925f13f-3bd8-abb5-c18e-a1099485483b" testName="TestJoinPartsToday - The application should publish 2 parts workToday has to be true- It has two absents (Random Variables-3WP,10Parts each,2Absents)" computerName="E-LAPTOP-018" duration="00:00:00.0124404" startTime="2023-01-12T10:46:15.3767096+01:00" endTime="2023-01-12T10:46:15.3767099+01:00" testType="13cdc9d9-ddb5-4fa4-a97d-d965ccfc6d4b" outcome="Passed" testListId="8c84fa94-04c1-424b-9868-57a2d4851a1d" relativeResultsDirectory="41458ae2-d93d-41f8-b170-a63e0ef95307" />
    <UnitTestResult executionId="ea589e3d-a785-41f6-a89a-12f36c5ae07b" testId="44963f54-2793-108a-6e87-949487fc0e3f" testName="Handle should throw ArgumentNullException when command is not set" computerName="E-LAPTOP-018" duration="00:00:00.0018953" startTime="2023-01-12T10:46:17.8192441+01:00" endTime="2023-01-12T10:46:17.8192443+01:00" testType="13cdc9d9-ddb5-4fa4-a97d-d965ccfc6d4b" outcome="Passed" testListId="8c84fa94-04c1-424b-9868-57a2d4851a1d" relativeResultsDirectory="ea589e3d-a785-41f6-a89a-12f36c5ae07b" />
    <UnitTestResult executionId="0602940e-f7db-4e30-a1ce-7ef94e26366e" testId="bd5318d5-f599-06d8-c91e-631682e0ae1b" testName="when create a command should not have error" computerName="E-LAPTOP-018" duration="00:00:00.0007725" startTime="2023-01-12T10:46:15.3852160+01:00" endTime="2023-01-12T10:46:15.3852162+01:00" testType="13cdc9d9-ddb5-4fa4-a97d-d965ccfc6d4b" outcome="Passed" testListId="8c84fa94-04c1-424b-9868-57a2d4851a1d" relativeResultsDirectory="0602940e-f7db-4e30-a1ce-7ef94e26366e" />
    <UnitTestResult executionId="4da1838d-f49c-453b-8171-19846edb9287" testId="d15d11b5-1212-9f07-54aa-d8efcf776be3" testName="GetAllWorkPattern should be called on WorkPatternRepository" computerName="E-LAPTOP-018" duration="00:00:01.4042404" startTime="2023-01-12T10:46:16.5181989+01:00" endTime="2023-01-12T10:46:16.5181991+01:00" testType="13cdc9d9-ddb5-4fa4-a97d-d965ccfc6d4b" outcome="Passed" testListId="8c84fa94-04c1-424b-9868-57a2d4851a1d" relativeResultsDirectory="4da1838d-f49c-453b-8171-19846edb9287" />
    <UnitTestResult executionId="44c6fade-bbbd-403e-b9f2-1f654f49578e" testId="1fe8eccd-85fc-add3-eddc-d89c9265bccb" testName="Handle should call GetAllAbsentAsync on AbsentRepository" computerName="E-LAPTOP-018" duration="00:00:00.0039249" startTime="2023-01-12T10:46:17.8908900+01:00" endTime="2023-01-12T10:46:17.8908902+01:00" testType="13cdc9d9-ddb5-4fa4-a97d-d965ccfc6d4b" outcome="Passed" testListId="8c84fa94-04c1-424b-9868-57a2d4851a1d" relativeResultsDirectory="44c6fade-bbbd-403e-b9f2-1f654f49578e" />
    <UnitTestResult executionId="28cc56a2-dc34-4f19-9c63-7ccc4752454f" testId="bf5aca2d-da30-a176-2ebd-18a9a49b2438" testName="BreakWorkPatternAsync should split beginning of the work pattern when user has a absent" computerName="E-LAPTOP-018" duration="00:00:00.0496148" startTime="2023-01-12T10:46:15.4890113+01:00" endTime="2023-01-12T10:46:15.4890117+01:00" testType="13cdc9d9-ddb5-4fa4-a97d-d965ccfc6d4b" outcome="Passed" testListId="8c84fa94-04c1-424b-9868-57a2d4851a1d" relativeResultsDirectory="28cc56a2-dc34-4f19-9c63-7ccc4752454f" />
    <UnitTestResult executionId="92787a95-de21-47dc-871b-3a810dbd776a" testId="cecc3896-44b5-cde3-eb3c-db40aeebd339" testName="FindLowestDelayAsync should set a one week delay" computerName="E-LAPTOP-018" duration="00:00:00.0031360" startTime="2023-01-12T10:46:16.5385811+01:00" endTime="2023-01-12T10:46:16.5385814+01:00" testType="13cdc9d9-ddb5-4fa4-a97d-d965ccfc6d4b" outcome="Passed" testListId="8c84fa94-04c1-424b-9868-57a2d4851a1d" relativeResultsDirectory="92787a95-de21-47dc-871b-3a810dbd776a" />
    <UnitTestResult executionId="c3f074f9-a657-42c1-b2fa-4e479b2b779d" testId="a93b2ddc-c1ff-6848-d2f1-42c5c6cc7785" testName="FindLowestDelayAsync should set the right delay  when pattern has one part" computerName="E-LAPTOP-018" duration="00:00:00.0009439" startTime="2023-01-12T10:46:16.5607463+01:00" endTime="2023-01-12T10:46:16.5607464+01:00" testType="13cdc9d9-ddb5-4fa4-a97d-d965ccfc6d4b" outcome="Passed" testListId="8c84fa94-04c1-424b-9868-57a2d4851a1d" relativeResultsDirectory="c3f074f9-a657-42c1-b2fa-4e479b2b779d" />
    <UnitTestResult executionId="0cc73fa9-d449-4f7e-9158-721840ca5124" testId="43795a5a-1923-2a27-a0a6-7000fa3d1f43" testName="BreakWorkPatternAsync should split the work pattern in three when user has two absents" computerName="E-LAPTOP-018" duration="00:00:00.0015884" startTime="2023-01-12T10:46:16.7937310+01:00" endTime="2023-01-12T10:46:16.7937312+01:00" testType="13cdc9d9-ddb5-4fa4-a97d-d965ccfc6d4b" outcome="Passed" testListId="8c84fa94-04c1-424b-9868-57a2d4851a1d" relativeResultsDirectory="0cc73fa9-d449-4f7e-9158-721840ca5124" />
    <UnitTestResult executionId="51d09aac-a4b7-4a11-8f90-a4976049a799" testId="d51d2188-860a-99ed-5055-aff324c4d761" testName="Handle should throw ArgumentNullException when command is not set" computerName="E-LAPTOP-018" duration="00:00:00.0038407" startTime="2023-01-12T10:46:15.3217463+01:00" endTime="2023-01-12T10:46:15.3217467+01:00" testType="13cdc9d9-ddb5-4fa4-a97d-d965ccfc6d4b" outcome="Passed" testListId="8c84fa94-04c1-424b-9868-57a2d4851a1d" relativeResultsDirectory="51d09aac-a4b7-4a11-8f90-a4976049a799" />
    <UnitTestResult executionId="d10f85ac-345d-4eb1-84f6-11e1902eb1ed" testId="97a4524c-fb24-e21b-6d69-7a1d332f31d8" testName="UserId when two should not have error" computerName="E-LAPTOP-018" duration="00:00:00.0022824" startTime="2023-01-12T10:46:15.1956365+01:00" endTime="2023-01-12T10:46:15.1956371+01:00" testType="13cdc9d9-ddb5-4fa4-a97d-d965ccfc6d4b" outcome="Passed" testListId="8c84fa94-04c1-424b-9868-57a2d4851a1d" relativeResultsDirectory="d10f85ac-345d-4eb1-84f6-11e1902eb1ed" />
    <UnitTestResult executionId="35781d19-2027-4113-8e52-952dea58dd9e" testId="a0b0ef88-59bb-25e0-7292-f591ee930b1a" testName="BreakWorkPatternAsync should split the work pattern in three when user has two absents" computerName="E-LAPTOP-018" duration="00:00:00.0017400" startTime="2023-01-12T10:46:15.4908548+01:00" endTime="2023-01-12T10:46:15.4908550+01:00" testType="13cdc9d9-ddb5-4fa4-a97d-d965ccfc6d4b" outcome="Passed" testListId="8c84fa94-04c1-424b-9868-57a2d4851a1d" relativeResultsDirectory="35781d19-2027-4113-8e52-952dea58dd9e" />
    <UnitTestResult executionId="357ea068-2f97-46ee-ab12-af4423865d6d" testId="2e1e71dc-123a-5d76-3ef8-658c2941c638" testName="DeleteWorkPattern should be called on WorkPatternRepository" computerName="E-LAPTOP-018" duration="00:00:00.3898336" startTime="2023-01-12T10:46:17.7961046+01:00" endTime="2023-01-12T10:46:17.7961048+01:00" testType="13cdc9d9-ddb5-4fa4-a97d-d965ccfc6d4b" outcome="Passed" testListId="8c84fa94-04c1-424b-9868-57a2d4851a1d" relativeResultsDirectory="357ea068-2f97-46ee-ab12-af4423865d6d" />
    <UnitTestResult executionId="090e8fb7-9034-45e6-8bbe-840be43871a0" testId="a93ad07c-55df-d0e2-80ef-6cc377ce4595" testName="Handle should throw ArgumentNullException when command is not set" computerName="E-LAPTOP-018" duration="00:00:00.0032087" startTime="2023-01-12T10:46:16.5916952+01:00" endTime="2023-01-12T10:46:16.5916955+01:00" testType="13cdc9d9-ddb5-4fa4-a97d-d965ccfc6d4b" outcome="Passed" testListId="8c84fa94-04c1-424b-9868-57a2d4851a1d" relativeResultsDirectory="090e8fb7-9034-45e6-8bbe-840be43871a0" />
    <UnitTestResult executionId="c770f0a7-4a39-4803-92f4-e8506ed0256d" testId="0a0a42e4-6f09-755c-4a12-c90744a85175" testName="Body when EndTimePart is higher than 24h should have error" computerName="E-LAPTOP-018" duration="00:00:00.0004122" startTime="2023-01-12T10:46:17.8070464+01:00" endTime="2023-01-12T10:46:17.8070465+01:00" testType="13cdc9d9-ddb5-4fa4-a97d-d965ccfc6d4b" outcome="Passed" testListId="8c84fa94-04c1-424b-9868-57a2d4851a1d" relativeResultsDirectory="c770f0a7-4a39-4803-92f4-e8506ed0256d" />
    <UnitTestResult executionId="39f0d87b-11f3-4639-a99e-ea4518a55aca" testId="bf01cab6-f48b-16c2-37d4-16d3d3444fb6" testName="Handle should call GetAllWorkPatternAsync on WorkPatternRepository" computerName="E-LAPTOP-018" duration="00:00:00.0030204" startTime="2023-01-12T10:46:17.9128221+01:00" endTime="2023-01-12T10:46:17.9128224+01:00" testType="13cdc9d9-ddb5-4fa4-a97d-d965ccfc6d4b" outcome="Passed" testListId="8c84fa94-04c1-424b-9868-57a2d4851a1d" relativeResultsDirectory="39f0d87b-11f3-4639-a99e-ea4518a55aca" />
    <UnitTestResult executionId="5fbad902-42b6-4711-9e6f-92e41b0b1b10" testId="122a2271-1ffd-855d-c032-f111c43b0a34" testName="BreakWorkPatternAsync should split the work pattern when user has a absent" computerName="E-LAPTOP-018" duration="00:00:00.0014575" startTime="2023-01-12T10:46:15.4370803+01:00" endTime="2023-01-12T10:46:15.4370805+01:00" testType="13cdc9d9-ddb5-4fa4-a97d-d965ccfc6d4b" outcome="Passed" testListId="8c84fa94-04c1-424b-9868-57a2d4851a1d" relativeResultsDirectory="5fbad902-42b6-4711-9e6f-92e41b0b1b10" />
    <UnitTestResult executionId="014fa070-1eeb-41c1-9b8e-2ed7852029fe" testId="9ae91465-11db-c615-452f-cefe2b23fc85" testName="UpdateWorkPattern should be called on WorkPatternRepository" computerName="E-LAPTOP-018" duration="00:00:00.1101590" startTime="2023-01-12T10:46:18.2417721+01:00" endTime="2023-01-12T10:46:18.2417728+01:00" testType="13cdc9d9-ddb5-4fa4-a97d-d965ccfc6d4b" outcome="Passed" testListId="8c84fa94-04c1-424b-9868-57a2d4851a1d" relativeResultsDirectory="014fa070-1eeb-41c1-9b8e-2ed7852029fe" />
    <UnitTestResult executionId="0a78da9a-e591-4c13-9d43-e80b8ed79875" testId="12b65020-75e5-e147-5a5a-de6f1f5ea3ae" testName="UserId when zero should have error" computerName="E-LAPTOP-018" duration="00:00:00.0013439" startTime="2023-01-12T10:46:16.5814066+01:00" endTime="2023-01-12T10:46:16.5814069+01:00" testType="13cdc9d9-ddb5-4fa4-a97d-d965ccfc6d4b" outcome="Passed" testListId="8c84fa94-04c1-424b-9868-57a2d4851a1d" relativeResultsDirectory="0a78da9a-e591-4c13-9d43-e80b8ed79875" />
    <UnitTestResult executionId="66c2d9c3-9178-42f0-905e-abaccef07b43" testId="96416deb-8d1b-fe77-d397-2971cf8e2d88" testName="Handle should call AbsentLogicEventAsync on ApplicationUserRepository" computerName="E-LAPTOP-018" duration="00:00:00.0117160" startTime="2023-01-12T10:46:17.8830599+01:00" endTime="2023-01-12T10:46:17.8830601+01:00" testType="13cdc9d9-ddb5-4fa4-a97d-d965ccfc6d4b" outcome="Failed" testListId="8c84fa94-04c1-424b-9868-57a2d4851a1d" relativeResultsDirectory="66c2d9c3-9178-42f0-905e-abaccef07b43">
      <Output>
        <ErrorInfo>
          <Message>Moq.MockException : ITimerService.RemoveAbsentsAsync([Absent], CancellationToken) invocation failed with mock behavior Strict.
All invocations on the mock must have a corresponding setup.</Message>
          <StackTrace>   at Moq.FailForStrictMock.Handle(Invocation invocation, Mock mock) in C:\projects\moq4\src\Moq\Interception\InterceptionAspects.cs:line 182&#xD;
   at Moq.Mock.Moq.IInterceptor.Intercept(Invocation invocation) in C:\projects\moq4\src\Moq\Interception\Mock.cs:line 27&#xD;
   at Moq.CastleProxyFactory.Interceptor.Intercept(IInvocation underlying) in C:\projects\moq4\src\Moq\Interception\CastleProxyFactory.cs:line 107&#xD;
   at Castle.DynamicProxy.AbstractInvocation.Proceed()&#xD;
   at Castle.Proxies.ITimerServiceProxy.RemoveAbsentsAsync(List`1 listAllAbsentss, CancellationToken cancellationToken)&#xD;
   at Project1.Application.EventHandlers.AbsentLogic.AbsentLogicEventHandler.Handle(AbsentLogicEvent notification, CancellationToken cancellationToken) in C:\Users\MPIN\source\repos\miguel-pvs\Project1\Application\EventHandlers\AbsentLogic\AbsentLogicEventHandler.cs:line 42&#xD;
   at PVSDashboard.Tests.Application.EventHandlers.AbsentLogicEventHandlers.AbsentLogicEventHandlerTests.HandleShouldCallAbsentLogicEventAsyncOnApplicationUserRepository_WhenCommandIsSet() in C:\Users\MPIN\source\repos\miguel-pvs\PVSDashboard.Tests\Application\EventHandlers\AbsentLogicEventHandlers\AbsentLogicEventHandlerTests.cs:line 118&#xD;
--- End of stack trace from previous location ---</StackTrace>
        </ErrorInfo>
      </Output>
    </UnitTestResult>
    <UnitTestResult executionId="0e268b72-ffe1-44de-b85f-b174bba63ca6" testId="1157e2f6-9451-ae04-2fc7-12305b41a1b7" testName="OverLapTodayTestsAsync should return one part" computerName="E-LAPTOP-018" duration="00:00:00.0007591" startTime="2023-01-12T10:46:16.9958650+01:00" endTime="2023-01-12T10:46:16.9958652+01:00" testType="13cdc9d9-ddb5-4fa4-a97d-d965ccfc6d4b" outcome="Passed" testListId="8c84fa94-04c1-424b-9868-57a2d4851a1d" relativeResultsDirectory="0e268b72-ffe1-44de-b85f-b174bba63ca6" />
    <UnitTestResult executionId="1d3d0ab5-4c73-4101-98cb-25a97272f829" testId="1633bfdd-9d47-754b-8b5c-80c8c4581a45" testName="Body when start time lower than end time should not have error" computerName="E-LAPTOP-018" duration="00:00:00.0005132" startTime="2023-01-12T10:46:17.8052237+01:00" endTime="2023-01-12T10:46:17.8052239+01:00" testType="13cdc9d9-ddb5-4fa4-a97d-d965ccfc6d4b" outcome="Passed" testListId="8c84fa94-04c1-424b-9868-57a2d4851a1d" relativeResultsDirectory="1d3d0ab5-4c73-4101-98cb-25a97272f829" />
    <UnitTestResult executionId="3ccb9efb-13ac-4fd6-a4df-20e766e9835e" testId="7cfd8df0-cb14-894f-c35e-ff776ef748e4" testName="Handle should call GetWorkPatternAsync on WorkPatternRepository" computerName="E-LAPTOP-018" duration="00:00:00.0042707" startTime="2023-01-12T10:46:15.5005875+01:00" endTime="2023-01-12T10:46:15.5005881+01:00" testType="13cdc9d9-ddb5-4fa4-a97d-d965ccfc6d4b" outcome="Passed" testListId="8c84fa94-04c1-424b-9868-57a2d4851a1d" relativeResultsDirectory="3ccb9efb-13ac-4fd6-a4df-20e766e9835e" />
    <UnitTestResult executionId="b1f7d786-8219-4fa4-843e-5e40230dffe6" testId="0fb86b18-8fd6-fd2e-ea02-75050e29a8f3" testName="when create a command should not have error" computerName="E-LAPTOP-018" duration="00:00:00.0215068" startTime="2023-01-12T10:46:15.1462949+01:00" endTime="2023-01-12T10:46:15.1463377+01:00" testType="13cdc9d9-ddb5-4fa4-a97d-d965ccfc6d4b" outcome="Passed" testListId="8c84fa94-04c1-424b-9868-57a2d4851a1d" relativeResultsDirectory="b1f7d786-8219-4fa4-843e-5e40230dffe6" />
    <UnitTestResult executionId="3b8d7f4a-4438-4e79-ba4c-587abfb40a1c" testId="79c9270d-ff50-cf99-8820-9adab49d2beb" testName="Body when EndTimePart is higher than 24h should have error" computerName="E-LAPTOP-018" duration="00:00:00.0004076" startTime="2023-01-12T10:46:17.8080037+01:00" endTime="2023-01-12T10:46:17.8080039+01:00" testType="13cdc9d9-ddb5-4fa4-a97d-d965ccfc6d4b" outcome="Passed" testListId="8c84fa94-04c1-424b-9868-57a2d4851a1d" relativeResultsDirectory="3b8d7f4a-4438-4e79-ba4c-587abfb40a1c" />
    <UnitTestResult executionId="115b9d6c-4188-4155-9464-7763aeb1ce4d" testId="ca76c4e8-9514-4f7e-215b-a28ad4919531" testName="Body when name is empty should have error" computerName="E-LAPTOP-018" duration="00:00:00.0004404" startTime="2023-01-12T10:46:15.4295795+01:00" endTime="2023-01-12T10:46:15.4295796+01:00" testType="13cdc9d9-ddb5-4fa4-a97d-d965ccfc6d4b" outcome="Passed" testListId="8c84fa94-04c1-424b-9868-57a2d4851a1d" relativeResultsDirectory="115b9d6c-4188-4155-9464-7763aeb1ce4d" />
    <UnitTestResult executionId="12bc412e-4b5c-4112-bec1-d0a64e9b3499" testId="915fd969-5467-61a8-e670-76801221b997" testName="BreakWorkPatternAsync should split beginning of the work pattern when user has a absent" computerName="E-LAPTOP-018" duration="00:00:00.0011898" startTime="2023-01-12T10:46:16.7905056+01:00" endTime="2023-01-12T10:46:16.7905058+01:00" testType="13cdc9d9-ddb5-4fa4-a97d-d965ccfc6d4b" outcome="Passed" testListId="8c84fa94-04c1-424b-9868-57a2d4851a1d" relativeResultsDirectory="12bc412e-4b5c-4112-bec1-d0a64e9b3499" />
    <UnitTestResult executionId="f1f44df4-b282-4573-98ec-7321deaa2db8" testId="7a45602b-352b-b8c8-f18c-3dc30a5ead37" testName="GetAllApplicationUser should be called on ApplicationUserRepository" computerName="E-LAPTOP-018" duration="00:00:01.0869500" startTime="2023-01-12T10:46:16.5182286+01:00" endTime="2023-01-12T10:46:16.5182286+01:00" testType="13cdc9d9-ddb5-4fa4-a97d-d965ccfc6d4b" outcome="Passed" testListId="8c84fa94-04c1-424b-9868-57a2d4851a1d" relativeResultsDirectory="f1f44df4-b282-4573-98ec-7321deaa2db8" />
    <UnitTestResult executionId="76e996b2-4e2f-404c-9cae-91d2bb0fa5ad" testId="8503ea08-d578-105f-67bc-054e2270f525" testName="Body when list of parts is empty should have error" computerName="E-LAPTOP-018" duration="00:00:00.0006551" startTime="2023-01-12T10:46:16.7837180+01:00" endTime="2023-01-12T10:46:16.7837181+01:00" testType="13cdc9d9-ddb5-4fa4-a97d-d965ccfc6d4b" outcome="Passed" testListId="8c84fa94-04c1-424b-9868-57a2d4851a1d" relativeResultsDirectory="76e996b2-4e2f-404c-9cae-91d2bb0fa5ad" />
    <UnitTestResult executionId="bb556b2d-a815-44ba-88a2-ccfa65c97d7e" testId="7defe90d-b5f1-21f2-c483-f454f4e48b9d" testName="Handle should call PublishWorkPatternEventAsync on ApplicationUserRepository" computerName="E-LAPTOP-018" duration="00:00:00.0039290" startTime="2023-01-12T10:46:17.8102742+01:00" endTime="2023-01-12T10:46:17.8102744+01:00" testType="13cdc9d9-ddb5-4fa4-a97d-d965ccfc6d4b" outcome="Passed" testListId="8c84fa94-04c1-424b-9868-57a2d4851a1d" relativeResultsDirectory="bb556b2d-a815-44ba-88a2-ccfa65c97d7e" />
    <UnitTestResult executionId="80d9b0f8-50ec-4c99-9ad4-7b7ffcf0b77d" testId="6a369ab2-d194-4c06-dd69-f34827735914" testName="Id when guid should not have error" computerName="E-LAPTOP-018" duration="00:00:00.0004318" startTime="2023-01-12T10:46:16.7655937+01:00" endTime="2023-01-12T10:46:16.7655940+01:00" testType="13cdc9d9-ddb5-4fa4-a97d-d965ccfc6d4b" outcome="Passed" testListId="8c84fa94-04c1-424b-9868-57a2d4851a1d" relativeResultsDirectory="80d9b0f8-50ec-4c99-9ad4-7b7ffcf0b77d" />
    <UnitTestResult executionId="c191eece-99d1-4fc2-aa05-dc7a820ec6a9" testId="29ea2155-dae7-7097-3813-c8485efb967e" testName="Publish Location Test - Should Publish one UserEachLocation" computerName="E-LAPTOP-018" duration="00:00:00.0049470" startTime="2023-01-12T10:46:15.3891288+01:00" endTime="2023-01-12T10:46:15.3891291+01:00" testType="13cdc9d9-ddb5-4fa4-a97d-d965ccfc6d4b" outcome="Passed" testListId="8c84fa94-04c1-424b-9868-57a2d4851a1d" relativeResultsDirectory="c191eece-99d1-4fc2-aa05-dc7a820ec6a9" />
    <UnitTestResult executionId="1bf1e5db-2c74-4de5-88ee-b5da3025494b" testId="b7687172-4d22-dbb6-081f-c988c7cc38a7" testName="TestShiftLogic - The application publish 2 parts and workToday has to be false - No absents (Random Variables-3WP,10Parts each,0Absents) " computerName="E-LAPTOP-018" duration="00:00:00.0034947" startTime="2023-01-12T10:46:15.4092891+01:00" endTime="2023-01-12T10:46:15.4092893+01:00" testType="13cdc9d9-ddb5-4fa4-a97d-d965ccfc6d4b" outcome="Passed" testListId="8c84fa94-04c1-424b-9868-57a2d4851a1d" relativeResultsDirectory="1bf1e5db-2c74-4de5-88ee-b5da3025494b" />
    <UnitTestResult executionId="954f54c7-67e3-4b21-850a-03b2b54f3a81" testId="5154895c-d155-20f4-1301-64c3a6e12d10" testName="DeleteAbsent should be called on AbsentRepository" computerName="E-LAPTOP-018" duration="00:00:00.3135009" startTime="2023-01-12T10:46:17.9829062+01:00" endTime="2023-01-12T10:46:17.9829067+01:00" testType="13cdc9d9-ddb5-4fa4-a97d-d965ccfc6d4b" outcome="Passed" testListId="8c84fa94-04c1-424b-9868-57a2d4851a1d" relativeResultsDirectory="954f54c7-67e3-4b21-850a-03b2b54f3a81" />
    <UnitTestResult executionId="c629c13c-84d2-4a86-b59b-d7c6b560e352" testId="cd7cf20f-9f55-b64d-9d68-19011ba40e55" testName="OverLapTodayTestsAsync should return one part" computerName="E-LAPTOP-018" duration="00:00:00.0008292" startTime="2023-01-12T10:46:16.9967381+01:00" endTime="2023-01-12T10:46:16.9967382+01:00" testType="13cdc9d9-ddb5-4fa4-a97d-d965ccfc6d4b" outcome="Passed" testListId="8c84fa94-04c1-424b-9868-57a2d4851a1d" relativeResultsDirectory="c629c13c-84d2-4a86-b59b-d7c6b560e352" />
    <UnitTestResult executionId="a814c5f4-4793-4f03-8d00-17108b7d57ee" testId="882c97c4-af2d-51cb-6407-1833f3bfe57a" testName="BreakWorkPatternAsync should split the work pattern in two and split beginning of the work pattern" computerName="E-LAPTOP-018" duration="00:00:00.0017632" startTime="2023-01-12T10:46:15.4338030+01:00" endTime="2023-01-12T10:46:15.4338033+01:00" testType="13cdc9d9-ddb5-4fa4-a97d-d965ccfc6d4b" outcome="Passed" testListId="8c84fa94-04c1-424b-9868-57a2d4851a1d" relativeResultsDirectory="a814c5f4-4793-4f03-8d00-17108b7d57ee" />
    <UnitTestResult executionId="e9b2179e-8ef6-4a91-bfe6-4d541a001e59" testId="051a5314-3371-8ba3-14c4-c524e9f38878" testName="Body when EndTimePart is higher than 24h should have error" computerName="E-LAPTOP-018" duration="00:00:00.0005622" startTime="2023-01-12T10:46:17.6321425+01:00" endTime="2023-01-12T10:46:17.6321427+01:00" testType="13cdc9d9-ddb5-4fa4-a97d-d965ccfc6d4b" outcome="Passed" testListId="8c84fa94-04c1-424b-9868-57a2d4851a1d" relativeResultsDirectory="e9b2179e-8ef6-4a91-bfe6-4d541a001e59" />
    <UnitTestResult executionId="c37386f1-f500-4bad-b5b9-8204e3179d17" testId="170533dd-2bd3-4bd1-6e41-d5a0f372fceb" testName="Body when start time equal end time should have error" computerName="E-LAPTOP-018" duration="00:00:00.0054066" startTime="2023-01-12T10:46:17.8018547+01:00" endTime="2023-01-12T10:46:17.8018549+01:00" testType="13cdc9d9-ddb5-4fa4-a97d-d965ccfc6d4b" outcome="Passed" testListId="8c84fa94-04c1-424b-9868-57a2d4851a1d" relativeResultsDirectory="c37386f1-f500-4bad-b5b9-8204e3179d17" />
    <UnitTestResult executionId="d633c762-4213-4625-af35-bf1605ddbe29" testId="8ed1e95b-a14d-eb90-0b05-656acc1faf3d" testName="Handle should call GetAllApplicationUserAsync on AllApplicationUserRepository" computerName="E-LAPTOP-018" duration="00:00:00.0033305" startTime="2023-01-12T10:46:17.8833910+01:00" endTime="2023-01-12T10:46:17.8833911+01:00" testType="13cdc9d9-ddb5-4fa4-a97d-d965ccfc6d4b" outcome="Passed" testListId="8c84fa94-04c1-424b-9868-57a2d4851a1d" relativeResultsDirectory="d633c762-4213-4625-af35-bf1605ddbe29" />
    <UnitTestResult executionId="a391be24-2bce-4fe2-aa3c-13d02a0dbbd3" testId="c616bd6c-9018-dacf-b56f-cb36cbba27c7" testName="GetAbsent should be called on AbsentRepository" computerName="E-LAPTOP-018" duration="00:00:00.3144680" startTime="2023-01-12T10:46:16.9671074+01:00" endTime="2023-01-12T10:46:16.9671078+01:00" testType="13cdc9d9-ddb5-4fa4-a97d-d965ccfc6d4b" outcome="Passed" testListId="8c84fa94-04c1-424b-9868-57a2d4851a1d" relativeResultsDirectory="a391be24-2bce-4fe2-aa3c-13d02a0dbbd3" />
    <UnitTestResult executionId="473132f6-cdc0-464a-ba98-0d6c43a93395" testId="f107d11c-4818-42f8-3660-0d7fa960698a" testName="Id when two should not have error" computerName="E-LAPTOP-018" duration="00:00:00.0004966" startTime="2023-01-12T10:46:17.8030794+01:00" endTime="2023-01-12T10:46:17.8030796+01:00" testType="13cdc9d9-ddb5-4fa4-a97d-d965ccfc6d4b" outcome="Passed" testListId="8c84fa94-04c1-424b-9868-57a2d4851a1d" relativeResultsDirectory="473132f6-cdc0-464a-ba98-0d6c43a93395" />
    <UnitTestResult executionId="7e597797-6236-480f-9e6a-284c97873ea5" testId="61eb8b81-069a-009c-a72b-bdd31a1699de" testName="BreakWorkPatternAsync should split the work pattern in two and split beginning of the work pattern" computerName="E-LAPTOP-018" duration="00:00:00.0012997" startTime="2023-01-12T10:46:16.7870813+01:00" endTime="2023-01-12T10:46:16.7870816+01:00" testType="13cdc9d9-ddb5-4fa4-a97d-d965ccfc6d4b" outcome="Passed" testListId="8c84fa94-04c1-424b-9868-57a2d4851a1d" relativeResultsDirectory="7e597797-6236-480f-9e6a-284c97873ea5" />
    <UnitTestResult executionId="e464ef16-bbc1-485f-a5ae-202ac4ae96df" testId="8f4a0236-090d-a3b8-f1b9-ac66e4b3a9d9" testName="UserId when two should not have error" computerName="E-LAPTOP-018" duration="00:00:00.0358145" startTime="2023-01-12T10:46:15.1524390+01:00" endTime="2023-01-12T10:46:15.1524393+01:00" testType="13cdc9d9-ddb5-4fa4-a97d-d965ccfc6d4b" outcome="Passed" testListId="8c84fa94-04c1-424b-9868-57a2d4851a1d" relativeResultsDirectory="e464ef16-bbc1-485f-a5ae-202ac4ae96df" />
    <UnitTestResult executionId="b300d9df-4a52-4949-8bdf-016cbefc7b4b" testId="298e6fd2-e9c9-82b6-e035-61349b952d31" testName="Id when is two should not have error" computerName="E-LAPTOP-018" duration="00:00:00.0015140" startTime="2023-01-12T10:46:17.4418735+01:00" endTime="2023-01-12T10:46:17.4418739+01:00" testType="13cdc9d9-ddb5-4fa4-a97d-d965ccfc6d4b" outcome="Passed" testListId="8c84fa94-04c1-424b-9868-57a2d4851a1d" relativeResultsDirectory="b300d9df-4a52-4949-8bdf-016cbefc7b4b" />
    <UnitTestResult executionId="a8b503a5-66a4-4843-a421-dad43069d061" testId="3e23614d-5743-5f55-b932-11c6228f2852" testName="Body when StartDate is lower than Endate should not have error" computerName="E-LAPTOP-018" duration="00:00:00.0007101" startTime="2023-01-12T10:46:16.7830044+01:00" endTime="2023-01-12T10:46:16.7830046+01:00" testType="13cdc9d9-ddb5-4fa4-a97d-d965ccfc6d4b" outcome="Passed" testListId="8c84fa94-04c1-424b-9868-57a2d4851a1d" relativeResultsDirectory="a8b503a5-66a4-4843-a421-dad43069d061" />
    <UnitTestResult executionId="48748f68-fe1d-4d9f-8ba3-b6bfd1f9c3c9" testId="752abb40-aeb6-a6dc-d84e-288ed179a5cd" testName="UserId when zero should have error" computerName="E-LAPTOP-018" duration="00:00:00.0003828" startTime="2023-01-12T10:46:16.5799046+01:00" endTime="2023-01-12T10:46:16.5799047+01:00" testType="13cdc9d9-ddb5-4fa4-a97d-d965ccfc6d4b" outcome="Passed" testListId="8c84fa94-04c1-424b-9868-57a2d4851a1d" relativeResultsDirectory="48748f68-fe1d-4d9f-8ba3-b6bfd1f9c3c9" />
    <UnitTestResult executionId="3edabea8-6422-4cd9-9aba-79a5da6509b1" testId="a0a076a8-7453-cdd3-0d4a-7d87486bce07" testName="Publish Check-In Test" computerName="E-LAPTOP-018" duration="00:00:00.0053381" startTime="2023-01-12T10:46:15.4056881+01:00" endTime="2023-01-12T10:46:15.4056886+01:00" testType="13cdc9d9-ddb5-4fa4-a97d-d965ccfc6d4b" outcome="Passed" testListId="8c84fa94-04c1-424b-9868-57a2d4851a1d" relativeResultsDirectory="3edabea8-6422-4cd9-9aba-79a5da6509b1" />
    <UnitTestResult executionId="f25de070-d8f6-44f1-9994-a8674add1fef" testId="f9d9fa0d-0993-d793-9a41-81368b33a2c4" testName="Handle should call DeleteWorkPatternUnsLogicEventAsync on WorkPatternRepository" computerName="E-LAPTOP-018" duration="00:00:00.0242191" startTime="2023-01-12T10:46:15.2820014+01:00" endTime="2023-01-12T10:46:15.2820015+01:00" testType="13cdc9d9-ddb5-4fa4-a97d-d965ccfc6d4b" outcome="Passed" testListId="8c84fa94-04c1-424b-9868-57a2d4851a1d" relativeResultsDirectory="f25de070-d8f6-44f1-9994-a8674add1fef" />
    <UnitTestResult executionId="5eef2811-e8b8-47b2-9cd1-28e5427fd18b" testId="6a5261b2-32b1-d982-576c-dde70948e800" testName="Handle should throw ArgumentNullException when command is not set" computerName="E-LAPTOP-018" duration="00:00:00.0033740" startTime="2023-01-12T10:46:16.7692066+01:00" endTime="2023-01-12T10:46:16.7692067+01:00" testType="13cdc9d9-ddb5-4fa4-a97d-d965ccfc6d4b" outcome="Passed" testListId="8c84fa94-04c1-424b-9868-57a2d4851a1d" relativeResultsDirectory="5eef2811-e8b8-47b2-9cd1-28e5427fd18b" />
    <UnitTestResult executionId="8c31a3a1-f0c7-4c89-9b02-9df3a5260935" testId="3584ad8c-ec13-74a8-3fc9-c77a78b3efb9" testName="DeleteApplicationUser should be called on ApplicationUserRepository" computerName="E-LAPTOP-018" duration="00:00:01.3975527" startTime="2023-01-12T10:46:16.5101429+01:00" endTime="2023-01-12T10:46:16.5101432+01:00" testType="13cdc9d9-ddb5-4fa4-a97d-d965ccfc6d4b" outcome="Passed" testListId="8c84fa94-04c1-424b-9868-57a2d4851a1d" relativeResultsDirectory="8c31a3a1-f0c7-4c89-9b02-9df3a5260935" />
    <UnitTestResult executionId="c967148a-00f0-4e3b-8925-ea7f8b0351a6" testId="662d4422-a57f-9147-5aec-13603b5f154b" testName="CheckOutApplicationUser should be called on ApplicationUserRepository" computerName="E-LAPTOP-018" duration="00:00:01.2187131" startTime="2023-01-12T10:46:16.5113917+01:00" endTime="2023-01-12T10:46:16.5113920+01:00" testType="13cdc9d9-ddb5-4fa4-a97d-d965ccfc6d4b" outcome="Passed" testListId="8c84fa94-04c1-424b-9868-57a2d4851a1d" relativeResultsDirectory="c967148a-00f0-4e3b-8925-ea7f8b0351a6" />
    <UnitTestResult executionId="0229f6b6-3359-4053-a33e-c57f23511076" testId="819c514d-9518-38ba-05b8-6871f305e7ab" testName="CheckInApplicationUser should be called on ApplicationUserRepository" computerName="E-LAPTOP-018" duration="00:00:00.2596036" startTime="2023-01-12T10:46:17.3363315+01:00" endTime="2023-01-12T10:46:17.3363318+01:00" testType="13cdc9d9-ddb5-4fa4-a97d-d965ccfc6d4b" outcome="Passed" testListId="8c84fa94-04c1-424b-9868-57a2d4851a1d" relativeResultsDirectory="0229f6b6-3359-4053-a33e-c57f23511076" />
    <UnitTestResult executionId="d58675d0-53dc-479a-8334-77bb65d2d0fd" testId="0723bd44-e2bf-dde8-8aea-1cc83a64e322" testName="UserId when zero should have error" computerName="E-LAPTOP-018" duration="00:00:00.0005368" startTime="2023-01-12T10:46:15.1962497+01:00" endTime="2023-01-12T10:46:15.1962499+01:00" testType="13cdc9d9-ddb5-4fa4-a97d-d965ccfc6d4b" outcome="Passed" testListId="8c84fa94-04c1-424b-9868-57a2d4851a1d" relativeResultsDirectory="d58675d0-53dc-479a-8334-77bb65d2d0fd" />
    <UnitTestResult executionId="804c01ba-206b-4746-9955-c91650349fa6" testId="bb6a2fe5-48fc-8839-c87d-0a18cd764994" testName="Body when StartDate is higher than Endate should not have error" computerName="E-LAPTOP-018" duration="00:00:00.0004717" startTime="2023-01-12T10:46:16.5774788+01:00" endTime="2023-01-12T10:46:16.5774790+01:00" testType="13cdc9d9-ddb5-4fa4-a97d-d965ccfc6d4b" outcome="Passed" testListId="8c84fa94-04c1-424b-9868-57a2d4851a1d" relativeResultsDirectory="804c01ba-206b-4746-9955-c91650349fa6" />
    <UnitTestResult executionId="bb802d34-1bf2-406a-9a05-76f4f5acb101" testId="c3c5c773-89c5-b785-5599-19f350b8d5ce" testName="CheckIfAbsentNeedsSplitAsync should return one part" computerName="E-LAPTOP-018" duration="00:00:00.0011364" startTime="2023-01-12T10:46:16.6485002+01:00" endTime="2023-01-12T10:46:16.6485004+01:00" testType="13cdc9d9-ddb5-4fa4-a97d-d965ccfc6d4b" outcome="Passed" testListId="8c84fa94-04c1-424b-9868-57a2d4851a1d" relativeResultsDirectory="bb802d34-1bf2-406a-9a05-76f4f5acb101" />
    <UnitTestResult executionId="f16f8cb3-e9d3-456b-beda-11ad814fb985" testId="24819261-e896-29c4-5ed1-615032b1eb62" testName="Handle should call AbsentLogicEventAsync on ApplicationUserRepository" computerName="E-LAPTOP-018" duration="00:00:00.0070353" startTime="2023-01-12T10:46:17.9077375+01:00" endTime="2023-01-12T10:46:17.9077381+01:00" testType="13cdc9d9-ddb5-4fa4-a97d-d965ccfc6d4b" outcome="Passed" testListId="8c84fa94-04c1-424b-9868-57a2d4851a1d" relativeResultsDirectory="f16f8cb3-e9d3-456b-beda-11ad814fb985" />
    <UnitTestResult executionId="231724ad-2776-4706-acf2-d91c826b7a37" testId="abbe28d9-b408-b9a7-130f-5e084bb2f63d" testName="UpdateApplicationUser should be called on ApplicationUserRepository" computerName="E-LAPTOP-018" duration="00:00:00.3809442" startTime="2023-01-12T10:46:18.1178294+01:00" endTime="2023-01-12T10:46:18.1178298+01:00" testType="13cdc9d9-ddb5-4fa4-a97d-d965ccfc6d4b" outcome="Passed" testListId="8c84fa94-04c1-424b-9868-57a2d4851a1d" relativeResultsDirectory="231724ad-2776-4706-acf2-d91c826b7a37" />
    <UnitTestResult executionId="2a6a4e81-a5bf-419f-abc1-31161c013709" testId="b326e71b-b1cd-ec08-d190-8b577d84a5d1" testName="Handle should call GetApplicationUserAsync on ApplicationUserRepository" computerName="E-LAPTOP-018" duration="00:00:00.0028342" startTime="2023-01-12T10:46:17.8866644+01:00" endTime="2023-01-12T10:46:17.8866647+01:00" testType="13cdc9d9-ddb5-4fa4-a97d-d965ccfc6d4b" outcome="Passed" testListId="8c84fa94-04c1-424b-9868-57a2d4851a1d" relativeResultsDirectory="2a6a4e81-a5bf-419f-abc1-31161c013709" />
    <UnitTestResult executionId="684c7d51-4faa-4542-9e26-29d179628818" testId="acd2277e-4459-c4c9-962a-711dbcea93e5" testName="TestShiftLogic - The application publish 2 work patterns and workToday has to be true - No absents (Random Variables-3WP,10Parts,0Absents)" computerName="E-LAPTOP-018" duration="00:00:00.0045787" startTime="2023-01-12T10:46:15.3607605+01:00" endTime="2023-01-12T10:46:15.3607607+01:00" testType="13cdc9d9-ddb5-4fa4-a97d-d965ccfc6d4b" outcome="Passed" testListId="8c84fa94-04c1-424b-9868-57a2d4851a1d" relativeResultsDirectory="684c7d51-4faa-4542-9e26-29d179628818" />
    <UnitTestResult executionId="a65656a4-aaa4-4c99-9cfe-9d3aa6929e47" testId="d030bba4-b988-0375-010f-5a14cec656a4" testName="OverLapTodayTestsAsync should return one part" computerName="E-LAPTOP-018" duration="00:00:00.0007496" startTime="2023-01-12T10:46:16.9950645+01:00" endTime="2023-01-12T10:46:16.9950646+01:00" testType="13cdc9d9-ddb5-4fa4-a97d-d965ccfc6d4b" outcome="Passed" testListId="8c84fa94-04c1-424b-9868-57a2d4851a1d" relativeResultsDirectory="a65656a4-aaa4-4c99-9cfe-9d3aa6929e47" />
    <UnitTestResult executionId="954f5bb7-05fb-4144-99ef-c249d9360354" testId="e214a83a-fa75-faf5-b7dc-228036262361" testName="Body should have a child validator" computerName="E-LAPTOP-018" duration="00:00:00.0051188" startTime="2023-01-12T10:46:16.7790203+01:00" endTime="2023-01-12T10:46:16.7790207+01:00" testType="13cdc9d9-ddb5-4fa4-a97d-d965ccfc6d4b" outcome="Passed" testListId="8c84fa94-04c1-424b-9868-57a2d4851a1d" relativeResultsDirectory="954f5bb7-05fb-4144-99ef-c249d9360354" />
    <UnitTestResult executionId="9e591099-baa9-4e60-b8a8-791120778713" testId="a98bbcf0-8eec-9e6c-7159-f17ac9652799" testName="TestAbsentLogic - The application should publish 2 parts and workToday has to be true - It has one absent off the part(Random Variables-3WP,10Parts each,1Absents)" computerName="E-LAPTOP-018" duration="00:00:00.0035021" startTime="2023-01-12T10:46:15.4128736+01:00" endTime="2023-01-12T10:46:15.4128738+01:00" testType="13cdc9d9-ddb5-4fa4-a97d-d965ccfc6d4b" outcome="Passed" testListId="8c84fa94-04c1-424b-9868-57a2d4851a1d" relativeResultsDirectory="9e591099-baa9-4e60-b8a8-791120778713" />
    <UnitTestResult executionId="806ca6e8-844c-46e9-81ed-0656713d8eb4" testId="c026a61e-dc56-792d-5647-7cc98ffa824d" testName="CheckInApplicationUser should be called on ApplicationUserRepository" computerName="E-LAPTOP-018" duration="00:00:00.2607413" startTime="2023-01-12T10:46:17.0766251+01:00" endTime="2023-01-12T10:46:17.0766253+01:00" testType="13cdc9d9-ddb5-4fa4-a97d-d965ccfc6d4b" outcome="Passed" testListId="8c84fa94-04c1-424b-9868-57a2d4851a1d" relativeResultsDirectory="806ca6e8-844c-46e9-81ed-0656713d8eb4" />
    <UnitTestResult executionId="223b447c-c761-497b-9116-d6fd3296c3d8" testId="a3ab5edc-b0e9-bb86-a1f9-ca27c187b228" testName="BreakWorkPatternAsync should return empty list when inserting empty list" computerName="E-LAPTOP-018" duration="00:00:00.0011240" startTime="2023-01-12T10:46:15.4319459+01:00" endTime="2023-01-12T10:46:15.4319461+01:00" testType="13cdc9d9-ddb5-4fa4-a97d-d965ccfc6d4b" outcome="Passed" testListId="8c84fa94-04c1-424b-9868-57a2d4851a1d" relativeResultsDirectory="223b447c-c761-497b-9116-d6fd3296c3d8" />
    <UnitTestResult executionId="7d8de62b-b210-4f8d-952f-f924917a7032" testId="f0815ade-5499-d841-1149-d1edec3ad9b7" testName="FindLowestDelayAsync should set the right delay when the application starts during part" computerName="E-LAPTOP-018" duration="00:00:00.0071538" startTime="2023-01-12T10:46:16.5353618+01:00" endTime="2023-01-12T10:46:16.5353622+01:00" testType="13cdc9d9-ddb5-4fa4-a97d-d965ccfc6d4b" outcome="Passed" testListId="8c84fa94-04c1-424b-9868-57a2d4851a1d" relativeResultsDirectory="7d8de62b-b210-4f8d-952f-f924917a7032" />
    <UnitTestResult executionId="18c96dfb-d50d-4a41-a239-d28e5f842cf2" testId="ff9f8aa6-a7c8-9018-b082-f73e8511243f" testName="GetAllLocations should be called on ApplicationUserRepository" computerName="E-LAPTOP-018" duration="00:00:00.4966497" startTime="2023-01-12T10:46:18.0178983+01:00" endTime="2023-01-12T10:46:18.0178986+01:00" testType="13cdc9d9-ddb5-4fa4-a97d-d965ccfc6d4b" outcome="Passed" testListId="8c84fa94-04c1-424b-9868-57a2d4851a1d" relativeResultsDirectory="18c96dfb-d50d-4a41-a239-d28e5f842cf2" />
    <UnitTestResult executionId="09d4c151-4ddc-4b9d-a8f9-de4868684790" testId="9ad69c84-4794-f3da-1cda-e6f1e31376db" testName="Handle should throw ArgumentNullException when command is not set" computerName="E-LAPTOP-018" duration="00:00:00.1434091" startTime="2023-01-12T10:46:15.2559949+01:00" endTime="2023-01-12T10:46:15.2559954+01:00" testType="13cdc9d9-ddb5-4fa4-a97d-d965ccfc6d4b" outcome="Passed" testListId="8c84fa94-04c1-424b-9868-57a2d4851a1d" relativeResultsDirectory="09d4c151-4ddc-4b9d-a8f9-de4868684790" />
    <UnitTestResult executionId="4f8247e3-c068-4efe-9013-c44c966d264d" testId="41a15eba-6f24-6780-aca0-00a5e32658a3" testName="Handle should throw ArgumentNullException when command is not set" computerName="E-LAPTOP-018" duration="00:00:00.0022161" startTime="2023-01-12T10:46:17.9328176+01:00" endTime="2023-01-12T10:46:17.9328178+01:00" testType="13cdc9d9-ddb5-4fa4-a97d-d965ccfc6d4b" outcome="Passed" testListId="8c84fa94-04c1-424b-9868-57a2d4851a1d" relativeResultsDirectory="4f8247e3-c068-4efe-9013-c44c966d264d" />
    <UnitTestResult executionId="bbaeca24-5386-45c0-9fa4-7d0175a1664a" testId="95e1ec6d-15a0-ce39-fafb-5123d848e9df" testName="CreateAbsent should call Exception when input is null" computerName="E-LAPTOP-018" duration="00:00:00.8510932" startTime="2023-01-12T10:46:16.3674162+01:00" endTime="2023-01-12T10:46:16.3749738+01:00" testType="13cdc9d9-ddb5-4fa4-a97d-d965ccfc6d4b" outcome="Passed" testListId="8c84fa94-04c1-424b-9868-57a2d4851a1d" relativeResultsDirectory="bbaeca24-5386-45c0-9fa4-7d0175a1664a" />
    <UnitTestResult executionId="aab65c88-cd3d-4e5b-9983-78a32d44f56b" testId="5f941743-319e-4a32-39c3-ae87cca4c845" testName="DeleteApplicationUser should be called on ApplicationUserRepository" computerName="E-LAPTOP-018" duration="00:00:00.3340938" startTime="2023-01-12T10:46:16.8443523+01:00" endTime="2023-01-12T10:46:16.8443528+01:00" testType="13cdc9d9-ddb5-4fa4-a97d-d965ccfc6d4b" outcome="Passed" testListId="8c84fa94-04c1-424b-9868-57a2d4851a1d" relativeResultsDirectory="aab65c88-cd3d-4e5b-9983-78a32d44f56b" />
    <UnitTestResult executionId="036a437e-2d84-4ad5-9f1e-899434e06170" testId="7fb6716f-2cd7-0e77-422b-aea5f8def823" testName="OverLapTodayTestsAsync should return one part" computerName="E-LAPTOP-018" duration="00:00:00.0007473" startTime="2023-01-12T10:46:16.9983401+01:00" endTime="2023-01-12T10:46:16.9983402+01:00" testType="13cdc9d9-ddb5-4fa4-a97d-d965ccfc6d4b" outcome="Passed" testListId="8c84fa94-04c1-424b-9868-57a2d4851a1d" relativeResultsDirectory="036a437e-2d84-4ad5-9f1e-899434e06170" />
    <UnitTestResult executionId="87ef3e91-de48-4ea8-9a7c-d88148d294ea" testId="95cee648-47de-f130-c3bb-dfe2d92f3dfe" testName="Handle should throw ArgumentNullException when command is not set" computerName="E-LAPTOP-018" duration="00:00:00.0020642" startTime="2023-01-12T10:46:17.4400786+01:00" endTime="2023-01-12T10:46:17.4400789+01:00" testType="13cdc9d9-ddb5-4fa4-a97d-d965ccfc6d4b" outcome="Passed" testListId="8c84fa94-04c1-424b-9868-57a2d4851a1d" relativeResultsDirectory="87ef3e91-de48-4ea8-9a7c-d88148d294ea" />
    <UnitTestResult executionId="ec604272-18c1-4611-a66b-5c553278db69" testId="9c692326-709f-6b92-b60f-0223a565a4d9" testName="Body when list of parts is empty should have error" computerName="E-LAPTOP-018" duration="00:00:00.0590051" startTime="2023-01-12T10:46:16.5761633+01:00" endTime="2023-01-12T10:46:16.5761636+01:00" testType="13cdc9d9-ddb5-4fa4-a97d-d965ccfc6d4b" outcome="Passed" testListId="8c84fa94-04c1-424b-9868-57a2d4851a1d" relativeResultsDirectory="ec604272-18c1-4611-a66b-5c553278db69" />
    <UnitTestResult executionId="bb3e2b4b-83ec-47e6-93bb-d7a425bcd25a" testId="7b37ec18-8810-c2ec-1ba7-9824eca28a1b" testName="Body when name is empty should have error" computerName="E-LAPTOP-018" duration="00:00:00.0080503" startTime="2023-01-12T10:46:15.5115769+01:00" endTime="2023-01-12T10:46:15.5115774+01:00" testType="13cdc9d9-ddb5-4fa4-a97d-d965ccfc6d4b" outcome="Passed" testListId="8c84fa94-04c1-424b-9868-57a2d4851a1d" relativeResultsDirectory="bb3e2b4b-83ec-47e6-93bb-d7a425bcd25a" />
    <UnitTestResult executionId="97b6b045-630c-4960-89ed-8c80174cafb1" testId="cb7bca63-56cc-ef60-1804-e2c2d4b59395" testName="UpdateAbsent should be called on AbsentRepository" computerName="E-LAPTOP-018" duration="00:00:00.2134527" startTime="2023-01-12T10:46:17.3830324+01:00" endTime="2023-01-12T10:46:17.3830329+01:00" testType="13cdc9d9-ddb5-4fa4-a97d-d965ccfc6d4b" outcome="Passed" testListId="8c84fa94-04c1-424b-9868-57a2d4851a1d" relativeResultsDirectory="97b6b045-630c-4960-89ed-8c80174cafb1" />
    <UnitTestResult executionId="325b667b-1ee5-466e-8237-11c1d526e1b7" testId="f3f47e87-08a1-8b20-1fbb-3fb191c97e2d" testName="Handle should call CreateApplicationUserUnsLogicEventAsync on ApplicationUserRepository" computerName="E-LAPTOP-018" duration="00:00:00.0127749" startTime="2023-01-12T10:46:15.3360287+01:00" endTime="2023-01-12T10:46:15.3360290+01:00" testType="13cdc9d9-ddb5-4fa4-a97d-d965ccfc6d4b" outcome="Passed" testListId="8c84fa94-04c1-424b-9868-57a2d4851a1d" relativeResultsDirectory="325b667b-1ee5-466e-8237-11c1d526e1b7" />
    <UnitTestResult executionId="167e5e6d-5fe9-4688-8c7b-02e80e670dc9" testId="a29af0aa-7ec9-333d-788f-9d4935e17f73" testName="TestAbsentLogic - The application should publish 4 parts and workToday has to be true - It has two absents (Random Variables-3WP,10Parts each,2Absents)" computerName="E-LAPTOP-018" duration="00:00:00.0035892" startTime="2023-01-12T10:46:15.4230168+01:00" endTime="2023-01-12T10:46:15.4230168+01:00" testType="13cdc9d9-ddb5-4fa4-a97d-d965ccfc6d4b" outcome="Passed" testListId="8c84fa94-04c1-424b-9868-57a2d4851a1d" relativeResultsDirectory="167e5e6d-5fe9-4688-8c7b-02e80e670dc9" />
    <UnitTestResult executionId="1cef0010-69fc-4332-91b4-a8ba08d260e9" testId="d141e4ed-3e45-af7f-e8e6-f9fab02bd457" testName="GetAllLocation should be called on ApplicationUserRepository" computerName="E-LAPTOP-018" duration="00:00:00.2769411" startTime="2023-01-12T10:46:18.0964397+01:00" endTime="2023-01-12T10:46:18.0964401+01:00" testType="13cdc9d9-ddb5-4fa4-a97d-d965ccfc6d4b" outcome="Passed" testListId="8c84fa94-04c1-424b-9868-57a2d4851a1d" relativeResultsDirectory="1cef0010-69fc-4332-91b4-a8ba08d260e9" />
    <UnitTestResult executionId="f1a40733-df79-4187-9339-ef7db2c609d6" testId="54a40034-2626-f3da-c033-7329f61eb4aa" testName="Handle should throw ArgumentNullException when command is not set" computerName="E-LAPTOP-018" duration="00:00:00.0049009" startTime="2023-01-12T10:46:15.2846566+01:00" endTime="2023-01-12T10:46:15.2846570+01:00" testType="13cdc9d9-ddb5-4fa4-a97d-d965ccfc6d4b" outcome="Passed" testListId="8c84fa94-04c1-424b-9868-57a2d4851a1d" relativeResultsDirectory="f1a40733-df79-4187-9339-ef7db2c609d6" />
    <UnitTestResult executionId="2310482b-3e6e-4cf4-b3ed-9872bdcef615" testId="e0296e26-e142-ca35-55f1-510a9026d1e1" testName="CreateWorkPattern should call Exception when input is null" computerName="E-LAPTOP-018" duration="00:00:00.2564582" startTime="2023-01-12T10:46:17.5713080+01:00" endTime="2023-01-12T10:46:17.5713082+01:00" testType="13cdc9d9-ddb5-4fa4-a97d-d965ccfc6d4b" outcome="Passed" testListId="8c84fa94-04c1-424b-9868-57a2d4851a1d" relativeResultsDirectory="2310482b-3e6e-4cf4-b3ed-9872bdcef615" />
    <UnitTestResult executionId="586edd30-4678-47e2-a3ed-371e0678bb77" testId="451ae410-827e-94c4-e8be-bd9b91ce0db7" testName="CreateWorkPattern should be called on WorkPatternRepository" computerName="E-LAPTOP-018" duration="00:00:00.2254025" startTime="2023-01-12T10:46:17.7968019+01:00" endTime="2023-01-12T10:46:17.7968023+01:00" testType="13cdc9d9-ddb5-4fa4-a97d-d965ccfc6d4b" outcome="Passed" testListId="8c84fa94-04c1-424b-9868-57a2d4851a1d" relativeResultsDirectory="586edd30-4678-47e2-a3ed-371e0678bb77" />
    <UnitTestResult executionId="f592db6b-0a31-443d-80aa-6dee3a3ad515" testId="5f0f7ed3-28c4-36be-e4f0-b50071a7a544" testName="Body when start time higher than end time should have error" computerName="E-LAPTOP-018" duration="00:00:00.0005737" startTime="2023-01-12T10:46:15.3651881+01:00" endTime="2023-01-12T10:46:15.3651883+01:00" testType="13cdc9d9-ddb5-4fa4-a97d-d965ccfc6d4b" outcome="Passed" testListId="8c84fa94-04c1-424b-9868-57a2d4851a1d" relativeResultsDirectory="f592db6b-0a31-443d-80aa-6dee3a3ad515" />
    <UnitTestResult executionId="36485f20-f96a-4540-8f48-6e35b76f251b" testId="64f40292-556d-2912-246f-90fd7d9aa768" testName="UpdateAbsent should call Exception when input is null" computerName="E-LAPTOP-018" duration="00:00:00.2485937" startTime="2023-01-12T10:46:17.6317168+01:00" endTime="2023-01-12T10:46:17.6317170+01:00" testType="13cdc9d9-ddb5-4fa4-a97d-d965ccfc6d4b" outcome="Passed" testListId="8c84fa94-04c1-424b-9868-57a2d4851a1d" relativeResultsDirectory="36485f20-f96a-4540-8f48-6e35b76f251b" />
    <UnitTestResult executionId="d2298b0c-b75c-47d6-9754-9be423d352a9" testId="6dc08e3c-59fa-6a33-76a3-cd8fedc2e8b0" testName="Handle should throw ArgumentNullException when command is not set" computerName="E-LAPTOP-018" duration="00:00:00.0031534" startTime="2023-01-12T10:46:17.8062788+01:00" endTime="2023-01-12T10:46:17.8062789+01:00" testType="13cdc9d9-ddb5-4fa4-a97d-d965ccfc6d4b" outcome="Passed" testListId="8c84fa94-04c1-424b-9868-57a2d4851a1d" relativeResultsDirectory="d2298b0c-b75c-47d6-9754-9be423d352a9" />
    <UnitTestResult executionId="81c635cc-0d00-4d67-a61b-881bbcf55ad6" testId="88aff77c-2dca-730a-23b1-dd96a78324b8" testName="UpdateAbsent should be called on AbsentRepository" computerName="E-LAPTOP-018" duration="00:00:00.2297510" startTime="2023-01-12T10:46:18.1748891+01:00" endTime="2023-01-12T10:46:18.1748896+01:00" testType="13cdc9d9-ddb5-4fa4-a97d-d965ccfc6d4b" outcome="Passed" testListId="8c84fa94-04c1-424b-9868-57a2d4851a1d" relativeResultsDirectory="81c635cc-0d00-4d67-a61b-881bbcf55ad6" />
    <UnitTestResult executionId="db7bb864-e646-44db-9496-cd4e1f11290b" testId="127632f6-4844-f310-dc06-4aa4163eaafc" testName="CheckIfAbsentNeedsSplitAsync should return one part" computerName="E-LAPTOP-018" duration="00:00:00.0009794" startTime="2023-01-12T10:46:16.6495433+01:00" endTime="2023-01-12T10:46:16.6495435+01:00" testType="13cdc9d9-ddb5-4fa4-a97d-d965ccfc6d4b" outcome="Passed" testListId="8c84fa94-04c1-424b-9868-57a2d4851a1d" relativeResultsDirectory="db7bb864-e646-44db-9496-cd4e1f11290b" />
    <UnitTestResult executionId="74d83d18-1284-4fd7-b148-a083b0083227" testId="d09a90d4-f192-0a96-9965-12ccf2f2dce6" testName="BreakWorkPatternAsync should return a empty workPattern when user has day absent" computerName="E-LAPTOP-018" duration="00:00:00.0036294" startTime="2023-01-12T10:46:15.4295498+01:00" endTime="2023-01-12T10:46:15.4295500+01:00" testType="13cdc9d9-ddb5-4fa4-a97d-d965ccfc6d4b" outcome="Passed" testListId="8c84fa94-04c1-424b-9868-57a2d4851a1d" relativeResultsDirectory="74d83d18-1284-4fd7-b148-a083b0083227" />
    <UnitTestResult executionId="56995cfd-1a90-4cb7-9a06-96933439cca1" testId="b614e820-3e22-077a-987a-06aba2ecf3e9" testName="CheckOutApplicationUser should be called on ApplicationUserRepository" computerName="E-LAPTOP-018" duration="00:00:00.2648110" startTime="2023-01-12T10:46:16.9894774+01:00" endTime="2023-01-12T10:46:16.9894779+01:00" testType="13cdc9d9-ddb5-4fa4-a97d-d965ccfc6d4b" outcome="Passed" testListId="8c84fa94-04c1-424b-9868-57a2d4851a1d" relativeResultsDirectory="56995cfd-1a90-4cb7-9a06-96933439cca1" />
    <UnitTestResult executionId="ae413790-6288-4b2c-b122-25185a84b415" testId="9c6309b7-29e5-d463-c10b-95d822ba1753" testName="FindLowestDelayAsync should set the right delay when the application starts after today´s part" computerName="E-LAPTOP-018" duration="00:00:00.0018604" startTime="2023-01-12T10:46:16.5478060+01:00" endTime="2023-01-12T10:46:16.5478063+01:00" testType="13cdc9d9-ddb5-4fa4-a97d-d965ccfc6d4b" outcome="Passed" testListId="8c84fa94-04c1-424b-9868-57a2d4851a1d" relativeResultsDirectory="ae413790-6288-4b2c-b122-25185a84b415" />
    <UnitTestResult executionId="7bb823e3-783b-4615-b685-2a5717af3a58" testId="c2146bc5-d9e5-c7aa-dc2e-33b2c55dc385" testName="Handle should call CheckInApplicationUserAsync on ApplicationUserRepository" computerName="E-LAPTOP-018" duration="00:00:00.1670837" startTime="2023-01-12T10:46:15.2796822+01:00" endTime="2023-01-12T10:46:15.2796826+01:00" testType="13cdc9d9-ddb5-4fa4-a97d-d965ccfc6d4b" outcome="Passed" testListId="8c84fa94-04c1-424b-9868-57a2d4851a1d" relativeResultsDirectory="7bb823e3-783b-4615-b685-2a5717af3a58" />
    <UnitTestResult executionId="4cb1896e-09ba-4933-8f84-f97d336d2c2b" testId="dd90e2df-fd0f-6e8a-2b7e-0454d8190393" testName="Handle should throw ArgumentNullException when command is not set" computerName="E-LAPTOP-018" duration="00:00:00.0024740" startTime="2023-01-12T10:46:17.9232660+01:00" endTime="2023-01-12T10:46:17.9232666+01:00" testType="13cdc9d9-ddb5-4fa4-a97d-d965ccfc6d4b" outcome="Passed" testListId="8c84fa94-04c1-424b-9868-57a2d4851a1d" relativeResultsDirectory="4cb1896e-09ba-4933-8f84-f97d336d2c2b" />
    <UnitTestResult executionId="c58f6d0a-51e6-4a69-8dae-87faa875c08e" testId="07c75fc9-1c86-918f-742c-054909650bda" testName="BreakWorkPatternAsync should split the work pattern two and split ending of the work pattern" computerName="E-LAPTOP-018" duration="00:00:00.0013494" startTime="2023-01-12T10:46:16.7892411+01:00" endTime="2023-01-12T10:46:16.7892413+01:00" testType="13cdc9d9-ddb5-4fa4-a97d-d965ccfc6d4b" outcome="Passed" testListId="8c84fa94-04c1-424b-9868-57a2d4851a1d" relativeResultsDirectory="c58f6d0a-51e6-4a69-8dae-87faa875c08e" />
    <UnitTestResult executionId="69afac45-33da-4389-a78a-f71e82093669" testId="a6ed8226-6452-3f2a-d7c3-ba01c8f6c236" testName="Handle should call DeleteWorkPatternUnsLogicEventAsync on WorkPatternRepository" computerName="E-LAPTOP-018" duration="00:00:00.0050046" startTime="2023-01-12T10:46:17.4379304+01:00" endTime="2023-01-12T10:46:17.4379307+01:00" testType="13cdc9d9-ddb5-4fa4-a97d-d965ccfc6d4b" outcome="Passed" testListId="8c84fa94-04c1-424b-9868-57a2d4851a1d" relativeResultsDirectory="69afac45-33da-4389-a78a-f71e82093669" />
    <UnitTestResult executionId="2327abfd-9647-48a9-ad0d-3cd17439549c" testId="612f972d-76db-2b51-6f8a-3ecf2b8d4182" testName="CheckIfAbsentNeedsSplitAsync should return one part" computerName="E-LAPTOP-018" duration="00:00:00.0008217" startTime="2023-01-12T10:46:16.6472971+01:00" endTime="2023-01-12T10:46:16.6472972+01:00" testType="13cdc9d9-ddb5-4fa4-a97d-d965ccfc6d4b" outcome="Passed" testListId="8c84fa94-04c1-424b-9868-57a2d4851a1d" relativeResultsDirectory="2327abfd-9647-48a9-ad0d-3cd17439549c" />
    <UnitTestResult executionId="9f34d8dc-b7f2-49fb-8970-921993dbdd90" testId="4b2e3b75-6eab-c274-0cf0-09da5150e4cf" testName="Body when StartTimePart is higher than EndTimePart should have error" computerName="E-LAPTOP-018" duration="00:00:00.0008842" startTime="2023-01-12T10:46:17.6315142+01:00" endTime="2023-01-12T10:46:17.6315145+01:00" testType="13cdc9d9-ddb5-4fa4-a97d-d965ccfc6d4b" outcome="Passed" testListId="8c84fa94-04c1-424b-9868-57a2d4851a1d" relativeResultsDirectory="9f34d8dc-b7f2-49fb-8970-921993dbdd90" />
    <UnitTestResult executionId="a9ea3d59-e580-47d3-8e70-1802f7224274" testId="782bb775-5959-682b-2ab5-27146b6889ab" testName=" CheckIfInsideWorkPatternAsync should return False" computerName="E-LAPTOP-018" duration="00:00:00.0013104" startTime="2023-01-12T10:46:15.2923101+01:00" endTime="2023-01-12T10:46:15.2923103+01:00" testType="13cdc9d9-ddb5-4fa4-a97d-d965ccfc6d4b" outcome="Passed" testListId="8c84fa94-04c1-424b-9868-57a2d4851a1d" relativeResultsDirectory="a9ea3d59-e580-47d3-8e70-1802f7224274" />
    <UnitTestResult executionId="ac4a03f9-5652-4cae-8e41-6bee060b9765" testId="0f0e3fa4-8670-ef19-81e3-4ab1a48e9b7e" testName="Handle should throw ArgumentNullException when command is not set" computerName="E-LAPTOP-018" duration="00:00:00.0023595" startTime="2023-01-12T10:46:15.2821270+01:00" endTime="2023-01-12T10:46:15.2821271+01:00" testType="13cdc9d9-ddb5-4fa4-a97d-d965ccfc6d4b" outcome="Passed" testListId="8c84fa94-04c1-424b-9868-57a2d4851a1d" relativeResultsDirectory="ac4a03f9-5652-4cae-8e41-6bee060b9765" />
    <UnitTestResult executionId="98438e2f-412c-46da-b9bc-225e7420b1c4" testId="32f481c0-45b1-61bf-66b1-caa5b8e2deed" testName="FindLowestDelayAsync should set the right delay  when the application starts before the next part plus 24h" computerName="E-LAPTOP-018" duration="00:00:00.0028950" startTime="2023-01-12T10:46:16.5458439+01:00" endTime="2023-01-12T10:46:16.5458442+01:00" testType="13cdc9d9-ddb5-4fa4-a97d-d965ccfc6d4b" outcome="Passed" testListId="8c84fa94-04c1-424b-9868-57a2d4851a1d" relativeResultsDirectory="98438e2f-412c-46da-b9bc-225e7420b1c4" />
    <UnitTestResult executionId="34a86964-0ae8-4e33-8a50-1e8669546db5" testId="322a542a-f021-697e-2ea3-46ab975252b3" testName="BreakWorkPatternAsync should split the work pattern in two when user has two overlapping absents" computerName="E-LAPTOP-018" duration="00:00:00.0011639" startTime="2023-01-12T10:46:15.4934361+01:00" endTime="2023-01-12T10:46:15.4934363+01:00" testType="13cdc9d9-ddb5-4fa4-a97d-d965ccfc6d4b" outcome="Passed" testListId="8c84fa94-04c1-424b-9868-57a2d4851a1d" relativeResultsDirectory="34a86964-0ae8-4e33-8a50-1e8669546db5" />
    <UnitTestResult executionId="645176c3-3dec-42e6-b0b4-29e48d4d865c" testId="3afd63b8-8ed6-d81b-e280-b472c72c7cf2" testName="CheckOutApplicationUser should be called on ApplicationUserRepository" computerName="E-LAPTOP-018" duration="00:00:00.2130180" startTime="2023-01-12T10:46:16.7245275+01:00" endTime="2023-01-12T10:46:16.7245280+01:00" testType="13cdc9d9-ddb5-4fa4-a97d-d965ccfc6d4b" outcome="Passed" testListId="8c84fa94-04c1-424b-9868-57a2d4851a1d" relativeResultsDirectory="645176c3-3dec-42e6-b0b4-29e48d4d865c" />
    <UnitTestResult executionId="e7136109-19f8-4a13-9905-2c685357fb6d" testId="9e5d7a0e-4ffc-18a9-d974-bf86f92af028" testName="Body when StartDate is empty should have error" computerName="E-LAPTOP-018" duration="00:00:00.0010851" startTime="2023-01-12T10:46:16.7821858+01:00" endTime="2023-01-12T10:46:16.7821860+01:00" testType="13cdc9d9-ddb5-4fa4-a97d-d965ccfc6d4b" outcome="Passed" testListId="8c84fa94-04c1-424b-9868-57a2d4851a1d" relativeResultsDirectory="e7136109-19f8-4a13-9905-2c685357fb6d" />
    <UnitTestResult executionId="e82ea9a4-d70e-4015-bf34-c7202fbdaeaf" testId="b53d5ef0-5490-32a1-c589-1905ca893e97" testName="Body when name is null should have error" computerName="E-LAPTOP-018" duration="00:00:00.0007046" startTime="2023-01-12T10:46:15.5124298+01:00" endTime="2023-01-12T10:46:15.5124300+01:00" testType="13cdc9d9-ddb5-4fa4-a97d-d965ccfc6d4b" outcome="Passed" testListId="8c84fa94-04c1-424b-9868-57a2d4851a1d" relativeResultsDirectory="e82ea9a4-d70e-4015-bf34-c7202fbdaeaf" />
    <UnitTestResult executionId="e7a329cd-2d19-40d5-8e40-511318fd8ce4" testId="d1138717-0d54-cd64-9bc4-30d54b6e822e" testName="UserId when two should not have error" computerName="E-LAPTOP-018" duration="00:00:00.0004885" startTime="2023-01-12T10:46:15.4290715+01:00" endTime="2023-01-12T10:46:15.4290716+01:00" testType="13cdc9d9-ddb5-4fa4-a97d-d965ccfc6d4b" outcome="Passed" testListId="8c84fa94-04c1-424b-9868-57a2d4851a1d" relativeResultsDirectory="e7a329cd-2d19-40d5-8e40-511318fd8ce4" />
    <UnitTestResult executionId="a97d4451-0c39-4c79-8feb-0aedf0f2a508" testId="8319f275-c49a-f924-916b-1d7651a721d4" testName="Handle should call DeleteWorkPatternAsync on WorkPatternRepository" computerName="E-LAPTOP-018" duration="00:00:00.0043505" startTime="2023-01-12T10:46:16.7736578+01:00" endTime="2023-01-12T10:46:16.7736580+01:00" testType="13cdc9d9-ddb5-4fa4-a97d-d965ccfc6d4b" outcome="Passed" testListId="8c84fa94-04c1-424b-9868-57a2d4851a1d" relativeResultsDirectory="a97d4451-0c39-4c79-8feb-0aedf0f2a508" />
    <UnitTestResult executionId="60ceb9db-277f-4e15-ac04-d0c9fe0db217" testId="82d1d7e5-ab9b-5f29-4865-38cc0542af72" testName=" CheckIfInsideWorkPatternAsync should return False" computerName="E-LAPTOP-018" duration="00:00:00.0014243" startTime="2023-01-12T10:46:15.2885289+01:00" endTime="2023-01-12T10:46:15.2885291+01:00" testType="13cdc9d9-ddb5-4fa4-a97d-d965ccfc6d4b" outcome="Passed" testListId="8c84fa94-04c1-424b-9868-57a2d4851a1d" relativeResultsDirectory="60ceb9db-277f-4e15-ac04-d0c9fe0db217" />
    <UnitTestResult executionId="3f7dc04c-f3a2-4ed7-8765-cefc24044c3a" testId="f3afc3a0-220e-d5a2-8af0-4f8acfbc6ae2" testName="Id when zero should have error" computerName="E-LAPTOP-018" duration="00:00:00.0004229" startTime="2023-01-12T10:46:17.8038529+01:00" endTime="2023-01-12T10:46:17.8038530+01:00" testType="13cdc9d9-ddb5-4fa4-a97d-d965ccfc6d4b" outcome="Passed" testListId="8c84fa94-04c1-424b-9868-57a2d4851a1d" relativeResultsDirectory="3f7dc04c-f3a2-4ed7-8765-cefc24044c3a" />
    <UnitTestResult executionId="540423b7-e281-4d8d-895d-44ac241a469e" testId="0fb325f5-cd9e-ebd5-c269-04eb3582b4f7" testName="Body when start time is empty should have error" computerName="E-LAPTOP-018" duration="00:00:00.0601317" startTime="2023-01-12T10:46:15.3504316+01:00" endTime="2023-01-12T10:46:15.3504319+01:00" testType="13cdc9d9-ddb5-4fa4-a97d-d965ccfc6d4b" outcome="Passed" testListId="8c84fa94-04c1-424b-9868-57a2d4851a1d" relativeResultsDirectory="540423b7-e281-4d8d-895d-44ac241a469e" />
    <UnitTestResult executionId="258ab0d0-e5c1-47b9-8864-d78a59564b49" testId="b8068b19-6c9d-f40b-e75c-dfd9fcd2c67a" testName="UpdateWorkPattern should call Exception when input is null" computerName="E-LAPTOP-018" duration="00:00:00.6937659" startTime="2023-01-12T10:46:17.8126363+01:00" endTime="2023-01-12T10:46:17.8126365+01:00" testType="13cdc9d9-ddb5-4fa4-a97d-d965ccfc6d4b" outcome="Passed" testListId="8c84fa94-04c1-424b-9868-57a2d4851a1d" relativeResultsDirectory="258ab0d0-e5c1-47b9-8864-d78a59564b49" />
    <UnitTestResult executionId="ede00cd9-1810-4df5-b02e-41ebe75835d8" testId="3e2d35bf-9478-7e2a-a6cd-1d4fdedfb9ad" testName="BreakWorkPatternAsync should return a empty workPattern when user has day absent" computerName="E-LAPTOP-018" duration="00:00:00.0011915" startTime="2023-01-12T10:46:16.7950007+01:00" endTime="2023-01-12T10:46:16.7950008+01:00" testType="13cdc9d9-ddb5-4fa4-a97d-d965ccfc6d4b" outcome="Passed" testListId="8c84fa94-04c1-424b-9868-57a2d4851a1d" relativeResultsDirectory="ede00cd9-1810-4df5-b02e-41ebe75835d8" />
    <UnitTestResult executionId="5e3de462-acfe-4065-badd-d55fa1cc5ff4" testId="ad5a3d42-36b5-80eb-5ae2-ad76a8c3027e" testName="UpdateWorkPattern should be called on WorkPatternRepository" computerName="E-LAPTOP-018" duration="00:00:00.3187743" startTime="2023-01-12T10:46:18.1315099+01:00" endTime="2023-01-12T10:46:18.1315103+01:00" testType="13cdc9d9-ddb5-4fa4-a97d-d965ccfc6d4b" outcome="Passed" testListId="8c84fa94-04c1-424b-9868-57a2d4851a1d" relativeResultsDirectory="5e3de462-acfe-4065-badd-d55fa1cc5ff4" />
    <UnitTestResult executionId="26be9860-aa55-4a9f-9fb0-795fff6d4427" testId="b90ff123-90e4-c029-1178-be23f2213755" testName="Handle should call DeleteAbsentAsync on AbsentRepository" computerName="E-LAPTOP-018" duration="00:00:00.0074617" startTime="2023-01-12T10:46:15.3178043+01:00" endTime="2023-01-12T10:46:15.3178046+01:00" testType="13cdc9d9-ddb5-4fa4-a97d-d965ccfc6d4b" outcome="Passed" testListId="8c84fa94-04c1-424b-9868-57a2d4851a1d" relativeResultsDirectory="26be9860-aa55-4a9f-9fb0-795fff6d4427" />
    <UnitTestResult executionId="e2fb9d50-554e-4168-9f3a-4d20fb4f80fc" testId="9a0406a9-22bd-96c6-1882-dd6fa4e4d9ec" testName="Body when office location is lower than zero should have error" computerName="E-LAPTOP-018" duration="00:00:00.0026365" startTime="2023-01-12T10:46:15.4257275+01:00" endTime="2023-01-12T10:46:15.4257280+01:00" testType="13cdc9d9-ddb5-4fa4-a97d-d965ccfc6d4b" outcome="Passed" testListId="8c84fa94-04c1-424b-9868-57a2d4851a1d" relativeResultsDirectory="e2fb9d50-554e-4168-9f3a-4d20fb4f80fc" />
    <UnitTestResult executionId="9edc9f60-8edb-4857-a40c-e2f122618a2a" testId="b6dcaad7-7901-4e09-5b5b-f4a7194519d3" testName="TestShiftLogic - The application publish 0 parts and workToday has to be false - No absents and not inside any WP (Random Variables-3WP,10Parts each,0Absents) " computerName="E-LAPTOP-018" duration="00:00:00.0067594" startTime="2023-01-12T10:46:15.3472933+01:00" endTime="2023-01-12T10:46:15.3472936+01:00" testType="13cdc9d9-ddb5-4fa4-a97d-d965ccfc6d4b" outcome="Passed" testListId="8c84fa94-04c1-424b-9868-57a2d4851a1d" relativeResultsDirectory="9edc9f60-8edb-4857-a40c-e2f122618a2a" />
    <UnitTestResult executionId="61822889-15cf-4a7b-a5b2-147f84846d71" testId="b03bf5b4-82b5-351c-788d-185f80c0228f" testName="DeleteAbsent should be called on AbsentRepository" computerName="E-LAPTOP-018" duration="00:00:00.1782772" startTime="2023-01-12T10:46:18.1613855+01:00" endTime="2023-01-12T10:46:18.1613858+01:00" testType="13cdc9d9-ddb5-4fa4-a97d-d965ccfc6d4b" outcome="Passed" testListId="8c84fa94-04c1-424b-9868-57a2d4851a1d" relativeResultsDirectory="61822889-15cf-4a7b-a5b2-147f84846d71" />
    <UnitTestResult executionId="c7f13e0f-30a5-4940-85b3-74d26077cbf2" testId="81a9a9b8-c61d-a8a6-338e-f5703659314d" testName="Body when start time lower than end time should not have error" computerName="E-LAPTOP-018" duration="00:00:00.0006652" startTime="2023-01-12T10:46:15.3659379+01:00" endTime="2023-01-12T10:46:15.3659381+01:00" testType="13cdc9d9-ddb5-4fa4-a97d-d965ccfc6d4b" outcome="Passed" testListId="8c84fa94-04c1-424b-9868-57a2d4851a1d" relativeResultsDirectory="c7f13e0f-30a5-4940-85b3-74d26077cbf2" />
    <UnitTestResult executionId="d198dd7b-05be-4ad8-a34e-030d2a68b7d3" testId="183dd268-0c91-1032-b165-a05b0fd864de" testName="Handle should call GetAbsentAsync on AbsentRepository" computerName="E-LAPTOP-018" duration="00:00:00.0028587" startTime="2023-01-12T10:46:17.2044386+01:00" endTime="2023-01-12T10:46:17.2044388+01:00" testType="13cdc9d9-ddb5-4fa4-a97d-d965ccfc6d4b" outcome="Passed" testListId="8c84fa94-04c1-424b-9868-57a2d4851a1d" relativeResultsDirectory="d198dd7b-05be-4ad8-a34e-030d2a68b7d3" />
    <UnitTestResult executionId="3a084895-b6c6-4d19-974c-5cf5043c4771" testId="4f40d3ad-b8ed-fa41-cf52-ef561f0128b9" testName="UserId when two should not have error" computerName="E-LAPTOP-018" duration="00:00:00.0002337" startTime="2023-01-12T10:46:16.5816846+01:00" endTime="2023-01-12T10:46:16.5816847+01:00" testType="13cdc9d9-ddb5-4fa4-a97d-d965ccfc6d4b" outcome="Passed" testListId="8c84fa94-04c1-424b-9868-57a2d4851a1d" relativeResultsDirectory="3a084895-b6c6-4d19-974c-5cf5043c4771" />
    <UnitTestResult executionId="938b9456-a1f1-4d9d-a367-d14055e18da7" testId="930579ab-489a-6877-7d88-bde3f23847d4" testName="Handle should throw ArgumentNullException when command is not set" computerName="E-LAPTOP-018" duration="00:00:00.0017761" startTime="2023-01-12T10:46:17.9095789+01:00" endTime="2023-01-12T10:46:17.9095792+01:00" testType="13cdc9d9-ddb5-4fa4-a97d-d965ccfc6d4b" outcome="Passed" testListId="8c84fa94-04c1-424b-9868-57a2d4851a1d" relativeResultsDirectory="938b9456-a1f1-4d9d-a367-d14055e18da7" />
    <UnitTestResult executionId="71f99ee5-6f71-422c-b59e-c1186315e94c" testId="525c7d19-6c61-14c5-a206-99095b382959" testName="CreateWorkPattern should be called on WorkPatternRepository" computerName="E-LAPTOP-018" duration="00:00:00.3161971" startTime="2023-01-12T10:46:17.3147545+01:00" endTime="2023-01-12T10:46:17.3147549+01:00" testType="13cdc9d9-ddb5-4fa4-a97d-d965ccfc6d4b" outcome="Passed" testListId="8c84fa94-04c1-424b-9868-57a2d4851a1d" relativeResultsDirectory="71f99ee5-6f71-422c-b59e-c1186315e94c" />
    <UnitTestResult executionId="cdf9de98-f410-4891-92a8-b373334d80fc" testId="8db67ed0-0e71-ee25-6273-494e89d17ef6" testName="DeleteAbsent should be called on AbsentRepository" computerName="E-LAPTOP-018" duration="00:00:00.2204473" startTime="2023-01-12T10:46:17.6692995+01:00" endTime="2023-01-12T10:46:17.6692999+01:00" testType="13cdc9d9-ddb5-4fa4-a97d-d965ccfc6d4b" outcome="Passed" testListId="8c84fa94-04c1-424b-9868-57a2d4851a1d" relativeResultsDirectory="cdf9de98-f410-4891-92a8-b373334d80fc" />
    <UnitTestResult executionId="de60d5a0-f9f3-4129-8c78-e6ee1d1ff517" testId="17060bf1-ae00-536e-2004-7057fb61ae65" testName="BreakWorkPatternAsync should return work pattern when user has no absent" computerName="E-LAPTOP-018" duration="00:00:00.0010868" startTime="2023-01-12T10:46:16.7857163+01:00" endTime="2023-01-12T10:46:16.7857165+01:00" testType="13cdc9d9-ddb5-4fa4-a97d-d965ccfc6d4b" outcome="Passed" testListId="8c84fa94-04c1-424b-9868-57a2d4851a1d" relativeResultsDirectory="de60d5a0-f9f3-4129-8c78-e6ee1d1ff517" />
    <UnitTestResult executionId="bbea3ade-1dad-442d-aa92-328a3af99db3" testId="28c90f2e-b25e-fd04-e713-1daf7da0a78a" testName="Id when Id is 2 should not have error" computerName="E-LAPTOP-018" duration="00:00:00.0359815" startTime="2023-01-12T10:46:15.1525549+01:00" endTime="2023-01-12T10:46:15.1525549+01:00" testType="13cdc9d9-ddb5-4fa4-a97d-d965ccfc6d4b" outcome="Passed" testListId="8c84fa94-04c1-424b-9868-57a2d4851a1d" relativeResultsDirectory="bbea3ade-1dad-442d-aa92-328a3af99db3" />
    <UnitTestResult executionId="d980997e-52fa-4bab-8b54-1b64c93016bd" testId="dab45caa-90d9-977b-38e4-356eb4f231db" testName="CreateApplicationUser should be called on ApplicationUserRepository" computerName="E-LAPTOP-018" duration="00:00:00.4168834" startTime="2023-01-12T10:46:16.9291305+01:00" endTime="2023-01-12T10:46:16.9291308+01:00" testType="13cdc9d9-ddb5-4fa4-a97d-d965ccfc6d4b" outcome="Passed" testListId="8c84fa94-04c1-424b-9868-57a2d4851a1d" relativeResultsDirectory="d980997e-52fa-4bab-8b54-1b64c93016bd" />
    <UnitTestResult executionId="4bfb4b1c-d464-4671-aae9-94dfa5b180bd" testId="97664390-74a2-ebb5-e008-6a9052a14c4a" testName="Handle should throw ArgumentNullException when command is not set" computerName="E-LAPTOP-018" duration="00:00:00.0080724" startTime="2023-01-12T10:46:15.3810306+01:00" endTime="2023-01-12T10:46:15.3810308+01:00" testType="13cdc9d9-ddb5-4fa4-a97d-d965ccfc6d4b" outcome="Passed" testListId="8c84fa94-04c1-424b-9868-57a2d4851a1d" relativeResultsDirectory="4bfb4b1c-d464-4671-aae9-94dfa5b180bd" />
    <UnitTestResult executionId="65cffa3b-4736-4730-82ad-09db69b9acc7" testId="59128846-617f-2fd7-f603-cede6d48d8cb" testName="GetAbsent should be called on AbsentRepository" computerName="E-LAPTOP-018" duration="00:00:00.2217650" startTime="2023-01-12T10:46:16.7386831+01:00" endTime="2023-01-12T10:46:16.7386834+01:00" testType="13cdc9d9-ddb5-4fa4-a97d-d965ccfc6d4b" outcome="Passed" testListId="8c84fa94-04c1-424b-9868-57a2d4851a1d" relativeResultsDirectory="65cffa3b-4736-4730-82ad-09db69b9acc7" />
    <UnitTestResult executionId="ed443f94-abd3-4765-ad63-4fabcb88879b" testId="dd6d4f7d-827e-d5e4-d190-935561962a68" testName="Body when name is null should have error" computerName="E-LAPTOP-018" duration="00:00:00.0020308" startTime="2023-01-12T10:46:15.4278608+01:00" endTime="2023-01-12T10:46:15.4278610+01:00" testType="13cdc9d9-ddb5-4fa4-a97d-d965ccfc6d4b" outcome="Passed" testListId="8c84fa94-04c1-424b-9868-57a2d4851a1d" relativeResultsDirectory="ed443f94-abd3-4765-ad63-4fabcb88879b" />
    <UnitTestResult executionId="6360b3e4-a1bf-4aa4-ac7e-70ab38daf983" testId="7e843e2d-ea6f-3a5c-8893-a66eecc3340a" testName="Body should have a child validator" computerName="E-LAPTOP-018" duration="00:00:00.0012248" startTime="2023-01-12T10:46:15.5158204+01:00" endTime="2023-01-12T10:46:15.5158206+01:00" testType="13cdc9d9-ddb5-4fa4-a97d-d965ccfc6d4b" outcome="Passed" testListId="8c84fa94-04c1-424b-9868-57a2d4851a1d" relativeResultsDirectory="6360b3e4-a1bf-4aa4-ac7e-70ab38daf983" />
    <UnitTestResult executionId="7d7740e0-ada4-4d50-b50e-570fbf6050cb" testId="d0b2a8ec-ba52-1fee-3f49-23fb5a71f9a4" testName="TestJoinPartsToday - The application should publish 1 parts workToday has to be true testing start edge" computerName="E-LAPTOP-018" duration="00:00:00.0031094" startTime="2023-01-12T10:46:15.4002430+01:00" endTime="2023-01-12T10:46:15.4002431+01:00" testType="13cdc9d9-ddb5-4fa4-a97d-d965ccfc6d4b" outcome="Passed" testListId="8c84fa94-04c1-424b-9868-57a2d4851a1d" relativeResultsDirectory="7d7740e0-ada4-4d50-b50e-570fbf6050cb" />
    <UnitTestResult executionId="e303975f-5e01-4841-a05e-0a955e2b6874" testId="a864b75a-e3e3-69a0-1f7e-e78c4a4d56b9" testName="Id when empty should have error" computerName="E-LAPTOP-018" duration="00:00:00.0019873" startTime="2023-01-12T10:46:16.7650846+01:00" endTime="2023-01-12T10:46:16.7650849+01:00" testType="13cdc9d9-ddb5-4fa4-a97d-d965ccfc6d4b" outcome="Passed" testListId="8c84fa94-04c1-424b-9868-57a2d4851a1d" relativeResultsDirectory="e303975f-5e01-4841-a05e-0a955e2b6874" />
    <UnitTestResult executionId="687716a8-4819-452f-b6aa-7a358abb155d" testId="04629d4c-399a-ee38-e819-24ee5b64810c" testName="Body when StartDate is empty should have error" computerName="E-LAPTOP-018" duration="00:00:00.0007002" startTime="2023-01-12T10:46:16.5769574+01:00" endTime="2023-01-12T10:46:16.5769576+01:00" testType="13cdc9d9-ddb5-4fa4-a97d-d965ccfc6d4b" outcome="Passed" testListId="8c84fa94-04c1-424b-9868-57a2d4851a1d" relativeResultsDirectory="687716a8-4819-452f-b6aa-7a358abb155d" />
    <UnitTestResult executionId="2dd1f16e-2604-43d3-ab21-a30b60294aa7" testId="d305be99-1d11-af7e-9253-985ce2ccc564" testName="Handle should call UpdateTimerEventAsync on TimerService" computerName="E-LAPTOP-018" duration="00:00:00.0032372" startTime="2023-01-12T10:46:15.2900377+01:00" endTime="2023-01-12T10:46:15.2900379+01:00" testType="13cdc9d9-ddb5-4fa4-a97d-d965ccfc6d4b" outcome="Passed" testListId="8c84fa94-04c1-424b-9868-57a2d4851a1d" relativeResultsDirectory="2dd1f16e-2604-43d3-ab21-a30b60294aa7" />
    <UnitTestResult executionId="6bbcbeb0-96a9-41a6-9406-a51fbcecced5" testId="02c79312-e76a-2590-5441-6b3f06650397" testName="Handle should call CreateWorkPatternUnsLogicEventAsync on WorkPatternRepository" computerName="E-LAPTOP-018" duration="00:00:00.0065982" startTime="2023-01-12T10:46:17.9305112+01:00" endTime="2023-01-12T10:46:17.9305117+01:00" testType="13cdc9d9-ddb5-4fa4-a97d-d965ccfc6d4b" outcome="Passed" testListId="8c84fa94-04c1-424b-9868-57a2d4851a1d" relativeResultsDirectory="6bbcbeb0-96a9-41a6-9406-a51fbcecced5" />
    <UnitTestResult executionId="b77d3417-d73a-4e73-85c9-d828df3bf3d2" testId="e3c69655-9d2f-1b7a-2c10-b9cdea1ef550" testName="Handle should throw ArgumentNullException when command is not set" computerName="E-LAPTOP-018" duration="00:00:00.0024350" startTime="2023-01-12T10:46:17.8835469+01:00" endTime="2023-01-12T10:46:17.8835471+01:00" testType="13cdc9d9-ddb5-4fa4-a97d-d965ccfc6d4b" outcome="Passed" testListId="8c84fa94-04c1-424b-9868-57a2d4851a1d" relativeResultsDirectory="b77d3417-d73a-4e73-85c9-d828df3bf3d2" />
    <UnitTestResult executionId="8778ee87-1101-45ad-a072-5595a6bcb905" testId="b4a0f669-1df1-9c5a-eb51-3312bada663e" testName="UpdateWorkPattern should be called on WorkPatternRepository" computerName="E-LAPTOP-018" duration="00:00:00.0880833" startTime="2023-01-12T10:46:18.3300023+01:00" endTime="2023-01-12T10:46:18.3300028+01:00" testType="13cdc9d9-ddb5-4fa4-a97d-d965ccfc6d4b" outcome="Passed" testListId="8c84fa94-04c1-424b-9868-57a2d4851a1d" relativeResultsDirectory="8778ee87-1101-45ad-a072-5595a6bcb905" />
    <UnitTestResult executionId="9533fbc2-7b8a-4365-92a3-0d09f765e3d5" testId="7519effa-d009-e1a7-b1ef-21cef1126d9a" testName="Handle should call EditAbsentAsync on AbsentRepository" computerName="E-LAPTOP-018" duration="00:00:00.1671342" startTime="2023-01-12T10:46:15.2817554+01:00" endTime="2023-01-12T10:46:15.2817556+01:00" testType="13cdc9d9-ddb5-4fa4-a97d-d965ccfc6d4b" outcome="Passed" testListId="8c84fa94-04c1-424b-9868-57a2d4851a1d" relativeResultsDirectory="9533fbc2-7b8a-4365-92a3-0d09f765e3d5" />
    <UnitTestResult executionId="5e05682d-329c-4a08-af28-19f4b4ee95e0" testId="f826a2a6-ba98-619a-eb31-ee3ad00d6ae4" testName="Handle should call GetLocationAsync on LocationRepository" computerName="E-LAPTOP-018" duration="00:00:00.0027986" startTime="2023-01-12T10:46:17.8140478+01:00" endTime="2023-01-12T10:46:17.8140481+01:00" testType="13cdc9d9-ddb5-4fa4-a97d-d965ccfc6d4b" outcome="Passed" testListId="8c84fa94-04c1-424b-9868-57a2d4851a1d" relativeResultsDirectory="5e05682d-329c-4a08-af28-19f4b4ee95e0" />
    <UnitTestResult executionId="e89461e2-ce46-4461-9ba2-6889f9d66c04" testId="413519a2-11bc-c4a6-b8f4-fce889abdbc0" testName="BreakWorkPatternAsync should split the work pattern in two when user has two overlapping absents" computerName="E-LAPTOP-018" duration="00:00:00.0010746" startTime="2023-01-12T10:46:15.4307098+01:00" endTime="2023-01-12T10:46:15.4307100+01:00" testType="13cdc9d9-ddb5-4fa4-a97d-d965ccfc6d4b" outcome="Passed" testListId="8c84fa94-04c1-424b-9868-57a2d4851a1d" relativeResultsDirectory="e89461e2-ce46-4461-9ba2-6889f9d66c04" />
    <UnitTestResult executionId="7f7d6540-e2cf-474f-b138-f8be208822b8" testId="c7263076-50fe-8fc3-c6ab-6778580d56bf" testName="Handle should call EditApplicationUserAsync on ApplicationUserRepository" computerName="E-LAPTOP-018" duration="00:00:00.0049010" startTime="2023-01-12T10:46:17.5996068+01:00" endTime="2023-01-12T10:46:17.5996072+01:00" testType="13cdc9d9-ddb5-4fa4-a97d-d965ccfc6d4b" outcome="Passed" testListId="8c84fa94-04c1-424b-9868-57a2d4851a1d" relativeResultsDirectory="7f7d6540-e2cf-474f-b138-f8be208822b8" />
    <UnitTestResult executionId="3e8f8245-bad5-4348-a514-88a9d1847c7b" testId="b45f0da6-4e61-4f0c-9204-2ca6f06893a3" testName="Handle should call EditWorkPatternUnsLogicEventAsync on WorkPatternRepository" computerName="E-LAPTOP-018" duration="00:00:00.0835668" startTime="2023-01-12T10:46:15.2818603+01:00" endTime="2023-01-12T10:46:15.2818604+01:00" testType="13cdc9d9-ddb5-4fa4-a97d-d965ccfc6d4b" outcome="Passed" testListId="8c84fa94-04c1-424b-9868-57a2d4851a1d" relativeResultsDirectory="3e8f8245-bad5-4348-a514-88a9d1847c7b" />
    <UnitTestResult executionId="34fa53d2-375c-4561-abdb-b9e52423808f" testId="0bf309d9-7a0f-2c16-677b-8c15c50abce5" testName="Id when guid should not have error" computerName="E-LAPTOP-018" duration="00:00:00.0003027" startTime="2023-01-12T10:46:16.6524059+01:00" endTime="2023-01-12T10:46:16.6524061+01:00" testType="13cdc9d9-ddb5-4fa4-a97d-d965ccfc6d4b" outcome="Passed" testListId="8c84fa94-04c1-424b-9868-57a2d4851a1d" relativeResultsDirectory="34fa53d2-375c-4561-abdb-b9e52423808f" />
    <UnitTestResult executionId="f04cfcad-8cbb-4970-a35a-9ffb19f0ac30" testId="25107bc8-59b7-8256-5e0d-301ba6f6235b" testName="FindLowestDelayAsync should set the right delay when the application starts almost at midnight" computerName="E-LAPTOP-018" duration="00:00:00.0019504" startTime="2023-01-12T10:46:16.5406465+01:00" endTime="2023-01-12T10:46:16.5406467+01:00" testType="13cdc9d9-ddb5-4fa4-a97d-d965ccfc6d4b" outcome="Passed" testListId="8c84fa94-04c1-424b-9868-57a2d4851a1d" relativeResultsDirectory="f04cfcad-8cbb-4970-a35a-9ffb19f0ac30" />
    <UnitTestResult executionId="fa021443-320d-45c3-879b-8d3ee37d3016" testId="feb6be2d-3bdd-c79e-7d46-c49e671f4ece" testName="GetAllLocations should be called on ApplicationUserRepository" computerName="E-LAPTOP-018" duration="00:00:00.3147227" startTime="2023-01-12T10:46:17.5211414+01:00" endTime="2023-01-12T10:46:17.5211419+01:00" testType="13cdc9d9-ddb5-4fa4-a97d-d965ccfc6d4b" outcome="Passed" testListId="8c84fa94-04c1-424b-9868-57a2d4851a1d" relativeResultsDirectory="fa021443-320d-45c3-879b-8d3ee37d3016" />
    <UnitTestResult executionId="e3de617d-6cf8-4486-8ca1-036fce95d85e" testId="85df0c5f-15d7-1b47-d194-85032d7f84e0" testName="Id when guid should not have error" computerName="E-LAPTOP-018" duration="00:00:00.0003852" startTime="2023-01-12T10:46:17.1692866+01:00" endTime="2023-01-12T10:46:17.1692867+01:00" testType="13cdc9d9-ddb5-4fa4-a97d-d965ccfc6d4b" outcome="Passed" testListId="8c84fa94-04c1-424b-9868-57a2d4851a1d" relativeResultsDirectory="e3de617d-6cf8-4486-8ca1-036fce95d85e" />
    <UnitTestResult executionId="01742160-b931-4660-be6c-8611b6fd9d4e" testId="4c6142db-aec4-175a-2174-45a3dbbd67b4" testName="Handle should call DeleteApplicationUserAsync on ApplicationUserRepository" computerName="E-LAPTOP-018" duration="00:00:00.0229755" startTime="2023-01-12T10:46:15.3069385+01:00" endTime="2023-01-12T10:46:15.3069389+01:00" testType="13cdc9d9-ddb5-4fa4-a97d-d965ccfc6d4b" outcome="Passed" testListId="8c84fa94-04c1-424b-9868-57a2d4851a1d" relativeResultsDirectory="01742160-b931-4660-be6c-8611b6fd9d4e" />
    <UnitTestResult executionId="964c08d9-34c8-4a22-b9c8-9758b3799477" testId="2ee7c262-7cb7-81d3-26ac-b86b78a07e81" testName="FindLowestDelayAsync should set the right delay  when the application starts during the next part plus 24h" computerName="E-LAPTOP-018" duration="00:00:00.0096730" startTime="2023-01-12T10:46:16.5576010+01:00" endTime="2023-01-12T10:46:16.5576013+01:00" testType="13cdc9d9-ddb5-4fa4-a97d-d965ccfc6d4b" outcome="Passed" testListId="8c84fa94-04c1-424b-9868-57a2d4851a1d" relativeResultsDirectory="964c08d9-34c8-4a22-b9c8-9758b3799477" />
    <UnitTestResult executionId="a9ff4c76-a8d6-4128-9bc2-7e81e9bbe29a" testId="b38c1c9e-39b5-3c17-fdf3-f9f0ffa22297" testName="UserId when two should not have error" computerName="E-LAPTOP-018" duration="00:00:00.0004525" startTime="2023-01-12T10:46:15.5136044+01:00" endTime="2023-01-12T10:46:15.5136046+01:00" testType="13cdc9d9-ddb5-4fa4-a97d-d965ccfc6d4b" outcome="Passed" testListId="8c84fa94-04c1-424b-9868-57a2d4851a1d" relativeResultsDirectory="a9ff4c76-a8d6-4128-9bc2-7e81e9bbe29a" />
    <UnitTestResult executionId="ce812978-3f0b-4f52-8957-545e36e2cc9d" testId="d360e954-daac-db7b-5ff0-4ff27beb2a1b" testName="Handle should throw ArgumentNullException when command is not set" computerName="E-LAPTOP-018" duration="00:00:00.0023397" startTime="2023-01-12T10:46:17.6020305+01:00" endTime="2023-01-12T10:46:17.6020307+01:00" testType="13cdc9d9-ddb5-4fa4-a97d-d965ccfc6d4b" outcome="Passed" testListId="8c84fa94-04c1-424b-9868-57a2d4851a1d" relativeResultsDirectory="ce812978-3f0b-4f52-8957-545e36e2cc9d" />
    <UnitTestResult executionId="395842d7-6aa6-425d-b0bb-4306b6e22667" testId="aa68fe52-b786-328b-4689-eb4e73fdffc8" testName="CheckIfAbsentNeedsSplitAsync should return one part" computerName="E-LAPTOP-018" duration="00:00:00.0008648" startTime="2023-01-12T10:46:16.6464145+01:00" endTime="2023-01-12T10:46:16.6464146+01:00" testType="13cdc9d9-ddb5-4fa4-a97d-d965ccfc6d4b" outcome="Passed" testListId="8c84fa94-04c1-424b-9868-57a2d4851a1d" relativeResultsDirectory="395842d7-6aa6-425d-b0bb-4306b6e22667" />
    <UnitTestResult executionId="47cefbbd-abf6-4ddb-9708-37139627900a" testId="d26c4517-8c7b-d7c2-7f5d-ece07c675fb5" testName="Id when is zero should not have error" computerName="E-LAPTOP-018" duration="00:00:00.0002449" startTime="2023-01-12T10:46:17.4421663+01:00" endTime="2023-01-12T10:46:17.4421664+01:00" testType="13cdc9d9-ddb5-4fa4-a97d-d965ccfc6d4b" outcome="Passed" testListId="8c84fa94-04c1-424b-9868-57a2d4851a1d" relativeResultsDirectory="47cefbbd-abf6-4ddb-9708-37139627900a" />
    <UnitTestResult executionId="7ea2b2f3-51a3-4c9d-bd15-86776565d6e5" testId="06f81eff-7547-f145-45b8-7c531aff1117" testName="BreakWorkPatternAsync should split ending of the work pattern when user has a absent" computerName="E-LAPTOP-018" duration="00:00:00.0014489" startTime="2023-01-12T10:46:16.8154919+01:00" endTime="2023-01-12T10:46:16.8154921+01:00" testType="13cdc9d9-ddb5-4fa4-a97d-d965ccfc6d4b" outcome="Passed" testListId="8c84fa94-04c1-424b-9868-57a2d4851a1d" relativeResultsDirectory="7ea2b2f3-51a3-4c9d-bd15-86776565d6e5" />
    <UnitTestResult executionId="b0a04eaa-8b17-44ff-ba12-381e99bf28db" testId="ac9f6757-b81e-5d1f-f1f5-714dc24fd162" testName="FindLowestDelayAsync should set the right delay  when pattern has five ten and tested on edges" computerName="E-LAPTOP-018" duration="00:00:00.0020716" startTime="2023-01-12T10:46:16.5597367+01:00" endTime="2023-01-12T10:46:16.5597369+01:00" testType="13cdc9d9-ddb5-4fa4-a97d-d965ccfc6d4b" outcome="Passed" testListId="8c84fa94-04c1-424b-9868-57a2d4851a1d" relativeResultsDirectory="b0a04eaa-8b17-44ff-ba12-381e99bf28db" />
    <UnitTestResult executionId="13bdd266-6944-43aa-a6af-00834af8057a" testId="8c4a672e-741d-22e3-1b88-957c215cb05a" testName="GetApplicationUser should be called on ApplicationUserRepository" computerName="E-LAPTOP-018" duration="00:00:01.2022508" startTime="2023-01-12T10:46:16.5112041+01:00" endTime="2023-01-12T10:46:16.5112044+01:00" testType="13cdc9d9-ddb5-4fa4-a97d-d965ccfc6d4b" outcome="Passed" testListId="8c84fa94-04c1-424b-9868-57a2d4851a1d" relativeResultsDirectory="13bdd266-6944-43aa-a6af-00834af8057a" />
    <UnitTestResult executionId="3889ba70-3887-4b65-bf4e-9e45b460df9b" testId="9e157229-1c2f-9add-58de-54cc728f64d0" testName="Handle should throw ArgumentNullException when command is not set" computerName="E-LAPTOP-018" duration="00:00:00.0016049" startTime="2023-01-12T10:46:16.5862495+01:00" endTime="2023-01-12T10:46:16.5862497+01:00" testType="13cdc9d9-ddb5-4fa4-a97d-d965ccfc6d4b" outcome="Passed" testListId="8c84fa94-04c1-424b-9868-57a2d4851a1d" relativeResultsDirectory="3889ba70-3887-4b65-bf4e-9e45b460df9b" />
    <UnitTestResult executionId="b4dff2a2-ff42-4a00-a003-4a9b0498e8de" testId="56f89dca-5059-af8b-7096-8b90d6084cfb" testName="Body when StartDate is lower than Endate should not have error" computerName="E-LAPTOP-018" duration="00:00:00.0006202" startTime="2023-01-12T10:46:16.5789653+01:00" endTime="2023-01-12T10:46:16.5789655+01:00" testType="13cdc9d9-ddb5-4fa4-a97d-d965ccfc6d4b" outcome="Passed" testListId="8c84fa94-04c1-424b-9868-57a2d4851a1d" relativeResultsDirectory="b4dff2a2-ff42-4a00-a003-4a9b0498e8de" />
    <UnitTestResult executionId="59279c65-f3bd-4509-b8b4-785a55808c75" testId="f2bf2626-cb50-beac-4de1-49d72bf97b03" testName="Handle should throw ArgumentNullException when command is not set" computerName="E-LAPTOP-018" duration="00:00:00.0016007" startTime="2023-01-12T10:46:17.2061055+01:00" endTime="2023-01-12T10:46:17.2061057+01:00" testType="13cdc9d9-ddb5-4fa4-a97d-d965ccfc6d4b" outcome="Passed" testListId="8c84fa94-04c1-424b-9868-57a2d4851a1d" relativeResultsDirectory="59279c65-f3bd-4509-b8b4-785a55808c75" />
    <UnitTestResult executionId="b950d6b0-086e-4c79-94fd-5379c811a1a1" testId="59fbe168-5cc9-db1a-9c4a-d101fa0e9795" testName="Handle should throw ArgumentNullException when command is not set" computerName="E-LAPTOP-018" duration="00:00:00.0025430" startTime="2023-01-12T10:46:17.8006195+01:00" endTime="2023-01-12T10:46:17.8006197+01:00" testType="13cdc9d9-ddb5-4fa4-a97d-d965ccfc6d4b" outcome="Passed" testListId="8c84fa94-04c1-424b-9868-57a2d4851a1d" relativeResultsDirectory="b950d6b0-086e-4c79-94fd-5379c811a1a1" />
    <UnitTestResult executionId="fd031a77-0b91-43e8-bde0-2fc70bfbf785" testId="843d11a2-b63b-77d0-5c12-8fbfe7da750d" testName="OverLapTodayTestsAsync should return one part" computerName="E-LAPTOP-018" duration="00:00:00.0009746" startTime="2023-01-12T10:46:16.9931315+01:00" endTime="2023-01-12T10:46:16.9931316+01:00" testType="13cdc9d9-ddb5-4fa4-a97d-d965ccfc6d4b" outcome="Passed" testListId="8c84fa94-04c1-424b-9868-57a2d4851a1d" relativeResultsDirectory="fd031a77-0b91-43e8-bde0-2fc70bfbf785" />
    <UnitTestResult executionId="f7b6b1f3-2b19-4e95-ab0e-63eaf255094a" testId="864ae539-d4d4-f2c8-7de4-24b443a6140b" testName="UserId when zero should have error" computerName="E-LAPTOP-018" duration="00:00:00.0005689" startTime="2023-01-12T10:46:15.5130790+01:00" endTime="2023-01-12T10:46:15.5130795+01:00" testType="13cdc9d9-ddb5-4fa4-a97d-d965ccfc6d4b" outcome="Passed" testListId="8c84fa94-04c1-424b-9868-57a2d4851a1d" relativeResultsDirectory="f7b6b1f3-2b19-4e95-ab0e-63eaf255094a" />
    <UnitTestResult executionId="c31c981d-906b-42cc-a6ca-3d9247af3390" testId="814d426e-fa9e-dcbc-1f16-9ebe2085529d" testName="CheckAbsentAndOverLapAsync should return two parts" computerName="E-LAPTOP-018" duration="00:00:00.0017840" startTime="2023-01-12T10:46:15.4116041+01:00" endTime="2023-01-12T10:46:15.4116043+01:00" testType="13cdc9d9-ddb5-4fa4-a97d-d965ccfc6d4b" outcome="Passed" testListId="8c84fa94-04c1-424b-9868-57a2d4851a1d" relativeResultsDirectory="c31c981d-906b-42cc-a6ca-3d9247af3390" />
    <UnitTestResult executionId="8dd08ed7-2bad-41f7-8433-563a9626606d" testId="c21ff2c8-6977-6eee-a2a9-ebf160433089" testName="UserId when zero should have error" computerName="E-LAPTOP-018" duration="00:00:00.0005254" startTime="2023-01-12T10:46:15.4284801+01:00" endTime="2023-01-12T10:46:15.4284802+01:00" testType="13cdc9d9-ddb5-4fa4-a97d-d965ccfc6d4b" outcome="Passed" testListId="8c84fa94-04c1-424b-9868-57a2d4851a1d" relativeResultsDirectory="8dd08ed7-2bad-41f7-8433-563a9626606d" />
    <UnitTestResult executionId="faf9dae8-8775-410d-9a26-862b9d18e116" testId="16fa69ab-6d78-a715-68d3-51ba63c2bd32" testName="BreakWorkPatternAsync should split the work pattern in two when user has two overlapping absents" computerName="E-LAPTOP-018" duration="00:00:00.0016456" startTime="2023-01-12T10:46:15.4355456+01:00" endTime="2023-01-12T10:46:15.4355457+01:00" testType="13cdc9d9-ddb5-4fa4-a97d-d965ccfc6d4b" outcome="Passed" testListId="8c84fa94-04c1-424b-9868-57a2d4851a1d" relativeResultsDirectory="faf9dae8-8775-410d-9a26-862b9d18e116" />
    <UnitTestResult executionId="c8a1c05e-5fd9-42ea-a214-a3af58b0c7ee" testId="36e51fa4-2ba5-d6ee-6e3e-8363b69153aa" testName="Handle should throw ArgumentNullException when command is not set" computerName="E-LAPTOP-018" duration="00:00:00.0019635" startTime="2023-01-12T10:46:15.2821016+01:00" endTime="2023-01-12T10:46:15.2821018+01:00" testType="13cdc9d9-ddb5-4fa4-a97d-d965ccfc6d4b" outcome="Passed" testListId="8c84fa94-04c1-424b-9868-57a2d4851a1d" relativeResultsDirectory="c8a1c05e-5fd9-42ea-a214-a3af58b0c7ee" />
    <UnitTestResult executionId="64ef70b2-5e77-4860-8230-eddb4e6ce072" testId="6fca12ee-5fd1-7b80-9526-a04a7d720eb2" testName="BreakWorkPatternAsync should split ending of the work pattern when user has a absent" computerName="E-LAPTOP-018" duration="00:00:00.0025045" startTime="2023-01-12T10:46:15.4960401+01:00" endTime="2023-01-12T10:46:15.4960404+01:00" testType="13cdc9d9-ddb5-4fa4-a97d-d965ccfc6d4b" outcome="Passed" testListId="8c84fa94-04c1-424b-9868-57a2d4851a1d" relativeResultsDirectory="64ef70b2-5e77-4860-8230-eddb4e6ce072" />
    <UnitTestResult executionId="d2789fd1-edbe-4dbc-b4c6-c6a86b485751" testId="dc9ae7ff-9dae-bc7f-6804-10728c8db5a8" testName="Handle should call StopTimerEventAsync on TimerService" computerName="E-LAPTOP-018" duration="00:00:00.0037041" startTime="2023-01-12T10:46:15.3704993+01:00" endTime="2023-01-12T10:46:15.3704996+01:00" testType="13cdc9d9-ddb5-4fa4-a97d-d965ccfc6d4b" outcome="Passed" testListId="8c84fa94-04c1-424b-9868-57a2d4851a1d" relativeResultsDirectory="d2789fd1-edbe-4dbc-b4c6-c6a86b485751" />
    <UnitTestResult executionId="7beb07df-a81b-4a4b-8689-1302af190f27" testId="8c0d8121-d54c-8cf2-6321-cb99fc47e826" testName="FindLowestDelayAsync should set the right delay when the application starts before the next part" computerName="E-LAPTOP-018" duration="00:00:00.0021007" startTime="2023-01-12T10:46:16.5428450+01:00" endTime="2023-01-12T10:46:16.5428462+01:00" testType="13cdc9d9-ddb5-4fa4-a97d-d965ccfc6d4b" outcome="Passed" testListId="8c84fa94-04c1-424b-9868-57a2d4851a1d" relativeResultsDirectory="7beb07df-a81b-4a4b-8689-1302af190f27" />
    <UnitTestResult executionId="7fe738eb-e76f-4ce6-a8e9-c0de849e4da5" testId="a138224c-a298-bb4d-f2fe-e10405c83caa" testName="Handle should call UpdateWorkPatternAsync on WorkPatternRepository" computerName="E-LAPTOP-018" duration="00:00:00.0112379" startTime="2023-01-12T10:46:15.3967324+01:00" endTime="2023-01-12T10:46:15.3967326+01:00" testType="13cdc9d9-ddb5-4fa4-a97d-d965ccfc6d4b" outcome="Passed" testListId="8c84fa94-04c1-424b-9868-57a2d4851a1d" relativeResultsDirectory="7fe738eb-e76f-4ce6-a8e9-c0de849e4da5" />
    <UnitTestResult executionId="1d437709-c146-4625-ae43-bf07f61f5733" testId="46940ef4-69f9-b9be-c735-81544806062c" testName="when create a command should not have error" computerName="E-LAPTOP-018" duration="00:00:00.0010309" startTime="2023-01-12T10:46:15.3229930+01:00" endTime="2023-01-12T10:46:15.3229932+01:00" testType="13cdc9d9-ddb5-4fa4-a97d-d965ccfc6d4b" outcome="Passed" testListId="8c84fa94-04c1-424b-9868-57a2d4851a1d" relativeResultsDirectory="1d437709-c146-4625-ae43-bf07f61f5733" />
    <UnitTestResult executionId="c0ef7d74-a4d6-4072-8529-36b6afb34960" testId="d2e4186e-0a33-be03-a353-9aae06a8792c" testName="UpdateAbsent should be called on AbsentRepository" computerName="E-LAPTOP-018" duration="00:00:00.3132314" startTime="2023-01-12T10:46:17.9450502+01:00" endTime="2023-01-12T10:46:17.9450507+01:00" testType="13cdc9d9-ddb5-4fa4-a97d-d965ccfc6d4b" outcome="Passed" testListId="8c84fa94-04c1-424b-9868-57a2d4851a1d" relativeResultsDirectory="c0ef7d74-a4d6-4072-8529-36b6afb34960" />
    <UnitTestResult executionId="c44865d4-b113-400f-88b2-a788fcb3fe4f" testId="cc70a3b8-23bc-4a81-495a-0970f62a6211" testName="Handle should throw ArgumentNullException when command is not set" computerName="E-LAPTOP-018" duration="00:00:00.0017649" startTime="2023-01-12T10:46:15.3985881+01:00" endTime="2023-01-12T10:46:15.3985884+01:00" testType="13cdc9d9-ddb5-4fa4-a97d-d965ccfc6d4b" outcome="Passed" testListId="8c84fa94-04c1-424b-9868-57a2d4851a1d" relativeResultsDirectory="c44865d4-b113-400f-88b2-a788fcb3fe4f" />
    <UnitTestResult executionId="ef2f2508-e118-4224-b47f-db9b505a6981" testId="d8f00492-f801-fc15-b38b-bb018a6a0235" testName="Handle should call RemoveTimerEventAsync on TimerService" computerName="E-LAPTOP-018" duration="00:00:00.0039826" startTime="2023-01-12T10:46:17.8979840+01:00" endTime="2023-01-12T10:46:17.8979842+01:00" testType="13cdc9d9-ddb5-4fa4-a97d-d965ccfc6d4b" outcome="Passed" testListId="8c84fa94-04c1-424b-9868-57a2d4851a1d" relativeResultsDirectory="ef2f2508-e118-4224-b47f-db9b505a6981" />
    <UnitTestResult executionId="3e922d2c-8597-40e4-be79-3d47e374b6b0" testId="31d426af-6400-91ed-4743-4ca477c0d68b" testName="BreakWorkPatternAsync should split the work pattern when user has a absent" computerName="E-LAPTOP-018" duration="00:00:00.0188299" startTime="2023-01-12T10:46:16.8139780+01:00" endTime="2023-01-12T10:46:16.8139786+01:00" testType="13cdc9d9-ddb5-4fa4-a97d-d965ccfc6d4b" outcome="Passed" testListId="8c84fa94-04c1-424b-9868-57a2d4851a1d" relativeResultsDirectory="3e922d2c-8597-40e4-be79-3d47e374b6b0" />
    <UnitTestResult executionId="a6f3bd9c-c943-48e1-8157-8b9cfec4e760" testId="b82f978c-f837-dd3e-1ae4-18080f269959" testName="UserId when zero should have error" computerName="E-LAPTOP-018" duration="00:00:00.0004157" startTime="2023-01-12T10:46:16.7810291+01:00" endTime="2023-01-12T10:46:16.7810294+01:00" testType="13cdc9d9-ddb5-4fa4-a97d-d965ccfc6d4b" outcome="Passed" testListId="8c84fa94-04c1-424b-9868-57a2d4851a1d" relativeResultsDirectory="a6f3bd9c-c943-48e1-8157-8b9cfec4e760" />
    <UnitTestResult executionId="09445b28-0f35-40e7-a0d1-5da8ed843bd4" testId="e40b2627-e4c3-0bed-2353-7c91aa2c448a" testName="CheckIfAbsentNeedsSplitAsync should return one part" computerName="E-LAPTOP-018" duration="00:00:00.0034093" startTime="2023-01-12T10:46:16.6454716+01:00" endTime="2023-01-12T10:46:16.6454722+01:00" testType="13cdc9d9-ddb5-4fa4-a97d-d965ccfc6d4b" outcome="Passed" testListId="8c84fa94-04c1-424b-9868-57a2d4851a1d" relativeResultsDirectory="09445b28-0f35-40e7-a0d1-5da8ed843bd4" />
    <UnitTestResult executionId="c4dfc038-e9ad-438b-b73f-e8445b121ef4" testId="2be9803e-8d2b-0aca-d2d7-ca6acec783f1" testName="Handle should call EditApplicationUserLogicEventAsync on ApplicationUserRepository" computerName="E-LAPTOP-018" duration="00:00:00.0211723" startTime="2023-01-12T10:46:16.7603577+01:00" endTime="2023-01-12T10:46:16.7603579+01:00" testType="13cdc9d9-ddb5-4fa4-a97d-d965ccfc6d4b" outcome="Passed" testListId="8c84fa94-04c1-424b-9868-57a2d4851a1d" relativeResultsDirectory="c4dfc038-e9ad-438b-b73f-e8445b121ef4" />
    <UnitTestResult executionId="5fd02e91-3a31-4a20-9fef-38fdb82c88d4" testId="ac826ac1-b49d-774e-c5ea-87b904cf8eff" testName="Handle should throw ArgumentNullException when command is not set" computerName="E-LAPTOP-018" duration="00:00:00.0063728" startTime="2023-01-12T10:46:15.2867148+01:00" endTime="2023-01-12T10:46:15.2867151+01:00" testType="13cdc9d9-ddb5-4fa4-a97d-d965ccfc6d4b" outcome="Passed" testListId="8c84fa94-04c1-424b-9868-57a2d4851a1d" relativeResultsDirectory="5fd02e91-3a31-4a20-9fef-38fdb82c88d4" />
    <UnitTestResult executionId="9d01575b-9f85-49d4-9dd8-ba1bf6b3b05a" testId="faacfeae-2a3b-a36c-34d9-b13b09f2bbc0" testName="Test All Edges on AbsentLOGIC" computerName="E-LAPTOP-018" duration="00:00:00.0047931" startTime="2023-01-12T10:46:15.3940275+01:00" endTime="2023-01-12T10:46:15.3940279+01:00" testType="13cdc9d9-ddb5-4fa4-a97d-d965ccfc6d4b" outcome="Passed" testListId="8c84fa94-04c1-424b-9868-57a2d4851a1d" relativeResultsDirectory="9d01575b-9f85-49d4-9dd8-ba1bf6b3b05a" />
    <UnitTestResult executionId="a9d8e39a-196a-48a0-b276-64a650a8a438" testId="5e4d0f3b-565d-c9a8-e69d-e499637eb1dc" testName="UserId when two should not have error" computerName="E-LAPTOP-018" duration="00:00:00.0004578" startTime="2023-01-12T10:46:16.5794724+01:00" endTime="2023-01-12T10:46:16.5794726+01:00" testType="13cdc9d9-ddb5-4fa4-a97d-d965ccfc6d4b" outcome="Passed" testListId="8c84fa94-04c1-424b-9868-57a2d4851a1d" relativeResultsDirectory="a9d8e39a-196a-48a0-b276-64a650a8a438" />
    <UnitTestResult executionId="0ab72e4d-21a6-4a7b-bbbf-74c190cb1a76" testId="45c1c4f9-8105-2185-6b6c-2fb326db2e58" testName="Handle should throw ArgumentNullException when command is not set" computerName="E-LAPTOP-018" duration="00:00:00.0036924" startTime="2023-01-12T10:46:17.8836476+01:00" endTime="2023-01-12T10:46:17.8836477+01:00" testType="13cdc9d9-ddb5-4fa4-a97d-d965ccfc6d4b" outcome="Passed" testListId="8c84fa94-04c1-424b-9868-57a2d4851a1d" relativeResultsDirectory="0ab72e4d-21a6-4a7b-bbbf-74c190cb1a76" />
    <UnitTestResult executionId="1cbc1f1c-0ab4-4da3-8b7a-90cf30f78021" testId="d9f71b6c-c729-0275-eae0-0fd9ce32d74b" testName="Handle should call CheckOutApplicationUserAsync on ApplicationUserRepository" computerName="E-LAPTOP-018" duration="00:00:00.0240092" startTime="2023-01-12T10:46:15.2818366+01:00" endTime="2023-01-12T10:46:15.2818367+01:00" testType="13cdc9d9-ddb5-4fa4-a97d-d965ccfc6d4b" outcome="Passed" testListId="8c84fa94-04c1-424b-9868-57a2d4851a1d" relativeResultsDirectory="1cbc1f1c-0ab4-4da3-8b7a-90cf30f78021" />
    <UnitTestResult executionId="ee25e2c4-c6a7-4bce-bcd7-81e31804b2f3" testId="386a068d-e2e5-5489-4749-8e317fc1d02f" testName="Body when start time equal end time should have error" computerName="E-LAPTOP-018" duration="00:00:00.0008801" startTime="2023-01-12T10:46:15.3513924+01:00" endTime="2023-01-12T10:46:15.3513927+01:00" testType="13cdc9d9-ddb5-4fa4-a97d-d965ccfc6d4b" outcome="Passed" testListId="8c84fa94-04c1-424b-9868-57a2d4851a1d" relativeResultsDirectory="ee25e2c4-c6a7-4bce-bcd7-81e31804b2f3" />
    <UnitTestResult executionId="3ca79764-a6fa-4104-a1e8-412a21aa04bc" testId="6ff83d5c-5ddf-f32c-7dfb-2832e41f3949" testName="CheckInApplicationUser should be called on ApplicationUserRepository" computerName="E-LAPTOP-018" duration="00:00:00.2579163" startTime="2023-01-12T10:46:17.5943428+01:00" endTime="2023-01-12T10:46:17.5943432+01:00" testType="13cdc9d9-ddb5-4fa4-a97d-d965ccfc6d4b" outcome="Passed" testListId="8c84fa94-04c1-424b-9868-57a2d4851a1d" relativeResultsDirectory="3ca79764-a6fa-4104-a1e8-412a21aa04bc" />
    <UnitTestResult executionId="166f396a-4f0b-4a17-9bfe-9c461e55c3c8" testId="55ef0d05-4fb7-daf0-eaaf-99db07124667" testName="Handle should throw ArgumentNullException when command is not set" computerName="E-LAPTOP-018" duration="00:00:00.0025297" startTime="2023-01-12T10:46:17.8935398+01:00" endTime="2023-01-12T10:46:17.8935402+01:00" testType="13cdc9d9-ddb5-4fa4-a97d-d965ccfc6d4b" outcome="Passed" testListId="8c84fa94-04c1-424b-9868-57a2d4851a1d" relativeResultsDirectory="166f396a-4f0b-4a17-9bfe-9c461e55c3c8" />
    <UnitTestResult executionId="43fb010b-5dee-425c-ba19-3973c09d671f" testId="8bd17077-987b-9649-0c21-807d633687ed" testName="DeleteApplicationUser should be called on ApplicationUserRepository" computerName="E-LAPTOP-018" duration="00:00:00.3216912" startTime="2023-01-12T10:46:17.1661465+01:00" endTime="2023-01-12T10:46:17.1661468+01:00" testType="13cdc9d9-ddb5-4fa4-a97d-d965ccfc6d4b" outcome="Passed" testListId="8c84fa94-04c1-424b-9868-57a2d4851a1d" relativeResultsDirectory="43fb010b-5dee-425c-ba19-3973c09d671f" />
    <UnitTestResult executionId="39d0f443-f927-4d26-8514-a8aa2bd80792" testId="e868625a-0c17-fd8a-53c5-3ced3396ca24" testName="UltimateHardcoreTEST: The ApplicationUser has 3WP(2 overLap),6 Parts for today (All not sorted, 2 equals, 3 overlaps some kind of value). 6 Absent(All not sorted, 2 equals, 3 overlaps some kind of value)" computerName="E-LAPTOP-018" duration="00:00:00.0063531" startTime="2023-01-12T10:46:15.4193135+01:00" endTime="2023-01-12T10:46:15.4193138+01:00" testType="13cdc9d9-ddb5-4fa4-a97d-d965ccfc6d4b" outcome="Passed" testListId="8c84fa94-04c1-424b-9868-57a2d4851a1d" relativeResultsDirectory="39d0f443-f927-4d26-8514-a8aa2bd80792" />
    <UnitTestResult executionId="cfa30bf7-e357-4fa0-9645-9141d8f05cdd" testId="97766202-eb6c-c69c-1a69-bc11f00dda82" testName="Handle should throw ArgumentNullException when command is not set" computerName="E-LAPTOP-018" duration="00:00:00.0028806" startTime="2023-01-12T10:46:15.3085562+01:00" endTime="2023-01-12T10:46:15.3085566+01:00" testType="13cdc9d9-ddb5-4fa4-a97d-d965ccfc6d4b" outcome="Passed" testListId="8c84fa94-04c1-424b-9868-57a2d4851a1d" relativeResultsDirectory="cfa30bf7-e357-4fa0-9645-9141d8f05cdd" />
    <UnitTestResult executionId="6960d248-30d8-423c-a7ca-2c7b49edd582" testId="635d71d1-1c8d-e745-6d54-895d4b261e84" testName="Id when empty should have error" computerName="E-LAPTOP-018" duration="00:00:00.0023690" startTime="2023-01-12T10:46:17.1688470+01:00" endTime="2023-01-12T10:46:17.1688473+01:00" testType="13cdc9d9-ddb5-4fa4-a97d-d965ccfc6d4b" outcome="Passed" testListId="8c84fa94-04c1-424b-9868-57a2d4851a1d" relativeResultsDirectory="6960d248-30d8-423c-a7ca-2c7b49edd582" />
    <UnitTestResult executionId="fdec0112-80e4-4f3e-82e1-aba73a854756" testId="68c3fcc4-3bc3-3499-8cf2-ccef8262d7cd" testName="OverLapTodayTestsAsync should return one part" computerName="E-LAPTOP-018" duration="00:00:00.0008213" startTime="2023-01-12T10:46:16.9921010+01:00" endTime="2023-01-12T10:46:16.9921012+01:00" testType="13cdc9d9-ddb5-4fa4-a97d-d965ccfc6d4b" outcome="Passed" testListId="8c84fa94-04c1-424b-9868-57a2d4851a1d" relativeResultsDirectory="fdec0112-80e4-4f3e-82e1-aba73a854756" />
    <UnitTestResult executionId="a797c3d9-c77e-4c0a-acc7-8de3fa9e39c8" testId="a23c2bca-492f-75f4-f745-3fedb05d1d53" testName="TestShiftLogic - The application publish 4 parts and workToday has to be false - No absents and 2 WP overlap (Random Variables-3WP,10Parts each,0Absents) " computerName="E-LAPTOP-018" duration="00:00:00.0043069" startTime="2023-01-12T10:46:15.3516765+01:00" endTime="2023-01-12T10:46:15.3516767+01:00" testType="13cdc9d9-ddb5-4fa4-a97d-d965ccfc6d4b" outcome="Passed" testListId="8c84fa94-04c1-424b-9868-57a2d4851a1d" relativeResultsDirectory="a797c3d9-c77e-4c0a-acc7-8de3fa9e39c8" />
    <UnitTestResult executionId="01366203-39af-4c98-bbcf-158a81c498da" testId="d8b101e7-91df-a245-6b96-9aaf35d9efc9" testName="Body when StartTimePart is lower than EndTimePart should have error" computerName="E-LAPTOP-018" duration="00:00:00.0283041" startTime="2023-01-12T10:46:17.6305485+01:00" endTime="2023-01-12T10:46:17.6305488+01:00" testType="13cdc9d9-ddb5-4fa4-a97d-d965ccfc6d4b" outcome="Passed" testListId="8c84fa94-04c1-424b-9868-57a2d4851a1d" relativeResultsDirectory="01366203-39af-4c98-bbcf-158a81c498da" />
    <UnitTestResult executionId="57f18c98-3bc0-413c-be88-804d3a94377b" testId="3e302f0f-8760-1d87-49c6-5f3bbe5f3a4a" testName="UpdateApplicationUser should be called on ApplicationUserRepository" computerName="E-LAPTOP-018" duration="00:00:00.3922311" startTime="2023-01-12T10:46:17.7367624+01:00" endTime="2023-01-12T10:46:17.7367627+01:00" testType="13cdc9d9-ddb5-4fa4-a97d-d965ccfc6d4b" outcome="Passed" testListId="8c84fa94-04c1-424b-9868-57a2d4851a1d" relativeResultsDirectory="57f18c98-3bc0-413c-be88-804d3a94377b" />
    <UnitTestResult executionId="42b66581-85ef-40a6-ae9f-b1232d49de68" testId="3558a157-a6b0-4cc4-f068-c9db561b4789" testName="CheckAbsentAndOverLapAsync should return two parts" computerName="E-LAPTOP-018" duration="00:00:00.0037595" startTime="2023-01-12T10:46:15.4097384+01:00" endTime="2023-01-12T10:46:15.4097385+01:00" testType="13cdc9d9-ddb5-4fa4-a97d-d965ccfc6d4b" outcome="Passed" testListId="8c84fa94-04c1-424b-9868-57a2d4851a1d" relativeResultsDirectory="42b66581-85ef-40a6-ae9f-b1232d49de68" />
    <UnitTestResult executionId="9e92cc5a-ef7f-4f70-9ea4-2a6fb468f6f0" testId="911ae9ef-71cb-d325-1200-6108ef70e390" testName="CheckIfAbsentNeedsSplitAsync should return one part" computerName="E-LAPTOP-018" duration="00:00:00.0008141" startTime="2023-01-12T10:46:16.6504137+01:00" endTime="2023-01-12T10:46:16.6504138+01:00" testType="13cdc9d9-ddb5-4fa4-a97d-d965ccfc6d4b" outcome="Passed" testListId="8c84fa94-04c1-424b-9868-57a2d4851a1d" relativeResultsDirectory="9e92cc5a-ef7f-4f70-9ea4-2a6fb468f6f0" />
    <UnitTestResult executionId="f5307534-7f6a-4b5a-a9af-6abba0287978" testId="afa65193-ff57-9ef3-9ece-2d16561de008" testName="CreateAbsent should call Exception when input is null" computerName="E-LAPTOP-018" duration="00:00:00.1419812" startTime="2023-01-12T10:46:16.6417727+01:00" endTime="2023-01-12T10:46:16.6417732+01:00" testType="13cdc9d9-ddb5-4fa4-a97d-d965ccfc6d4b" outcome="Passed" testListId="8c84fa94-04c1-424b-9868-57a2d4851a1d" relativeResultsDirectory="f5307534-7f6a-4b5a-a9af-6abba0287978" />
    <UnitTestResult executionId="f218c0de-c861-4e04-9b24-c893c0842774" testId="6144cbc8-6aa4-996e-c202-c1044268adc0" testName="UpdateApplicationUser should call Exception when input is null" computerName="E-LAPTOP-018" duration="00:00:00.3691941" startTime="2023-01-12T10:46:17.3444331+01:00" endTime="2023-01-12T10:46:17.3444335+01:00" testType="13cdc9d9-ddb5-4fa4-a97d-d965ccfc6d4b" outcome="Passed" testListId="8c84fa94-04c1-424b-9868-57a2d4851a1d" relativeResultsDirectory="f218c0de-c861-4e04-9b24-c893c0842774" />
    <UnitTestResult executionId="188b491c-a600-4fc6-9fa5-7e7cf7fa6aa0" testId="be487905-ec46-e555-cdb4-599fd49b488d" testName="UserId when zero should have error" computerName="E-LAPTOP-018" duration="00:00:00.0005028" startTime="2023-01-12T10:46:15.3665258+01:00" endTime="2023-01-12T10:46:15.3665259+01:00" testType="13cdc9d9-ddb5-4fa4-a97d-d965ccfc6d4b" outcome="Passed" testListId="8c84fa94-04c1-424b-9868-57a2d4851a1d" relativeResultsDirectory="188b491c-a600-4fc6-9fa5-7e7cf7fa6aa0" />
    <UnitTestResult executionId="4ac14884-9614-4e90-aa94-2fa74bbbfb51" testId="beee40a8-75cf-4d8d-4792-c2e218a384ee" testName="Handle should call PublishWorkPatternEventAsync on ApplicationUserRepository" computerName="E-LAPTOP-018" duration="00:00:00.0030003" startTime="2023-01-12T10:46:17.8172724+01:00" endTime="2023-01-12T10:46:17.8172726+01:00" testType="13cdc9d9-ddb5-4fa4-a97d-d965ccfc6d4b" outcome="Passed" testListId="8c84fa94-04c1-424b-9868-57a2d4851a1d" relativeResultsDirectory="4ac14884-9614-4e90-aa94-2fa74bbbfb51" />
    <UnitTestResult executionId="bd82ce4b-2b27-4131-8147-c6bc896d6e5a" testId="c068212d-e57c-766a-7bce-c404cc1adae6" testName="CheckAbsentAndOverLapAsync should return zero" computerName="E-LAPTOP-018" duration="00:00:00.0014584" startTime="2023-01-12T10:46:15.4131232+01:00" endTime="2023-01-12T10:46:15.4131233+01:00" testType="13cdc9d9-ddb5-4fa4-a97d-d965ccfc6d4b" outcome="Passed" testListId="8c84fa94-04c1-424b-9868-57a2d4851a1d" relativeResultsDirectory="bd82ce4b-2b27-4131-8147-c6bc896d6e5a" />
    <UnitTestResult executionId="70b67b96-4ffa-4f1a-ab40-e6910b12b6d0" testId="16bac149-a6d1-635e-3ada-88003fa9c871" testName="Body when StartDate is higher than Endate should not have error" computerName="E-LAPTOP-018" duration="00:00:00.0005511" startTime="2023-01-12T10:46:16.7843254+01:00" endTime="2023-01-12T10:46:16.7843256+01:00" testType="13cdc9d9-ddb5-4fa4-a97d-d965ccfc6d4b" outcome="Passed" testListId="8c84fa94-04c1-424b-9868-57a2d4851a1d" relativeResultsDirectory="70b67b96-4ffa-4f1a-ab40-e6910b12b6d0" />
    <UnitTestResult executionId="79c2e3f7-e2f4-482a-b975-627fc28e8d36" testId="10bec736-4a1b-841a-504d-f70a19d29b2e" testName="Body when StartTimePart is lower than EndTimePart should have error" computerName="E-LAPTOP-018" duration="00:00:00.0004254" startTime="2023-01-12T10:46:17.8075389+01:00" endTime="2023-01-12T10:46:17.8075392+01:00" testType="13cdc9d9-ddb5-4fa4-a97d-d965ccfc6d4b" outcome="Passed" testListId="8c84fa94-04c1-424b-9868-57a2d4851a1d" relativeResultsDirectory="79c2e3f7-e2f4-482a-b975-627fc28e8d36" />
    <UnitTestResult executionId="fe2ccac3-c622-44e5-8566-528a2e505624" testId="2c1130d3-636d-e98e-4fa0-584f88ab9f28" testName="Handle should call GetByIdAsync on Repository" computerName="E-LAPTOP-018" duration="00:00:00.0030545" startTime="2023-01-12T10:46:17.4485168+01:00" endTime="2023-01-12T10:46:17.4485170+01:00" testType="13cdc9d9-ddb5-4fa4-a97d-d965ccfc6d4b" outcome="Passed" testListId="8c84fa94-04c1-424b-9868-57a2d4851a1d" relativeResultsDirectory="fe2ccac3-c622-44e5-8566-528a2e505624" />
    <UnitTestResult executionId="50edec33-0c63-4cc8-9d8b-616c426f2e09" testId="1efe3966-79f8-0a0d-a10d-cef7215d7c58" testName="UserId when zero should have error" computerName="E-LAPTOP-018" duration="00:00:00.0437057" startTime="2023-01-12T10:46:15.1924474+01:00" endTime="2023-01-12T10:46:15.1924475+01:00" testType="13cdc9d9-ddb5-4fa4-a97d-d965ccfc6d4b" outcome="Passed" testListId="8c84fa94-04c1-424b-9868-57a2d4851a1d" relativeResultsDirectory="50edec33-0c63-4cc8-9d8b-616c426f2e09" />
    <UnitTestResult executionId="2de7c81b-290a-4360-ba93-75b7d09641b3" testId="4c8b0bb1-3420-0e1b-3e26-9ab24afd81fa" testName=" CheckIfInsideWorkPatternAsync should return True" computerName="E-LAPTOP-018" duration="00:00:00.0046808" startTime="2023-01-12T10:46:15.2870088+01:00" endTime="2023-01-12T10:46:15.2870089+01:00" testType="13cdc9d9-ddb5-4fa4-a97d-d965ccfc6d4b" outcome="Passed" testListId="8c84fa94-04c1-424b-9868-57a2d4851a1d" relativeResultsDirectory="2de7c81b-290a-4360-ba93-75b7d09641b3" />
    <UnitTestResult executionId="e0afa484-6a68-416d-9d63-89ba3b2397d0" testId="f9bd4d3f-860a-0383-fb90-009e97e6a337" testName="UserId when two should not have error" computerName="E-LAPTOP-018" duration="00:00:00.0014490" startTime="2023-01-12T10:46:16.7805466+01:00" endTime="2023-01-12T10:46:16.7805468+01:00" testType="13cdc9d9-ddb5-4fa4-a97d-d965ccfc6d4b" outcome="Passed" testListId="8c84fa94-04c1-424b-9868-57a2d4851a1d" relativeResultsDirectory="e0afa484-6a68-416d-9d63-89ba3b2397d0" />
    <UnitTestResult executionId="ca1034ba-36ce-4067-b931-5a103ab4f045" testId="a7b49f22-b6d1-2a41-340e-b023abcd9cd3" testName="Publish Check-In Test - ShouldPublish Two CheckIns,one false and one true" computerName="E-LAPTOP-018" duration="00:00:00.0072739" startTime="2023-01-12T10:46:15.3840902+01:00" endTime="2023-01-12T10:46:15.3840907+01:00" testType="13cdc9d9-ddb5-4fa4-a97d-d965ccfc6d4b" outcome="Passed" testListId="8c84fa94-04c1-424b-9868-57a2d4851a1d" relativeResultsDirectory="ca1034ba-36ce-4067-b931-5a103ab4f045" />
    <UnitTestResult executionId="4b939f22-4f28-471e-a9b3-1060835b3607" testId="dc586d63-bdd7-fd67-472b-ffe663bc6987" testName="TestJoinPartsToday - The application should publish 1 parts workToday has to be true testing ending edge" computerName="E-LAPTOP-018" duration="00:00:00.0488438" startTime="2023-01-12T10:46:15.3338669+01:00" endTime="2023-01-12T10:46:15.3338675+01:00" testType="13cdc9d9-ddb5-4fa4-a97d-d965ccfc6d4b" outcome="Passed" testListId="8c84fa94-04c1-424b-9868-57a2d4851a1d" relativeResultsDirectory="4b939f22-4f28-471e-a9b3-1060835b3607" />
    <UnitTestResult executionId="e3e43ec2-c71e-4c40-a894-94ec5cc6dbca" testId="aebe3033-d236-3230-22c9-a318041563af" testName="UpdateApplicationUser should be called on ApplicationUserRepository" computerName="E-LAPTOP-018" duration="00:00:00.3800896" startTime="2023-01-12T10:46:16.9751451+01:00" endTime="2023-01-12T10:46:16.9751455+01:00" testType="13cdc9d9-ddb5-4fa4-a97d-d965ccfc6d4b" outcome="Passed" testListId="8c84fa94-04c1-424b-9868-57a2d4851a1d" relativeResultsDirectory="e3e43ec2-c71e-4c40-a894-94ec5cc6dbca" />
    <UnitTestResult executionId="f82ca037-7828-4b87-a17e-63d96c816984" testId="45f9895c-43c3-977d-b114-33acc430a9b5" testName="CreateApplicationUser should be called on ApplicationUserRepository" computerName="E-LAPTOP-018" duration="00:00:00.1461433" startTime="2023-01-12T10:46:16.5121411+01:00" endTime="2023-01-12T10:46:16.5121414+01:00" testType="13cdc9d9-ddb5-4fa4-a97d-d965ccfc6d4b" outcome="Passed" testListId="8c84fa94-04c1-424b-9868-57a2d4851a1d" relativeResultsDirectory="f82ca037-7828-4b87-a17e-63d96c816984" />
    <UnitTestResult executionId="d36755d1-1982-40b5-a533-030f901faceb" testId="7ba281b6-bc52-f2c5-0438-7cbd63a4c2d2" testName="CheckAbsentAndOverLapAsync should return two parts" computerName="E-LAPTOP-018" duration="00:00:00.0022468" startTime="2023-01-12T10:46:15.4175644+01:00" endTime="2023-01-12T10:46:15.4175646+01:00" testType="13cdc9d9-ddb5-4fa4-a97d-d965ccfc6d4b" outcome="Passed" testListId="8c84fa94-04c1-424b-9868-57a2d4851a1d" relativeResultsDirectory="d36755d1-1982-40b5-a533-030f901faceb" />
    <UnitTestResult executionId="585d4e80-651f-41a4-876c-9c2debff5bca" testId="f1366f95-4f72-2884-45c7-ba5168144873" testName="Body when start time is empty should have error" computerName="E-LAPTOP-018" duration="00:00:00.0005998" startTime="2023-01-12T10:46:17.8025209+01:00" endTime="2023-01-12T10:46:17.8025211+01:00" testType="13cdc9d9-ddb5-4fa4-a97d-d965ccfc6d4b" outcome="Passed" testListId="8c84fa94-04c1-424b-9868-57a2d4851a1d" relativeResultsDirectory="585d4e80-651f-41a4-876c-9c2debff5bca" />
    <UnitTestResult executionId="5fdf84a9-7cea-484d-ae17-7c3181c1d26f" testId="9cc55be7-3d09-1c29-2809-1553c0977aed" testName="Handle should call CreateAbsentAsync on AbsentRepository" computerName="E-LAPTOP-018" duration="00:00:00.0030407" startTime="2023-01-12T10:46:16.5948238+01:00" endTime="2023-01-12T10:46:16.5948240+01:00" testType="13cdc9d9-ddb5-4fa4-a97d-d965ccfc6d4b" outcome="Passed" testListId="8c84fa94-04c1-424b-9868-57a2d4851a1d" relativeResultsDirectory="5fdf84a9-7cea-484d-ae17-7c3181c1d26f" />
    <UnitTestResult executionId="042e5805-e5cf-4ae1-adfa-ca4d5ba0f633" testId="76cc295d-59c0-c520-a818-641b8b7902ca" testName="Handle should throw ArgumentNullException when command is not set" computerName="E-LAPTOP-018" duration="00:00:00.0633045" startTime="2023-01-12T10:46:15.2560358+01:00" endTime="2023-01-12T10:46:15.2560359+01:00" testType="13cdc9d9-ddb5-4fa4-a97d-d965ccfc6d4b" outcome="Passed" testListId="8c84fa94-04c1-424b-9868-57a2d4851a1d" relativeResultsDirectory="042e5805-e5cf-4ae1-adfa-ca4d5ba0f633" />
    <UnitTestResult executionId="21559364-9c46-45aa-90eb-7e42178103dc" testId="7e10c6e0-e8c7-3afa-ca9d-20052e3862c1" testName="UserId when zero should have error" computerName="E-LAPTOP-018" duration="00:00:00.0295639" startTime="2023-01-12T10:46:15.3100797+01:00" endTime="2023-01-12T10:46:15.3100801+01:00" testType="13cdc9d9-ddb5-4fa4-a97d-d965ccfc6d4b" outcome="Passed" testListId="8c84fa94-04c1-424b-9868-57a2d4851a1d" relativeResultsDirectory="21559364-9c46-45aa-90eb-7e42178103dc" />
    <UnitTestResult executionId="b32112b8-01f7-4e65-9be5-18148a84cb83" testId="67a4fed5-b327-6068-f0f1-fa2ee89ee8ed" testName="GetAbsent should be called on AbsentRepository" computerName="E-LAPTOP-018" duration="00:00:01.3643916" startTime="2023-01-12T10:46:16.5182412+01:00" endTime="2023-01-12T10:46:16.5182412+01:00" testType="13cdc9d9-ddb5-4fa4-a97d-d965ccfc6d4b" outcome="Passed" testListId="8c84fa94-04c1-424b-9868-57a2d4851a1d" relativeResultsDirectory="b32112b8-01f7-4e65-9be5-18148a84cb83" />
    <UnitTestResult executionId="3f1bf5e2-9099-46fd-bd2d-e139e44b1d02" testId="b0d6ef68-d383-ba5b-25bb-3f2edd55f8ad" testName="UserId when two should not have error" computerName="E-LAPTOP-018" duration="00:00:00.0007721" startTime="2023-01-12T10:46:15.3645583+01:00" endTime="2023-01-12T10:46:15.3645584+01:00" testType="13cdc9d9-ddb5-4fa4-a97d-d965ccfc6d4b" outcome="Passed" testListId="8c84fa94-04c1-424b-9868-57a2d4851a1d" relativeResultsDirectory="3f1bf5e2-9099-46fd-bd2d-e139e44b1d02" />
    <UnitTestResult executionId="e4f4f350-d0a4-40cf-bc0e-04cd7a9bf240" testId="b2496d61-7bdd-1b38-c8ba-25788140b0b0" testName="when create a command should not have error" computerName="E-LAPTOP-018" duration="00:00:00.0008255" startTime="2023-01-12T10:46:17.7978230+01:00" endTime="2023-01-12T10:46:17.7978233+01:00" testType="13cdc9d9-ddb5-4fa4-a97d-d965ccfc6d4b" outcome="Passed" testListId="8c84fa94-04c1-424b-9868-57a2d4851a1d" relativeResultsDirectory="e4f4f350-d0a4-40cf-bc0e-04cd7a9bf240" />
    <UnitTestResult executionId="960ded0c-b43b-4f64-ab48-04307456828d" testId="cb963fc7-101c-b5d9-7fb2-9f454b5723c8" testName="TestUnsEvents" computerName="E-LAPTOP-018" duration="00:00:00.0103376" startTime="2023-01-12T10:46:16.5279216+01:00" endTime="2023-01-12T10:46:16.5279222+01:00" testType="13cdc9d9-ddb5-4fa4-a97d-d965ccfc6d4b" outcome="Passed" testListId="8c84fa94-04c1-424b-9868-57a2d4851a1d" relativeResultsDirectory="960ded0c-b43b-4f64-ab48-04307456828d" />
    <UnitTestResult executionId="231b1709-4ffc-4f93-977b-1ff4998ebf4f" testId="389b5af2-d187-d95c-b4b5-413447b9165a" testName="DeleteWorkPattern should be called on WorkPatternRepository" computerName="E-LAPTOP-018" duration="00:00:00.2542305" startTime="2023-01-12T10:46:17.4061922+01:00" endTime="2023-01-12T10:46:17.4061925+01:00" testType="13cdc9d9-ddb5-4fa4-a97d-d965ccfc6d4b" outcome="Passed" testListId="8c84fa94-04c1-424b-9868-57a2d4851a1d" relativeResultsDirectory="231b1709-4ffc-4f93-977b-1ff4998ebf4f" />
    <UnitTestResult executionId="8c70e4cf-793c-42ba-a267-2370df1fdacb" testId="541c6956-73de-57fa-4c71-cb8c9e912e4a" testName="Handle should throw ArgumentNullException when command is not set" computerName="E-LAPTOP-018" duration="00:00:00.0023212" startTime="2023-01-12T10:46:17.9004064+01:00" endTime="2023-01-12T10:46:17.9004069+01:00" testType="13cdc9d9-ddb5-4fa4-a97d-d965ccfc6d4b" outcome="Passed" testListId="8c84fa94-04c1-424b-9868-57a2d4851a1d" relativeResultsDirectory="8c70e4cf-793c-42ba-a267-2370df1fdacb" />
    <UnitTestResult executionId="e92c44c1-e31a-422e-9e30-1ad8f9e2bb53" testId="f35f0ddf-2e23-6804-417a-4106134b4a7b" testName="Id when empty should have error" computerName="E-LAPTOP-018" duration="00:00:00.0435952" startTime="2023-01-12T10:46:15.1922050+01:00" endTime="2023-01-12T10:46:15.1922054+01:00" testType="13cdc9d9-ddb5-4fa4-a97d-d965ccfc6d4b" outcome="Passed" testListId="8c84fa94-04c1-424b-9868-57a2d4851a1d" relativeResultsDirectory="e92c44c1-e31a-422e-9e30-1ad8f9e2bb53" />
    <UnitTestResult executionId="b90744f3-ff65-4bcc-be95-a6813c3fa538" testId="bbe35112-da08-60ce-ad42-6224cffd6a98" testName="Handle should throw ArgumentNullException when command is not set" computerName="E-LAPTOP-018" duration="00:00:00.0023415" startTime="2023-01-12T10:46:17.9153466+01:00" endTime="2023-01-12T10:46:17.9153470+01:00" testType="13cdc9d9-ddb5-4fa4-a97d-d965ccfc6d4b" outcome="Passed" testListId="8c84fa94-04c1-424b-9868-57a2d4851a1d" relativeResultsDirectory="b90744f3-ff65-4bcc-be95-a6813c3fa538" />
    <UnitTestResult executionId="bccda58e-0b74-4aa1-8f9b-d5f989074169" testId="2c9e1412-0597-515e-aa4b-9d2e5b616b4e" testName="CheckAbsentAndOverLapAsync should return zero parts" computerName="E-LAPTOP-018" duration="00:00:00.0020033" startTime="2023-01-12T10:46:15.4152128+01:00" endTime="2023-01-12T10:46:15.4152130+01:00" testType="13cdc9d9-ddb5-4fa4-a97d-d965ccfc6d4b" outcome="Passed" testListId="8c84fa94-04c1-424b-9868-57a2d4851a1d" relativeResultsDirectory="bccda58e-0b74-4aa1-8f9b-d5f989074169" />
    <UnitTestResult executionId="d4ab4401-dffd-4e64-ae94-a8c738102283" testId="984dd8c0-ac26-0e0b-1e21-da5aa0dd1813" testName=" CheckIfInsideWorkPatternAsync should return True" computerName="E-LAPTOP-018" duration="00:00:00.0011729" startTime="2023-01-12T10:46:15.2908878+01:00" endTime="2023-01-12T10:46:15.2908880+01:00" testType="13cdc9d9-ddb5-4fa4-a97d-d965ccfc6d4b" outcome="Passed" testListId="8c84fa94-04c1-424b-9868-57a2d4851a1d" relativeResultsDirectory="d4ab4401-dffd-4e64-ae94-a8c738102283" />
    <UnitTestResult executionId="57513750-308e-43cf-880d-c05d0f6c2f61" testId="ba669d38-682c-4544-79a5-efaea9ff65b3" testName="DeleteWorkPattern should be called on WorkPatternRepository" computerName="E-LAPTOP-018" duration="00:00:00.2725929" startTime="2023-01-12T10:46:17.1518119+01:00" endTime="2023-01-12T10:46:17.1518122+01:00" testType="13cdc9d9-ddb5-4fa4-a97d-d965ccfc6d4b" outcome="Passed" testListId="8c84fa94-04c1-424b-9868-57a2d4851a1d" relativeResultsDirectory="57513750-308e-43cf-880d-c05d0f6c2f61" />
    <UnitTestResult executionId="601e0035-cbe9-40a8-8a4a-6d598ac7f21b" testId="4b0b1c20-4c72-0c35-f5db-fbf754fe30b0" testName="GetApplicationUser should be called on ApplicationUserRepository" computerName="E-LAPTOP-018" duration="00:00:00.3676369" startTime="2023-01-12T10:46:16.8789692+01:00" endTime="2023-01-12T10:46:16.8789696+01:00" testType="13cdc9d9-ddb5-4fa4-a97d-d965ccfc6d4b" outcome="Passed" testListId="8c84fa94-04c1-424b-9868-57a2d4851a1d" relativeResultsDirectory="601e0035-cbe9-40a8-8a4a-6d598ac7f21b" />
    <UnitTestResult executionId="22cacfdf-048d-473a-916b-19a0d59569ce" testId="eac1d9f3-dae5-1c75-a273-7a8f607c02f8" testName="BreakWorkPatternAsync should split the work pattern two and split ending of the work pattern" computerName="E-LAPTOP-018" duration="00:00:00.0025872" startTime="2023-01-12T10:46:15.4258595+01:00" endTime="2023-01-12T10:46:15.4258597+01:00" testType="13cdc9d9-ddb5-4fa4-a97d-d965ccfc6d4b" outcome="Passed" testListId="8c84fa94-04c1-424b-9868-57a2d4851a1d" relativeResultsDirectory="22cacfdf-048d-473a-916b-19a0d59569ce" />
    <UnitTestResult executionId="1567ad64-1d08-42f1-ae8d-9e00909bb15a" testId="18dab6da-4b95-88a5-3654-f621b6610aa6" testName="OverLapTodayTestsAsync should return one part" computerName="E-LAPTOP-018" duration="00:00:00.0010345" startTime="2023-01-12T10:46:16.9942684+01:00" endTime="2023-01-12T10:46:16.9942685+01:00" testType="13cdc9d9-ddb5-4fa4-a97d-d965ccfc6d4b" outcome="Passed" testListId="8c84fa94-04c1-424b-9868-57a2d4851a1d" relativeResultsDirectory="1567ad64-1d08-42f1-ae8d-9e00909bb15a" />
    <UnitTestResult executionId="89918e96-f635-4dba-b61b-e7400512c343" testId="894e0f66-0002-0dda-541f-4a0bb4c2ddf9" testName="Handle should throw ArgumentNullException when command is not set" computerName="E-LAPTOP-018" duration="00:00:00.0021650" startTime="2023-01-12T10:46:15.3382970+01:00" endTime="2023-01-12T10:46:15.3382972+01:00" testType="13cdc9d9-ddb5-4fa4-a97d-d965ccfc6d4b" outcome="Passed" testListId="8c84fa94-04c1-424b-9868-57a2d4851a1d" relativeResultsDirectory="89918e96-f635-4dba-b61b-e7400512c343" />
    <UnitTestResult executionId="940cdba6-b015-45f7-ad96-545ce1de87e8" testId="ab50d149-3e7d-44be-4975-71336fc1a6cc" testName="GetAbsent should be called on AbsentRepository" computerName="E-LAPTOP-018" duration="00:00:00.4653702" startTime="2023-01-12T10:46:17.4325762+01:00" endTime="2023-01-12T10:46:17.4325765+01:00" testType="13cdc9d9-ddb5-4fa4-a97d-d965ccfc6d4b" outcome="Passed" testListId="8c84fa94-04c1-424b-9868-57a2d4851a1d" relativeResultsDirectory="940cdba6-b015-45f7-ad96-545ce1de87e8" />
    <UnitTestResult executionId="4f755dda-fdf4-47c2-9bee-09781cf40998" testId="9536a9a9-70e7-ec1d-755a-d610e611693a" testName="GetAllAbsent should be called on AbsentRepository" computerName="E-LAPTOP-018" duration="00:00:00.3751793" startTime="2023-01-12T10:46:18.0236229+01:00" endTime="2023-01-12T10:46:18.0236233+01:00" testType="13cdc9d9-ddb5-4fa4-a97d-d965ccfc6d4b" outcome="Passed" testListId="8c84fa94-04c1-424b-9868-57a2d4851a1d" relativeResultsDirectory="4f755dda-fdf4-47c2-9bee-09781cf40998" />
    <UnitTestResult executionId="6e9ed6bf-6965-4c83-b40b-c5063c8f1270" testId="da3f4ae0-23e4-0c7d-723d-de7d7188eb96" testName="Body when start time higher than end time should have error" computerName="E-LAPTOP-018" duration="00:00:00.0004625" startTime="2023-01-12T10:46:17.8057476+01:00" endTime="2023-01-12T10:46:17.8057477+01:00" testType="13cdc9d9-ddb5-4fa4-a97d-d965ccfc6d4b" outcome="Passed" testListId="8c84fa94-04c1-424b-9868-57a2d4851a1d" relativeResultsDirectory="6e9ed6bf-6965-4c83-b40b-c5063c8f1270" />
    <UnitTestResult executionId="5ce1c919-9f88-4069-bd9c-c7e7436731d3" testId="b7a4cae9-786e-03c5-10f1-2f139736239e" testName="Body should have a child validator" computerName="E-LAPTOP-018" duration="00:00:00.0051409" startTime="2023-01-12T10:46:15.4229872+01:00" endTime="2023-01-12T10:46:15.4229873+01:00" testType="13cdc9d9-ddb5-4fa4-a97d-d965ccfc6d4b" outcome="Passed" testListId="8c84fa94-04c1-424b-9868-57a2d4851a1d" relativeResultsDirectory="5ce1c919-9f88-4069-bd9c-c7e7436731d3" />
    <UnitTestResult executionId="819defba-6e60-4ff0-b5ba-e8dbac5f99ff" testId="763df5cf-3ee2-8019-d730-70d0c4c6b301" testName="BreakWorkPatternAsync should split the work pattern in two when user has two overlapping absents" computerName="E-LAPTOP-018" duration="00:00:00.0012267" startTime="2023-01-12T10:46:15.4921801+01:00" endTime="2023-01-12T10:46:15.4921803+01:00" testType="13cdc9d9-ddb5-4fa4-a97d-d965ccfc6d4b" outcome="Passed" testListId="8c84fa94-04c1-424b-9868-57a2d4851a1d" relativeResultsDirectory="819defba-6e60-4ff0-b5ba-e8dbac5f99ff" />
    <UnitTestResult executionId="5ad55544-3c2b-4f37-a0e4-3135c24f64ab" testId="bfb51307-54c6-c663-cefc-dd157415f4ec" testName="Id when empty should have error" computerName="E-LAPTOP-018" duration="00:00:00.0015885" startTime="2023-01-12T10:46:16.5880071+01:00" endTime="2023-01-12T10:46:16.5880074+01:00" testType="13cdc9d9-ddb5-4fa4-a97d-d965ccfc6d4b" outcome="Passed" testListId="8c84fa94-04c1-424b-9868-57a2d4851a1d" relativeResultsDirectory="5ad55544-3c2b-4f37-a0e4-3135c24f64ab" />
    <UnitTestResult executionId="cdc6cc8e-12b2-497e-bab2-e5512846f4d9" testId="5f90274d-834c-6d39-cdd5-d55ba84c542e" testName="GetWorkPattern should be called on WorkPatternRepository" computerName="E-LAPTOP-018" duration="00:00:00.2531604" startTime="2023-01-12T10:46:17.1183785+01:00" endTime="2023-01-12T10:46:17.1183789+01:00" testType="13cdc9d9-ddb5-4fa4-a97d-d965ccfc6d4b" outcome="Passed" testListId="8c84fa94-04c1-424b-9868-57a2d4851a1d" relativeResultsDirectory="cdc6cc8e-12b2-497e-bab2-e5512846f4d9" />
    <UnitTestResult executionId="a2f840cc-7f34-49ec-9bd6-71c76f25f6b9" testId="0996a3ba-0e56-cb82-b303-d10f38492b7f" testName="OverLapTodayTestsAsync should return one part" computerName="E-LAPTOP-018" duration="00:00:00.0007698" startTime="2023-01-12T10:46:16.9975511+01:00" endTime="2023-01-12T10:46:16.9975512+01:00" testType="13cdc9d9-ddb5-4fa4-a97d-d965ccfc6d4b" outcome="Passed" testListId="8c84fa94-04c1-424b-9868-57a2d4851a1d" relativeResultsDirectory="a2f840cc-7f34-49ec-9bd6-71c76f25f6b9" />
    <UnitTestResult executionId="13790a63-d312-42c8-b257-cc4a348547df" testId="03fc1fa8-5713-2ba4-c703-a2ab46d29c81" testName="Body should have a child validator" computerName="E-LAPTOP-018" duration="00:00:00.0122147" startTime="2023-01-12T10:46:15.3637150+01:00" endTime="2023-01-12T10:46:15.3637152+01:00" testType="13cdc9d9-ddb5-4fa4-a97d-d965ccfc6d4b" outcome="Passed" testListId="8c84fa94-04c1-424b-9868-57a2d4851a1d" relativeResultsDirectory="13790a63-d312-42c8-b257-cc4a348547df" />
    <UnitTestResult executionId="507e29fe-d0fc-4202-b035-46057419a9c8" testId="9a98a419-864c-19fe-91f6-0db64a77f3cb" testName="BreakWorkPatternAsync should return work pattern when user has no absent" computerName="E-LAPTOP-018" duration="00:00:00.0010570" startTime="2023-01-12T10:46:15.4382222+01:00" endTime="2023-01-12T10:46:15.4382224+01:00" testType="13cdc9d9-ddb5-4fa4-a97d-d965ccfc6d4b" outcome="Passed" testListId="8c84fa94-04c1-424b-9868-57a2d4851a1d" relativeResultsDirectory="507e29fe-d0fc-4202-b035-46057419a9c8" />
    <UnitTestResult executionId="e4aeedee-9c10-418b-942c-3134c830d782" testId="149120f3-24f6-8015-2ad2-4784af2d7d82" testName="Body should have a child validator" computerName="E-LAPTOP-018" duration="00:00:00.0010376" startTime="2023-01-12T10:46:17.8046592+01:00" endTime="2023-01-12T10:46:17.8046593+01:00" testType="13cdc9d9-ddb5-4fa4-a97d-d965ccfc6d4b" outcome="Passed" testListId="8c84fa94-04c1-424b-9868-57a2d4851a1d" relativeResultsDirectory="e4aeedee-9c10-418b-942c-3134c830d782" />
    <UnitTestResult executionId="3ed000dd-9e4f-4312-9e72-13ef238b295a" testId="9e2f9116-2cc6-0c90-8304-8c7bc2bc6d92" testName="Handle should throw ArgumentNullException when command is not set" computerName="E-LAPTOP-018" duration="00:00:00.0030325" startTime="2023-01-12T10:46:17.4453759+01:00" endTime="2023-01-12T10:46:17.4453764+01:00" testType="13cdc9d9-ddb5-4fa4-a97d-d965ccfc6d4b" outcome="Passed" testListId="8c84fa94-04c1-424b-9868-57a2d4851a1d" relativeResultsDirectory="3ed000dd-9e4f-4312-9e72-13ef238b295a" />
    <UnitTestResult executionId="bcb6aaee-9f07-42dc-a7c5-06b0292b309e" testId="dd3cb1b7-fdae-90be-c1de-0e8ca742b8ea" testName="TestJoinPartsToday - The application should publish 1 parts workToday has to be true testing ending edge" computerName="E-LAPTOP-018" duration="00:00:00.0029544" startTime="2023-01-12T10:46:15.3970435+01:00" endTime="2023-01-12T10:46:15.3970438+01:00" testType="13cdc9d9-ddb5-4fa4-a97d-d965ccfc6d4b" outcome="Passed" testListId="8c84fa94-04c1-424b-9868-57a2d4851a1d" relativeResultsDirectory="bcb6aaee-9f07-42dc-a7c5-06b0292b309e" />
    <UnitTestResult executionId="b0df3271-c2d0-4cd8-8e74-da9a35f77bd5" testId="0300b1e8-6a3f-fb1d-7a0e-414fbf85cce2" testName="OverLapTodayTestsAsync should return one part" computerName="E-LAPTOP-018" duration="00:00:00.0012721" startTime="2023-01-12T10:46:16.9912191+01:00" endTime="2023-01-12T10:46:16.9912194+01:00" testType="13cdc9d9-ddb5-4fa4-a97d-d965ccfc6d4b" outcome="Passed" testListId="8c84fa94-04c1-424b-9868-57a2d4851a1d" relativeResultsDirectory="b0df3271-c2d0-4cd8-8e74-da9a35f77bd5" />
    <UnitTestResult executionId="b1f70632-d221-48fd-8768-ce4cdd71c290" testId="e1caaf3b-92ac-af50-1a89-334de7e943da" testName="Handle should throw ArgumentNullException when command is not set" computerName="E-LAPTOP-018" duration="00:00:00.0020601" startTime="2023-01-12T10:46:15.3726576+01:00" endTime="2023-01-12T10:46:15.3726579+01:00" testType="13cdc9d9-ddb5-4fa4-a97d-d965ccfc6d4b" outcome="Passed" testListId="8c84fa94-04c1-424b-9868-57a2d4851a1d" relativeResultsDirectory="b1f70632-d221-48fd-8768-ce4cdd71c290" />
    <UnitTestResult executionId="c81cfa01-ae65-43ed-9150-d48d6bec6782" testId="aa98de75-2376-7c3e-3691-5e1041077e24" testName="TestJoinPartsToday - The application should publish 1 parts workToday has to be true testing ending edge" computerName="E-LAPTOP-018" duration="00:00:00.0033203" startTime="2023-01-12T10:46:15.3641678+01:00" endTime="2023-01-12T10:46:15.3641680+01:00" testType="13cdc9d9-ddb5-4fa4-a97d-d965ccfc6d4b" outcome="Passed" testListId="8c84fa94-04c1-424b-9868-57a2d4851a1d" relativeResultsDirectory="c81cfa01-ae65-43ed-9150-d48d6bec6782" />
    <UnitTestResult executionId="d16feb2b-b573-4f85-9d84-ab20ec9b227f" testId="de18c74d-7d4b-360a-514e-6e012bbe492e" testName="TestShiftLogic - The application publish 0 parts and workToday has to be false - No absents and no Parts Today (Random Variables-3WP,8Parts each,0Absents) " computerName="E-LAPTOP-018" duration="00:00:00.0027714" startTime="2023-01-12T10:46:15.3545581+01:00" endTime="2023-01-12T10:46:15.3545582+01:00" testType="13cdc9d9-ddb5-4fa4-a97d-d965ccfc6d4b" outcome="Passed" testListId="8c84fa94-04c1-424b-9868-57a2d4851a1d" relativeResultsDirectory="d16feb2b-b573-4f85-9d84-ab20ec9b227f" />
    <UnitTestResult executionId="32915275-08cf-412b-b3f2-81b436913424" testId="3e393a9f-3558-3520-1017-40ebd0c8e5aa" testName="DeleteApplicationUser should publish 4 empty payloads" computerName="E-LAPTOP-018" duration="00:00:00.0064561" startTime="2023-01-12T10:46:15.3404659+01:00" endTime="2023-01-12T10:46:15.3404660+01:00" testType="13cdc9d9-ddb5-4fa4-a97d-d965ccfc6d4b" outcome="Passed" testListId="8c84fa94-04c1-424b-9868-57a2d4851a1d" relativeResultsDirectory="32915275-08cf-412b-b3f2-81b436913424" />
    <UnitTestResult executionId="7293a077-2262-4202-9d87-4a0bcd49e19d" testId="35935ac0-0e64-7c4f-4c9f-00087fad989b" testName="BreakWorkPatternAsync should split the work pattern in two when user has two overlapping absents" computerName="E-LAPTOP-018" duration="00:00:00.0014943" startTime="2023-01-12T10:46:16.7920634+01:00" endTime="2023-01-12T10:46:16.7920636+01:00" testType="13cdc9d9-ddb5-4fa4-a97d-d965ccfc6d4b" outcome="Passed" testListId="8c84fa94-04c1-424b-9868-57a2d4851a1d" relativeResultsDirectory="7293a077-2262-4202-9d87-4a0bcd49e19d" />
    <UnitTestResult executionId="35f7efb7-995c-4be6-af01-3a8571bcca53" testId="f6160c4c-22d0-caa3-cbc5-14303cb9174d" testName="Handle should call PublishWorkPatternEventAsync on ApplicationUserRepository" computerName="E-LAPTOP-018" duration="00:00:00.0031353" startTime="2023-01-12T10:46:15.3845881+01:00" endTime="2023-01-12T10:46:15.3845882+01:00" testType="13cdc9d9-ddb5-4fa4-a97d-d965ccfc6d4b" outcome="Passed" testListId="8c84fa94-04c1-424b-9868-57a2d4851a1d" relativeResultsDirectory="35f7efb7-995c-4be6-af01-3a8571bcca53" />
  </Results>
  <TestDefinitions>
    <UnitTest name="DeleteWorkPattern should be called on WorkPatternRepository" storage="c:\users\mpin\source\repos\miguel-pvs\pvsdashboard.tests\bin\debug\net6.0\pvsdashboard.tests.dll" id="ba669d38-682c-4544-79a5-efaea9ff65b3">
      <Execution id="57513750-308e-43cf-880d-c05d0f6c2f61" />
      <TestMethod codeBase="C:\Users\MPIN\source\repos\miguel-pvs\PVSDashboard.Tests\bin\Debug\net6.0\PVSDashboard.Tests.dll" adapterTypeName="executor://xunit/VsTestRunner2/netcoreapp" className="PVSDashboard.Tests.Persistance.WorkPatternRepositoryTests.DeleteWorkPatternsTests" name="DeleteWorkPatternShouldReturnNull_WhenFakeRepositoryIsCalled" />
    </UnitTest>
    <UnitTest name="GetAllLocations should be called on ApplicationUserRepository" storage="c:\users\mpin\source\repos\miguel-pvs\pvsdashboard.tests\bin\debug\net6.0\pvsdashboard.tests.dll" id="ff9f8aa6-a7c8-9018-b082-f73e8511243f">
      <Execution id="18c96dfb-d50d-4a41-a239-d28e5f842cf2" />
      <TestMethod codeBase="C:\Users\MPIN\source\repos\miguel-pvs\PVSDashboard.Tests\bin\Debug\net6.0\PVSDashboard.Tests.dll" adapterTypeName="executor://xunit/VsTestRunner2/netcoreapp" className="PVSDashboard.Tests.Persistance.ApplicationUserRepositoryTests.GetLocationsTests" name="GetLocationsShouldReturnUsersInTheSameLocation_WhenRepositoryIsCalled" />
    </UnitTest>
    <UnitTest name="TestShiftLogic - The application publish 0 parts and workToday has to be false - No absents and no Parts Today (Random Variables-3WP,8Parts each,0Absents) " storage="c:\users\mpin\source\repos\miguel-pvs\pvsdashboard.tests\bin\debug\net6.0\pvsdashboard.tests.dll" id="de18c74d-7d4b-360a-514e-6e012bbe492e">
      <Execution id="d16feb2b-b573-4f85-9d84-ab20ec9b227f" />
      <TestMethod codeBase="C:\Users\MPIN\source\repos\miguel-pvs\PVSDashboard.Tests\bin\Debug\net6.0\PVSDashboard.Tests.dll" adapterTypeName="executor://xunit/VsTestRunner2/netcoreapp" className="PVSDashboard.Tests.Infrastructure.CheckInApplicationUserTests" name="CallListWorkPatternsShouldReturnFalseAndFourSchedulesForToday_UserWith3WorkPattern8PartsADay" />
    </UnitTest>
    <UnitTest name="Handle should call EditApplicationUserLogicEventAsync on ApplicationUserRepository" storage="c:\users\mpin\source\repos\miguel-pvs\pvsdashboard.tests\bin\debug\net6.0\pvsdashboard.tests.dll" id="2be9803e-8d2b-0aca-d2d7-ca6acec783f1">
      <Execution id="c4dfc038-e9ad-438b-b73f-e8445b121ef4" />
      <TestMethod codeBase="C:\Users\MPIN\source\repos\miguel-pvs\PVSDashboard.Tests\bin\Debug\net6.0\PVSDashboard.Tests.dll" adapterTypeName="executor://xunit/VsTestRunner2/netcoreapp" className="PVSDashboard.Tests.Application.EventHandlers.UnsLogicEventHandlers.EditApplicationUserUnsLogicEventHandlerTests" name="HandleShouldCallEditApplicationUserLogicEventAsyncOnApplicationUserRepository_WhenCommandIsSet" />
    </UnitTest>
    <UnitTest name="CheckAbsentAndOverLapAsync should return two parts" storage="c:\users\mpin\source\repos\miguel-pvs\pvsdashboard.tests\bin\debug\net6.0\pvsdashboard.tests.dll" id="814d426e-fa9e-dcbc-1f16-9ebe2085529d">
      <Execution id="c31c981d-906b-42cc-a6ca-3d9247af3390" />
      <TestMethod codeBase="C:\Users\MPIN\source\repos\miguel-pvs\PVSDashboard.Tests\bin\Debug\net6.0\PVSDashboard.Tests.dll" adapterTypeName="executor://xunit/VsTestRunner2/netcoreapp" className="PVSDashboard.Tests.Timers.CheckAbsentAndOverLapTests" name="CheckAbsentAndOverLapAsyncTestingEdges_PatternHasFivePartAndNoAbsents" />
    </UnitTest>
    <UnitTest name="Handle should throw ArgumentNullException when command is not set" storage="c:\users\mpin\source\repos\miguel-pvs\pvsdashboard.tests\bin\debug\net6.0\pvsdashboard.tests.dll" id="292393c3-8964-7815-677e-44bf74e3ddd2">
      <Execution id="e6c54f91-6d71-412b-be7a-1d78f383e03d" />
      <TestMethod codeBase="C:\Users\MPIN\source\repos\miguel-pvs\PVSDashboard.Tests\bin\Debug\net6.0\PVSDashboard.Tests.dll" adapterTypeName="executor://xunit/VsTestRunner2/netcoreapp" className="PVSDashboard.Tests.Application.ApplicationUsers.Queries.GetLocation.GetLocationHandlerTests" name="HandleShouldThrowArgumentNullException_WhenCommandIsNotSet" />
    </UnitTest>
    <UnitTest name="Body when StartDate is empty should have error" storage="c:\users\mpin\source\repos\miguel-pvs\pvsdashboard.tests\bin\debug\net6.0\pvsdashboard.tests.dll" id="9e5d7a0e-4ffc-18a9-d974-bf86f92af028">
      <Execution id="e7136109-19f8-4a13-9905-2c685357fb6d" />
      <TestMethod codeBase="C:\Users\MPIN\source\repos\miguel-pvs\PVSDashboard.Tests\bin\Debug\net6.0\PVSDashboard.Tests.dll" adapterTypeName="executor://xunit/VsTestRunner2/netcoreapp" className="PVSDashboard.Tests.Application.WorkPatterns.Commands.CreateWorkPattern.CreateWorkPatternCommandValidatorTests" name="StartDateIsEmpty_ShouldHaveError" />
    </UnitTest>
    <UnitTest name="Publish Check-In Test" storage="c:\users\mpin\source\repos\miguel-pvs\pvsdashboard.tests\bin\debug\net6.0\pvsdashboard.tests.dll" id="a0a076a8-7453-cdd3-0d4a-7d87486bce07">
      <Execution id="3edabea8-6422-4cd9-9aba-79a5da6509b1" />
      <TestMethod codeBase="C:\Users\MPIN\source\repos\miguel-pvs\PVSDashboard.Tests\bin\Debug\net6.0\PVSDashboard.Tests.dll" adapterTypeName="executor://xunit/VsTestRunner2/netcoreapp" className="PVSDashboard.Tests.Infrastructure.CheckInApplicationUserTests" name="TestOnTheDeleteApplicationUserAsyncMethod" />
    </UnitTest>
    <UnitTest name="Handle should call EditAbsentAsync on AbsentRepository" storage="c:\users\mpin\source\repos\miguel-pvs\pvsdashboard.tests\bin\debug\net6.0\pvsdashboard.tests.dll" id="7519effa-d009-e1a7-b1ef-21cef1126d9a">
      <Execution id="9533fbc2-7b8a-4365-92a3-0d09f765e3d5" />
      <TestMethod codeBase="C:\Users\MPIN\source\repos\miguel-pvs\PVSDashboard.Tests\bin\Debug\net6.0\PVSDashboard.Tests.dll" adapterTypeName="executor://xunit/VsTestRunner2/netcoreapp" className="PVSDashboard.Tests.Application.Absents.Commands.EditAbsent.EditAbsentHandlerTests" name="HandleShouldCallEditAbsentAsyncOnAbsentRepository_WhenCommandIsSet" />
    </UnitTest>
    <UnitTest name="when create a command should not have error" storage="c:\users\mpin\source\repos\miguel-pvs\pvsdashboard.tests\bin\debug\net6.0\pvsdashboard.tests.dll" id="46940ef4-69f9-b9be-c735-81544806062c">
      <Execution id="1d437709-c146-4625-ae43-bf07f61f5733" />
      <TestMethod codeBase="C:\Users\MPIN\source\repos\miguel-pvs\PVSDashboard.Tests\bin\Debug\net6.0\PVSDashboard.Tests.dll" adapterTypeName="executor://xunit/VsTestRunner2/netcoreapp" className="PVSDashboard.Tests.Application.WorkPatterns.Queries.GetAllWorkPattern.GetAllWorkPatternCommandValidatorTests" name="Command_WhenCreated_ShouldNotHaveError" />
    </UnitTest>
    <UnitTest name="Handle should throw ArgumentNullException when command is not set" storage="c:\users\mpin\source\repos\miguel-pvs\pvsdashboard.tests\bin\debug\net6.0\pvsdashboard.tests.dll" id="930579ab-489a-6877-7d88-bde3f23847d4">
      <Execution id="938b9456-a1f1-4d9d-a367-d14055e18da7" />
      <TestMethod codeBase="C:\Users\MPIN\source\repos\miguel-pvs\PVSDashboard.Tests\bin\Debug\net6.0\PVSDashboard.Tests.dll" adapterTypeName="executor://xunit/VsTestRunner2/netcoreapp" className="PVSDashboard.Tests.Application.ApplicationUsers.Commands.CreateApplicationUser.CreatreApplicationUserTests" name="HandleShouldThrowArgumentNullException_WhenCommandIsNotSet" />
    </UnitTest>
    <UnitTest name="Handle should call GetAllLocationAsync on AllLocationRepository" storage="c:\users\mpin\source\repos\miguel-pvs\pvsdashboard.tests\bin\debug\net6.0\pvsdashboard.tests.dll" id="536c3e1e-c739-0c64-327e-600a1b0482a8">
      <Execution id="07ef4f82-0685-4711-a476-086ff05b7fd3" />
      <TestMethod codeBase="C:\Users\MPIN\source\repos\miguel-pvs\PVSDashboard.Tests\bin\Debug\net6.0\PVSDashboard.Tests.dll" adapterTypeName="executor://xunit/VsTestRunner2/netcoreapp" className="PVSDashboard.Tests.Application.ApplicationUsers.Queries.GetAllLocation.GetAllLocationsHandlerTests" name="HandleShouldCallGetAllLocationAsyncOnAllLocationRepository_WhenCommandIsSet" />
    </UnitTest>
    <UnitTest name="GetApplicationUser should be called on ApplicationUserRepository" storage="c:\users\mpin\source\repos\miguel-pvs\pvsdashboard.tests\bin\debug\net6.0\pvsdashboard.tests.dll" id="4b0b1c20-4c72-0c35-f5db-fbf754fe30b0">
      <Execution id="601e0035-cbe9-40a8-8a4a-6d598ac7f21b" />
      <TestMethod codeBase="C:\Users\MPIN\source\repos\miguel-pvs\PVSDashboard.Tests\bin\Debug\net6.0\PVSDashboard.Tests.dll" adapterTypeName="executor://xunit/VsTestRunner2/netcoreapp" className="PVSDashboard.Tests.Persistance.ApplicationUserRepositoryTests.GetApplicationUsersTests" name="GetApplicationUserShouldReturnNullWhenWrongIdIsCalled_WhenRepositoryIsCalled" />
    </UnitTest>
    <UnitTest name="CheckInApplicationUser should be called on ApplicationUserRepository" storage="c:\users\mpin\source\repos\miguel-pvs\pvsdashboard.tests\bin\debug\net6.0\pvsdashboard.tests.dll" id="c026a61e-dc56-792d-5647-7cc98ffa824d">
      <Execution id="806ca6e8-844c-46e9-81ed-0656713d8eb4" />
      <TestMethod codeBase="C:\Users\MPIN\source\repos\miguel-pvs\PVSDashboard.Tests\bin\Debug\net6.0\PVSDashboard.Tests.dll" adapterTypeName="executor://xunit/VsTestRunner2/netcoreapp" className="PVSDashboard.Tests.Persistance.ApplicationUserRepositoryTests.CheckInApplicationUsersTests" name="CheckInApplicationUserShouldReturnNullWhenUsedIdIsNonExistent_WhenRepositoryIsCalled" />
    </UnitTest>
    <UnitTest name="BreakWorkPatternAsync should split the work pattern in two when user has two overlapping absents" storage="c:\users\mpin\source\repos\miguel-pvs\pvsdashboard.tests\bin\debug\net6.0\pvsdashboard.tests.dll" id="322a542a-f021-697e-2ea3-46ab975252b3">
      <Execution id="34a86964-0ae8-4e33-8a50-1e8669546db5" />
      <TestMethod codeBase="C:\Users\MPIN\source\repos\miguel-pvs\PVSDashboard.Tests\bin\Debug\net6.0\PVSDashboard.Tests.dll" adapterTypeName="executor://xunit/VsTestRunner2/netcoreapp" className="PVSDashboard.Tests.Timers.BreakWorkPatternTests" name="BreakWorkPatternAsyncShoudSplitReturnEmptyList3" />
    </UnitTest>
    <UnitTest name="UltimateHardcoreTEST: The ApplicationUser has 3WP(2 overLap),6 Parts for today (All not sorted, 2 equals, 3 overlaps some kind of value). 6 Absent(All not sorted, 2 equals, 3 overlaps some kind of value)" storage="c:\users\mpin\source\repos\miguel-pvs\pvsdashboard.tests\bin\debug\net6.0\pvsdashboard.tests.dll" id="e868625a-0c17-fd8a-53c5-3ced3396ca24">
      <Execution id="39d0f443-f927-4d26-8514-a8aa2bd80792" />
      <TestMethod codeBase="C:\Users\MPIN\source\repos\miguel-pvs\PVSDashboard.Tests\bin\Debug\net6.0\PVSDashboard.Tests.dll" adapterTypeName="executor://xunit/VsTestRunner2/netcoreapp" className="PVSDashboard.Tests.Infrastructure.CheckInApplicationUserTests" name="UltimateHardcoreTEST" />
    </UnitTest>
    <UnitTest name="Handle should throw ArgumentNullException when command is not set" storage="c:\users\mpin\source\repos\miguel-pvs\pvsdashboard.tests\bin\debug\net6.0\pvsdashboard.tests.dll" id="95cee648-47de-f130-c3bb-dfe2d92f3dfe">
      <Execution id="87ef3e91-de48-4ea8-9a7c-d88148d294ea" />
      <TestMethod codeBase="C:\Users\MPIN\source\repos\miguel-pvs\PVSDashboard.Tests\bin\Debug\net6.0\PVSDashboard.Tests.dll" adapterTypeName="executor://xunit/VsTestRunner2/netcoreapp" className="PVSDashboard.Tests.Application.EventHandlers.UnsLogicEventHandlers.DeleteApplicationUserUnsLogicEventHandlerTests" name="HandleShouldThrowArgumentNullException_WhenCommandIsNotSet" />
    </UnitTest>
    <UnitTest name="DeleteApplicationUser should be called on ApplicationUserRepository" storage="c:\users\mpin\source\repos\miguel-pvs\pvsdashboard.tests\bin\debug\net6.0\pvsdashboard.tests.dll" id="8bd17077-987b-9649-0c21-807d633687ed">
      <Execution id="43fb010b-5dee-425c-ba19-3973c09d671f" />
      <TestMethod codeBase="C:\Users\MPIN\source\repos\miguel-pvs\PVSDashboard.Tests\bin\Debug\net6.0\PVSDashboard.Tests.dll" adapterTypeName="executor://xunit/VsTestRunner2/netcoreapp" className="PVSDashboard.Tests.Persistance.ApplicationUserRepositoryTests.DeleteApplicationUsersTests" name="DeleteApplicationUserShouldReturnNull_WhenFakeRepositoryIsCalled" />
    </UnitTest>
    <UnitTest name="Body should have a child validator" storage="c:\users\mpin\source\repos\miguel-pvs\pvsdashboard.tests\bin\debug\net6.0\pvsdashboard.tests.dll" id="7e843e2d-ea6f-3a5c-8893-a66eecc3340a">
      <Execution id="6360b3e4-a1bf-4aa4-ac7e-70ab38daf983" />
      <TestMethod codeBase="C:\Users\MPIN\source\repos\miguel-pvs\PVSDashboard.Tests\bin\Debug\net6.0\PVSDashboard.Tests.dll" adapterTypeName="executor://xunit/VsTestRunner2/netcoreapp" className="PVSDashboard.Tests.Application.ApplicationUsers.Commands.EditApplicationUser.EditApplicationUserCommandValidatorTests" name="Body_ShouldHaveChildValidator" />
    </UnitTest>
    <UnitTest name="Handle should call DeleteWorkPatternUnsLogicEventAsync on WorkPatternRepository" storage="c:\users\mpin\source\repos\miguel-pvs\pvsdashboard.tests\bin\debug\net6.0\pvsdashboard.tests.dll" id="a6ed8226-6452-3f2a-d7c3-ba01c8f6c236">
      <Execution id="69afac45-33da-4389-a78a-f71e82093669" />
      <TestMethod codeBase="C:\Users\MPIN\source\repos\miguel-pvs\PVSDashboard.Tests\bin\Debug\net6.0\PVSDashboard.Tests.dll" adapterTypeName="executor://xunit/VsTestRunner2/netcoreapp" className="PVSDashboard.Tests.Application.EventHandlers.UnsLogicEventHandlers.DeleteApplicationUserUnsLogicEventHandlerTests" name="HandleShouldCallDeleteWorkPatternUnsLogicEventAsyncOnWorkPatternRepository_WhenCommandIsSet" />
    </UnitTest>
    <UnitTest name="Handle should call CheckInApplicationUserAsync on ApplicationUserRepository" storage="c:\users\mpin\source\repos\miguel-pvs\pvsdashboard.tests\bin\debug\net6.0\pvsdashboard.tests.dll" id="c2146bc5-d9e5-c7aa-dc2e-33b2c55dc385">
      <Execution id="7bb823e3-783b-4615-b685-2a5717af3a58" />
      <TestMethod codeBase="C:\Users\MPIN\source\repos\miguel-pvs\PVSDashboard.Tests\bin\Debug\net6.0\PVSDashboard.Tests.dll" adapterTypeName="executor://xunit/VsTestRunner2/netcoreapp" className="PVSDashboard.Tests.Application.ApplicationUsers.Commands.CheckInApplicationUser.CheckInApplicationUserHandlerTests" name="HandleShouldCallCheckInApplicationUserAsyncOnApplicationUserRepository_WhenCommandIsSet" />
    </UnitTest>
    <UnitTest name="Body when start time equal end time should have error" storage="c:\users\mpin\source\repos\miguel-pvs\pvsdashboard.tests\bin\debug\net6.0\pvsdashboard.tests.dll" id="170533dd-2bd3-4bd1-6e41-d5a0f372fceb">
      <Execution id="c37386f1-f500-4bad-b5b9-8204e3179d17" />
      <TestMethod codeBase="C:\Users\MPIN\source\repos\miguel-pvs\PVSDashboard.Tests\bin\Debug\net6.0\PVSDashboard.Tests.dll" adapterTypeName="executor://xunit/VsTestRunner2/netcoreapp" className="PVSDashboard.Tests.Application.Absents.Commands.EditAbsent.EditAbsentCommandValidatorTests" name="StartTimeEqualEndTime_ShouldNotHaveError" />
    </UnitTest>
    <UnitTest name="BreakWorkPatternAsync should split ending of the work pattern when user has a absent" storage="c:\users\mpin\source\repos\miguel-pvs\pvsdashboard.tests\bin\debug\net6.0\pvsdashboard.tests.dll" id="06f81eff-7547-f145-45b8-7c531aff1117">
      <Execution id="7ea2b2f3-51a3-4c9d-bd15-86776565d6e5" />
      <TestMethod codeBase="C:\Users\MPIN\source\repos\miguel-pvs\PVSDashboard.Tests\bin\Debug\net6.0\PVSDashboard.Tests.dll" adapterTypeName="executor://xunit/VsTestRunner2/netcoreapp" className="PVSDashboard.Tests.Infrastructure.BreakWorkPatternTests" name="BreakWorkPatternAsyncShouldAlterEndOfPart_WhenUserHasAnAbsent" />
    </UnitTest>
    <UnitTest name="TestShiftLogic - The application publish 0 parts and workToday has to be false - No absents and no Parts in WP (Random Variables-3WP,0Parts each,0Absents) " storage="c:\users\mpin\source\repos\miguel-pvs\pvsdashboard.tests\bin\debug\net6.0\pvsdashboard.tests.dll" id="cc11f297-0a5a-6840-8510-59412ea01baf">
      <Execution id="819e0447-7124-4439-9214-f8cfa6e26a63" />
      <TestMethod codeBase="C:\Users\MPIN\source\repos\miguel-pvs\PVSDashboard.Tests\bin\Debug\net6.0\PVSDashboard.Tests.dll" adapterTypeName="executor://xunit/VsTestRunner2/netcoreapp" className="PVSDashboard.Tests.Infrastructure.CheckInApplicationUserTests" name="CallListWorkPatternsShouldReturnFalseAndZeroSchedulesForToday_UserWith3WorkPattern0PartsADay" />
    </UnitTest>
    <UnitTest name="CheckAbsentAndOverLapAsync should return two parts" storage="c:\users\mpin\source\repos\miguel-pvs\pvsdashboard.tests\bin\debug\net6.0\pvsdashboard.tests.dll" id="7ba281b6-bc52-f2c5-0438-7cbd63a4c2d2">
      <Execution id="d36755d1-1982-40b5-a533-030f901faceb" />
      <TestMethod codeBase="C:\Users\MPIN\source\repos\miguel-pvs\PVSDashboard.Tests\bin\Debug\net6.0\PVSDashboard.Tests.dll" adapterTypeName="executor://xunit/VsTestRunner2/netcoreapp" className="PVSDashboard.Tests.Timers.CheckAbsentAndOverLapTests" name="CheckAbsentAndOverLapAsyncTestingInsidePatternsAndOverlaps_PatternHasFourPartAndFourAbsents" />
    </UnitTest>
    <UnitTest name="BreakWorkPatternAsync should return work pattern when user has no absent" storage="c:\users\mpin\source\repos\miguel-pvs\pvsdashboard.tests\bin\debug\net6.0\pvsdashboard.tests.dll" id="9a98a419-864c-19fe-91f6-0db64a77f3cb">
      <Execution id="507e29fe-d0fc-4202-b035-46057419a9c8" />
      <TestMethod codeBase="C:\Users\MPIN\source\repos\miguel-pvs\PVSDashboard.Tests\bin\Debug\net6.0\PVSDashboard.Tests.dll" adapterTypeName="executor://xunit/VsTestRunner2/netcoreapp" className="PVSDashboard.Tests.Timers.BreakWorkPatternTests" name="BreakWorkPatternAsyncShouldReturnWorkPattern_WhenUserHasNoAbsent" />
    </UnitTest>
    <UnitTest name=" CheckIfInsideWorkPatternAsync should return False" storage="c:\users\mpin\source\repos\miguel-pvs\pvsdashboard.tests\bin\debug\net6.0\pvsdashboard.tests.dll" id="82d1d7e5-ab9b-5f29-4865-38cc0542af72">
      <Execution id="60ceb9db-277f-4e15-ac04-d0c9fe0db217" />
      <TestMethod codeBase="C:\Users\MPIN\source\repos\miguel-pvs\PVSDashboard.Tests\bin\Debug\net6.0\PVSDashboard.Tests.dll" adapterTypeName="executor://xunit/VsTestRunner2/netcoreapp" className="PVSDashboard.Tests.Timers.CheckIfInsideWorkPatternTests" name="CheckIfInsideWorkPatternAsyncTestingPatternStartsYesterdayEndsYesterday" />
    </UnitTest>
    <UnitTest name="CheckOutApplicationUser should be called on ApplicationUserRepository" storage="c:\users\mpin\source\repos\miguel-pvs\pvsdashboard.tests\bin\debug\net6.0\pvsdashboard.tests.dll" id="3afd63b8-8ed6-d81b-e280-b472c72c7cf2">
      <Execution id="645176c3-3dec-42e6-b0b4-29e48d4d865c" />
      <TestMethod codeBase="C:\Users\MPIN\source\repos\miguel-pvs\PVSDashboard.Tests\bin\Debug\net6.0\PVSDashboard.Tests.dll" adapterTypeName="executor://xunit/VsTestRunner2/netcoreapp" className="PVSDashboard.Tests.Persistance.ApplicationUserRepositoryTests.CheckOutApplicationUsersTests" name="CheckOutApplicationUserShouldReturnNull_WhenFakeRepositoryIsCalled" />
    </UnitTest>
    <UnitTest name="when create a command should not have error" storage="c:\users\mpin\source\repos\miguel-pvs\pvsdashboard.tests\bin\debug\net6.0\pvsdashboard.tests.dll" id="0fb86b18-8fd6-fd2e-ea02-75050e29a8f3">
      <Execution id="b1f7d786-8219-4fa4-843e-5e40230dffe6" />
      <TestMethod codeBase="C:\Users\MPIN\source\repos\miguel-pvs\PVSDashboard.Tests\bin\Debug\net6.0\PVSDashboard.Tests.dll" adapterTypeName="executor://xunit/VsTestRunner2/netcoreapp" className="PVSDashboard.Tests.Application.Absents.Queries.GetAllAbsent.GetAllAbsentCommandValidatorTests" name="UserId_WhenTwo_ShouldNotHaveError" />
    </UnitTest>
    <UnitTest name="Body should have a child validator" storage="c:\users\mpin\source\repos\miguel-pvs\pvsdashboard.tests\bin\debug\net6.0\pvsdashboard.tests.dll" id="03fc1fa8-5713-2ba4-c703-a2ab46d29c81">
      <Execution id="13790a63-d312-42c8-b257-cc4a348547df" />
      <TestMethod codeBase="C:\Users\MPIN\source\repos\miguel-pvs\PVSDashboard.Tests\bin\Debug\net6.0\PVSDashboard.Tests.dll" adapterTypeName="executor://xunit/VsTestRunner2/netcoreapp" className="PVSDashboard.Tests.Application.Absent.Commands.CreateAbsent.CreateAbsentCommandValidatorTests" name="Body_ShouldHaveChildValidator" />
    </UnitTest>
    <UnitTest name="UpdateWorkPattern should be called on WorkPatternRepository" storage="c:\users\mpin\source\repos\miguel-pvs\pvsdashboard.tests\bin\debug\net6.0\pvsdashboard.tests.dll" id="9ae91465-11db-c615-452f-cefe2b23fc85">
      <Execution id="014fa070-1eeb-41c1-9b8e-2ed7852029fe" />
      <TestMethod codeBase="C:\Users\MPIN\source\repos\miguel-pvs\PVSDashboard.Tests\bin\Debug\net6.0\PVSDashboard.Tests.dll" adapterTypeName="executor://xunit/VsTestRunner2/netcoreapp" className="PVSDashboard.Tests.Persistance.WorkPatternRepositoryTests.UpdateWorkPatternsTests" name="UpdateWorkPatternShouldReturnUpdatedUser_WhenRepositoryIsCalled" />
    </UnitTest>
    <UnitTest name="FindLowestDelayAsync should set the right delay when the application starts after today´s part" storage="c:\users\mpin\source\repos\miguel-pvs\pvsdashboard.tests\bin\debug\net6.0\pvsdashboard.tests.dll" id="9c6309b7-29e5-d463-c10b-95d822ba1753">
      <Execution id="ae413790-6288-4b2c-b122-25185a84b415" />
      <TestMethod codeBase="C:\Users\MPIN\source\repos\miguel-pvs\PVSDashboard.Tests\bin\Debug\net6.0\PVSDashboard.Tests.dll" adapterTypeName="executor://xunit/VsTestRunner2/netcoreapp" className="PVSDashboard.Tests.Timers.FindLowestDelayTests" name="FindLowestDelayAsyncShouldReturnDelay_AppllicationStartsAfterTodaysPart" />
    </UnitTest>
    <UnitTest name="Handle should throw ArgumentNullException when command is not set" storage="c:\users\mpin\source\repos\miguel-pvs\pvsdashboard.tests\bin\debug\net6.0\pvsdashboard.tests.dll" id="d51d2188-860a-99ed-5055-aff324c4d761">
      <Execution id="51d09aac-a4b7-4a11-8f90-a4976049a799" />
      <TestMethod codeBase="C:\Users\MPIN\source\repos\miguel-pvs\PVSDashboard.Tests\bin\Debug\net6.0\PVSDashboard.Tests.dll" adapterTypeName="executor://xunit/VsTestRunner2/netcoreapp" className="PVSDashboard.Tests.Application.Absents.Commands.DeleteAbsent.DeleteAbsentHandlerTests" name="HandleShouldThrowArgumentNullException_WhenCommandIsNotSet" />
    </UnitTest>
    <UnitTest name="CreateApplicationUser should be called on ApplicationUserRepository" storage="c:\users\mpin\source\repos\miguel-pvs\pvsdashboard.tests\bin\debug\net6.0\pvsdashboard.tests.dll" id="dab45caa-90d9-977b-38e4-356eb4f231db">
      <Execution id="d980997e-52fa-4bab-8b54-1b64c93016bd" />
      <TestMethod codeBase="C:\Users\MPIN\source\repos\miguel-pvs\PVSDashboard.Tests\bin\Debug\net6.0\PVSDashboard.Tests.dll" adapterTypeName="executor://xunit/VsTestRunner2/netcoreapp" className="PVSDashboard.Tests.Persistance.ApplicationUserRepositoryTests.CreateApplicationUsersTests" name="CreateApplicationUserShouldReturnErrorWhenTryingToCreateUserWithExistingId_WhenRepositoryIsCalled" />
    </UnitTest>
    <UnitTest name="Id when empty should have error" storage="c:\users\mpin\source\repos\miguel-pvs\pvsdashboard.tests\bin\debug\net6.0\pvsdashboard.tests.dll" id="5ad7f662-1516-02fb-117a-e4dcba67b531">
      <Execution id="afeafd17-bc55-4327-8932-418adc8da48d" />
      <TestMethod codeBase="C:\Users\MPIN\source\repos\miguel-pvs\PVSDashboard.Tests\bin\Debug\net6.0\PVSDashboard.Tests.dll" adapterTypeName="executor://xunit/VsTestRunner2/netcoreapp" className="PVSDashboard.Tests.Application.WorkPatterns.Queries.GetWorkPattern.GetWorkPatternCommandValidatorTests" name="UserId_WhenZero_ShouldHaveError" />
    </UnitTest>
    <UnitTest name="TestUnsEvents" storage="c:\users\mpin\source\repos\miguel-pvs\pvsdashboard.tests\bin\debug\net6.0\pvsdashboard.tests.dll" id="cb963fc7-101c-b5d9-7fb2-9f454b5723c8">
      <Execution id="960ded0c-b43b-4f64-ab48-04307456828d" />
      <TestMethod codeBase="C:\Users\MPIN\source\repos\miguel-pvs\PVSDashboard.Tests\bin\Debug\net6.0\PVSDashboard.Tests.dll" adapterTypeName="executor://xunit/VsTestRunner2/netcoreapp" className="PVSDashboard.Tests.Events.EventsTests" name="TestUnsEvents" />
    </UnitTest>
    <UnitTest name="Body when start time lower than end time should not have error" storage="c:\users\mpin\source\repos\miguel-pvs\pvsdashboard.tests\bin\debug\net6.0\pvsdashboard.tests.dll" id="81a9a9b8-c61d-a8a6-338e-f5703659314d">
      <Execution id="c7f13e0f-30a5-4940-85b3-74d26077cbf2" />
      <TestMethod codeBase="C:\Users\MPIN\source\repos\miguel-pvs\PVSDashboard.Tests\bin\Debug\net6.0\PVSDashboard.Tests.dll" adapterTypeName="executor://xunit/VsTestRunner2/netcoreapp" className="PVSDashboard.Tests.Application.Absent.Commands.CreateAbsent.CreateAbsentCommandValidatorTests" name="StartTimeLowerEndTime_ShouldNotHaveError" />
    </UnitTest>
    <UnitTest name="Handle should throw ArgumentNullException when command is not set" storage="c:\users\mpin\source\repos\miguel-pvs\pvsdashboard.tests\bin\debug\net6.0\pvsdashboard.tests.dll" id="ac826ac1-b49d-774e-c5ea-87b904cf8eff">
      <Execution id="5fd02e91-3a31-4a20-9fef-38fdb82c88d4" />
      <TestMethod codeBase="C:\Users\MPIN\source\repos\miguel-pvs\PVSDashboard.Tests\bin\Debug\net6.0\PVSDashboard.Tests.dll" adapterTypeName="executor://xunit/VsTestRunner2/netcoreapp" className="PVSDashboard.Tests.Application.EventHandlers.UnsEventHandlers.UpdateTimerEventHandlerEventHandler" name="HandleShouldThrowArgumentNullException_WhenCommandIsNotSet" />
    </UnitTest>
    <UnitTest name="Body when StartTimePart is lower than EndTimePart should have error" storage="c:\users\mpin\source\repos\miguel-pvs\pvsdashboard.tests\bin\debug\net6.0\pvsdashboard.tests.dll" id="10bec736-4a1b-841a-504d-f70a19d29b2e">
      <Execution id="79c2e3f7-e2f4-482a-b975-627fc28e8d36" />
      <TestMethod codeBase="C:\Users\MPIN\source\repos\miguel-pvs\PVSDashboard.Tests\bin\Debug\net6.0\PVSDashboard.Tests.dll" adapterTypeName="executor://xunit/VsTestRunner2/netcoreapp" className="PVSDashboard.Tests.Application.WorkPatterns.Commands.CreateWorkPattern.CreateWorkPatternCommandBodyValidatorTests" name="StartTimeLowerThanEndTime_ShouldHaveError" />
    </UnitTest>
    <UnitTest name="OverLapTodayTestsAsync should return one part" storage="c:\users\mpin\source\repos\miguel-pvs\pvsdashboard.tests\bin\debug\net6.0\pvsdashboard.tests.dll" id="843d11a2-b63b-77d0-5c12-8fbfe7da750d">
      <Execution id="fd031a77-0b91-43e8-bde0-2fc70bfbf785" />
      <TestMethod codeBase="C:\Users\MPIN\source\repos\miguel-pvs\PVSDashboard.Tests\bin\Debug\net6.0\PVSDashboard.Tests.dll" adapterTypeName="executor://xunit/VsTestRunner2/netcoreapp" className="PVSDashboard.Tests.Timers.OverLapTodayTests" name="OverLapTodayTestsAsyncShouldReturnOnePart_TestingEdge9" />
    </UnitTest>
    <UnitTest name="Handle should call GetAllApplicationUserAsync on AllApplicationUserRepository" storage="c:\users\mpin\source\repos\miguel-pvs\pvsdashboard.tests\bin\debug\net6.0\pvsdashboard.tests.dll" id="8ed1e95b-a14d-eb90-0b05-656acc1faf3d">
      <Execution id="d633c762-4213-4625-af35-bf1605ddbe29" />
      <TestMethod codeBase="C:\Users\MPIN\source\repos\miguel-pvs\PVSDashboard.Tests\bin\Debug\net6.0\PVSDashboard.Tests.dll" adapterTypeName="executor://xunit/VsTestRunner2/netcoreapp" className="PVSDashboard.Tests.Application.ApplicationUsers.Queries.GetAllApplicationUser.GetAllApplicationUsersHandlerTests" name="HandleShouldCallGetAllApplicationUserAsyncOnAllApplicationUserRepository_WhenCommandIsSet" />
    </UnitTest>
    <UnitTest name="Handle should throw ArgumentNullException when command is not set" storage="c:\users\mpin\source\repos\miguel-pvs\pvsdashboard.tests\bin\debug\net6.0\pvsdashboard.tests.dll" id="f2bf2626-cb50-beac-4de1-49d72bf97b03">
      <Execution id="59279c65-f3bd-4509-b8b4-785a55808c75" />
      <TestMethod codeBase="C:\Users\MPIN\source\repos\miguel-pvs\PVSDashboard.Tests\bin\Debug\net6.0\PVSDashboard.Tests.dll" adapterTypeName="executor://xunit/VsTestRunner2/netcoreapp" className="PVSDashboard.Tests.Application.Absents.Queries.GetAbsent.GetAbsentHandlerTests" name="HandleShouldThrowArgumentNullException_WhenCommandIsNotSet" />
    </UnitTest>
    <UnitTest name="OverLapTodayTestsAsync should return one part" storage="c:\users\mpin\source\repos\miguel-pvs\pvsdashboard.tests\bin\debug\net6.0\pvsdashboard.tests.dll" id="18dab6da-4b95-88a5-3654-f621b6610aa6">
      <Execution id="1567ad64-1d08-42f1-ae8d-9e00909bb15a" />
      <TestMethod codeBase="C:\Users\MPIN\source\repos\miguel-pvs\PVSDashboard.Tests\bin\Debug\net6.0\PVSDashboard.Tests.dll" adapterTypeName="executor://xunit/VsTestRunner2/netcoreapp" className="PVSDashboard.Tests.Timers.OverLapTodayTests" name="OverLapTodayTestsAsyncShouldReturnOnePart_TestingEdge3" />
    </UnitTest>
    <UnitTest name="UserId when zero should have error" storage="c:\users\mpin\source\repos\miguel-pvs\pvsdashboard.tests\bin\debug\net6.0\pvsdashboard.tests.dll" id="7e10c6e0-e8c7-3afa-ca9d-20052e3862c1">
      <Execution id="21559364-9c46-45aa-90eb-7e42178103dc" />
      <TestMethod codeBase="C:\Users\MPIN\source\repos\miguel-pvs\PVSDashboard.Tests\bin\Debug\net6.0\PVSDashboard.Tests.dll" adapterTypeName="executor://xunit/VsTestRunner2/netcoreapp" className="PVSDashboard.Tests.Application.WorkPatterns.Commands.DeleteWorkPattern.DeleteWorkPatternCommandValidatorTests" name="UserId_WhenZero_ShouldHaveError" />
    </UnitTest>
    <UnitTest name="Handle should throw ArgumentNullException when command is not set" storage="c:\users\mpin\source\repos\miguel-pvs\pvsdashboard.tests\bin\debug\net6.0\pvsdashboard.tests.dll" id="59fbe168-5cc9-db1a-9c4a-d101fa0e9795">
      <Execution id="b950d6b0-086e-4c79-94fd-5379c811a1a1" />
      <TestMethod codeBase="C:\Users\MPIN\source\repos\miguel-pvs\PVSDashboard.Tests\bin\Debug\net6.0\PVSDashboard.Tests.dll" adapterTypeName="executor://xunit/VsTestRunner2/netcoreapp" className="PVSDashboard.Tests.Application.EventHandlers.UnsEventHandlers.PublishWorkPatternEventHandlerTests" name="HandleShouldThrowArgumentNullException_WhenCommandIsNotSet" />
    </UnitTest>
    <UnitTest name="when create a command should not have error" storage="c:\users\mpin\source\repos\miguel-pvs\pvsdashboard.tests\bin\debug\net6.0\pvsdashboard.tests.dll" id="bd5318d5-f599-06d8-c91e-631682e0ae1b">
      <Execution id="0602940e-f7db-4e30-a1ce-7ef94e26366e" />
      <TestMethod codeBase="C:\Users\MPIN\source\repos\miguel-pvs\PVSDashboard.Tests\bin\Debug\net6.0\PVSDashboard.Tests.dll" adapterTypeName="executor://xunit/VsTestRunner2/netcoreapp" className="PVSDashboard.Tests.Application.ApplicationUsers.Queries.GetAllLocation.GetAllLocationsCommandValidatorTests" name="Command_WhenCreated_ShouldNotHaveError" />
    </UnitTest>
    <UnitTest name="UserId when zero should have error" storage="c:\users\mpin\source\repos\miguel-pvs\pvsdashboard.tests\bin\debug\net6.0\pvsdashboard.tests.dll" id="12b65020-75e5-e147-5a5a-de6f1f5ea3ae">
      <Execution id="0a78da9a-e591-4c13-9d43-e80b8ed79875" />
      <TestMethod codeBase="C:\Users\MPIN\source\repos\miguel-pvs\PVSDashboard.Tests\bin\Debug\net6.0\PVSDashboard.Tests.dll" adapterTypeName="executor://xunit/VsTestRunner2/netcoreapp" className="PVSDashboard.Tests.Application.ApplicationUsers.Commands.DeleteApplicationUser.DeleteApplicationUserCommandValidatorTests" name="UserId_WhenZero_ShouldHaveError" />
    </UnitTest>
    <UnitTest name="Handle should throw ArgumentNullException when command is not set" storage="c:\users\mpin\source\repos\miguel-pvs\pvsdashboard.tests\bin\debug\net6.0\pvsdashboard.tests.dll" id="45c1c4f9-8105-2185-6b6c-2fb326db2e58">
      <Execution id="0ab72e4d-21a6-4a7b-bbbf-74c190cb1a76" />
      <TestMethod codeBase="C:\Users\MPIN\source\repos\miguel-pvs\PVSDashboard.Tests\bin\Debug\net6.0\PVSDashboard.Tests.dll" adapterTypeName="executor://xunit/VsTestRunner2/netcoreapp" className="PVSDashboard.Tests.Application.ApplicationUsers.Queries.GetApplicationUser.GetApplicationUserHandlerTests" name="HandleShouldThrowArgumentNullException_WhenCommandIsNotSet" />
    </UnitTest>
    <UnitTest name="Handle should throw ArgumentNullException when command is not set" storage="c:\users\mpin\source\repos\miguel-pvs\pvsdashboard.tests\bin\debug\net6.0\pvsdashboard.tests.dll" id="a93ad07c-55df-d0e2-80ef-6cc377ce4595">
      <Execution id="090e8fb7-9034-45e6-8bbe-840be43871a0" />
      <TestMethod codeBase="C:\Users\MPIN\source\repos\miguel-pvs\PVSDashboard.Tests\bin\Debug\net6.0\PVSDashboard.Tests.dll" adapterTypeName="executor://xunit/VsTestRunner2/netcoreapp" className="PVSDashboard.Tests.Application.Absent.Commands.CreateAbsent.CreateAbsentHandlerTests" name="HandleShouldThrowArgumentNullException_WhenCommandIsNotSet" />
    </UnitTest>
    <UnitTest name="CreateAbsent should call Exception when input is null" storage="c:\users\mpin\source\repos\miguel-pvs\pvsdashboard.tests\bin\debug\net6.0\pvsdashboard.tests.dll" id="afa65193-ff57-9ef3-9ece-2d16561de008">
      <Execution id="f5307534-7f6a-4b5a-a9af-6abba0287978" />
      <TestMethod codeBase="C:\Users\MPIN\source\repos\miguel-pvs\PVSDashboard.Tests\bin\Debug\net6.0\PVSDashboard.Tests.dll" adapterTypeName="executor://xunit/VsTestRunner2/netcoreapp" className="PVSDashboard.Tests.Persistance.AbsentRepositoryTests.CreateAbsentsTests" name="CreateAbsentShouldReturnNull_WhenRepositoryIsCalled" />
    </UnitTest>
    <UnitTest name="BreakWorkPatternAsync should split the work pattern in two when user has two overlapping absents" storage="c:\users\mpin\source\repos\miguel-pvs\pvsdashboard.tests\bin\debug\net6.0\pvsdashboard.tests.dll" id="413519a2-11bc-c4a6-b8f4-fce889abdbc0">
      <Execution id="e89461e2-ce46-4461-9ba2-6889f9d66c04" />
      <TestMethod codeBase="C:\Users\MPIN\source\repos\miguel-pvs\PVSDashboard.Tests\bin\Debug\net6.0\PVSDashboard.Tests.dll" adapterTypeName="executor://xunit/VsTestRunner2/netcoreapp" className="PVSDashboard.Tests.Timers.BreakWorkPatternTests" name="BreakWorkPatternAsyncShoudSplitReturnEmptyList1" />
    </UnitTest>
    <UnitTest name="Handle should throw ArgumentNullException when command is not set" storage="c:\users\mpin\source\repos\miguel-pvs\pvsdashboard.tests\bin\debug\net6.0\pvsdashboard.tests.dll" id="894e0f66-0002-0dda-541f-4a0bb4c2ddf9">
      <Execution id="89918e96-f635-4dba-b61b-e7400512c343" />
      <TestMethod codeBase="C:\Users\MPIN\source\repos\miguel-pvs\PVSDashboard.Tests\bin\Debug\net6.0\PVSDashboard.Tests.dll" adapterTypeName="executor://xunit/VsTestRunner2/netcoreapp" className="PVSDashboard.Tests.Application.EventHandlers.CreateApplicationUserUnsLogicEventHandlers.CreateApplicationUserUnsLogicEventHandlerTests" name="HandleShouldThrowArgumentNullException_WhenCommandIsNotSet" />
    </UnitTest>
    <UnitTest name="Body when StartDate is lower than Endate should not have error" storage="c:\users\mpin\source\repos\miguel-pvs\pvsdashboard.tests\bin\debug\net6.0\pvsdashboard.tests.dll" id="56f89dca-5059-af8b-7096-8b90d6084cfb">
      <Execution id="b4dff2a2-ff42-4a00-a003-4a9b0498e8de" />
      <TestMethod codeBase="C:\Users\MPIN\source\repos\miguel-pvs\PVSDashboard.Tests\bin\Debug\net6.0\PVSDashboard.Tests.dll" adapterTypeName="executor://xunit/VsTestRunner2/netcoreapp" className="PVSDashboard.Tests.Application.WorkPatterns.Commands.EditWorkPattern.EditWorkPatternCommandValidatorTests" name="StartDateLowerThanEndDate_ShouldNotHaveError" />
    </UnitTest>
    <UnitTest name="FindLowestDelayAsync should set the right delay when the application starts during part" storage="c:\users\mpin\source\repos\miguel-pvs\pvsdashboard.tests\bin\debug\net6.0\pvsdashboard.tests.dll" id="f0815ade-5499-d841-1149-d1edec3ad9b7">
      <Execution id="7d8de62b-b210-4f8d-952f-f924917a7032" />
      <TestMethod codeBase="C:\Users\MPIN\source\repos\miguel-pvs\PVSDashboard.Tests\bin\Debug\net6.0\PVSDashboard.Tests.dll" adapterTypeName="executor://xunit/VsTestRunner2/netcoreapp" className="PVSDashboard.Tests.Timers.FindLowestDelayTests" name="FindLowestDelayAsyncShouldReturnDelay_AppllicationStartsDuringPart" />
    </UnitTest>
    <UnitTest name="Body when start time higher than end time should have error" storage="c:\users\mpin\source\repos\miguel-pvs\pvsdashboard.tests\bin\debug\net6.0\pvsdashboard.tests.dll" id="5f0f7ed3-28c4-36be-e4f0-b50071a7a544">
      <Execution id="f592db6b-0a31-443d-80aa-6dee3a3ad515" />
      <TestMethod codeBase="C:\Users\MPIN\source\repos\miguel-pvs\PVSDashboard.Tests\bin\Debug\net6.0\PVSDashboard.Tests.dll" adapterTypeName="executor://xunit/VsTestRunner2/netcoreapp" className="PVSDashboard.Tests.Application.Absent.Commands.CreateAbsent.CreateAbsentCommandValidatorTests" name="StartTimeHigherEndTime_ShouldNotHaveError" />
    </UnitTest>
    <UnitTest name="BreakWorkPatternAsync should return work pattern when user has no absent" storage="c:\users\mpin\source\repos\miguel-pvs\pvsdashboard.tests\bin\debug\net6.0\pvsdashboard.tests.dll" id="17060bf1-ae00-536e-2004-7057fb61ae65">
      <Execution id="de60d5a0-f9f3-4129-8c78-e6ee1d1ff517" />
      <TestMethod codeBase="C:\Users\MPIN\source\repos\miguel-pvs\PVSDashboard.Tests\bin\Debug\net6.0\PVSDashboard.Tests.dll" adapterTypeName="executor://xunit/VsTestRunner2/netcoreapp" className="PVSDashboard.Tests.Infrastructure.BreakWorkPatternTests" name="BreakWorkPatternAsyncShouldReturnWorkPattern_WhenUserHasNoAbsent" />
    </UnitTest>
    <UnitTest name="Handle should throw ArgumentNullException when command is not set" storage="c:\users\mpin\source\repos\miguel-pvs\pvsdashboard.tests\bin\debug\net6.0\pvsdashboard.tests.dll" id="54a40034-2626-f3da-c033-7329f61eb4aa">
      <Execution id="f1a40733-df79-4187-9339-ef7db2c609d6" />
      <TestMethod codeBase="C:\Users\MPIN\source\repos\miguel-pvs\PVSDashboard.Tests\bin\Debug\net6.0\PVSDashboard.Tests.dll" adapterTypeName="executor://xunit/VsTestRunner2/netcoreapp" className="PVSDashboard.Tests.Application.Absents.Commands.EditAbsent.EditAbsentHandlerTests" name="HandleShouldThrowArgumentNullException_WhenCommandIsNotSet" />
    </UnitTest>
    <UnitTest name="Handle should call DeleteWorkPatternAsync on WorkPatternRepository" storage="c:\users\mpin\source\repos\miguel-pvs\pvsdashboard.tests\bin\debug\net6.0\pvsdashboard.tests.dll" id="8319f275-c49a-f924-916b-1d7651a721d4">
      <Execution id="a97d4451-0c39-4c79-8feb-0aedf0f2a508" />
      <TestMethod codeBase="C:\Users\MPIN\source\repos\miguel-pvs\PVSDashboard.Tests\bin\Debug\net6.0\PVSDashboard.Tests.dll" adapterTypeName="executor://xunit/VsTestRunner2/netcoreapp" className="PVSDashboard.Tests.Application.WorkPatterns.Commands.DeleteWorkPattern.DeleteWorkPatternHandlerTests" name="HandleShouldCallDeleteWorkPatternAsyncOnWorkPatternRepository_WhenCommandIsSet" />
    </UnitTest>
    <UnitTest name="Id when guid should not have error" storage="c:\users\mpin\source\repos\miguel-pvs\pvsdashboard.tests\bin\debug\net6.0\pvsdashboard.tests.dll" id="0bf309d9-7a0f-2c16-677b-8c15c50abce5">
      <Execution id="34fa53d2-375c-4561-abdb-b9e52423808f" />
      <TestMethod codeBase="C:\Users\MPIN\source\repos\miguel-pvs\PVSDashboard.Tests\bin\Debug\net6.0\PVSDashboard.Tests.dll" adapterTypeName="executor://xunit/VsTestRunner2/netcoreapp" className="PVSDashboard.Tests.Application.WorkPatterns.Queries.GetWorkPattern.GetWorkPatternCommandValidatorTests" name="UserId_WhenTwo_ShouldNotHaveError" />
    </UnitTest>
    <UnitTest name="UserId when zero should have error" storage="c:\users\mpin\source\repos\miguel-pvs\pvsdashboard.tests\bin\debug\net6.0\pvsdashboard.tests.dll" id="b82f978c-f837-dd3e-1ae4-18080f269959">
      <Execution id="a6f3bd9c-c943-48e1-8157-8b9cfec4e760" />
      <TestMethod codeBase="C:\Users\MPIN\source\repos\miguel-pvs\PVSDashboard.Tests\bin\Debug\net6.0\PVSDashboard.Tests.dll" adapterTypeName="executor://xunit/VsTestRunner2/netcoreapp" className="PVSDashboard.Tests.Application.WorkPatterns.Commands.CreateWorkPattern.CreateWorkPatternCommandValidatorTests" name="UserId_WhenZero_ShouldHaveError" />
    </UnitTest>
    <UnitTest name="TestShiftLogic - The application publish 2 parts and workToday has to be false - No absents (Random Variables-3WP,10Parts each,0Absents) " storage="c:\users\mpin\source\repos\miguel-pvs\pvsdashboard.tests\bin\debug\net6.0\pvsdashboard.tests.dll" id="b7687172-4d22-dbb6-081f-c988c7cc38a7">
      <Execution id="1bf1e5db-2c74-4de5-88ee-b5da3025494b" />
      <TestMethod codeBase="C:\Users\MPIN\source\repos\miguel-pvs\PVSDashboard.Tests\bin\Debug\net6.0\PVSDashboard.Tests.dll" adapterTypeName="executor://xunit/VsTestRunner2/netcoreapp" className="PVSDashboard.Tests.Infrastructure.CheckInApplicationUserTests" name="CallListWorkPatternsShouldReturnFalseAndTwoSchedulesForToday_UserWith3WorkPattern2PartsADay" />
    </UnitTest>
    <UnitTest name="Body when name is null should have error" storage="c:\users\mpin\source\repos\miguel-pvs\pvsdashboard.tests\bin\debug\net6.0\pvsdashboard.tests.dll" id="b53d5ef0-5490-32a1-c589-1905ca893e97">
      <Execution id="e82ea9a4-d70e-4015-bf34-c7202fbdaeaf" />
      <TestMethod codeBase="C:\Users\MPIN\source\repos\miguel-pvs\PVSDashboard.Tests\bin\Debug\net6.0\PVSDashboard.Tests.dll" adapterTypeName="executor://xunit/VsTestRunner2/netcoreapp" className="PVSDashboard.Tests.Application.ApplicationUsers.Commands.EditApplicationUser.EditApplicationUserCommandValidatorTests" name="NameIsNull_ShouldHaveError" />
    </UnitTest>
    <UnitTest name="Id when Id is 2 should not have error" storage="c:\users\mpin\source\repos\miguel-pvs\pvsdashboard.tests\bin\debug\net6.0\pvsdashboard.tests.dll" id="28c90f2e-b25e-fd04-e713-1daf7da0a78a">
      <Execution id="bbea3ade-1dad-442d-aa92-328a3af99db3" />
      <TestMethod codeBase="C:\Users\MPIN\source\repos\miguel-pvs\PVSDashboard.Tests\bin\Debug\net6.0\PVSDashboard.Tests.dll" adapterTypeName="executor://xunit/VsTestRunner2/netcoreapp" className="PVSDashboard.Tests.Application.Absents.Queries.GetById.GetByIdCommandValidatorTests" name="UserId_WhenTwo_ShouldNotHaveError" />
    </UnitTest>
    <UnitTest name="BreakWorkPatternAsync should split the work pattern in two when user has two overlapping absents" storage="c:\users\mpin\source\repos\miguel-pvs\pvsdashboard.tests\bin\debug\net6.0\pvsdashboard.tests.dll" id="16fa69ab-6d78-a715-68d3-51ba63c2bd32">
      <Execution id="faf9dae8-8775-410d-9a26-862b9d18e116" />
      <TestMethod codeBase="C:\Users\MPIN\source\repos\miguel-pvs\PVSDashboard.Tests\bin\Debug\net6.0\PVSDashboard.Tests.dll" adapterTypeName="executor://xunit/VsTestRunner2/netcoreapp" className="PVSDashboard.Tests.Timers.BreakWorkPatternTests" name="BreakWorkPatternAsyncShoudSplitThePartIntoTwo_WhenUserHasTwoOverlappingAbsentsInTheSameDay" />
    </UnitTest>
    <UnitTest name="CreateApplicationUser should be called on ApplicationUserRepository" storage="c:\users\mpin\source\repos\miguel-pvs\pvsdashboard.tests\bin\debug\net6.0\pvsdashboard.tests.dll" id="0274a7e4-a287-e96c-0fb1-2432a825f85e">
      <Execution id="19ff71c4-7304-42e6-b711-06b3546d7f21" />
      <TestMethod codeBase="C:\Users\MPIN\source\repos\miguel-pvs\PVSDashboard.Tests\bin\Debug\net6.0\PVSDashboard.Tests.dll" adapterTypeName="executor://xunit/VsTestRunner2/netcoreapp" className="PVSDashboard.Tests.Persistance.ApplicationUserRepositoryTests.CreateApplicationUsersTests" name="CreateApplicationUserShouldReturnCreatedUser_WhenRepositoryIsCalled" />
    </UnitTest>
    <UnitTest name="FindLowestDelayAsync should set the right delay when the application starts almost at midnight" storage="c:\users\mpin\source\repos\miguel-pvs\pvsdashboard.tests\bin\debug\net6.0\pvsdashboard.tests.dll" id="25107bc8-59b7-8256-5e0d-301ba6f6235b">
      <Execution id="f04cfcad-8cbb-4970-a35a-9ffb19f0ac30" />
      <TestMethod codeBase="C:\Users\MPIN\source\repos\miguel-pvs\PVSDashboard.Tests\bin\Debug\net6.0\PVSDashboard.Tests.dll" adapterTypeName="executor://xunit/VsTestRunner2/netcoreapp" className="PVSDashboard.Tests.Timers.FindLowestDelayTests" name="FindLowestDelayAsyncShouldReturnDelay_AppllicationStartsAlmostAtMidnightPart" />
    </UnitTest>
    <UnitTest name="UserId when two should not have error" storage="c:\users\mpin\source\repos\miguel-pvs\pvsdashboard.tests\bin\debug\net6.0\pvsdashboard.tests.dll" id="97a4524c-fb24-e21b-6d69-7a1d332f31d8">
      <Execution id="d10f85ac-345d-4eb1-84f6-11e1902eb1ed" />
      <TestMethod codeBase="C:\Users\MPIN\source\repos\miguel-pvs\PVSDashboard.Tests\bin\Debug\net6.0\PVSDashboard.Tests.dll" adapterTypeName="executor://xunit/VsTestRunner2/netcoreapp" className="PVSDashboard.Tests.Application.ApplicationUsers.Commands.CheckOutApplicationUser.CheckOutApplicationUserCommandValidatorTests" name="UserId_WhenTwo_ShouldNotHaveError" />
    </UnitTest>
    <UnitTest name="BreakWorkPatternAsync should split beginning of the work pattern when user has a absent" storage="c:\users\mpin\source\repos\miguel-pvs\pvsdashboard.tests\bin\debug\net6.0\pvsdashboard.tests.dll" id="915fd969-5467-61a8-e670-76801221b997">
      <Execution id="12bc412e-4b5c-4112-bec1-d0a64e9b3499" />
      <TestMethod codeBase="C:\Users\MPIN\source\repos\miguel-pvs\PVSDashboard.Tests\bin\Debug\net6.0\PVSDashboard.Tests.dll" adapterTypeName="executor://xunit/VsTestRunner2/netcoreapp" className="PVSDashboard.Tests.Infrastructure.BreakWorkPatternTests" name="BreakWorkPatternAsyncShouldAlterBeginOfPart_WhenUserHasAnAbsent" />
    </UnitTest>
    <UnitTest name="DeleteWorkPattern should be called on WorkPatternRepository" storage="c:\users\mpin\source\repos\miguel-pvs\pvsdashboard.tests\bin\debug\net6.0\pvsdashboard.tests.dll" id="2e1e71dc-123a-5d76-3ef8-658c2941c638">
      <Execution id="357ea068-2f97-46ee-ab12-af4423865d6d" />
      <TestMethod codeBase="C:\Users\MPIN\source\repos\miguel-pvs\PVSDashboard.Tests\bin\Debug\net6.0\PVSDashboard.Tests.dll" adapterTypeName="executor://xunit/VsTestRunner2/netcoreapp" className="PVSDashboard.Tests.Persistance.WorkPatternRepositoryTests.DeleteWorkPatternsTests" name="DeleteWorkPatternShouldReturnDeletedUser_WhenRepositoryIsCalled" />
    </UnitTest>
    <UnitTest name="UpdateWorkPattern should be called on WorkPatternRepository" storage="c:\users\mpin\source\repos\miguel-pvs\pvsdashboard.tests\bin\debug\net6.0\pvsdashboard.tests.dll" id="b4a0f669-1df1-9c5a-eb51-3312bada663e">
      <Execution id="8778ee87-1101-45ad-a072-5595a6bcb905" />
      <TestMethod codeBase="C:\Users\MPIN\source\repos\miguel-pvs\PVSDashboard.Tests\bin\Debug\net6.0\PVSDashboard.Tests.dll" adapterTypeName="executor://xunit/VsTestRunner2/netcoreapp" className="PVSDashboard.Tests.Persistance.WorkPatternRepositoryTests.UpdateWorkPatternsTests" name="UpdateWorkPatternShouldReturnNullWhenUsingWhrongId_WhenRepositoryIsCalled" />
    </UnitTest>
    <UnitTest name="BreakWorkPatternAsync should split the work pattern when user has a absent" storage="c:\users\mpin\source\repos\miguel-pvs\pvsdashboard.tests\bin\debug\net6.0\pvsdashboard.tests.dll" id="122a2271-1ffd-855d-c032-f111c43b0a34">
      <Execution id="5fbad902-42b6-4711-9e6f-92e41b0b1b10" />
      <TestMethod codeBase="C:\Users\MPIN\source\repos\miguel-pvs\PVSDashboard.Tests\bin\Debug\net6.0\PVSDashboard.Tests.dll" adapterTypeName="executor://xunit/VsTestRunner2/netcoreapp" className="PVSDashboard.Tests.Timers.BreakWorkPatternTests" name="BreakWorkPatternAsyncShouldSplitThePartIntoTwo_WhenUserHasOneAbsent" />
    </UnitTest>
    <UnitTest name="Handle should call PublishWorkPatternEventAsync on ApplicationUserRepository" storage="c:\users\mpin\source\repos\miguel-pvs\pvsdashboard.tests\bin\debug\net6.0\pvsdashboard.tests.dll" id="beee40a8-75cf-4d8d-4792-c2e218a384ee">
      <Execution id="4ac14884-9614-4e90-aa94-2fa74bbbfb51" />
      <TestMethod codeBase="C:\Users\MPIN\source\repos\miguel-pvs\PVSDashboard.Tests\bin\Debug\net6.0\PVSDashboard.Tests.dll" adapterTypeName="executor://xunit/VsTestRunner2/netcoreapp" className="Project1.Application.EventHandlers.DeleteTopicApplicationUserEventHandlerTests" name="HandleShouldCallPublishWorkPatternEventAsyncOnApplicationUserRepository_WhenCommandIsSet" />
    </UnitTest>
    <UnitTest name="OverLapTodayTestsAsync should return one part" storage="c:\users\mpin\source\repos\miguel-pvs\pvsdashboard.tests\bin\debug\net6.0\pvsdashboard.tests.dll" id="68c3fcc4-3bc3-3499-8cf2-ccef8262d7cd">
      <Execution id="fdec0112-80e4-4f3e-82e1-aba73a854756" />
      <TestMethod codeBase="C:\Users\MPIN\source\repos\miguel-pvs\PVSDashboard.Tests\bin\Debug\net6.0\PVSDashboard.Tests.dll" adapterTypeName="executor://xunit/VsTestRunner2/netcoreapp" className="PVSDashboard.Tests.Timers.OverLapTodayTests" name="OverLapTodayTestsAsyncShouldReturnOnePart_TestingEdge7" />
    </UnitTest>
    <UnitTest name="GetAbsent should be called on AbsentRepository" storage="c:\users\mpin\source\repos\miguel-pvs\pvsdashboard.tests\bin\debug\net6.0\pvsdashboard.tests.dll" id="59128846-617f-2fd7-f603-cede6d48d8cb">
      <Execution id="65cffa3b-4736-4730-82ad-09db69b9acc7" />
      <TestMethod codeBase="C:\Users\MPIN\source\repos\miguel-pvs\PVSDashboard.Tests\bin\Debug\net6.0\PVSDashboard.Tests.dll" adapterTypeName="executor://xunit/VsTestRunner2/netcoreapp" className="PVSDashboard.Tests.Persistance.AbsentRepositoryTests.GetAbsentsByIdTests" name="GetAbsentShouldReturnNullWhenWrongIdIsCalled_WhenRepositoryIsCalled" />
    </UnitTest>
    <UnitTest name="BreakWorkPatternAsync should split the work pattern in two when user has two overlapping absents" storage="c:\users\mpin\source\repos\miguel-pvs\pvsdashboard.tests\bin\debug\net6.0\pvsdashboard.tests.dll" id="37191a2e-a8bf-b0e8-a38d-d3632b7351ea">
      <Execution id="760f68df-083e-4e58-a4c8-d53869ba2353" />
      <TestMethod codeBase="C:\Users\MPIN\source\repos\miguel-pvs\PVSDashboard.Tests\bin\Debug\net6.0\PVSDashboard.Tests.dll" adapterTypeName="executor://xunit/VsTestRunner2/netcoreapp" className="PVSDashboard.Tests.Timers.BreakWorkPatternTests" name="BreakWorkPatternAsyncShoudSplitReturnEmptyList" />
    </UnitTest>
    <UnitTest name="CheckAbsentAndOverLapAsync should return zero parts" storage="c:\users\mpin\source\repos\miguel-pvs\pvsdashboard.tests\bin\debug\net6.0\pvsdashboard.tests.dll" id="2c9e1412-0597-515e-aa4b-9d2e5b616b4e">
      <Execution id="bccda58e-0b74-4aa1-8f9b-d5f989074169" />
      <TestMethod codeBase="C:\Users\MPIN\source\repos\miguel-pvs\PVSDashboard.Tests\bin\Debug\net6.0\PVSDashboard.Tests.dll" adapterTypeName="executor://xunit/VsTestRunner2/netcoreapp" className="PVSDashboard.Tests.Timers.CheckAbsentAndOverLapTests" name="CheckAbsentAndOverLapAsyncTestingInside_PatternHasFourPartAndFourAbsents" />
    </UnitTest>
    <UnitTest name="Handle should throw ArgumentNullException when command is not set" storage="c:\users\mpin\source\repos\miguel-pvs\pvsdashboard.tests\bin\debug\net6.0\pvsdashboard.tests.dll" id="97766202-eb6c-c69c-1a69-bc11f00dda82">
      <Execution id="cfa30bf7-e357-4fa0-9645-9141d8f05cdd" />
      <TestMethod codeBase="C:\Users\MPIN\source\repos\miguel-pvs\PVSDashboard.Tests\bin\Debug\net6.0\PVSDashboard.Tests.dll" adapterTypeName="executor://xunit/VsTestRunner2/netcoreapp" className="PVSDashboard.Tests.Application.ApplicationUsers.Commands.DeleteApplicationUser.DeleteApplicationUserHandlerTests" name="HandleShouldThrowArgumentNullException_WhenCommandIsNotSet" />
    </UnitTest>
    <UnitTest name="DeleteApplicationUser should be called on ApplicationUserRepository" storage="c:\users\mpin\source\repos\miguel-pvs\pvsdashboard.tests\bin\debug\net6.0\pvsdashboard.tests.dll" id="3584ad8c-ec13-74a8-3fc9-c77a78b3efb9">
      <Execution id="8c31a3a1-f0c7-4c89-9b02-9df3a5260935" />
      <TestMethod codeBase="C:\Users\MPIN\source\repos\miguel-pvs\PVSDashboard.Tests\bin\Debug\net6.0\PVSDashboard.Tests.dll" adapterTypeName="executor://xunit/VsTestRunner2/netcoreapp" className="PVSDashboard.Tests.Persistance.ApplicationUserRepositoryTests.DeleteApplicationUsersTests" name="DeleteApplicationUserShouldReturnNullWhenUsingIdNotInDatabase_WhenRepositoryIsCalled" />
    </UnitTest>
    <UnitTest name="UserId when zero should have error" storage="c:\users\mpin\source\repos\miguel-pvs\pvsdashboard.tests\bin\debug\net6.0\pvsdashboard.tests.dll" id="1efe3966-79f8-0a0d-a10d-cef7215d7c58">
      <Execution id="50edec33-0c63-4cc8-9d8b-616c426f2e09" />
      <TestMethod codeBase="C:\Users\MPIN\source\repos\miguel-pvs\PVSDashboard.Tests\bin\Debug\net6.0\PVSDashboard.Tests.dll" adapterTypeName="executor://xunit/VsTestRunner2/netcoreapp" className="PVSDashboard.Tests.Application.ApplicationUsers.Commands.CheckInApplicationUser.CheckInApplicationUserCommandValidatorTests" name="UserId_WhenZero_ShouldHaveError" />
    </UnitTest>
    <UnitTest name="Body when start time higher than end time should have error" storage="c:\users\mpin\source\repos\miguel-pvs\pvsdashboard.tests\bin\debug\net6.0\pvsdashboard.tests.dll" id="da3f4ae0-23e4-0c7d-723d-de7d7188eb96">
      <Execution id="6e9ed6bf-6965-4c83-b40b-c5063c8f1270" />
      <TestMethod codeBase="C:\Users\MPIN\source\repos\miguel-pvs\PVSDashboard.Tests\bin\Debug\net6.0\PVSDashboard.Tests.dll" adapterTypeName="executor://xunit/VsTestRunner2/netcoreapp" className="PVSDashboard.Tests.Application.Absents.Commands.EditAbsent.EditAbsentCommandValidatorTests" name="StartTimeHigherEndTime_ShouldNotHaveError" />
    </UnitTest>
    <UnitTest name="Handle should call UpdateTimerEventAsync on TimerService" storage="c:\users\mpin\source\repos\miguel-pvs\pvsdashboard.tests\bin\debug\net6.0\pvsdashboard.tests.dll" id="d305be99-1d11-af7e-9253-985ce2ccc564">
      <Execution id="2dd1f16e-2604-43d3-ab21-a30b60294aa7" />
      <TestMethod codeBase="C:\Users\MPIN\source\repos\miguel-pvs\PVSDashboard.Tests\bin\Debug\net6.0\PVSDashboard.Tests.dll" adapterTypeName="executor://xunit/VsTestRunner2/netcoreapp" className="PVSDashboard.Tests.Application.EventHandlers.UnsEventHandlers.UpdateTimerEventHandlerEventHandler" name="HandleShouldCallUpdateTimerEventAsyncOnTimerService_WhenCommandIsSet" />
    </UnitTest>
    <UnitTest name="TestShiftLogic - The application publish 4 parts and workToday has to be false - No absents and 2 WP overlap (Random Variables-3WP,10Parts each,0Absents) " storage="c:\users\mpin\source\repos\miguel-pvs\pvsdashboard.tests\bin\debug\net6.0\pvsdashboard.tests.dll" id="a23c2bca-492f-75f4-f745-3fedb05d1d53">
      <Execution id="a797c3d9-c77e-4c0a-acc7-8de3fa9e39c8" />
      <TestMethod codeBase="C:\Users\MPIN\source\repos\miguel-pvs\PVSDashboard.Tests\bin\Debug\net6.0\PVSDashboard.Tests.dll" adapterTypeName="executor://xunit/VsTestRunner2/netcoreapp" className="PVSDashboard.Tests.Infrastructure.CheckInApplicationUserTests" name="CallListWorkPatternsShouldReturnFalseAndFourSchedulesForToday_UserWith3WorkPattern2PartsADay" />
    </UnitTest>
    <UnitTest name="Handle should call GetAllWorkPatternAsync on WorkPatternRepository" storage="c:\users\mpin\source\repos\miguel-pvs\pvsdashboard.tests\bin\debug\net6.0\pvsdashboard.tests.dll" id="bf01cab6-f48b-16c2-37d4-16d3d3444fb6">
      <Execution id="39f0d87b-11f3-4639-a99e-ea4518a55aca" />
      <TestMethod codeBase="C:\Users\MPIN\source\repos\miguel-pvs\PVSDashboard.Tests\bin\Debug\net6.0\PVSDashboard.Tests.dll" adapterTypeName="executor://xunit/VsTestRunner2/netcoreapp" className="PVSDashboard.Tests.Application.WorkPatterns.Queries.GetAllWorkPattern.GetAllWorkPatternHandlerTests" name="HandleShouldCallGetAllWorkPatternAsyncOnWorkPatternRepository_WhenCommandIsSet" />
    </UnitTest>
    <UnitTest name="FindLowestDelayAsync should set the right delay  when the application starts during the next part plus 24h" storage="c:\users\mpin\source\repos\miguel-pvs\pvsdashboard.tests\bin\debug\net6.0\pvsdashboard.tests.dll" id="2ee7c262-7cb7-81d3-26ac-b86b78a07e81">
      <Execution id="964c08d9-34c8-4a22-b9c8-9758b3799477" />
      <TestMethod codeBase="C:\Users\MPIN\source\repos\miguel-pvs\PVSDashboard.Tests\bin\Debug\net6.0\PVSDashboard.Tests.dll" adapterTypeName="executor://xunit/VsTestRunner2/netcoreapp" className="PVSDashboard.Tests.Timers.FindLowestDelayTests" name="FindLowestDelayAsyncShouldReturnDelay_AppllicationStartsDuringPartPlus24h" />
    </UnitTest>
    <UnitTest name="GetAllAbsent should be called on AbsentRepository" storage="c:\users\mpin\source\repos\miguel-pvs\pvsdashboard.tests\bin\debug\net6.0\pvsdashboard.tests.dll" id="9536a9a9-70e7-ec1d-755a-d610e611693a">
      <Execution id="4f755dda-fdf4-47c2-9bee-09781cf40998" />
      <TestMethod codeBase="C:\Users\MPIN\source\repos\miguel-pvs\PVSDashboard.Tests\bin\Debug\net6.0\PVSDashboard.Tests.dll" adapterTypeName="executor://xunit/VsTestRunner2/netcoreapp" className="PVSDashboard.Tests.Persistance.AbsentRepositoryTests.GetAllAbsentsTests" name="GetAllAbsentShouldReturnGetAlldUser_WhenRepositoryIsCalled" />
    </UnitTest>
    <UnitTest name="BreakWorkPatternAsync should return a empty workPattern when user has day absent" storage="c:\users\mpin\source\repos\miguel-pvs\pvsdashboard.tests\bin\debug\net6.0\pvsdashboard.tests.dll" id="d09a90d4-f192-0a96-9965-12ccf2f2dce6">
      <Execution id="74d83d18-1284-4fd7-b148-a083b0083227" />
      <TestMethod codeBase="C:\Users\MPIN\source\repos\miguel-pvs\PVSDashboard.Tests\bin\Debug\net6.0\PVSDashboard.Tests.dll" adapterTypeName="executor://xunit/VsTestRunner2/netcoreapp" className="PVSDashboard.Tests.Timers.BreakWorkPatternTests" name="BreakWorkPatternAsyncShouldReturnEmptyPart_WhenUserHasDayAbsent" />
    </UnitTest>
    <UnitTest name="Id when two should not have error" storage="c:\users\mpin\source\repos\miguel-pvs\pvsdashboard.tests\bin\debug\net6.0\pvsdashboard.tests.dll" id="f107d11c-4818-42f8-3660-0d7fa960698a">
      <Execution id="473132f6-cdc0-464a-ba98-0d6c43a93395" />
      <TestMethod codeBase="C:\Users\MPIN\source\repos\miguel-pvs\PVSDashboard.Tests\bin\Debug\net6.0\PVSDashboard.Tests.dll" adapterTypeName="executor://xunit/VsTestRunner2/netcoreapp" className="PVSDashboard.Tests.Application.Absents.Commands.EditAbsent.EditAbsentCommandValidatorTests" name="Id_WhenTwo_ShouldNotHaveError" />
    </UnitTest>
    <UnitTest name="Body when EndTimePart is higher than 24h should have error" storage="c:\users\mpin\source\repos\miguel-pvs\pvsdashboard.tests\bin\debug\net6.0\pvsdashboard.tests.dll" id="3b6c32a8-ccf4-b4f6-f142-9f1948e4ee4d">
      <Execution id="60eee6a3-e379-4cff-b58e-6a8d15547963" />
      <TestMethod codeBase="C:\Users\MPIN\source\repos\miguel-pvs\PVSDashboard.Tests\bin\Debug\net6.0\PVSDashboard.Tests.dll" adapterTypeName="executor://xunit/VsTestRunner2/netcoreapp" className="PVSDashboard.Tests.Application.WorkPatterns.Commands.EditWorkPattern.EditWorkPatternCommandBodyValidatorTests" name="DayIsEmpty_ShouldHaveError" />
    </UnitTest>
    <UnitTest name="Body when StartDate is higher than Endate should not have error" storage="c:\users\mpin\source\repos\miguel-pvs\pvsdashboard.tests\bin\debug\net6.0\pvsdashboard.tests.dll" id="16bac149-a6d1-635e-3ada-88003fa9c871">
      <Execution id="70b67b96-4ffa-4f1a-ab40-e6910b12b6d0" />
      <TestMethod codeBase="C:\Users\MPIN\source\repos\miguel-pvs\PVSDashboard.Tests\bin\Debug\net6.0\PVSDashboard.Tests.dll" adapterTypeName="executor://xunit/VsTestRunner2/netcoreapp" className="PVSDashboard.Tests.Application.WorkPatterns.Commands.CreateWorkPattern.CreateWorkPatternCommandValidatorTests" name="StartDateHigherThanEndDate_ShouldHaveError" />
    </UnitTest>
    <UnitTest name="UserId when zero should have error" storage="c:\users\mpin\source\repos\miguel-pvs\pvsdashboard.tests\bin\debug\net6.0\pvsdashboard.tests.dll" id="0723bd44-e2bf-dde8-8aea-1cc83a64e322">
      <Execution id="d58675d0-53dc-479a-8334-77bb65d2d0fd" />
      <TestMethod codeBase="C:\Users\MPIN\source\repos\miguel-pvs\PVSDashboard.Tests\bin\Debug\net6.0\PVSDashboard.Tests.dll" adapterTypeName="executor://xunit/VsTestRunner2/netcoreapp" className="PVSDashboard.Tests.Application.ApplicationUsers.Commands.CheckOutApplicationUser.CheckOutApplicationUserCommandValidatorTests" name="UserId_WhenZero_ShouldHaveError" />
    </UnitTest>
    <UnitTest name="Body when EndTimePart is higher than 24h should have error" storage="c:\users\mpin\source\repos\miguel-pvs\pvsdashboard.tests\bin\debug\net6.0\pvsdashboard.tests.dll" id="79c9270d-ff50-cf99-8820-9adab49d2beb">
      <Execution id="3b8d7f4a-4438-4e79-ba4c-587abfb40a1c" />
      <TestMethod codeBase="C:\Users\MPIN\source\repos\miguel-pvs\PVSDashboard.Tests\bin\Debug\net6.0\PVSDashboard.Tests.dll" adapterTypeName="executor://xunit/VsTestRunner2/netcoreapp" className="PVSDashboard.Tests.Application.WorkPatterns.Commands.CreateWorkPattern.CreateWorkPatternCommandBodyValidatorTests" name="DayIsEmpty_ShouldHaveError" />
    </UnitTest>
    <UnitTest name="Body when StartDate is empty should have error" storage="c:\users\mpin\source\repos\miguel-pvs\pvsdashboard.tests\bin\debug\net6.0\pvsdashboard.tests.dll" id="04629d4c-399a-ee38-e819-24ee5b64810c">
      <Execution id="687716a8-4819-452f-b6aa-7a358abb155d" />
      <TestMethod codeBase="C:\Users\MPIN\source\repos\miguel-pvs\PVSDashboard.Tests\bin\Debug\net6.0\PVSDashboard.Tests.dll" adapterTypeName="executor://xunit/VsTestRunner2/netcoreapp" className="PVSDashboard.Tests.Application.WorkPatterns.Commands.EditWorkPattern.EditWorkPatternCommandValidatorTests" name="StartDateIsEmpty_ShouldHaveError" />
    </UnitTest>
    <UnitTest name="Handle should call GetApplicationUserAsync on ApplicationUserRepository" storage="c:\users\mpin\source\repos\miguel-pvs\pvsdashboard.tests\bin\debug\net6.0\pvsdashboard.tests.dll" id="b326e71b-b1cd-ec08-d190-8b577d84a5d1">
      <Execution id="2a6a4e81-a5bf-419f-abc1-31161c013709" />
      <TestMethod codeBase="C:\Users\MPIN\source\repos\miguel-pvs\PVSDashboard.Tests\bin\Debug\net6.0\PVSDashboard.Tests.dll" adapterTypeName="executor://xunit/VsTestRunner2/netcoreapp" className="PVSDashboard.Tests.Application.ApplicationUsers.Queries.GetApplicationUser.GetApplicationUserHandlerTests" name="HandleShouldCallGetApplicationUserAsyncOnApplicationUserRepository_WhenCommandIsSet" />
    </UnitTest>
    <UnitTest name="CheckIfAbsentNeedsSplitAsync should return one part" storage="c:\users\mpin\source\repos\miguel-pvs\pvsdashboard.tests\bin\debug\net6.0\pvsdashboard.tests.dll" id="aa68fe52-b786-328b-4689-eb4e73fdffc8">
      <Execution id="395842d7-6aa6-425d-b0bb-4306b6e22667" />
      <TestMethod codeBase="C:\Users\MPIN\source\repos\miguel-pvs\PVSDashboard.Tests\bin\Debug\net6.0\PVSDashboard.Tests.dll" adapterTypeName="executor://xunit/VsTestRunner2/netcoreapp" className="PVSDashboard.Tests.Infrastructure.CheckIfAbsentSplitTests" name="CheckIfAbsentNeedsSplit_BeginingIsYesterdayEndsTomorrowAsync" />
    </UnitTest>
    <UnitTest name="OverLapTodayTestsAsync should return one part" storage="c:\users\mpin\source\repos\miguel-pvs\pvsdashboard.tests\bin\debug\net6.0\pvsdashboard.tests.dll" id="0300b1e8-6a3f-fb1d-7a0e-414fbf85cce2">
      <Execution id="b0df3271-c2d0-4cd8-8e74-da9a35f77bd5" />
      <TestMethod codeBase="C:\Users\MPIN\source\repos\miguel-pvs\PVSDashboard.Tests\bin\Debug\net6.0\PVSDashboard.Tests.dll" adapterTypeName="executor://xunit/VsTestRunner2/netcoreapp" className="PVSDashboard.Tests.Timers.OverLapTodayTests" name="OverLapTodayTestsAsyncShouldReturnOnePart_TestingEdge8" />
    </UnitTest>
    <UnitTest name="Handle should call CreateWorkPatternUnsLogicEventAsync on WorkPatternRepository" storage="c:\users\mpin\source\repos\miguel-pvs\pvsdashboard.tests\bin\debug\net6.0\pvsdashboard.tests.dll" id="02c79312-e76a-2590-5441-6b3f06650397">
      <Execution id="6bbcbeb0-96a9-41a6-9406-a51fbcecced5" />
      <TestMethod codeBase="C:\Users\MPIN\source\repos\miguel-pvs\PVSDashboard.Tests\bin\Debug\net6.0\PVSDashboard.Tests.dll" adapterTypeName="executor://xunit/VsTestRunner2/netcoreapp" className="PVSDashboard.Tests.Application.EventHandlers.UnsLogicEventHandlers.CreateWorkPatternUnsLogicEventHandlerTests" name="HandleShouldCallCreateWorkPatternUnsLogicEventAsyncOnWorkPatternRepository_WhenCommandIsSet" />
    </UnitTest>
    <UnitTest name="Body when EndTimePart is higher than 24h should have error" storage="c:\users\mpin\source\repos\miguel-pvs\pvsdashboard.tests\bin\debug\net6.0\pvsdashboard.tests.dll" id="051a5314-3371-8ba3-14c4-c524e9f38878">
      <Execution id="e9b2179e-8ef6-4a91-bfe6-4d541a001e59" />
      <TestMethod codeBase="C:\Users\MPIN\source\repos\miguel-pvs\PVSDashboard.Tests\bin\Debug\net6.0\PVSDashboard.Tests.dll" adapterTypeName="executor://xunit/VsTestRunner2/netcoreapp" className="PVSDashboard.Tests.Application.WorkPatterns.Commands.EditWorkPattern.EditWorkPatternCommandBodyValidatorTests" name="EndTimeHigherThan24h_ShouldHaveError" />
    </UnitTest>
    <UnitTest name="Id when guid should not have error" storage="c:\users\mpin\source\repos\miguel-pvs\pvsdashboard.tests\bin\debug\net6.0\pvsdashboard.tests.dll" id="6d8f7b5e-d0b0-174b-007c-0710c767806d">
      <Execution id="5b40e8ea-cb44-405b-92dd-e43ca0638382" />
      <TestMethod codeBase="C:\Users\MPIN\source\repos\miguel-pvs\PVSDashboard.Tests\bin\Debug\net6.0\PVSDashboard.Tests.dll" adapterTypeName="executor://xunit/VsTestRunner2/netcoreapp" className="PVSDashboard.Tests.Application.ApplicationUsers.Queries.GetApplicationUser.GetApplicationUserCommandValidatorTests" name="UserId_WhenTwo_ShouldNotHaveError" />
    </UnitTest>
    <UnitTest name="BreakWorkPatternAsync should return a empty workPattern when user has day absent" storage="c:\users\mpin\source\repos\miguel-pvs\pvsdashboard.tests\bin\debug\net6.0\pvsdashboard.tests.dll" id="3e2d35bf-9478-7e2a-a6cd-1d4fdedfb9ad">
      <Execution id="ede00cd9-1810-4df5-b02e-41ebe75835d8" />
      <TestMethod codeBase="C:\Users\MPIN\source\repos\miguel-pvs\PVSDashboard.Tests\bin\Debug\net6.0\PVSDashboard.Tests.dll" adapterTypeName="executor://xunit/VsTestRunner2/netcoreapp" className="PVSDashboard.Tests.Infrastructure.BreakWorkPatternTests" name="BreakWorkPatternAsyncShouldReturnEmptyPart_WhenUserHasDayAbsent" />
    </UnitTest>
    <UnitTest name="GetAllApplicationUser should be called on ApplicationUserRepository" storage="c:\users\mpin\source\repos\miguel-pvs\pvsdashboard.tests\bin\debug\net6.0\pvsdashboard.tests.dll" id="7a45602b-352b-b8c8-f18c-3dc30a5ead37">
      <Execution id="f1f44df4-b282-4573-98ec-7321deaa2db8" />
      <TestMethod codeBase="C:\Users\MPIN\source\repos\miguel-pvs\PVSDashboard.Tests\bin\Debug\net6.0\PVSDashboard.Tests.dll" adapterTypeName="executor://xunit/VsTestRunner2/netcoreapp" className="PVSDashboard.Tests.Persistance.ApplicationUserRepositoryTests.GetAllApplicationUsersTests" name="GetAllApplicationUserShouldReturnGetAlldUser_WhenRepositoryIsCalled" />
    </UnitTest>
    <UnitTest name="Body when start time is empty should have error" storage="c:\users\mpin\source\repos\miguel-pvs\pvsdashboard.tests\bin\debug\net6.0\pvsdashboard.tests.dll" id="f1366f95-4f72-2884-45c7-ba5168144873">
      <Execution id="585d4e80-651f-41a4-876c-9c2debff5bca" />
      <TestMethod codeBase="C:\Users\MPIN\source\repos\miguel-pvs\PVSDashboard.Tests\bin\Debug\net6.0\PVSDashboard.Tests.dll" adapterTypeName="executor://xunit/VsTestRunner2/netcoreapp" className="PVSDashboard.Tests.Application.Absents.Commands.EditAbsent.EditAbsentCommandValidatorTests" name="StartTimeEmpty_ShouldHaveError" />
    </UnitTest>
    <UnitTest name="Id when empty should have error" storage="c:\users\mpin\source\repos\miguel-pvs\pvsdashboard.tests\bin\debug\net6.0\pvsdashboard.tests.dll" id="635d71d1-1c8d-e745-6d54-895d4b261e84">
      <Execution id="6960d248-30d8-423c-a7ca-2c7b49edd582" />
      <TestMethod codeBase="C:\Users\MPIN\source\repos\miguel-pvs\PVSDashboard.Tests\bin\Debug\net6.0\PVSDashboard.Tests.dll" adapterTypeName="executor://xunit/VsTestRunner2/netcoreapp" className="PVSDashboard.Tests.Application.Absents.Queries.GetAbsent.GetAbsentCommandValidatorTests" name="UserId_WhenZero_ShouldHaveError" />
    </UnitTest>
    <UnitTest name="BreakWorkPatternAsync should split the work pattern in two when user has two overlapping absents" storage="c:\users\mpin\source\repos\miguel-pvs\pvsdashboard.tests\bin\debug\net6.0\pvsdashboard.tests.dll" id="763df5cf-3ee2-8019-d730-70d0c4c6b301">
      <Execution id="819defba-6e60-4ff0-b5ba-e8dbac5f99ff" />
      <TestMethod codeBase="C:\Users\MPIN\source\repos\miguel-pvs\PVSDashboard.Tests\bin\Debug\net6.0\PVSDashboard.Tests.dll" adapterTypeName="executor://xunit/VsTestRunner2/netcoreapp" className="PVSDashboard.Tests.Timers.BreakWorkPatternTests" name="BreakWorkPatternAsyncShoudSplitReturnEmptyList2" />
    </UnitTest>
    <UnitTest name="CheckAbsentAndOverLapAsync should return two parts" storage="c:\users\mpin\source\repos\miguel-pvs\pvsdashboard.tests\bin\debug\net6.0\pvsdashboard.tests.dll" id="3558a157-a6b0-4cc4-f068-c9db561b4789">
      <Execution id="42b66581-85ef-40a6-ae9f-b1232d49de68" />
      <TestMethod codeBase="C:\Users\MPIN\source\repos\miguel-pvs\PVSDashboard.Tests\bin\Debug\net6.0\PVSDashboard.Tests.dll" adapterTypeName="executor://xunit/VsTestRunner2/netcoreapp" className="PVSDashboard.Tests.Timers.CheckAbsentAndOverLapTests" name="CheckAbsentAndOverLapAsyncTestingEdgesAbsents_PatternHasTwiPartAndThreeAbsents" />
    </UnitTest>
    <UnitTest name="TestJoinPartsToday - The application should publish 1 parts workToday has to be true testing ending edge" storage="c:\users\mpin\source\repos\miguel-pvs\pvsdashboard.tests\bin\debug\net6.0\pvsdashboard.tests.dll" id="dc586d63-bdd7-fd67-472b-ffe663bc6987">
      <Execution id="4b939f22-4f28-471e-a9b3-1060835b3607" />
      <TestMethod codeBase="C:\Users\MPIN\source\repos\miguel-pvs\PVSDashboard.Tests\bin\Debug\net6.0\PVSDashboard.Tests.dll" adapterTypeName="executor://xunit/VsTestRunner2/netcoreapp" className="PVSDashboard.Tests.Infrastructure.CheckInApplicationUserTests" name="OverLapTodayScheduleAsyncShouldReturnTrueAndOneSchedulesForToday_UserWith2WorkPattern2PartsADay" />
    </UnitTest>
    <UnitTest name="GetWorkPattern should be called on WorkPatternRepository" storage="c:\users\mpin\source\repos\miguel-pvs\pvsdashboard.tests\bin\debug\net6.0\pvsdashboard.tests.dll" id="b6e7abbd-5059-cff8-1123-348c0c2bf236">
      <Execution id="d972ee3c-56a4-486e-86e0-9431a9fbc571" />
      <TestMethod codeBase="C:\Users\MPIN\source\repos\miguel-pvs\PVSDashboard.Tests\bin\Debug\net6.0\PVSDashboard.Tests.dll" adapterTypeName="executor://xunit/VsTestRunner2/netcoreapp" className="PVSDashboard.Tests.Persistance.WorkPatternRepositoryTests.GetWorkPatternsTests" name="GetWorkPatternShouldReturnGetdUser_WhenRepositoryIsCalled" />
    </UnitTest>
    <UnitTest name="UpdateAbsent should call Exception when input is null" storage="c:\users\mpin\source\repos\miguel-pvs\pvsdashboard.tests\bin\debug\net6.0\pvsdashboard.tests.dll" id="64f40292-556d-2912-246f-90fd7d9aa768">
      <Execution id="36485f20-f96a-4540-8f48-6e35b76f251b" />
      <TestMethod codeBase="C:\Users\MPIN\source\repos\miguel-pvs\PVSDashboard.Tests\bin\Debug\net6.0\PVSDashboard.Tests.dll" adapterTypeName="executor://xunit/VsTestRunner2/netcoreapp" className="PVSDashboard.Tests.Persistance.AbsentRepositoryTests.UpdateAbsentsTests" name="UpdateAbsentShouldReturnNull_WhenRepositoryIsCalled" />
    </UnitTest>
    <UnitTest name="UserId when zero should have error" storage="c:\users\mpin\source\repos\miguel-pvs\pvsdashboard.tests\bin\debug\net6.0\pvsdashboard.tests.dll" id="864ae539-d4d4-f2c8-7de4-24b443a6140b">
      <Execution id="f7b6b1f3-2b19-4e95-ab0e-63eaf255094a" />
      <TestMethod codeBase="C:\Users\MPIN\source\repos\miguel-pvs\PVSDashboard.Tests\bin\Debug\net6.0\PVSDashboard.Tests.dll" adapterTypeName="executor://xunit/VsTestRunner2/netcoreapp" className="PVSDashboard.Tests.Application.ApplicationUsers.Commands.EditApplicationUser.EditApplicationUserCommandValidatorTests" name="UserId_WhenZero_ShouldHaveError" />
    </UnitTest>
    <UnitTest name="Body when StartTimePart is higher than EndTimePart should have error" storage="c:\users\mpin\source\repos\miguel-pvs\pvsdashboard.tests\bin\debug\net6.0\pvsdashboard.tests.dll" id="0d4d9e11-c0b3-d084-e6ba-f068f4b811cf">
      <Execution id="8e2f9b29-b180-4e39-8814-df4c68361fd3" />
      <TestMethod codeBase="C:\Users\MPIN\source\repos\miguel-pvs\PVSDashboard.Tests\bin\Debug\net6.0\PVSDashboard.Tests.dll" adapterTypeName="executor://xunit/VsTestRunner2/netcoreapp" className="PVSDashboard.Tests.Application.WorkPatterns.Commands.CreateWorkPattern.CreateWorkPatternCommandBodyValidatorTests" name="StartTimeHigherThanEndTime_ShouldHaveError" />
    </UnitTest>
    <UnitTest name="Id when is zero should not have error" storage="c:\users\mpin\source\repos\miguel-pvs\pvsdashboard.tests\bin\debug\net6.0\pvsdashboard.tests.dll" id="d26c4517-8c7b-d7c2-7f5d-ece07c675fb5">
      <Execution id="47cefbbd-abf6-4ddb-9708-37139627900a" />
      <TestMethod codeBase="C:\Users\MPIN\source\repos\miguel-pvs\PVSDashboard.Tests\bin\Debug\net6.0\PVSDashboard.Tests.dll" adapterTypeName="executor://xunit/VsTestRunner2/netcoreapp" className="PVSDashboard.Tests.Application.ApplicationUsers.Queries.GetLocation.GetLocationCommandValidatorTests" name="UserId_WhenZero_ShouldNotHaveError" />
    </UnitTest>
    <UnitTest name="UpdateAbsent should be called on AbsentRepository" storage="c:\users\mpin\source\repos\miguel-pvs\pvsdashboard.tests\bin\debug\net6.0\pvsdashboard.tests.dll" id="d2e4186e-0a33-be03-a353-9aae06a8792c">
      <Execution id="c0ef7d74-a4d6-4072-8529-36b6afb34960" />
      <TestMethod codeBase="C:\Users\MPIN\source\repos\miguel-pvs\PVSDashboard.Tests\bin\Debug\net6.0\PVSDashboard.Tests.dll" adapterTypeName="executor://xunit/VsTestRunner2/netcoreapp" className="PVSDashboard.Tests.Persistance.AbsentRepositoryTests.UpdateAbsentsTests" name="UpdateAbsentShouldReturnNull_WhenFakeRepositoryIsCalled" />
    </UnitTest>
    <UnitTest name="CheckIfAbsentNeedsSplitAsync should return one part" storage="c:\users\mpin\source\repos\miguel-pvs\pvsdashboard.tests\bin\debug\net6.0\pvsdashboard.tests.dll" id="c3c5c773-89c5-b785-5599-19f350b8d5ce">
      <Execution id="bb802d34-1bf2-406a-9a05-76f4f5acb101" />
      <TestMethod codeBase="C:\Users\MPIN\source\repos\miguel-pvs\PVSDashboard.Tests\bin\Debug\net6.0\PVSDashboard.Tests.dll" adapterTypeName="executor://xunit/VsTestRunner2/netcoreapp" className="PVSDashboard.Tests.Infrastructure.CheckIfAbsentSplitTests" name="CheckIfAbsentNeedsSplit_BeginingIsTodayEndsTodayAsync" />
    </UnitTest>
    <UnitTest name="DeleteAbsent should be called on AbsentRepository" storage="c:\users\mpin\source\repos\miguel-pvs\pvsdashboard.tests\bin\debug\net6.0\pvsdashboard.tests.dll" id="5154895c-d155-20f4-1301-64c3a6e12d10">
      <Execution id="954f54c7-67e3-4b21-850a-03b2b54f3a81" />
      <TestMethod codeBase="C:\Users\MPIN\source\repos\miguel-pvs\PVSDashboard.Tests\bin\Debug\net6.0\PVSDashboard.Tests.dll" adapterTypeName="executor://xunit/VsTestRunner2/netcoreapp" className="PVSDashboard.Tests.Persistance.AbsentRepositoryTests.DeleteAbsentsTests" name="DeleteAbsentShouldReturnNullWhenUsingIdNotInDatabase_WhenRepositoryIsCalled" />
    </UnitTest>
    <UnitTest name="BreakWorkPatternAsync should split the work pattern when user has a absent" storage="c:\users\mpin\source\repos\miguel-pvs\pvsdashboard.tests\bin\debug\net6.0\pvsdashboard.tests.dll" id="31d426af-6400-91ed-4743-4ca477c0d68b">
      <Execution id="3e922d2c-8597-40e4-be79-3d47e374b6b0" />
      <TestMethod codeBase="C:\Users\MPIN\source\repos\miguel-pvs\PVSDashboard.Tests\bin\Debug\net6.0\PVSDashboard.Tests.dll" adapterTypeName="executor://xunit/VsTestRunner2/netcoreapp" className="PVSDashboard.Tests.Infrastructure.BreakWorkPatternTests" name="BreakWorkPatternAsyncShouldSplitThePartIntoTwo_WhenUserHasOneAbsent" />
    </UnitTest>
    <UnitTest name="TestShiftLogic - The application publish 0 parts and workToday has to be false - No absents and not inside any WP (Random Variables-3WP,10Parts each,0Absents) " storage="c:\users\mpin\source\repos\miguel-pvs\pvsdashboard.tests\bin\debug\net6.0\pvsdashboard.tests.dll" id="b6dcaad7-7901-4e09-5b5b-f4a7194519d3">
      <Execution id="9edc9f60-8edb-4857-a40c-e2f122618a2a" />
      <TestMethod codeBase="C:\Users\MPIN\source\repos\miguel-pvs\PVSDashboard.Tests\bin\Debug\net6.0\PVSDashboard.Tests.dll" adapterTypeName="executor://xunit/VsTestRunner2/netcoreapp" className="PVSDashboard.Tests.Infrastructure.CheckInApplicationUserTests" name="CallListWorkPatternsShouldReturnFalseAndZeroSchedulesForToday_UserWith3WorkPattern2PartsADay" />
    </UnitTest>
    <UnitTest name="CheckAbsentAndOverLapAsync should return zero" storage="c:\users\mpin\source\repos\miguel-pvs\pvsdashboard.tests\bin\debug\net6.0\pvsdashboard.tests.dll" id="39479a0b-e71a-5117-4ecc-a81ba03eb95f">
      <Execution id="87995233-88a5-4acd-8b9c-d99192003f76" />
      <TestMethod codeBase="C:\Users\MPIN\source\repos\miguel-pvs\PVSDashboard.Tests\bin\Debug\net6.0\PVSDashboard.Tests.dll" adapterTypeName="executor://xunit/VsTestRunner2/netcoreapp" className="PVSDashboard.Tests.Timers.CheckAbsentAndOverLapTests" name="CheckAbsentAndOverLapAsyncTestingAbsentFullDay_PatternHasFourPartAndOneAbsents" />
    </UnitTest>
    <UnitTest name="Id when guid should not have error" storage="c:\users\mpin\source\repos\miguel-pvs\pvsdashboard.tests\bin\debug\net6.0\pvsdashboard.tests.dll" id="85df0c5f-15d7-1b47-d194-85032d7f84e0">
      <Execution id="e3de617d-6cf8-4486-8ca1-036fce95d85e" />
      <TestMethod codeBase="C:\Users\MPIN\source\repos\miguel-pvs\PVSDashboard.Tests\bin\Debug\net6.0\PVSDashboard.Tests.dll" adapterTypeName="executor://xunit/VsTestRunner2/netcoreapp" className="PVSDashboard.Tests.Application.Absents.Queries.GetAbsent.GetAbsentCommandValidatorTests" name="UserId_WhenGuid_ShouldNotHaveError" />
    </UnitTest>
    <UnitTest name="Handle should throw ArgumentNullException when command is not set" storage="c:\users\mpin\source\repos\miguel-pvs\pvsdashboard.tests\bin\debug\net6.0\pvsdashboard.tests.dll" id="6a5261b2-32b1-d982-576c-dde70948e800">
      <Execution id="5eef2811-e8b8-47b2-9cd1-28e5427fd18b" />
      <TestMethod codeBase="C:\Users\MPIN\source\repos\miguel-pvs\PVSDashboard.Tests\bin\Debug\net6.0\PVSDashboard.Tests.dll" adapterTypeName="executor://xunit/VsTestRunner2/netcoreapp" className="PVSDashboard.Tests.Application.WorkPatterns.Commands.DeleteWorkPattern.DeleteWorkPatternHandlerTests" name="HandleShouldThrowArgumentNullException_WhenCommandIsNotSet" />
    </UnitTest>
    <UnitTest name=" CheckIfInsideWorkPatternAsync should return True" storage="c:\users\mpin\source\repos\miguel-pvs\pvsdashboard.tests\bin\debug\net6.0\pvsdashboard.tests.dll" id="4c8b0bb1-3420-0e1b-3e26-9ab24afd81fa">
      <Execution id="2de7c81b-290a-4360-ba93-75b7d09641b3" />
      <TestMethod codeBase="C:\Users\MPIN\source\repos\miguel-pvs\PVSDashboard.Tests\bin\Debug\net6.0\PVSDashboard.Tests.dll" adapterTypeName="executor://xunit/VsTestRunner2/netcoreapp" className="PVSDashboard.Tests.Timers.CheckIfInsideWorkPatternTests" name="CheckIfInsideWorkPatternAsyncTestingPatternStartsTodayEndsTomorrow" />
    </UnitTest>
    <UnitTest name="DeleteApplicationUser should publish 4 empty payloads" storage="c:\users\mpin\source\repos\miguel-pvs\pvsdashboard.tests\bin\debug\net6.0\pvsdashboard.tests.dll" id="3e393a9f-3558-3520-1017-40ebd0c8e5aa">
      <Execution id="32915275-08cf-412b-b3f2-81b436913424" />
      <TestMethod codeBase="C:\Users\MPIN\source\repos\miguel-pvs\PVSDashboard.Tests\bin\Debug\net6.0\PVSDashboard.Tests.dll" adapterTypeName="executor://xunit/VsTestRunner2/netcoreapp" className="PVSDashboard.Tests.Infrastructure.CheckInApplicationUserTests" name="DeleteApplicationUser_ShouldPublish4EmptyPayLoads" />
    </UnitTest>
    <UnitTest name="Handle should throw ArgumentNullException when command is not set" storage="c:\users\mpin\source\repos\miguel-pvs\pvsdashboard.tests\bin\debug\net6.0\pvsdashboard.tests.dll" id="9e2f9116-2cc6-0c90-8304-8c7bc2bc6d92">
      <Execution id="3ed000dd-9e4f-4312-9e72-13ef238b295a" />
      <TestMethod codeBase="C:\Users\MPIN\source\repos\miguel-pvs\PVSDashboard.Tests\bin\Debug\net6.0\PVSDashboard.Tests.dll" adapterTypeName="executor://xunit/VsTestRunner2/netcoreapp" className="PVSDashboard.Tests.Application.Absentss.Queries.GetById.GetByIdHandlerTests" name="HandleShouldThrowArgumentNullException_WhenCommandIsNotSet" />
    </UnitTest>
    <UnitTest name="UserId when two should not have error" storage="c:\users\mpin\source\repos\miguel-pvs\pvsdashboard.tests\bin\debug\net6.0\pvsdashboard.tests.dll" id="4f40d3ad-b8ed-fa41-cf52-ef561f0128b9">
      <Execution id="3a084895-b6c6-4d19-974c-5cf5043c4771" />
      <TestMethod codeBase="C:\Users\MPIN\source\repos\miguel-pvs\PVSDashboard.Tests\bin\Debug\net6.0\PVSDashboard.Tests.dll" adapterTypeName="executor://xunit/VsTestRunner2/netcoreapp" className="PVSDashboard.Tests.Application.ApplicationUsers.Commands.DeleteApplicationUser.DeleteApplicationUserCommandValidatorTests" name="UserId_WhenTwo_ShouldNotHaveError" />
    </UnitTest>
    <UnitTest name="CreateApplicationUser should call Exception when input is null" storage="c:\users\mpin\source\repos\miguel-pvs\pvsdashboard.tests\bin\debug\net6.0\pvsdashboard.tests.dll" id="14014fe1-e867-69d7-9c16-37e926e7bbb2">
      <Execution id="a5d36a6e-aadf-4457-aa69-f55e1ae04aeb" />
      <TestMethod codeBase="C:\Users\MPIN\source\repos\miguel-pvs\PVSDashboard.Tests\bin\Debug\net6.0\PVSDashboard.Tests.dll" adapterTypeName="executor://xunit/VsTestRunner2/netcoreapp" className="PVSDashboard.Tests.Persistance.ApplicationUserRepositoryTests.CreateApplicationUsersTests" name="CreateApplicationUserShouldReturnNull_WhenRepositoryIsCalled" />
    </UnitTest>
    <UnitTest name="Body when name is empty should have error" storage="c:\users\mpin\source\repos\miguel-pvs\pvsdashboard.tests\bin\debug\net6.0\pvsdashboard.tests.dll" id="7b37ec18-8810-c2ec-1ba7-9824eca28a1b">
      <Execution id="bb3e2b4b-83ec-47e6-93bb-d7a425bcd25a" />
      <TestMethod codeBase="C:\Users\MPIN\source\repos\miguel-pvs\PVSDashboard.Tests\bin\Debug\net6.0\PVSDashboard.Tests.dll" adapterTypeName="executor://xunit/VsTestRunner2/netcoreapp" className="PVSDashboard.Tests.Application.ApplicationUsers.Commands.EditApplicationUser.EditApplicationUserCommandValidatorTests" name="NameIsEmpty_ShouldHaveError" />
    </UnitTest>
    <UnitTest name="Handle should call PublishWorkPatternEventAsync on ApplicationUserRepository" storage="c:\users\mpin\source\repos\miguel-pvs\pvsdashboard.tests\bin\debug\net6.0\pvsdashboard.tests.dll" id="271bfa7b-404f-3662-be5e-76585cdcc95a">
      <Execution id="8ed8e53c-7e5f-43e9-b8ef-720fb69c85ac" />
      <TestMethod codeBase="C:\Users\MPIN\source\repos\miguel-pvs\PVSDashboard.Tests\bin\Debug\net6.0\PVSDashboard.Tests.dll" adapterTypeName="executor://xunit/VsTestRunner2/netcoreapp" className="PVSDashboard.Tests.Application.EventHandlers.UnsEventHandlers.PublishWorkPatternEventHandlerTests" name="HandleShouldCallPublishWorkPatternEventAsyncOnApplicationUserRepository_WhenCommandIsSet" />
    </UnitTest>
    <UnitTest name="Handle should throw ArgumentNullException when command is not set" storage="c:\users\mpin\source\repos\miguel-pvs\pvsdashboard.tests\bin\debug\net6.0\pvsdashboard.tests.dll" id="44963f54-2793-108a-6e87-949487fc0e3f">
      <Execution id="ea589e3d-a785-41f6-a89a-12f36c5ae07b" />
      <TestMethod codeBase="C:\Users\MPIN\source\repos\miguel-pvs\PVSDashboard.Tests\bin\Debug\net6.0\PVSDashboard.Tests.dll" adapterTypeName="executor://xunit/VsTestRunner2/netcoreapp" className="Project1.Application.EventHandlers.DeleteTopicApplicationUserEventHandlerTests" name="HandleShouldThrowArgumentNullException_WhenCommandIsNotSet" />
    </UnitTest>
    <UnitTest name="Handle should call StopTimerEventAsync on TimerService" storage="c:\users\mpin\source\repos\miguel-pvs\pvsdashboard.tests\bin\debug\net6.0\pvsdashboard.tests.dll" id="dc9ae7ff-9dae-bc7f-6804-10728c8db5a8">
      <Execution id="d2789fd1-edbe-4dbc-b4c6-c6a86b485751" />
      <TestMethod codeBase="C:\Users\MPIN\source\repos\miguel-pvs\PVSDashboard.Tests\bin\Debug\net6.0\PVSDashboard.Tests.dll" adapterTypeName="executor://xunit/VsTestRunner2/netcoreapp" className="PVSDashboard.Tests.Application.EventHandlers.UnsEventHandlers.StopTimerEventHandlerEventHandler" name="HandleShouldCallStopTimerEventAsyncOnTimerService_WhenCommandIsSet" />
    </UnitTest>
    <UnitTest name="Handle should call CreateWorkPatternAsync on WorkPatternRepository" storage="c:\users\mpin\source\repos\miguel-pvs\pvsdashboard.tests\bin\debug\net6.0\pvsdashboard.tests.dll" id="8c5ab19a-f9af-ada5-7a4c-124ee3557a47">
      <Execution id="b571c387-304e-4e25-abc2-ede2d88facf1" />
      <TestMethod codeBase="C:\Users\MPIN\source\repos\miguel-pvs\PVSDashboard.Tests\bin\Debug\net6.0\PVSDashboard.Tests.dll" adapterTypeName="executor://xunit/VsTestRunner2/netcoreapp" className="PVSDashboard.Tests.Application.WorkPatterns.Commands.CreateWorkPattern.CreateWorkPatternHandlerTests" name="HandleShouldCallCreateWorkPatternAsyncOnWorkPatternRepository_WhenCommandIsSet" />
    </UnitTest>
    <UnitTest name="Handle should call GetAllAbsentAsync on AbsentRepository" storage="c:\users\mpin\source\repos\miguel-pvs\pvsdashboard.tests\bin\debug\net6.0\pvsdashboard.tests.dll" id="1fe8eccd-85fc-add3-eddc-d89c9265bccb">
      <Execution id="44c6fade-bbbd-403e-b9f2-1f654f49578e" />
      <TestMethod codeBase="C:\Users\MPIN\source\repos\miguel-pvs\PVSDashboard.Tests\bin\Debug\net6.0\PVSDashboard.Tests.dll" adapterTypeName="executor://xunit/VsTestRunner2/netcoreapp" className="PVSDashboard.Tests.Application.Absents.Queries.GetAllAbsent.GetAllAbsentHandlerTests" name="HandleShouldCallGetAllAbsentAsyncOnAbsentRepository_WhenCommandIsSet" />
    </UnitTest>
    <UnitTest name=" CheckIfInsideWorkPatternAsync should return True" storage="c:\users\mpin\source\repos\miguel-pvs\pvsdashboard.tests\bin\debug\net6.0\pvsdashboard.tests.dll" id="984dd8c0-ac26-0e0b-1e21-da5aa0dd1813">
      <Execution id="d4ab4401-dffd-4e64-ae94-a8c738102283" />
      <TestMethod codeBase="C:\Users\MPIN\source\repos\miguel-pvs\PVSDashboard.Tests\bin\Debug\net6.0\PVSDashboard.Tests.dll" adapterTypeName="executor://xunit/VsTestRunner2/netcoreapp" className="PVSDashboard.Tests.Timers.CheckIfInsideWorkPatternTests" name="CheckIfInsideWorkPatternAsyncTestingPatternStartsYesterdayEndsToday" />
    </UnitTest>
    <UnitTest name="DeleteWorkPattern should be called on WorkPatternRepository" storage="c:\users\mpin\source\repos\miguel-pvs\pvsdashboard.tests\bin\debug\net6.0\pvsdashboard.tests.dll" id="389b5af2-d187-d95c-b4b5-413447b9165a">
      <Execution id="231b1709-4ffc-4f93-977b-1ff4998ebf4f" />
      <TestMethod codeBase="C:\Users\MPIN\source\repos\miguel-pvs\PVSDashboard.Tests\bin\Debug\net6.0\PVSDashboard.Tests.dll" adapterTypeName="executor://xunit/VsTestRunner2/netcoreapp" className="PVSDashboard.Tests.Persistance.WorkPatternRepositoryTests.DeleteWorkPatternsTests" name="DeleteWorkPatternShouldReturnNullWhenUsingIdNotInDatabase_WhenRepositoryIsCalled" />
    </UnitTest>
    <UnitTest name="FindLowestDelayAsync should set the right delay  when pattern has five ten and tested on edges" storage="c:\users\mpin\source\repos\miguel-pvs\pvsdashboard.tests\bin\debug\net6.0\pvsdashboard.tests.dll" id="ac9f6757-b81e-5d1f-f1f5-714dc24fd162">
      <Execution id="b0a04eaa-8b17-44ff-ba12-381e99bf28db" />
      <TestMethod codeBase="C:\Users\MPIN\source\repos\miguel-pvs\PVSDashboard.Tests\bin\Debug\net6.0\PVSDashboard.Tests.dll" adapterTypeName="executor://xunit/VsTestRunner2/netcoreapp" className="PVSDashboard.Tests.Timers.FindLowestDelayTests" name="FindLowestDelayAsyncByTestingAllEdges_PatternHasFivePart" />
    </UnitTest>
    <UnitTest name="TestJoinPartsToday - The application should publish 1 parts workToday has to be true testing start edge" storage="c:\users\mpin\source\repos\miguel-pvs\pvsdashboard.tests\bin\debug\net6.0\pvsdashboard.tests.dll" id="d0b2a8ec-ba52-1fee-3f49-23fb5a71f9a4">
      <Execution id="7d7740e0-ada4-4d50-b50e-570fbf6050cb" />
      <TestMethod codeBase="C:\Users\MPIN\source\repos\miguel-pvs\PVSDashboard.Tests\bin\Debug\net6.0\PVSDashboard.Tests.dll" adapterTypeName="executor://xunit/VsTestRunner2/netcoreapp" className="PVSDashboard.Tests.Infrastructure.CheckInApplicationUserTests" name="OverLapTodayScheduleAsyncShoulTestEgdes_Start" />
    </UnitTest>
    <UnitTest name="UpdateWorkPattern should be called on WorkPatternRepository" storage="c:\users\mpin\source\repos\miguel-pvs\pvsdashboard.tests\bin\debug\net6.0\pvsdashboard.tests.dll" id="ad5a3d42-36b5-80eb-5ae2-ad76a8c3027e">
      <Execution id="5e3de462-acfe-4065-badd-d55fa1cc5ff4" />
      <TestMethod codeBase="C:\Users\MPIN\source\repos\miguel-pvs\PVSDashboard.Tests\bin\Debug\net6.0\PVSDashboard.Tests.dll" adapterTypeName="executor://xunit/VsTestRunner2/netcoreapp" className="PVSDashboard.Tests.Persistance.WorkPatternRepositoryTests.UpdateWorkPatternsTests" name="UpdateWorkPatternShouldReturnNull_WhenFakeRepositoryIsCalled" />
    </UnitTest>
    <UnitTest name="BreakWorkPatternAsync should split the work pattern in three when user has two absents" storage="c:\users\mpin\source\repos\miguel-pvs\pvsdashboard.tests\bin\debug\net6.0\pvsdashboard.tests.dll" id="43795a5a-1923-2a27-a0a6-7000fa3d1f43">
      <Execution id="0cc73fa9-d449-4f7e-9158-721840ca5124" />
      <TestMethod codeBase="C:\Users\MPIN\source\repos\miguel-pvs\PVSDashboard.Tests\bin\Debug\net6.0\PVSDashboard.Tests.dll" adapterTypeName="executor://xunit/VsTestRunner2/netcoreapp" className="PVSDashboard.Tests.Infrastructure.BreakWorkPatternTests" name="BreakWorkPatternAsyncShoudSplitThePartIntoThree_WhenUserHasTwoAbsentsInTheSameDay" />
    </UnitTest>
    <UnitTest name="Body when list of parts is empty should have error" storage="c:\users\mpin\source\repos\miguel-pvs\pvsdashboard.tests\bin\debug\net6.0\pvsdashboard.tests.dll" id="8503ea08-d578-105f-67bc-054e2270f525">
      <Execution id="76e996b2-4e2f-404c-9cae-91d2bb0fa5ad" />
      <TestMethod codeBase="C:\Users\MPIN\source\repos\miguel-pvs\PVSDashboard.Tests\bin\Debug\net6.0\PVSDashboard.Tests.dll" adapterTypeName="executor://xunit/VsTestRunner2/netcoreapp" className="PVSDashboard.Tests.Application.WorkPatterns.Commands.CreateWorkPattern.CreateWorkPatternCommandValidatorTests" name="ListPartsIsNull_ShouldHaveError" />
    </UnitTest>
    <UnitTest name="DeleteAbsent should be called on AbsentRepository" storage="c:\users\mpin\source\repos\miguel-pvs\pvsdashboard.tests\bin\debug\net6.0\pvsdashboard.tests.dll" id="8db67ed0-0e71-ee25-6273-494e89d17ef6">
      <Execution id="cdf9de98-f410-4891-92a8-b373334d80fc" />
      <TestMethod codeBase="C:\Users\MPIN\source\repos\miguel-pvs\PVSDashboard.Tests\bin\Debug\net6.0\PVSDashboard.Tests.dll" adapterTypeName="executor://xunit/VsTestRunner2/netcoreapp" className="PVSDashboard.Tests.Persistance.AbsentRepositoryTests.DeleteAbsentsTests" name="DeleteAbsentShouldReturnNull_WhenFakeRepositoryIsCalled" />
    </UnitTest>
    <UnitTest name="Body should have a child validator" storage="c:\users\mpin\source\repos\miguel-pvs\pvsdashboard.tests\bin\debug\net6.0\pvsdashboard.tests.dll" id="5845b899-8ea2-d343-d868-06dc7d125f94">
      <Execution id="b6cac1f1-8e17-4e00-a728-444b057f91bf" />
      <TestMethod codeBase="C:\Users\MPIN\source\repos\miguel-pvs\PVSDashboard.Tests\bin\Debug\net6.0\PVSDashboard.Tests.dll" adapterTypeName="executor://xunit/VsTestRunner2/netcoreapp" className="PVSDashboard.Tests.Application.WorkPatterns.Commands.EditWorkPattern.EditWorkPatternCommandValidatorTests" name="Body_ShouldHaveChildValidator" />
    </UnitTest>
    <UnitTest name="CheckInApplicationUser should be called on ApplicationUserRepository" storage="c:\users\mpin\source\repos\miguel-pvs\pvsdashboard.tests\bin\debug\net6.0\pvsdashboard.tests.dll" id="819c514d-9518-38ba-05b8-6871f305e7ab">
      <Execution id="0229f6b6-3359-4053-a33e-c57f23511076" />
      <TestMethod codeBase="C:\Users\MPIN\source\repos\miguel-pvs\PVSDashboard.Tests\bin\Debug\net6.0\PVSDashboard.Tests.dll" adapterTypeName="executor://xunit/VsTestRunner2/netcoreapp" className="PVSDashboard.Tests.Persistance.ApplicationUserRepositoryTests.CheckInApplicationUsersTests" name="CheckInApplicationUserShouldReturnCheckIndUser_WhenRepositoryIsCalled" />
    </UnitTest>
    <UnitTest name="Handle should throw ArgumentNullException when command is not set" storage="c:\users\mpin\source\repos\miguel-pvs\pvsdashboard.tests\bin\debug\net6.0\pvsdashboard.tests.dll" id="cc70a3b8-23bc-4a81-495a-0970f62a6211">
      <Execution id="c44865d4-b113-400f-88b2-a788fcb3fe4f" />
      <TestMethod codeBase="C:\Users\MPIN\source\repos\miguel-pvs\PVSDashboard.Tests\bin\Debug\net6.0\PVSDashboard.Tests.dll" adapterTypeName="executor://xunit/VsTestRunner2/netcoreapp" className="PVSDashboard.Tests.Application.WorkPatterns.Commands.EditWorkPattern.EditWorkPatternHandlerTests" name="HandleShouldThrowArgumentNullException_WhenCommandIsNotSet" />
    </UnitTest>
    <UnitTest name="Body when start time lower than end time should not have error" storage="c:\users\mpin\source\repos\miguel-pvs\pvsdashboard.tests\bin\debug\net6.0\pvsdashboard.tests.dll" id="1633bfdd-9d47-754b-8b5c-80c8c4581a45">
      <Execution id="1d3d0ab5-4c73-4101-98cb-25a97272f829" />
      <TestMethod codeBase="C:\Users\MPIN\source\repos\miguel-pvs\PVSDashboard.Tests\bin\Debug\net6.0\PVSDashboard.Tests.dll" adapterTypeName="executor://xunit/VsTestRunner2/netcoreapp" className="PVSDashboard.Tests.Application.Absents.Commands.EditAbsent.EditAbsentCommandValidatorTests" name="StartTimeLowerEndTime_ShouldNotHaveError" />
    </UnitTest>
    <UnitTest name="Handle should throw ArgumentNullException when command is not set" storage="c:\users\mpin\source\repos\miguel-pvs\pvsdashboard.tests\bin\debug\net6.0\pvsdashboard.tests.dll" id="55ef0d05-4fb7-daf0-eaaf-99db07124667">
      <Execution id="166f396a-4f0b-4a17-9bfe-9c461e55c3c8" />
      <TestMethod codeBase="C:\Users\MPIN\source\repos\miguel-pvs\PVSDashboard.Tests\bin\Debug\net6.0\PVSDashboard.Tests.dll" adapterTypeName="executor://xunit/VsTestRunner2/netcoreapp" className="PVSDashboard.Tests.Application.Absents.Queries.GetAllAbsent.GetAllAbsentHandlerTests" name="HandleShouldThrowArgumentNullException_WhenCommandIsNotSet" />
    </UnitTest>
    <UnitTest name="GetAllLocations should be called on ApplicationUserRepository" storage="c:\users\mpin\source\repos\miguel-pvs\pvsdashboard.tests\bin\debug\net6.0\pvsdashboard.tests.dll" id="feb6be2d-3bdd-c79e-7d46-c49e671f4ece">
      <Execution id="fa021443-320d-45c3-879b-8d3ee37d3016" />
      <TestMethod codeBase="C:\Users\MPIN\source\repos\miguel-pvs\PVSDashboard.Tests\bin\Debug\net6.0\PVSDashboard.Tests.dll" adapterTypeName="executor://xunit/VsTestRunner2/netcoreapp" className="PVSDashboard.Tests.Persistance.ApplicationUserRepositoryTests.GetLocationsTests" name="GetAllLocationsShouldReturnCreatedUser_WhenRepositoryIsCalled" />
    </UnitTest>
    <UnitTest name="FindLowestDelayAsync should set the right delay when the application starts before the next part" storage="c:\users\mpin\source\repos\miguel-pvs\pvsdashboard.tests\bin\debug\net6.0\pvsdashboard.tests.dll" id="8c0d8121-d54c-8cf2-6321-cb99fc47e826">
      <Execution id="7beb07df-a81b-4a4b-8689-1302af190f27" />
      <TestMethod codeBase="C:\Users\MPIN\source\repos\miguel-pvs\PVSDashboard.Tests\bin\Debug\net6.0\PVSDashboard.Tests.dll" adapterTypeName="executor://xunit/VsTestRunner2/netcoreapp" className="PVSDashboard.Tests.Timers.FindLowestDelayTests" name="FindLowestDelayAsyncShouldReturnDelay_AppllicationStartsBeforeNextPart" />
    </UnitTest>
    <UnitTest name="Handle should call DeleteWorkPatternUnsLogicEventAsync on WorkPatternRepository" storage="c:\users\mpin\source\repos\miguel-pvs\pvsdashboard.tests\bin\debug\net6.0\pvsdashboard.tests.dll" id="f9d9fa0d-0993-d793-9a41-81368b33a2c4">
      <Execution id="f25de070-d8f6-44f1-9994-a8674add1fef" />
      <TestMethod codeBase="C:\Users\MPIN\source\repos\miguel-pvs\PVSDashboard.Tests\bin\Debug\net6.0\PVSDashboard.Tests.dll" adapterTypeName="executor://xunit/VsTestRunner2/netcoreapp" className="PVSDashboard.Tests.Application.EventHandlers.UnsLogicEventHandlers.DeleteWorkPatternUnsLogicEventHandlerTests" name="HandleShouldCallDeleteWorkPatternUnsLogicEventAsyncOnWorkPatternRepository_WhenCommandIsSet" />
    </UnitTest>
    <UnitTest name="Body when start time is empty should have error" storage="c:\users\mpin\source\repos\miguel-pvs\pvsdashboard.tests\bin\debug\net6.0\pvsdashboard.tests.dll" id="0fb325f5-cd9e-ebd5-c269-04eb3582b4f7">
      <Execution id="540423b7-e281-4d8d-895d-44ac241a469e" />
      <TestMethod codeBase="C:\Users\MPIN\source\repos\miguel-pvs\PVSDashboard.Tests\bin\Debug\net6.0\PVSDashboard.Tests.dll" adapterTypeName="executor://xunit/VsTestRunner2/netcoreapp" className="PVSDashboard.Tests.Application.Absent.Commands.CreateAbsent.CreateAbsentCommandValidatorTests" name="StartTimeEmpty_ShouldHaveError" />
    </UnitTest>
    <UnitTest name="BreakWorkPatternAsync should return empty list when inserting empty list" storage="c:\users\mpin\source\repos\miguel-pvs\pvsdashboard.tests\bin\debug\net6.0\pvsdashboard.tests.dll" id="2ba6167d-ee41-1ff2-7079-3f87e163678f">
      <Execution id="d1adc700-00f1-4a17-a823-630c7b475b42" />
      <TestMethod codeBase="C:\Users\MPIN\source\repos\miguel-pvs\PVSDashboard.Tests\bin\Debug\net6.0\PVSDashboard.Tests.dll" adapterTypeName="executor://xunit/VsTestRunner2/netcoreapp" className="PVSDashboard.Tests.Infrastructure.BreakWorkPatternTests" name="BreakWorkPatternAsyncShouldReturnEmptyList_WhenInsertingEmptyList" />
    </UnitTest>
    <UnitTest name="BreakWorkPatternAsync should split the work pattern in two and split beginning of the work pattern" storage="c:\users\mpin\source\repos\miguel-pvs\pvsdashboard.tests\bin\debug\net6.0\pvsdashboard.tests.dll" id="61eb8b81-069a-009c-a72b-bdd31a1699de">
      <Execution id="7e597797-6236-480f-9e6a-284c97873ea5" />
      <TestMethod codeBase="C:\Users\MPIN\source\repos\miguel-pvs\PVSDashboard.Tests\bin\Debug\net6.0\PVSDashboard.Tests.dll" adapterTypeName="executor://xunit/VsTestRunner2/netcoreapp" className="PVSDashboard.Tests.Infrastructure.BreakWorkPatternTests" name="BreakWorkPatternAsyncShoudSplitThePartIntoTwoAndAlterBegin_WhenUserHasTwoAbsentsInTheSameDay" />
    </UnitTest>
    <UnitTest name="Id when empty should have error" storage="c:\users\mpin\source\repos\miguel-pvs\pvsdashboard.tests\bin\debug\net6.0\pvsdashboard.tests.dll" id="a864b75a-e3e3-69a0-1f7e-e78c4a4d56b9">
      <Execution id="e303975f-5e01-4841-a05e-0a955e2b6874" />
      <TestMethod codeBase="C:\Users\MPIN\source\repos\miguel-pvs\PVSDashboard.Tests\bin\Debug\net6.0\PVSDashboard.Tests.dll" adapterTypeName="executor://xunit/VsTestRunner2/netcoreapp" className="PVSDashboard.Tests.Application.Absents.Commands.DeleteAbsent.DeleteAbsentCommandValidatorTests" name="UserId_WhenZero_ShouldHaveError" />
    </UnitTest>
    <UnitTest name="UserId when two should not have error" storage="c:\users\mpin\source\repos\miguel-pvs\pvsdashboard.tests\bin\debug\net6.0\pvsdashboard.tests.dll" id="b0d6ef68-d383-ba5b-25bb-3f2edd55f8ad">
      <Execution id="3f1bf5e2-9099-46fd-bd2d-e139e44b1d02" />
      <TestMethod codeBase="C:\Users\MPIN\source\repos\miguel-pvs\PVSDashboard.Tests\bin\Debug\net6.0\PVSDashboard.Tests.dll" adapterTypeName="executor://xunit/VsTestRunner2/netcoreapp" className="PVSDashboard.Tests.Application.Absent.Commands.CreateAbsent.CreateAbsentCommandValidatorTests" name="UserId_WhenTwo_ShouldNotHaveError" />
    </UnitTest>
    <UnitTest name="Body when start time equal end time should have error" storage="c:\users\mpin\source\repos\miguel-pvs\pvsdashboard.tests\bin\debug\net6.0\pvsdashboard.tests.dll" id="386a068d-e2e5-5489-4749-8e317fc1d02f">
      <Execution id="ee25e2c4-c6a7-4bce-bcd7-81e31804b2f3" />
      <TestMethod codeBase="C:\Users\MPIN\source\repos\miguel-pvs\PVSDashboard.Tests\bin\Debug\net6.0\PVSDashboard.Tests.dll" adapterTypeName="executor://xunit/VsTestRunner2/netcoreapp" className="PVSDashboard.Tests.Application.Absent.Commands.CreateAbsent.CreateAbsentCommandValidatorTests" name="StartTimeEqualEndTime_ShouldNotHaveError" />
    </UnitTest>
    <UnitTest name="CheckIfAbsentNeedsSplitAsync should return one part" storage="c:\users\mpin\source\repos\miguel-pvs\pvsdashboard.tests\bin\debug\net6.0\pvsdashboard.tests.dll" id="127632f6-4844-f310-dc06-4aa4163eaafc">
      <Execution id="db7bb864-e646-44db-9496-cd4e1f11290b" />
      <TestMethod codeBase="C:\Users\MPIN\source\repos\miguel-pvs\PVSDashboard.Tests\bin\Debug\net6.0\PVSDashboard.Tests.dll" adapterTypeName="executor://xunit/VsTestRunner2/netcoreapp" className="PVSDashboard.Tests.Infrastructure.CheckIfAbsentSplitTests" name="CheckIfAbsentNeedsSplit_BeginingTwoDaysEndsTodayAsync" />
    </UnitTest>
    <UnitTest name="CreateApplicationUser should be called on ApplicationUserRepository" storage="c:\users\mpin\source\repos\miguel-pvs\pvsdashboard.tests\bin\debug\net6.0\pvsdashboard.tests.dll" id="45f9895c-43c3-977d-b114-33acc430a9b5">
      <Execution id="f82ca037-7828-4b87-a17e-63d96c816984" />
      <TestMethod codeBase="C:\Users\MPIN\source\repos\miguel-pvs\PVSDashboard.Tests\bin\Debug\net6.0\PVSDashboard.Tests.dll" adapterTypeName="executor://xunit/VsTestRunner2/netcoreapp" className="PVSDashboard.Tests.Persistance.ApplicationUserRepositoryTests.CreateApplicationUsersTests" name="CreateApplicationUserShouldReturnNull_WhenFakeRepositoryIsCalled" />
    </UnitTest>
    <UnitTest name="Id when zero should have error" storage="c:\users\mpin\source\repos\miguel-pvs\pvsdashboard.tests\bin\debug\net6.0\pvsdashboard.tests.dll" id="f3afc3a0-220e-d5a2-8af0-4f8acfbc6ae2">
      <Execution id="3f7dc04c-f3a2-4ed7-8765-cefc24044c3a" />
      <TestMethod codeBase="C:\Users\MPIN\source\repos\miguel-pvs\PVSDashboard.Tests\bin\Debug\net6.0\PVSDashboard.Tests.dll" adapterTypeName="executor://xunit/VsTestRunner2/netcoreapp" className="PVSDashboard.Tests.Application.Absents.Commands.EditAbsent.EditAbsentCommandValidatorTests" name="Id_WhenZero_ShouldHaveError" />
    </UnitTest>
    <UnitTest name="Handle should throw ArgumentNullException when command is not set" storage="c:\users\mpin\source\repos\miguel-pvs\pvsdashboard.tests\bin\debug\net6.0\pvsdashboard.tests.dll" id="97664390-74a2-ebb5-e008-6a9052a14c4a">
      <Execution id="4bfb4b1c-d464-4671-aae9-94dfa5b180bd" />
      <TestMethod codeBase="C:\Users\MPIN\source\repos\miguel-pvs\PVSDashboard.Tests\bin\Debug\net6.0\PVSDashboard.Tests.dll" adapterTypeName="executor://xunit/VsTestRunner2/netcoreapp" className="PVSDashboard.Tests.Application.EventHandlers.UnsEventHandlers.PublishLocationEventHandlerTests" name="HandleShouldThrowArgumentNullException_WhenCommandIsNotSet" />
    </UnitTest>
    <UnitTest name="BreakWorkPatternAsync should split the work pattern in two when user has two overlapping absents" storage="c:\users\mpin\source\repos\miguel-pvs\pvsdashboard.tests\bin\debug\net6.0\pvsdashboard.tests.dll" id="35935ac0-0e64-7c4f-4c9f-00087fad989b">
      <Execution id="7293a077-2262-4202-9d87-4a0bcd49e19d" />
      <TestMethod codeBase="C:\Users\MPIN\source\repos\miguel-pvs\PVSDashboard.Tests\bin\Debug\net6.0\PVSDashboard.Tests.dll" adapterTypeName="executor://xunit/VsTestRunner2/netcoreapp" className="PVSDashboard.Tests.Infrastructure.BreakWorkPatternTests" name="BreakWorkPatternAsyncShoudSplitThePartIntoTwo_WhenUserHasTwoOverlappingAbsentsInTheSameDay" />
    </UnitTest>
    <UnitTest name="BreakWorkPatternAsync should split ending of the work pattern when user has a absent" storage="c:\users\mpin\source\repos\miguel-pvs\pvsdashboard.tests\bin\debug\net6.0\pvsdashboard.tests.dll" id="6fca12ee-5fd1-7b80-9526-a04a7d720eb2">
      <Execution id="64ef70b2-5e77-4860-8230-eddb4e6ce072" />
      <TestMethod codeBase="C:\Users\MPIN\source\repos\miguel-pvs\PVSDashboard.Tests\bin\Debug\net6.0\PVSDashboard.Tests.dll" adapterTypeName="executor://xunit/VsTestRunner2/netcoreapp" className="PVSDashboard.Tests.Timers.BreakWorkPatternTests" name="BreakWorkPatternAsyncShouldAlterEndOfPart_WhenUserHasAnAbsent" />
    </UnitTest>
    <UnitTest name="Handle should call EditApplicationUserAsync on ApplicationUserRepository" storage="c:\users\mpin\source\repos\miguel-pvs\pvsdashboard.tests\bin\debug\net6.0\pvsdashboard.tests.dll" id="c7263076-50fe-8fc3-c6ab-6778580d56bf">
      <Execution id="7f7d6540-e2cf-474f-b138-f8be208822b8" />
      <TestMethod codeBase="C:\Users\MPIN\source\repos\miguel-pvs\PVSDashboard.Tests\bin\Debug\net6.0\PVSDashboard.Tests.dll" adapterTypeName="executor://xunit/VsTestRunner2/netcoreapp" className="PVSDashboard.Tests.Application.ApplicationUsers.Commands.EditApplicationUser.EditApplicationUserHandlerTests" name="HandleShouldCallEditApplicationUserAsyncOnApplicationUserRepository_WhenCommandIsSet" />
    </UnitTest>
    <UnitTest name="Body when StartDate is lower than Endate should not have error" storage="c:\users\mpin\source\repos\miguel-pvs\pvsdashboard.tests\bin\debug\net6.0\pvsdashboard.tests.dll" id="3e23614d-5743-5f55-b932-11c6228f2852">
      <Execution id="a8b503a5-66a4-4843-a421-dad43069d061" />
      <TestMethod codeBase="C:\Users\MPIN\source\repos\miguel-pvs\PVSDashboard.Tests\bin\Debug\net6.0\PVSDashboard.Tests.dll" adapterTypeName="executor://xunit/VsTestRunner2/netcoreapp" className="PVSDashboard.Tests.Application.WorkPatterns.Commands.CreateWorkPattern.CreateWorkPatternCommandValidatorTests" name="StartDateLowerThanEndDate_ShouldNotHaveError" />
    </UnitTest>
    <UnitTest name="CheckOutApplicationUser should be called on ApplicationUserRepository" storage="c:\users\mpin\source\repos\miguel-pvs\pvsdashboard.tests\bin\debug\net6.0\pvsdashboard.tests.dll" id="662d4422-a57f-9147-5aec-13603b5f154b">
      <Execution id="c967148a-00f0-4e3b-8925-ea7f8b0351a6" />
      <TestMethod codeBase="C:\Users\MPIN\source\repos\miguel-pvs\PVSDashboard.Tests\bin\Debug\net6.0\PVSDashboard.Tests.dll" adapterTypeName="executor://xunit/VsTestRunner2/netcoreapp" className="PVSDashboard.Tests.Persistance.ApplicationUserRepositoryTests.CheckOutApplicationUsersTests" name="CheckOutApplicationUserShouldReturnCheckOutdUser_WhenRepositoryIsCalled" />
    </UnitTest>
    <UnitTest name="Handle should throw ArgumentNullException when command is not set" storage="c:\users\mpin\source\repos\miguel-pvs\pvsdashboard.tests\bin\debug\net6.0\pvsdashboard.tests.dll" id="e3c69655-9d2f-1b7a-2c10-b9cdea1ef550">
      <Execution id="b77d3417-d73a-4e73-85c9-d828df3bf3d2" />
      <TestMethod codeBase="C:\Users\MPIN\source\repos\miguel-pvs\PVSDashboard.Tests\bin\Debug\net6.0\PVSDashboard.Tests.dll" adapterTypeName="executor://xunit/VsTestRunner2/netcoreapp" className="PVSDashboard.Tests.Application.ApplicationUsers.Queries.GetAllApplicationUser.GetAllApplicationUsersHandlerTests" name="HandleShouldThrowArgumentNullException_WhenCommandIsNotSet" />
    </UnitTest>
    <UnitTest name="UpdateApplicationUser should be called on ApplicationUserRepository" storage="c:\users\mpin\source\repos\miguel-pvs\pvsdashboard.tests\bin\debug\net6.0\pvsdashboard.tests.dll" id="3e302f0f-8760-1d87-49c6-5f3bbe5f3a4a">
      <Execution id="57f18c98-3bc0-413c-be88-804d3a94377b" />
      <TestMethod codeBase="C:\Users\MPIN\source\repos\miguel-pvs\PVSDashboard.Tests\bin\Debug\net6.0\PVSDashboard.Tests.dll" adapterTypeName="executor://xunit/VsTestRunner2/netcoreapp" className="PVSDashboard.Tests.Persistance.ApplicationUserRepositoryTests.UpdateApplicationUsersTests" name="UpdateApplicationUserShouldReturnNull_WhenFakeRepositoryIsCalled" />
    </UnitTest>
    <UnitTest name="Body when StartDate is higher than Endate should not have error" storage="c:\users\mpin\source\repos\miguel-pvs\pvsdashboard.tests\bin\debug\net6.0\pvsdashboard.tests.dll" id="bb6a2fe5-48fc-8839-c87d-0a18cd764994">
      <Execution id="804c01ba-206b-4746-9955-c91650349fa6" />
      <TestMethod codeBase="C:\Users\MPIN\source\repos\miguel-pvs\PVSDashboard.Tests\bin\Debug\net6.0\PVSDashboard.Tests.dll" adapterTypeName="executor://xunit/VsTestRunner2/netcoreapp" className="PVSDashboard.Tests.Application.WorkPatterns.Commands.EditWorkPattern.EditWorkPatternCommandValidatorTests" name="StartDateHigherThanEndDate_ShouldHaveError" />
    </UnitTest>
    <UnitTest name="FindLowestDelayAsync should set a one week delay" storage="c:\users\mpin\source\repos\miguel-pvs\pvsdashboard.tests\bin\debug\net6.0\pvsdashboard.tests.dll" id="cecc3896-44b5-cde3-eb3c-db40aeebd339">
      <Execution id="92787a95-de21-47dc-871b-3a810dbd776a" />
      <TestMethod codeBase="C:\Users\MPIN\source\repos\miguel-pvs\PVSDashboard.Tests\bin\Debug\net6.0\PVSDashboard.Tests.dll" adapterTypeName="executor://xunit/VsTestRunner2/netcoreapp" className="PVSDashboard.Tests.Timers.FindLowestDelayTests" name="FindLowestDelayAsyncShouldReturnDelay_ReturnsAWeekDelay" />
    </UnitTest>
    <UnitTest name="CreateWorkPattern should be called on WorkPatternRepository" storage="c:\users\mpin\source\repos\miguel-pvs\pvsdashboard.tests\bin\debug\net6.0\pvsdashboard.tests.dll" id="525c7d19-6c61-14c5-a206-99095b382959">
      <Execution id="71f99ee5-6f71-422c-b59e-c1186315e94c" />
      <TestMethod codeBase="C:\Users\MPIN\source\repos\miguel-pvs\PVSDashboard.Tests\bin\Debug\net6.0\PVSDashboard.Tests.dll" adapterTypeName="executor://xunit/VsTestRunner2/netcoreapp" className="PVSDashboard.Tests.Persistance.WorkPatternRepositoryTests.CreateWorkPatternsTests" name="CreateWorkPatternShouldReturnNull_WhenFakeRepositoryIsCalled" />
    </UnitTest>
    <UnitTest name="Handle should throw ArgumentNullException when command is not set" storage="c:\users\mpin\source\repos\miguel-pvs\pvsdashboard.tests\bin\debug\net6.0\pvsdashboard.tests.dll" id="76cc295d-59c0-c520-a818-641b8b7902ca">
      <Execution id="042e5805-e5cf-4ae1-adfa-ca4d5ba0f633" />
      <TestMethod codeBase="C:\Users\MPIN\source\repos\miguel-pvs\PVSDashboard.Tests\bin\Debug\net6.0\PVSDashboard.Tests.dll" adapterTypeName="executor://xunit/VsTestRunner2/netcoreapp" className="PVSDashboard.Tests.Application.ApplicationUsers.Commands.CheckOutApplicationUser.CheckOutApplicationUserHandlerTests" name="HandleShouldThrowArgumentNullException_WhenCommandIsNotSet" />
    </UnitTest>
    <UnitTest name="UserId when two should not have error" storage="c:\users\mpin\source\repos\miguel-pvs\pvsdashboard.tests\bin\debug\net6.0\pvsdashboard.tests.dll" id="8f4a0236-090d-a3b8-f1b9-ac66e4b3a9d9">
      <Execution id="e464ef16-bbc1-485f-a5ae-202ac4ae96df" />
      <TestMethod codeBase="C:\Users\MPIN\source\repos\miguel-pvs\PVSDashboard.Tests\bin\Debug\net6.0\PVSDashboard.Tests.dll" adapterTypeName="executor://xunit/VsTestRunner2/netcoreapp" className="PVSDashboard.Tests.Application.ApplicationUsers.Commands.CheckInApplicationUser.CheckInApplicationUserCommandValidatorTests" name="UserId_WhenTwo_ShouldNotHaveError" />
    </UnitTest>
    <UnitTest name="CheckInApplicationUser should be called on ApplicationUserRepository" storage="c:\users\mpin\source\repos\miguel-pvs\pvsdashboard.tests\bin\debug\net6.0\pvsdashboard.tests.dll" id="6ff83d5c-5ddf-f32c-7dfb-2832e41f3949">
      <Execution id="3ca79764-a6fa-4104-a1e8-412a21aa04bc" />
      <TestMethod codeBase="C:\Users\MPIN\source\repos\miguel-pvs\PVSDashboard.Tests\bin\Debug\net6.0\PVSDashboard.Tests.dll" adapterTypeName="executor://xunit/VsTestRunner2/netcoreapp" className="PVSDashboard.Tests.Persistance.ApplicationUserRepositoryTests.CheckInApplicationUsersTests" name="CheckInApplicationUserShouldReturnNull_WhenFakeRepositoryIsCalled" />
    </UnitTest>
    <UnitTest name="TestJoinPartsToday - The application should publish 2 parts workToday has to be true- It has two absents (Random Variables-3WP,10Parts each,2Absents)" storage="c:\users\mpin\source\repos\miguel-pvs\pvsdashboard.tests\bin\debug\net6.0\pvsdashboard.tests.dll" id="9925f13f-3bd8-abb5-c18e-a1099485483b">
      <Execution id="41458ae2-d93d-41f8-b170-a63e0ef95307" />
      <TestMethod codeBase="C:\Users\MPIN\source\repos\miguel-pvs\PVSDashboard.Tests\bin\Debug\net6.0\PVSDashboard.Tests.dll" adapterTypeName="executor://xunit/VsTestRunner2/netcoreapp" className="PVSDashboard.Tests.Infrastructure.CheckInApplicationUserTests" name="OverLapTodayScheduleAsyncShouldReturnTrueAndTwoSchedulesForToday_UserWith2WorkPattern2PartsADay" />
    </UnitTest>
    <UnitTest name="CheckIfAbsentNeedsSplitAsync should return one part" storage="c:\users\mpin\source\repos\miguel-pvs\pvsdashboard.tests\bin\debug\net6.0\pvsdashboard.tests.dll" id="911ae9ef-71cb-d325-1200-6108ef70e390">
      <Execution id="9e92cc5a-ef7f-4f70-9ea4-2a6fb468f6f0" />
      <TestMethod codeBase="C:\Users\MPIN\source\repos\miguel-pvs\PVSDashboard.Tests\bin\Debug\net6.0\PVSDashboard.Tests.dll" adapterTypeName="executor://xunit/VsTestRunner2/netcoreapp" className="PVSDashboard.Tests.Infrastructure.CheckIfAbsentSplitTests" name="CheckIfAbsentNeedsSplit_BeginingIsTodayEndsTomorrowAsync" />
    </UnitTest>
    <UnitTest name="Handle should throw ArgumentNullException when command is not set" storage="c:\users\mpin\source\repos\miguel-pvs\pvsdashboard.tests\bin\debug\net6.0\pvsdashboard.tests.dll" id="41a15eba-6f24-6780-aca0-00a5e32658a3">
      <Execution id="4f8247e3-c068-4efe-9013-c44c966d264d" />
      <TestMethod codeBase="C:\Users\MPIN\source\repos\miguel-pvs\PVSDashboard.Tests\bin\Debug\net6.0\PVSDashboard.Tests.dll" adapterTypeName="executor://xunit/VsTestRunner2/netcoreapp" className="PVSDashboard.Tests.Application.EventHandlers.UnsLogicEventHandlers.CreateWorkPatternUnsLogicEventHandlerTests" name="HandleShouldThrowArgumentNullException_WhenCommandIsNotSet" />
    </UnitTest>
    <UnitTest name="OverLapTodayTestsAsync should return one part" storage="c:\users\mpin\source\repos\miguel-pvs\pvsdashboard.tests\bin\debug\net6.0\pvsdashboard.tests.dll" id="0996a3ba-0e56-cb82-b303-d10f38492b7f">
      <Execution id="a2f840cc-7f34-49ec-9bd6-71c76f25f6b9" />
      <TestMethod codeBase="C:\Users\MPIN\source\repos\miguel-pvs\PVSDashboard.Tests\bin\Debug\net6.0\PVSDashboard.Tests.dll" adapterTypeName="executor://xunit/VsTestRunner2/netcoreapp" className="PVSDashboard.Tests.Timers.OverLapTodayTests" name="OverLapTodayTestsAsyncShouldReturnOnePart_TestingEdge5" />
    </UnitTest>
    <UnitTest name="CreateWorkPattern should call Exception when input is null" storage="c:\users\mpin\source\repos\miguel-pvs\pvsdashboard.tests\bin\debug\net6.0\pvsdashboard.tests.dll" id="e0296e26-e142-ca35-55f1-510a9026d1e1">
      <Execution id="2310482b-3e6e-4cf4-b3ed-9872bdcef615" />
      <TestMethod codeBase="C:\Users\MPIN\source\repos\miguel-pvs\PVSDashboard.Tests\bin\Debug\net6.0\PVSDashboard.Tests.dll" adapterTypeName="executor://xunit/VsTestRunner2/netcoreapp" className="PVSDashboard.Tests.Persistance.WorkPatternRepositoryTests.CreateWorkPatternsTests" name="CreateWorkPatternShouldReturnNull_WhenRepositoryIsCalled" />
    </UnitTest>
    <UnitTest name="GetWorkPattern should be called on WorkPatternRepository" storage="c:\users\mpin\source\repos\miguel-pvs\pvsdashboard.tests\bin\debug\net6.0\pvsdashboard.tests.dll" id="5f90274d-834c-6d39-cdd5-d55ba84c542e">
      <Execution id="cdc6cc8e-12b2-497e-bab2-e5512846f4d9" />
      <TestMethod codeBase="C:\Users\MPIN\source\repos\miguel-pvs\PVSDashboard.Tests\bin\Debug\net6.0\PVSDashboard.Tests.dll" adapterTypeName="executor://xunit/VsTestRunner2/netcoreapp" className="PVSDashboard.Tests.Persistance.WorkPatternRepositoryTests.GetWorkPatternsTests" name="GetWorkPatternShouldReturnNullWhenWrongIdIsCalled_WhenRepositoryIsCalled" />
    </UnitTest>
    <UnitTest name="Body when StartTimePart is higher than EndTimePart should have error" storage="c:\users\mpin\source\repos\miguel-pvs\pvsdashboard.tests\bin\debug\net6.0\pvsdashboard.tests.dll" id="4b2e3b75-6eab-c274-0cf0-09da5150e4cf">
      <Execution id="9f34d8dc-b7f2-49fb-8970-921993dbdd90" />
      <TestMethod codeBase="C:\Users\MPIN\source\repos\miguel-pvs\PVSDashboard.Tests\bin\Debug\net6.0\PVSDashboard.Tests.dll" adapterTypeName="executor://xunit/VsTestRunner2/netcoreapp" className="PVSDashboard.Tests.Application.WorkPatterns.Commands.EditWorkPattern.EditWorkPatternCommandBodyValidatorTests" name="StartTimeHigherThanEndTime_ShouldHaveError" />
    </UnitTest>
    <UnitTest name="Handle should throw ArgumentNullException when command is not set" storage="c:\users\mpin\source\repos\miguel-pvs\pvsdashboard.tests\bin\debug\net6.0\pvsdashboard.tests.dll" id="39537503-afbf-ab0b-3f6a-c7cb51edb22c">
      <Execution id="ac60081a-c645-4557-a945-5504eba2a21b" />
      <TestMethod codeBase="C:\Users\MPIN\source\repos\miguel-pvs\PVSDashboard.Tests\bin\Debug\net6.0\PVSDashboard.Tests.dll" adapterTypeName="executor://xunit/VsTestRunner2/netcoreapp" className="PVSDashboard.Tests.Application.EventHandlers.UnsLogicEventHandlers.EditApplicationUserUnsLogicEventHandlerTests" name="HandleShouldThrowArgumentNullException_WhenCommandIsNotSet" />
    </UnitTest>
    <UnitTest name="Handle should throw ArgumentNullException when command is not set" storage="c:\users\mpin\source\repos\miguel-pvs\pvsdashboard.tests\bin\debug\net6.0\pvsdashboard.tests.dll" id="0f0e3fa4-8670-ef19-81e3-4ab1a48e9b7e">
      <Execution id="ac4a03f9-5652-4cae-8e41-6bee060b9765" />
      <TestMethod codeBase="C:\Users\MPIN\source\repos\miguel-pvs\PVSDashboard.Tests\bin\Debug\net6.0\PVSDashboard.Tests.dll" adapterTypeName="executor://xunit/VsTestRunner2/netcoreapp" className="PVSDashboard.Tests.Application.ApplicationUsers.Commands.CheckInApplicationUser.CheckInApplicationUserHandlerTests" name="HandleShouldThrowArgumentNullException_WhenCommandIsNotSet" />
    </UnitTest>
    <UnitTest name="OverLapTodayTestsAsync should return one part" storage="c:\users\mpin\source\repos\miguel-pvs\pvsdashboard.tests\bin\debug\net6.0\pvsdashboard.tests.dll" id="7fb6716f-2cd7-0e77-422b-aea5f8def823">
      <Execution id="036a437e-2d84-4ad5-9f1e-899434e06170" />
      <TestMethod codeBase="C:\Users\MPIN\source\repos\miguel-pvs\PVSDashboard.Tests\bin\Debug\net6.0\PVSDashboard.Tests.dll" adapterTypeName="executor://xunit/VsTestRunner2/netcoreapp" className="PVSDashboard.Tests.Timers.OverLapTodayTests" name="OverLapTodayTestsAsyncShouldReturnOnePart_TestingEdge1" />
    </UnitTest>
    <UnitTest name="UserId when two should not have error" storage="c:\users\mpin\source\repos\miguel-pvs\pvsdashboard.tests\bin\debug\net6.0\pvsdashboard.tests.dll" id="d1138717-0d54-cd64-9bc4-30d54b6e822e">
      <Execution id="e7a329cd-2d19-40d5-8e40-511318fd8ce4" />
      <TestMethod codeBase="C:\Users\MPIN\source\repos\miguel-pvs\PVSDashboard.Tests\bin\Debug\net6.0\PVSDashboard.Tests.dll" adapterTypeName="executor://xunit/VsTestRunner2/netcoreapp" className="PVSDashboard.Tests.Application.ApplicationUsers.Commands.CreateApplicationUser.CreateApplicationUserCommandValidatorTests" name="UserId_WhenTwo_ShouldNotHaveError" />
    </UnitTest>
    <UnitTest name="Body should have a child validator" storage="c:\users\mpin\source\repos\miguel-pvs\pvsdashboard.tests\bin\debug\net6.0\pvsdashboard.tests.dll" id="149120f3-24f6-8015-2ad2-4784af2d7d82">
      <Execution id="e4aeedee-9c10-418b-942c-3134c830d782" />
      <TestMethod codeBase="C:\Users\MPIN\source\repos\miguel-pvs\PVSDashboard.Tests\bin\Debug\net6.0\PVSDashboard.Tests.dll" adapterTypeName="executor://xunit/VsTestRunner2/netcoreapp" className="PVSDashboard.Tests.Application.Absents.Commands.EditAbsent.EditAbsentCommandValidatorTests" name="Body_ShouldHaveChildValidator" />
    </UnitTest>
    <UnitTest name="Handle should call GetLocationAsync on LocationRepository" storage="c:\users\mpin\source\repos\miguel-pvs\pvsdashboard.tests\bin\debug\net6.0\pvsdashboard.tests.dll" id="f826a2a6-ba98-619a-eb31-ee3ad00d6ae4">
      <Execution id="5e05682d-329c-4a08-af28-19f4b4ee95e0" />
      <TestMethod codeBase="C:\Users\MPIN\source\repos\miguel-pvs\PVSDashboard.Tests\bin\Debug\net6.0\PVSDashboard.Tests.dll" adapterTypeName="executor://xunit/VsTestRunner2/netcoreapp" className="PVSDashboard.Tests.Application.ApplicationUsers.Queries.GetLocation.GetLocationHandlerTests" name="HandleShouldCallGetLocationAsyncOnLocationRepository_WhenCommandIsSet" />
    </UnitTest>
    <UnitTest name="Handle should call GetByIdAsync on Repository" storage="c:\users\mpin\source\repos\miguel-pvs\pvsdashboard.tests\bin\debug\net6.0\pvsdashboard.tests.dll" id="2c1130d3-636d-e98e-4fa0-584f88ab9f28">
      <Execution id="fe2ccac3-c622-44e5-8566-528a2e505624" />
      <TestMethod codeBase="C:\Users\MPIN\source\repos\miguel-pvs\PVSDashboard.Tests\bin\Debug\net6.0\PVSDashboard.Tests.dll" adapterTypeName="executor://xunit/VsTestRunner2/netcoreapp" className="PVSDashboard.Tests.Application.Absentss.Queries.GetById.GetByIdHandlerTests" name="HandleShouldCallGetByIdAsyncOnRepository_WhenCommandIsSet" />
    </UnitTest>
    <UnitTest name="Test All Edges on AbsentLOGIC" storage="c:\users\mpin\source\repos\miguel-pvs\pvsdashboard.tests\bin\debug\net6.0\pvsdashboard.tests.dll" id="faacfeae-2a3b-a36c-34d9-b13b09f2bbc0">
      <Execution id="9d01575b-9f85-49d4-9dd8-ba1bf6b3b05a" />
      <TestMethod codeBase="C:\Users\MPIN\source\repos\miguel-pvs\PVSDashboard.Tests\bin\Debug\net6.0\PVSDashboard.Tests.dll" adapterTypeName="executor://xunit/VsTestRunner2/netcoreapp" className="PVSDashboard.Tests.Infrastructure.CheckInApplicationUserTests" name="TestEdgesOnAbsentLogic" />
    </UnitTest>
    <UnitTest name="Handle should throw ArgumentNullException when command is not set" storage="c:\users\mpin\source\repos\miguel-pvs\pvsdashboard.tests\bin\debug\net6.0\pvsdashboard.tests.dll" id="78635eaf-6cb2-8757-8e94-9923f580bca6">
      <Execution id="66311971-385c-44cf-92bf-17fa772df6bb" />
      <TestMethod codeBase="C:\Users\MPIN\source\repos\miguel-pvs\PVSDashboard.Tests\bin\Debug\net6.0\PVSDashboard.Tests.dll" adapterTypeName="executor://xunit/VsTestRunner2/netcoreapp" className="PVSDashboard.Tests.Application.EventHandlers.AbsentLogicEventHandlers.AbsentLogicEventHandlerTests" name="HandleShouldThrowArgumentNullException_WhenCommandIsNotSet" />
    </UnitTest>
    <UnitTest name="BreakWorkPatternAsync should split the work pattern two and split ending of the work pattern" storage="c:\users\mpin\source\repos\miguel-pvs\pvsdashboard.tests\bin\debug\net6.0\pvsdashboard.tests.dll" id="07c75fc9-1c86-918f-742c-054909650bda">
      <Execution id="c58f6d0a-51e6-4a69-8dae-87faa875c08e" />
      <TestMethod codeBase="C:\Users\MPIN\source\repos\miguel-pvs\PVSDashboard.Tests\bin\Debug\net6.0\PVSDashboard.Tests.dll" adapterTypeName="executor://xunit/VsTestRunner2/netcoreapp" className="PVSDashboard.Tests.Infrastructure.BreakWorkPatternTests" name="BreakWorkPatternAsyncShoudSplitThePartIntoTwoAndAlterEnd_WhenUserHasTwoAbsentsInTheSameDay" />
    </UnitTest>
    <UnitTest name="TestAbsentLogic - The application should publish 2 parts and workToday has to be true - It has one absent off the part(Random Variables-3WP,10Parts each,1Absents)" storage="c:\users\mpin\source\repos\miguel-pvs\pvsdashboard.tests\bin\debug\net6.0\pvsdashboard.tests.dll" id="a98bbcf0-8eec-9e6c-7159-f17ac9652799">
      <Execution id="9e591099-baa9-4e60-b8a8-791120778713" />
      <TestMethod codeBase="C:\Users\MPIN\source\repos\miguel-pvs\PVSDashboard.Tests\bin\Debug\net6.0\PVSDashboard.Tests.dll" adapterTypeName="executor://xunit/VsTestRunner2/netcoreapp" className="PVSDashboard.Tests.Infrastructure.CheckInApplicationUserTests" name="CallListWorkPatternsShouldReturnTrueAndTwoSchedulesForToday_UserWith2WorkPattern2PartsADay1Absent" />
    </UnitTest>
    <UnitTest name="Body when EndTimePart is higher than 24h should have error" storage="c:\users\mpin\source\repos\miguel-pvs\pvsdashboard.tests\bin\debug\net6.0\pvsdashboard.tests.dll" id="0a0a42e4-6f09-755c-4a12-c90744a85175">
      <Execution id="c770f0a7-4a39-4803-92f4-e8506ed0256d" />
      <TestMethod codeBase="C:\Users\MPIN\source\repos\miguel-pvs\PVSDashboard.Tests\bin\Debug\net6.0\PVSDashboard.Tests.dll" adapterTypeName="executor://xunit/VsTestRunner2/netcoreapp" className="PVSDashboard.Tests.Application.WorkPatterns.Commands.CreateWorkPattern.CreateWorkPatternCommandBodyValidatorTests" name="EndTimeHigherThan24h_ShouldHaveError" />
    </UnitTest>
    <UnitTest name="UserId when zero should have error" storage="c:\users\mpin\source\repos\miguel-pvs\pvsdashboard.tests\bin\debug\net6.0\pvsdashboard.tests.dll" id="be487905-ec46-e555-cdb4-599fd49b488d">
      <Execution id="188b491c-a600-4fc6-9fa5-7e7cf7fa6aa0" />
      <TestMethod codeBase="C:\Users\MPIN\source\repos\miguel-pvs\PVSDashboard.Tests\bin\Debug\net6.0\PVSDashboard.Tests.dll" adapterTypeName="executor://xunit/VsTestRunner2/netcoreapp" className="PVSDashboard.Tests.Application.Absent.Commands.CreateAbsent.CreateAbsentCommandValidatorTests" name="UserId_WhenZero_ShouldHaveError" />
    </UnitTest>
    <UnitTest name="Body when StartTimePart is lower than EndTimePart should have error" storage="c:\users\mpin\source\repos\miguel-pvs\pvsdashboard.tests\bin\debug\net6.0\pvsdashboard.tests.dll" id="d8b101e7-91df-a245-6b96-9aaf35d9efc9">
      <Execution id="01366203-39af-4c98-bbcf-158a81c498da" />
      <TestMethod codeBase="C:\Users\MPIN\source\repos\miguel-pvs\PVSDashboard.Tests\bin\Debug\net6.0\PVSDashboard.Tests.dll" adapterTypeName="executor://xunit/VsTestRunner2/netcoreapp" className="PVSDashboard.Tests.Application.WorkPatterns.Commands.EditWorkPattern.EditWorkPatternCommandBodyValidatorTests" name="StartTimeLowerThanEndTime_ShouldHaveError" />
    </UnitTest>
    <UnitTest name="BreakWorkPatternAsync should split the work pattern in three when user has two absents" storage="c:\users\mpin\source\repos\miguel-pvs\pvsdashboard.tests\bin\debug\net6.0\pvsdashboard.tests.dll" id="a0b0ef88-59bb-25e0-7292-f591ee930b1a">
      <Execution id="35781d19-2027-4113-8e52-952dea58dd9e" />
      <TestMethod codeBase="C:\Users\MPIN\source\repos\miguel-pvs\PVSDashboard.Tests\bin\Debug\net6.0\PVSDashboard.Tests.dll" adapterTypeName="executor://xunit/VsTestRunner2/netcoreapp" className="PVSDashboard.Tests.Timers.BreakWorkPatternTests" name="BreakWorkPatternAsyncShoudSplitThePartIntoThree_WhenUserHasTwoAbsentsInTheSameDay" />
    </UnitTest>
    <UnitTest name="Body when name is null should have error" storage="c:\users\mpin\source\repos\miguel-pvs\pvsdashboard.tests\bin\debug\net6.0\pvsdashboard.tests.dll" id="dd6d4f7d-827e-d5e4-d190-935561962a68">
      <Execution id="ed443f94-abd3-4765-ad63-4fabcb88879b" />
      <TestMethod codeBase="C:\Users\MPIN\source\repos\miguel-pvs\PVSDashboard.Tests\bin\Debug\net6.0\PVSDashboard.Tests.dll" adapterTypeName="executor://xunit/VsTestRunner2/netcoreapp" className="PVSDashboard.Tests.Application.ApplicationUsers.Commands.CreateApplicationUser.CreateApplicationUserCommandValidatorTests" name="NameIsNull_ShouldHaveError" />
    </UnitTest>
    <UnitTest name="Body when list of parts is empty should have error" storage="c:\users\mpin\source\repos\miguel-pvs\pvsdashboard.tests\bin\debug\net6.0\pvsdashboard.tests.dll" id="9c692326-709f-6b92-b60f-0223a565a4d9">
      <Execution id="ec604272-18c1-4611-a66b-5c553278db69" />
      <TestMethod codeBase="C:\Users\MPIN\source\repos\miguel-pvs\PVSDashboard.Tests\bin\Debug\net6.0\PVSDashboard.Tests.dll" adapterTypeName="executor://xunit/VsTestRunner2/netcoreapp" className="PVSDashboard.Tests.Application.WorkPatterns.Commands.EditWorkPattern.EditWorkPatternCommandValidatorTests" name="ListPartsIsNull_ShouldHaveError" />
    </UnitTest>
    <UnitTest name="Body when name is empty should have error" storage="c:\users\mpin\source\repos\miguel-pvs\pvsdashboard.tests\bin\debug\net6.0\pvsdashboard.tests.dll" id="ca76c4e8-9514-4f7e-215b-a28ad4919531">
      <Execution id="115b9d6c-4188-4155-9464-7763aeb1ce4d" />
      <TestMethod codeBase="C:\Users\MPIN\source\repos\miguel-pvs\PVSDashboard.Tests\bin\Debug\net6.0\PVSDashboard.Tests.dll" adapterTypeName="executor://xunit/VsTestRunner2/netcoreapp" className="PVSDashboard.Tests.Application.ApplicationUsers.Commands.CreateApplicationUser.CreateApplicationUserCommandValidatorTests" name="NameIsEmpty_ShouldHaveError" />
    </UnitTest>
    <UnitTest name="Handle should call EditWorkPatternUnsLogicEventAsync on WorkPatternRepository" storage="c:\users\mpin\source\repos\miguel-pvs\pvsdashboard.tests\bin\debug\net6.0\pvsdashboard.tests.dll" id="b45f0da6-4e61-4f0c-9204-2ca6f06893a3">
      <Execution id="3e8f8245-bad5-4348-a514-88a9d1847c7b" />
      <TestMethod codeBase="C:\Users\MPIN\source\repos\miguel-pvs\PVSDashboard.Tests\bin\Debug\net6.0\PVSDashboard.Tests.dll" adapterTypeName="executor://xunit/VsTestRunner2/netcoreapp" className="PVSDashboard.Tests.Application.EventHandlers.UnsLogicEventHandlers.EditWorkPatternUnsLogicEventHandlerTests" name="HandleShouldCallEditWorkPatternUnsLogicEventAsyncOnWorkPatternRepository_WhenCommandIsSet" />
    </UnitTest>
    <UnitTest name="OverLapTodayTestsAsync should return one part" storage="c:\users\mpin\source\repos\miguel-pvs\pvsdashboard.tests\bin\debug\net6.0\pvsdashboard.tests.dll" id="cd7cf20f-9f55-b64d-9d68-19011ba40e55">
      <Execution id="c629c13c-84d2-4a86-b59b-d7c6b560e352" />
      <TestMethod codeBase="C:\Users\MPIN\source\repos\miguel-pvs\PVSDashboard.Tests\bin\Debug\net6.0\PVSDashboard.Tests.dll" adapterTypeName="executor://xunit/VsTestRunner2/netcoreapp" className="PVSDashboard.Tests.Timers.OverLapTodayTests" name="OverLapTodayTestsAsyncShouldReturnOnePart_TestingEdge2" />
    </UnitTest>
    <UnitTest name="TestShiftLogic - The application publish 2 work patterns and workToday has to be true - No absents (Random Variables-3WP,10Parts,0Absents)" storage="c:\users\mpin\source\repos\miguel-pvs\pvsdashboard.tests\bin\debug\net6.0\pvsdashboard.tests.dll" id="acd2277e-4459-c4c9-962a-711dbcea93e5">
      <Execution id="684c7d51-4faa-4542-9e26-29d179628818" />
      <TestMethod codeBase="C:\Users\MPIN\source\repos\miguel-pvs\PVSDashboard.Tests\bin\Debug\net6.0\PVSDashboard.Tests.dll" adapterTypeName="executor://xunit/VsTestRunner2/netcoreapp" className="PVSDashboard.Tests.Infrastructure.CheckInApplicationUserTests" name="CallListWorkPatternsShouldReturnTrueAndTwoSchedulesForToday_UserWith2WorkPattern2PartsADay" />
    </UnitTest>
    <UnitTest name="FindLowestDelayAsync should set the right delay  when the application starts before the next part plus 24h" storage="c:\users\mpin\source\repos\miguel-pvs\pvsdashboard.tests\bin\debug\net6.0\pvsdashboard.tests.dll" id="32f481c0-45b1-61bf-66b1-caa5b8e2deed">
      <Execution id="98438e2f-412c-46da-b9bc-225e7420b1c4" />
      <TestMethod codeBase="C:\Users\MPIN\source\repos\miguel-pvs\PVSDashboard.Tests\bin\Debug\net6.0\PVSDashboard.Tests.dll" adapterTypeName="executor://xunit/VsTestRunner2/netcoreapp" className="PVSDashboard.Tests.Timers.FindLowestDelayTests" name="FindLowestDelayAsyncShouldReturnDelay_AppllicationStartsBeforeNextPartPlus24h" />
    </UnitTest>
    <UnitTest name=" CheckIfInsideWorkPatternAsync should return False" storage="c:\users\mpin\source\repos\miguel-pvs\pvsdashboard.tests\bin\debug\net6.0\pvsdashboard.tests.dll" id="782bb775-5959-682b-2ab5-27146b6889ab">
      <Execution id="a9ea3d59-e580-47d3-8e70-1802f7224274" />
      <TestMethod codeBase="C:\Users\MPIN\source\repos\miguel-pvs\PVSDashboard.Tests\bin\Debug\net6.0\PVSDashboard.Tests.dll" adapterTypeName="executor://xunit/VsTestRunner2/netcoreapp" className="PVSDashboard.Tests.Timers.CheckIfInsideWorkPatternTests" name="CheckIfInsideWorkPatternAsyncTestingPatternStartsTomorrowEndsTomorrow" />
    </UnitTest>
    <UnitTest name="Handle should call PublishWorkPatternEventAsync on ApplicationUserRepository" storage="c:\users\mpin\source\repos\miguel-pvs\pvsdashboard.tests\bin\debug\net6.0\pvsdashboard.tests.dll" id="7defe90d-b5f1-21f2-c483-f454f4e48b9d">
      <Execution id="bb556b2d-a815-44ba-88a2-ccfa65c97d7e" />
      <TestMethod codeBase="C:\Users\MPIN\source\repos\miguel-pvs\PVSDashboard.Tests\bin\Debug\net6.0\PVSDashboard.Tests.dll" adapterTypeName="executor://xunit/VsTestRunner2/netcoreapp" className="PVSDashboard.Tests.Application.EventHandlers.UnsEventHandlers.PublishCheckInEventHandlerTests" name="HandleShouldCallPublishWorkPatternEventAsyncOnApplicationUserRepository_WhenCommandIsSet" />
    </UnitTest>
    <UnitTest name="TestJoinPartsToday - The application should publish 1 parts workToday has to be true testing ending edge" storage="c:\users\mpin\source\repos\miguel-pvs\pvsdashboard.tests\bin\debug\net6.0\pvsdashboard.tests.dll" id="aa98de75-2376-7c3e-3691-5e1041077e24">
      <Execution id="c81cfa01-ae65-43ed-9150-d48d6bec6782" />
      <TestMethod codeBase="C:\Users\MPIN\source\repos\miguel-pvs\PVSDashboard.Tests\bin\Debug\net6.0\PVSDashboard.Tests.dll" adapterTypeName="executor://xunit/VsTestRunner2/netcoreapp" className="PVSDashboard.Tests.Infrastructure.CheckInApplicationUserTests" name="OverLapTodayScheduleAsyncShoulTestEgdes_Ending" />
    </UnitTest>
    <UnitTest name="UserId when two should not have error" storage="c:\users\mpin\source\repos\miguel-pvs\pvsdashboard.tests\bin\debug\net6.0\pvsdashboard.tests.dll" id="b38c1c9e-39b5-3c17-fdf3-f9f0ffa22297">
      <Execution id="a9ff4c76-a8d6-4128-9bc2-7e81e9bbe29a" />
      <TestMethod codeBase="C:\Users\MPIN\source\repos\miguel-pvs\PVSDashboard.Tests\bin\Debug\net6.0\PVSDashboard.Tests.dll" adapterTypeName="executor://xunit/VsTestRunner2/netcoreapp" className="PVSDashboard.Tests.Application.ApplicationUsers.Commands.EditApplicationUser.EditApplicationUserCommandValidatorTests" name="UserId_WhenTwo_ShouldNotHaveError" />
    </UnitTest>
    <UnitTest name="GetAllWorkPattern should be called on WorkPatternRepository" storage="c:\users\mpin\source\repos\miguel-pvs\pvsdashboard.tests\bin\debug\net6.0\pvsdashboard.tests.dll" id="d15d11b5-1212-9f07-54aa-d8efcf776be3">
      <Execution id="4da1838d-f49c-453b-8171-19846edb9287" />
      <TestMethod codeBase="C:\Users\MPIN\source\repos\miguel-pvs\PVSDashboard.Tests\bin\Debug\net6.0\PVSDashboard.Tests.dll" adapterTypeName="executor://xunit/VsTestRunner2/netcoreapp" className="PVSDashboard.Tests.Persistance.WorkPatternRepositoryTests.GetAllWorkPatternsTests" name="GetAllWorkPatternShouldReturnGetAlldUser_WhenRepositoryIsCalled" />
    </UnitTest>
    <UnitTest name="CreateAbsent should call Exception when input is null" storage="c:\users\mpin\source\repos\miguel-pvs\pvsdashboard.tests\bin\debug\net6.0\pvsdashboard.tests.dll" id="95e1ec6d-15a0-ce39-fafb-5123d848e9df">
      <Execution id="bbaeca24-5386-45c0-9fa4-7d0175a1664a" />
      <TestMethod codeBase="C:\Users\MPIN\source\repos\miguel-pvs\PVSDashboard.Tests\bin\Debug\net6.0\PVSDashboard.Tests.dll" adapterTypeName="executor://xunit/VsTestRunner2/netcoreapp" className="PVSDashboard.Tests.Persistance.AbsentRepositoryTests.CreateAbsentsTests" name="CreateAbsentShouldReturnNull_WhenFakeRepositoryIsCalled" />
    </UnitTest>
    <UnitTest name="Handle should call CreateApplicationUserUnsLogicEventAsync on ApplicationUserRepository" storage="c:\users\mpin\source\repos\miguel-pvs\pvsdashboard.tests\bin\debug\net6.0\pvsdashboard.tests.dll" id="f3f47e87-08a1-8b20-1fbb-3fb191c97e2d">
      <Execution id="325b667b-1ee5-466e-8237-11c1d526e1b7" />
      <TestMethod codeBase="C:\Users\MPIN\source\repos\miguel-pvs\PVSDashboard.Tests\bin\Debug\net6.0\PVSDashboard.Tests.dll" adapterTypeName="executor://xunit/VsTestRunner2/netcoreapp" className="PVSDashboard.Tests.Application.EventHandlers.CreateApplicationUserUnsLogicEventHandlers.CreateApplicationUserUnsLogicEventHandlerTests" name="HandleShouldCallCreateApplicationUserUnsLogicEventAsyncOnApplicationUserRepository_WhenCommandIsSet" />
    </UnitTest>
    <UnitTest name="DeleteApplicationUser should be called on ApplicationUserRepository" storage="c:\users\mpin\source\repos\miguel-pvs\pvsdashboard.tests\bin\debug\net6.0\pvsdashboard.tests.dll" id="5f941743-319e-4a32-39c3-ae87cca4c845">
      <Execution id="aab65c88-cd3d-4e5b-9983-78a32d44f56b" />
      <TestMethod codeBase="C:\Users\MPIN\source\repos\miguel-pvs\PVSDashboard.Tests\bin\Debug\net6.0\PVSDashboard.Tests.dll" adapterTypeName="executor://xunit/VsTestRunner2/netcoreapp" className="PVSDashboard.Tests.Persistance.ApplicationUserRepositoryTests.DeleteApplicationUsersTests" name="DeleteApplicationUserShouldReturnDeletedUser_WhenRepositoryIsCalled" />
    </UnitTest>
    <UnitTest name="BreakWorkPatternAsync should return empty list when inserting empty list" storage="c:\users\mpin\source\repos\miguel-pvs\pvsdashboard.tests\bin\debug\net6.0\pvsdashboard.tests.dll" id="a3ab5edc-b0e9-bb86-a1f9-ca27c187b228">
      <Execution id="223b447c-c761-497b-9116-d6fd3296c3d8" />
      <TestMethod codeBase="C:\Users\MPIN\source\repos\miguel-pvs\PVSDashboard.Tests\bin\Debug\net6.0\PVSDashboard.Tests.dll" adapterTypeName="executor://xunit/VsTestRunner2/netcoreapp" className="PVSDashboard.Tests.Timers.BreakWorkPatternTests" name="BreakWorkPatternAsyncShouldReturnEmptyList_WhenInsertingEmptyList" />
    </UnitTest>
    <UnitTest name="BreakWorkPatternAsync should split the work pattern two and split ending of the work pattern" storage="c:\users\mpin\source\repos\miguel-pvs\pvsdashboard.tests\bin\debug\net6.0\pvsdashboard.tests.dll" id="eac1d9f3-dae5-1c75-a273-7a8f607c02f8">
      <Execution id="22cacfdf-048d-473a-916b-19a0d59569ce" />
      <TestMethod codeBase="C:\Users\MPIN\source\repos\miguel-pvs\PVSDashboard.Tests\bin\Debug\net6.0\PVSDashboard.Tests.dll" adapterTypeName="executor://xunit/VsTestRunner2/netcoreapp" className="PVSDashboard.Tests.Timers.BreakWorkPatternTests" name="BreakWorkPatternAsyncShoudSplitThePartIntoTwoAndAlterEnd_WhenUserHasTwoAbsentsInTheSameDay" />
    </UnitTest>
    <UnitTest name="Body should have a child validator" storage="c:\users\mpin\source\repos\miguel-pvs\pvsdashboard.tests\bin\debug\net6.0\pvsdashboard.tests.dll" id="e214a83a-fa75-faf5-b7dc-228036262361">
      <Execution id="954f5bb7-05fb-4144-99ef-c249d9360354" />
      <TestMethod codeBase="C:\Users\MPIN\source\repos\miguel-pvs\PVSDashboard.Tests\bin\Debug\net6.0\PVSDashboard.Tests.dll" adapterTypeName="executor://xunit/VsTestRunner2/netcoreapp" className="PVSDashboard.Tests.Application.WorkPatterns.Commands.CreateWorkPattern.CreateWorkPatternCommandValidatorTests" name="Body_ShouldHaveChildValidator" />
    </UnitTest>
    <UnitTest name="Handle should call AbsentLogicEventAsync on ApplicationUserRepository" storage="c:\users\mpin\source\repos\miguel-pvs\pvsdashboard.tests\bin\debug\net6.0\pvsdashboard.tests.dll" id="96416deb-8d1b-fe77-d397-2971cf8e2d88">
      <Execution id="66c2d9c3-9178-42f0-905e-abaccef07b43" />
      <TestMethod codeBase="C:\Users\MPIN\source\repos\miguel-pvs\PVSDashboard.Tests\bin\Debug\net6.0\PVSDashboard.Tests.dll" adapterTypeName="executor://xunit/VsTestRunner2/netcoreapp" className="PVSDashboard.Tests.Application.EventHandlers.AbsentLogicEventHandlers.AbsentLogicEventHandlerTests" name="HandleShouldCallAbsentLogicEventAsyncOnApplicationUserRepository_WhenCommandIsSet" />
    </UnitTest>
    <UnitTest name="OverLapTodayTestsAsync should return one part" storage="c:\users\mpin\source\repos\miguel-pvs\pvsdashboard.tests\bin\debug\net6.0\pvsdashboard.tests.dll" id="d030bba4-b988-0375-010f-5a14cec656a4">
      <Execution id="a65656a4-aaa4-4c99-9cfe-9d3aa6929e47" />
      <TestMethod codeBase="C:\Users\MPIN\source\repos\miguel-pvs\PVSDashboard.Tests\bin\Debug\net6.0\PVSDashboard.Tests.dll" adapterTypeName="executor://xunit/VsTestRunner2/netcoreapp" className="PVSDashboard.Tests.Timers.OverLapTodayTests" name="OverLapTodayTestsAsyncShouldReturnOnePart_TestingEdge6" />
    </UnitTest>
    <UnitTest name="BreakWorkPatternAsync should split the work pattern in two and split beginning of the work pattern" storage="c:\users\mpin\source\repos\miguel-pvs\pvsdashboard.tests\bin\debug\net6.0\pvsdashboard.tests.dll" id="882c97c4-af2d-51cb-6407-1833f3bfe57a">
      <Execution id="a814c5f4-4793-4f03-8d00-17108b7d57ee" />
      <TestMethod codeBase="C:\Users\MPIN\source\repos\miguel-pvs\PVSDashboard.Tests\bin\Debug\net6.0\PVSDashboard.Tests.dll" adapterTypeName="executor://xunit/VsTestRunner2/netcoreapp" className="PVSDashboard.Tests.Timers.BreakWorkPatternTests" name="BreakWorkPatternAsyncShoudSplitThePartIntoTwoAndAlterBegin_WhenUserHasTwoAbsentsInTheSameDay" />
    </UnitTest>
    <UnitTest name="Id when is two should not have error" storage="c:\users\mpin\source\repos\miguel-pvs\pvsdashboard.tests\bin\debug\net6.0\pvsdashboard.tests.dll" id="298e6fd2-e9c9-82b6-e035-61349b952d31">
      <Execution id="b300d9df-4a52-4949-8bdf-016cbefc7b4b" />
      <TestMethod codeBase="C:\Users\MPIN\source\repos\miguel-pvs\PVSDashboard.Tests\bin\Debug\net6.0\PVSDashboard.Tests.dll" adapterTypeName="executor://xunit/VsTestRunner2/netcoreapp" className="PVSDashboard.Tests.Application.ApplicationUsers.Queries.GetLocation.GetLocationCommandValidatorTests" name="UserId_WhenTwo_ShouldNotHaveError" />
    </UnitTest>
    <UnitTest name="CheckIfAbsentNeedsSplitAsync should return one part" storage="c:\users\mpin\source\repos\miguel-pvs\pvsdashboard.tests\bin\debug\net6.0\pvsdashboard.tests.dll" id="612f972d-76db-2b51-6f8a-3ecf2b8d4182">
      <Execution id="2327abfd-9647-48a9-ad0d-3cd17439549c" />
      <TestMethod codeBase="C:\Users\MPIN\source\repos\miguel-pvs\PVSDashboard.Tests\bin\Debug\net6.0\PVSDashboard.Tests.dll" adapterTypeName="executor://xunit/VsTestRunner2/netcoreapp" className="PVSDashboard.Tests.Infrastructure.CheckIfAbsentSplitTests" name="CheckIfAbsentNeedsSplit_BeginingIsYesterdayEndsTodayAsync" />
    </UnitTest>
    <UnitTest name="Handle should call PublishWorkPatternEventAsync on ApplicationUserRepository" storage="c:\users\mpin\source\repos\miguel-pvs\pvsdashboard.tests\bin\debug\net6.0\pvsdashboard.tests.dll" id="f6160c4c-22d0-caa3-cbc5-14303cb9174d">
      <Execution id="35f7efb7-995c-4be6-af01-3a8571bcca53" />
      <TestMethod codeBase="C:\Users\MPIN\source\repos\miguel-pvs\PVSDashboard.Tests\bin\Debug\net6.0\PVSDashboard.Tests.dll" adapterTypeName="executor://xunit/VsTestRunner2/netcoreapp" className="PVSDashboard.Tests.Application.EventHandlers.UnsEventHandlers.PublishLocationEventHandlerTests" name="HandleShouldCallPublishWorkPatternEventAsyncOnApplicationUserRepository_WhenCommandIsSet" />
    </UnitTest>
    <UnitTest name="Body when office location is lower than zero should have error" storage="c:\users\mpin\source\repos\miguel-pvs\pvsdashboard.tests\bin\debug\net6.0\pvsdashboard.tests.dll" id="d24fc46d-a5d2-1629-253a-f6eaa85d61c8">
      <Execution id="6619dc60-cfd5-4c3e-8b26-7bcdb569a32d" />
      <TestMethod codeBase="C:\Users\MPIN\source\repos\miguel-pvs\PVSDashboard.Tests\bin\Debug\net6.0\PVSDashboard.Tests.dll" adapterTypeName="executor://xunit/VsTestRunner2/netcoreapp" className="PVSDashboard.Tests.Application.ApplicationUsers.Commands.EditApplicationUser.EditApplicationUserCommandValidatorTests" name="OfficeLocationIsZero_ShouldHaveError" />
    </UnitTest>
    <UnitTest name="Handle should throw ArgumentNullException when command is not set" storage="c:\users\mpin\source\repos\miguel-pvs\pvsdashboard.tests\bin\debug\net6.0\pvsdashboard.tests.dll" id="bbe35112-da08-60ce-ad42-6224cffd6a98">
      <Execution id="b90744f3-ff65-4bcc-be95-a6813c3fa538" />
      <TestMethod codeBase="C:\Users\MPIN\source\repos\miguel-pvs\PVSDashboard.Tests\bin\Debug\net6.0\PVSDashboard.Tests.dll" adapterTypeName="executor://xunit/VsTestRunner2/netcoreapp" className="PVSDashboard.Tests.Application.WorkPatterns.Queries.GetAllWorkPattern.GetAllWorkPatternHandlerTests" name="HandleShouldThrowArgumentNullException_WhenCommandIsNotSet" />
    </UnitTest>
    <UnitTest name="Id when empty should have error" storage="c:\users\mpin\source\repos\miguel-pvs\pvsdashboard.tests\bin\debug\net6.0\pvsdashboard.tests.dll" id="bfb51307-54c6-c663-cefc-dd157415f4ec">
      <Execution id="5ad55544-3c2b-4f37-a0e4-3135c24f64ab" />
      <TestMethod codeBase="C:\Users\MPIN\source\repos\miguel-pvs\PVSDashboard.Tests\bin\Debug\net6.0\PVSDashboard.Tests.dll" adapterTypeName="executor://xunit/VsTestRunner2/netcoreapp" className="PVSDashboard.Tests.Application.ApplicationUsers.Queries.GetApplicationUser.GetApplicationUserCommandValidatorTests" name="UserId_WhenZero_ShouldHaveError" />
    </UnitTest>
    <UnitTest name="UserId when zero should have error" storage="c:\users\mpin\source\repos\miguel-pvs\pvsdashboard.tests\bin\debug\net6.0\pvsdashboard.tests.dll" id="752abb40-aeb6-a6dc-d84e-288ed179a5cd">
      <Execution id="48748f68-fe1d-4d9f-8ba3-b6bfd1f9c3c9" />
      <TestMethod codeBase="C:\Users\MPIN\source\repos\miguel-pvs\PVSDashboard.Tests\bin\Debug\net6.0\PVSDashboard.Tests.dll" adapterTypeName="executor://xunit/VsTestRunner2/netcoreapp" className="PVSDashboard.Tests.Application.WorkPatterns.Commands.EditWorkPattern.EditWorkPatternCommandValidatorTests" name="UserId_WhenZero_ShouldHaveError" />
    </UnitTest>
    <UnitTest name="UpdateAbsent should be called on AbsentRepository" storage="c:\users\mpin\source\repos\miguel-pvs\pvsdashboard.tests\bin\debug\net6.0\pvsdashboard.tests.dll" id="88aff77c-2dca-730a-23b1-dd96a78324b8">
      <Execution id="81c635cc-0d00-4d67-a61b-881bbcf55ad6" />
      <TestMethod codeBase="C:\Users\MPIN\source\repos\miguel-pvs\PVSDashboard.Tests\bin\Debug\net6.0\PVSDashboard.Tests.dll" adapterTypeName="executor://xunit/VsTestRunner2/netcoreapp" className="PVSDashboard.Tests.Persistance.AbsentRepositoryTests.UpdateAbsentsTests" name="UpdateAbsentShouldReturnNullWhenUsingWhrongId_WhenRepositoryIsCalled" />
    </UnitTest>
    <UnitTest name="GetAbsent should be called on AbsentRepository" storage="c:\users\mpin\source\repos\miguel-pvs\pvsdashboard.tests\bin\debug\net6.0\pvsdashboard.tests.dll" id="67a4fed5-b327-6068-f0f1-fa2ee89ee8ed">
      <Execution id="b32112b8-01f7-4e65-9be5-18148a84cb83" />
      <TestMethod codeBase="C:\Users\MPIN\source\repos\miguel-pvs\PVSDashboard.Tests\bin\Debug\net6.0\PVSDashboard.Tests.dll" adapterTypeName="executor://xunit/VsTestRunner2/netcoreapp" className="PVSDashboard.Tests.Persistance.AbsentRepositoryTests.GetAbsentsByIdTests" name="GetAbsentShouldReturnGetdUser_WhenRepositoryIsCalled" />
    </UnitTest>
    <UnitTest name="CheckIfAbsentNeedsSplitAsync should return one part" storage="c:\users\mpin\source\repos\miguel-pvs\pvsdashboard.tests\bin\debug\net6.0\pvsdashboard.tests.dll" id="e40b2627-e4c3-0bed-2353-7c91aa2c448a">
      <Execution id="09445b28-0f35-40e7-a0d1-5da8ed843bd4" />
      <TestMethod codeBase="C:\Users\MPIN\source\repos\miguel-pvs\PVSDashboard.Tests\bin\Debug\net6.0\PVSDashboard.Tests.dll" adapterTypeName="executor://xunit/VsTestRunner2/netcoreapp" className="PVSDashboard.Tests.Infrastructure.CheckIfAbsentSplitTests" name="CheckIfAbsentNeedsSplit_BeginingIsYesterdayEndsInTwoDaysAsync" />
    </UnitTest>
    <UnitTest name="Handle should throw ArgumentNullException when command is not set" storage="c:\users\mpin\source\repos\miguel-pvs\pvsdashboard.tests\bin\debug\net6.0\pvsdashboard.tests.dll" id="71d7324f-52ff-cfd4-d761-3db4d131dc6b">
      <Execution id="34db9c2a-21f1-45aa-9388-ca0d2324f362" />
      <TestMethod codeBase="C:\Users\MPIN\source\repos\miguel-pvs\PVSDashboard.Tests\bin\Debug\net6.0\PVSDashboard.Tests.dll" adapterTypeName="executor://xunit/VsTestRunner2/netcoreapp" className="PVSDashboard.Tests.Application.WorkPatterns.Queries.GetWorkPattern.GetWorkPatternHandlerTests" name="HandleShouldThrowArgumentNullException_WhenCommandIsNotSet" />
    </UnitTest>
    <UnitTest name="Handle should throw ArgumentNullException when command is not set" storage="c:\users\mpin\source\repos\miguel-pvs\pvsdashboard.tests\bin\debug\net6.0\pvsdashboard.tests.dll" id="541c6956-73de-57fa-4c71-cb8c9e912e4a">
      <Execution id="8c70e4cf-793c-42ba-a267-2370df1fdacb" />
      <TestMethod codeBase="C:\Users\MPIN\source\repos\miguel-pvs\PVSDashboard.Tests\bin\Debug\net6.0\PVSDashboard.Tests.dll" adapterTypeName="executor://xunit/VsTestRunner2/netcoreapp" className="PVSDashboard.Tests.Application.EventHandlers.UnsEventHandlers.RemoveTimerEventHandlerEventHandler" name="HandleShouldThrowArgumentNullException_WhenCommandIsNotSet" />
    </UnitTest>
    <UnitTest name="CheckAbsentAndOverLapAsync should return zero" storage="c:\users\mpin\source\repos\miguel-pvs\pvsdashboard.tests\bin\debug\net6.0\pvsdashboard.tests.dll" id="c068212d-e57c-766a-7bce-c404cc1adae6">
      <Execution id="bd82ce4b-2b27-4131-8147-c6bc896d6e5a" />
      <TestMethod codeBase="C:\Users\MPIN\source\repos\miguel-pvs\PVSDashboard.Tests\bin\Debug\net6.0\PVSDashboard.Tests.dll" adapterTypeName="executor://xunit/VsTestRunner2/netcoreapp" className="PVSDashboard.Tests.Timers.CheckAbsentAndOverLapTests" name="CheckAbsentAndOverLapAsyncTestingInside_PatternHasFourPartAndOneAbsents" />
    </UnitTest>
    <UnitTest name="Handle should throw ArgumentNullException when command is not set" storage="c:\users\mpin\source\repos\miguel-pvs\pvsdashboard.tests\bin\debug\net6.0\pvsdashboard.tests.dll" id="9e157229-1c2f-9add-58de-54cc728f64d0">
      <Execution id="3889ba70-3887-4b65-bf4e-9e45b460df9b" />
      <TestMethod codeBase="C:\Users\MPIN\source\repos\miguel-pvs\PVSDashboard.Tests\bin\Debug\net6.0\PVSDashboard.Tests.dll" adapterTypeName="executor://xunit/VsTestRunner2/netcoreapp" className="PVSDashboard.Tests.Application.ApplicationUsers.Queries.GetAllLocation.GetAllLocationsHandlerTests" name="HandleShouldThrowArgumentNullException_WhenCommandIsNotSet" />
    </UnitTest>
    <UnitTest name="Handle should call UpdateWorkPatternAsync on WorkPatternRepository" storage="c:\users\mpin\source\repos\miguel-pvs\pvsdashboard.tests\bin\debug\net6.0\pvsdashboard.tests.dll" id="a138224c-a298-bb4d-f2fe-e10405c83caa">
      <Execution id="7fe738eb-e76f-4ce6-a8e9-c0de849e4da5" />
      <TestMethod codeBase="C:\Users\MPIN\source\repos\miguel-pvs\PVSDashboard.Tests\bin\Debug\net6.0\PVSDashboard.Tests.dll" adapterTypeName="executor://xunit/VsTestRunner2/netcoreapp" className="PVSDashboard.Tests.Application.WorkPatterns.Commands.EditWorkPattern.EditWorkPatternHandlerTests" name="HandleShouldCallEditWorkPatternAsyncOnWorkPatternRepository_WhenCommandIsSet" />
    </UnitTest>
    <UnitTest name="Handle should throw ArgumentNullException when command is not set" storage="c:\users\mpin\source\repos\miguel-pvs\pvsdashboard.tests\bin\debug\net6.0\pvsdashboard.tests.dll" id="9ad69c84-4794-f3da-1cda-e6f1e31376db">
      <Execution id="09d4c151-4ddc-4b9d-a8f9-de4868684790" />
      <TestMethod codeBase="C:\Users\MPIN\source\repos\miguel-pvs\PVSDashboard.Tests\bin\Debug\net6.0\PVSDashboard.Tests.dll" adapterTypeName="executor://xunit/VsTestRunner2/netcoreapp" className="PVSDashboard.Tests.Application.EventHandlers.UnsLogicEventHandlers.DeleteWorkPatternUnsLogicEventHandlerTests" name="HandleShouldThrowArgumentNullException_WhenCommandIsNotSet" />
    </UnitTest>
    <UnitTest name="DeleteAbsent should be called on AbsentRepository" storage="c:\users\mpin\source\repos\miguel-pvs\pvsdashboard.tests\bin\debug\net6.0\pvsdashboard.tests.dll" id="b03bf5b4-82b5-351c-788d-185f80c0228f">
      <Execution id="61822889-15cf-4a7b-a5b2-147f84846d71" />
      <TestMethod codeBase="C:\Users\MPIN\source\repos\miguel-pvs\PVSDashboard.Tests\bin\Debug\net6.0\PVSDashboard.Tests.dll" adapterTypeName="executor://xunit/VsTestRunner2/netcoreapp" className="PVSDashboard.Tests.Persistance.AbsentRepositoryTests.DeleteAbsentsTests" name="DeleteAbsentShouldReturnDeletedUser_WhenRepositoryIsCalled" />
    </UnitTest>
    <UnitTest name="CheckOutApplicationUser should be called on ApplicationUserRepository" storage="c:\users\mpin\source\repos\miguel-pvs\pvsdashboard.tests\bin\debug\net6.0\pvsdashboard.tests.dll" id="b614e820-3e22-077a-987a-06aba2ecf3e9">
      <Execution id="56995cfd-1a90-4cb7-9a06-96933439cca1" />
      <TestMethod codeBase="C:\Users\MPIN\source\repos\miguel-pvs\PVSDashboard.Tests\bin\Debug\net6.0\PVSDashboard.Tests.dll" adapterTypeName="executor://xunit/VsTestRunner2/netcoreapp" className="PVSDashboard.Tests.Persistance.ApplicationUserRepositoryTests.CheckOutApplicationUsersTests" name="CheckOutApplicationUserShouldReturnNullWhenUsedIdIsNonExistent_WhenRepositoryIsCalled" />
    </UnitTest>
    <UnitTest name="TestJoinPartsToday - The application should publish 1 parts workToday has to be true testing ending edge" storage="c:\users\mpin\source\repos\miguel-pvs\pvsdashboard.tests\bin\debug\net6.0\pvsdashboard.tests.dll" id="dd3cb1b7-fdae-90be-c1de-0e8ca742b8ea">
      <Execution id="bcb6aaee-9f07-42dc-a7c5-06b0292b309e" />
      <TestMethod codeBase="C:\Users\MPIN\source\repos\miguel-pvs\PVSDashboard.Tests\bin\Debug\net6.0\PVSDashboard.Tests.dll" adapterTypeName="executor://xunit/VsTestRunner2/netcoreapp" className="PVSDashboard.Tests.Infrastructure.CheckInApplicationUserTests" name="OverLapTodayScheduleAsyncShoulTestEgdes_Same" />
    </UnitTest>
    <UnitTest name="Handle should call AbsentLogicEventAsync on ApplicationUserRepository" storage="c:\users\mpin\source\repos\miguel-pvs\pvsdashboard.tests\bin\debug\net6.0\pvsdashboard.tests.dll" id="24819261-e896-29c4-5ed1-615032b1eb62">
      <Execution id="f16f8cb3-e9d3-456b-beda-11ad814fb985" />
      <TestMethod codeBase="C:\Users\MPIN\source\repos\miguel-pvs\PVSDashboard.Tests\bin\Debug\net6.0\PVSDashboard.Tests.dll" adapterTypeName="executor://xunit/VsTestRunner2/netcoreapp" className="PVSDashboard.Tests.Application.ApplicationUsers.Commands.CreateApplicationUser.CreatreApplicationUserTests" name="HandleShouldCallAbsentLogicEventAsyncOnApplicationUserRepository_WhenCommandIsSet" />
    </UnitTest>
    <UnitTest name="Handle should call GetAbsentAsync on AbsentRepository" storage="c:\users\mpin\source\repos\miguel-pvs\pvsdashboard.tests\bin\debug\net6.0\pvsdashboard.tests.dll" id="183dd268-0c91-1032-b165-a05b0fd864de">
      <Execution id="d198dd7b-05be-4ad8-a34e-030d2a68b7d3" />
      <TestMethod codeBase="C:\Users\MPIN\source\repos\miguel-pvs\PVSDashboard.Tests\bin\Debug\net6.0\PVSDashboard.Tests.dll" adapterTypeName="executor://xunit/VsTestRunner2/netcoreapp" className="PVSDashboard.Tests.Application.Absents.Queries.GetAbsent.GetAbsentHandlerTests" name="HandleShouldCallGetAbsentAsyncOnAbsentRepository_WhenCommandIsSet" />
    </UnitTest>
    <UnitTest name="Handle should throw ArgumentNullException when command is not set" storage="c:\users\mpin\source\repos\miguel-pvs\pvsdashboard.tests\bin\debug\net6.0\pvsdashboard.tests.dll" id="e1caaf3b-92ac-af50-1a89-334de7e943da">
      <Execution id="b1f70632-d221-48fd-8768-ce4cdd71c290" />
      <TestMethod codeBase="C:\Users\MPIN\source\repos\miguel-pvs\PVSDashboard.Tests\bin\Debug\net6.0\PVSDashboard.Tests.dll" adapterTypeName="executor://xunit/VsTestRunner2/netcoreapp" className="PVSDashboard.Tests.Application.EventHandlers.UnsEventHandlers.StopTimerEventHandlerEventHandler" name="HandleShouldThrowArgumentNullException_WhenCommandIsNotSet" />
    </UnitTest>
    <UnitTest name="Body when office location is lower than zero should have error" storage="c:\users\mpin\source\repos\miguel-pvs\pvsdashboard.tests\bin\debug\net6.0\pvsdashboard.tests.dll" id="9a0406a9-22bd-96c6-1882-dd6fa4e4d9ec">
      <Execution id="e2fb9d50-554e-4168-9f3a-4d20fb4f80fc" />
      <TestMethod codeBase="C:\Users\MPIN\source\repos\miguel-pvs\PVSDashboard.Tests\bin\Debug\net6.0\PVSDashboard.Tests.dll" adapterTypeName="executor://xunit/VsTestRunner2/netcoreapp" className="PVSDashboard.Tests.Application.ApplicationUsers.Commands.CreateApplicationUser.CreateApplicationUserCommandValidatorTests" name="OfficeLocationIsZero_ShouldHaveError" />
    </UnitTest>
    <UnitTest name="UpdateAbsent should be called on AbsentRepository" storage="c:\users\mpin\source\repos\miguel-pvs\pvsdashboard.tests\bin\debug\net6.0\pvsdashboard.tests.dll" id="cb7bca63-56cc-ef60-1804-e2c2d4b59395">
      <Execution id="97b6b045-630c-4960-89ed-8c80174cafb1" />
      <TestMethod codeBase="C:\Users\MPIN\source\repos\miguel-pvs\PVSDashboard.Tests\bin\Debug\net6.0\PVSDashboard.Tests.dll" adapterTypeName="executor://xunit/VsTestRunner2/netcoreapp" className="PVSDashboard.Tests.Persistance.AbsentRepositoryTests.UpdateAbsentsTests" name="UpdateAbsentShouldReturnUpdatedUser_WhenRepositoryIsCalled" />
    </UnitTest>
    <UnitTest name="Handle should throw ArgumentNullException when command is not set" storage="c:\users\mpin\source\repos\miguel-pvs\pvsdashboard.tests\bin\debug\net6.0\pvsdashboard.tests.dll" id="d360e954-daac-db7b-5ff0-4ff27beb2a1b">
      <Execution id="ce812978-3f0b-4f52-8957-545e36e2cc9d" />
      <TestMethod codeBase="C:\Users\MPIN\source\repos\miguel-pvs\PVSDashboard.Tests\bin\Debug\net6.0\PVSDashboard.Tests.dll" adapterTypeName="executor://xunit/VsTestRunner2/netcoreapp" className="PVSDashboard.Tests.Application.ApplicationUsers.Commands.EditApplicationUser.EditApplicationUserHandlerTests" name="HandleShouldThrowArgumentNullException_WhenCommandIsNotSet" />
    </UnitTest>
    <UnitTest name="UpdateApplicationUser should be called on ApplicationUserRepository" storage="c:\users\mpin\source\repos\miguel-pvs\pvsdashboard.tests\bin\debug\net6.0\pvsdashboard.tests.dll" id="abbe28d9-b408-b9a7-130f-5e084bb2f63d">
      <Execution id="231724ad-2776-4706-acf2-d91c826b7a37" />
      <TestMethod codeBase="C:\Users\MPIN\source\repos\miguel-pvs\PVSDashboard.Tests\bin\Debug\net6.0\PVSDashboard.Tests.dll" adapterTypeName="executor://xunit/VsTestRunner2/netcoreapp" className="PVSDashboard.Tests.Persistance.ApplicationUserRepositoryTests.UpdateApplicationUsersTests" name="UpdateApplicationUserShouldReturnNullWhenUsingWhrongId_WhenRepositoryIsCalled" />
    </UnitTest>
    <UnitTest name="Handle should call DeleteApplicationUserAsync on ApplicationUserRepository" storage="c:\users\mpin\source\repos\miguel-pvs\pvsdashboard.tests\bin\debug\net6.0\pvsdashboard.tests.dll" id="4c6142db-aec4-175a-2174-45a3dbbd67b4">
      <Execution id="01742160-b931-4660-be6c-8611b6fd9d4e" />
      <TestMethod codeBase="C:\Users\MPIN\source\repos\miguel-pvs\PVSDashboard.Tests\bin\Debug\net6.0\PVSDashboard.Tests.dll" adapterTypeName="executor://xunit/VsTestRunner2/netcoreapp" className="PVSDashboard.Tests.Application.ApplicationUsers.Commands.DeleteApplicationUser.DeleteApplicationUserHandlerTests" name="HandleShouldCallDeleteApplicationUserAsyncOnApplicationUserRepository_WhenCommandIsSet" />
    </UnitTest>
    <UnitTest name=" CheckIfInsideWorkPatternAsync should return True" storage="c:\users\mpin\source\repos\miguel-pvs\pvsdashboard.tests\bin\debug\net6.0\pvsdashboard.tests.dll" id="6a310f27-5452-26eb-573d-b89214211eba">
      <Execution id="a426b2a5-a402-44dd-b917-5cd6ff2a605f" />
      <TestMethod codeBase="C:\Users\MPIN\source\repos\miguel-pvs\PVSDashboard.Tests\bin\Debug\net6.0\PVSDashboard.Tests.dll" adapterTypeName="executor://xunit/VsTestRunner2/netcoreapp" className="PVSDashboard.Tests.Timers.CheckIfInsideWorkPatternTests" name="CheckIfInsideWorkPatternAsyncTestingPatternStartsTodayEndsToday" />
    </UnitTest>
    <UnitTest name="UserId when zero should have error" storage="c:\users\mpin\source\repos\miguel-pvs\pvsdashboard.tests\bin\debug\net6.0\pvsdashboard.tests.dll" id="c21ff2c8-6977-6eee-a2a9-ebf160433089">
      <Execution id="8dd08ed7-2bad-41f7-8433-563a9626606d" />
      <TestMethod codeBase="C:\Users\MPIN\source\repos\miguel-pvs\PVSDashboard.Tests\bin\Debug\net6.0\PVSDashboard.Tests.dll" adapterTypeName="executor://xunit/VsTestRunner2/netcoreapp" className="PVSDashboard.Tests.Application.ApplicationUsers.Commands.CreateApplicationUser.CreateApplicationUserCommandValidatorTests" name="UserId_WhenZero_ShouldHaveError" />
    </UnitTest>
    <UnitTest name="UpdateApplicationUser should call Exception when input is null" storage="c:\users\mpin\source\repos\miguel-pvs\pvsdashboard.tests\bin\debug\net6.0\pvsdashboard.tests.dll" id="6144cbc8-6aa4-996e-c202-c1044268adc0">
      <Execution id="f218c0de-c861-4e04-9b24-c893c0842774" />
      <TestMethod codeBase="C:\Users\MPIN\source\repos\miguel-pvs\PVSDashboard.Tests\bin\Debug\net6.0\PVSDashboard.Tests.dll" adapterTypeName="executor://xunit/VsTestRunner2/netcoreapp" className="PVSDashboard.Tests.Persistance.ApplicationUserRepositoryTests.UpdateApplicationUsersTests" name="UpdateApplicationUserShouldReturnNull_WhenRepositoryIsCalled" />
    </UnitTest>
    <UnitTest name="FindLowestDelayAsync should set the right delay  when pattern has one part" storage="c:\users\mpin\source\repos\miguel-pvs\pvsdashboard.tests\bin\debug\net6.0\pvsdashboard.tests.dll" id="a93b2ddc-c1ff-6848-d2f1-42c5c6cc7785">
      <Execution id="c3f074f9-a657-42c1-b2fa-4e479b2b779d" />
      <TestMethod codeBase="C:\Users\MPIN\source\repos\miguel-pvs\PVSDashboard.Tests\bin\Debug\net6.0\PVSDashboard.Tests.dll" adapterTypeName="executor://xunit/VsTestRunner2/netcoreapp" className="PVSDashboard.Tests.Timers.FindLowestDelayTests" name="FindLowestDelayAsyncShouldReturnDelay_PatternHasOnlyOnePart" />
    </UnitTest>
    <UnitTest name="UpdateWorkPattern should call Exception when input is null" storage="c:\users\mpin\source\repos\miguel-pvs\pvsdashboard.tests\bin\debug\net6.0\pvsdashboard.tests.dll" id="b8068b19-6c9d-f40b-e75c-dfd9fcd2c67a">
      <Execution id="258ab0d0-e5c1-47b9-8864-d78a59564b49" />
      <TestMethod codeBase="C:\Users\MPIN\source\repos\miguel-pvs\PVSDashboard.Tests\bin\Debug\net6.0\PVSDashboard.Tests.dll" adapterTypeName="executor://xunit/VsTestRunner2/netcoreapp" className="PVSDashboard.Tests.Persistance.WorkPatternRepositoryTests.UpdateWorkPatternsTests" name="UpdateWorkPatternShouldReturnNull_WhenRepositoryIsCalled" />
    </UnitTest>
    <UnitTest name="GetApplicationUser should be called on ApplicationUserRepository" storage="c:\users\mpin\source\repos\miguel-pvs\pvsdashboard.tests\bin\debug\net6.0\pvsdashboard.tests.dll" id="8c4a672e-741d-22e3-1b88-957c215cb05a">
      <Execution id="13bdd266-6944-43aa-a6af-00834af8057a" />
      <TestMethod codeBase="C:\Users\MPIN\source\repos\miguel-pvs\PVSDashboard.Tests\bin\Debug\net6.0\PVSDashboard.Tests.dll" adapterTypeName="executor://xunit/VsTestRunner2/netcoreapp" className="PVSDashboard.Tests.Persistance.ApplicationUserRepositoryTests.GetApplicationUsersTests" name="GetApplicationUserShouldReturnGetdUser_WhenRepositoryIsCalled" />
    </UnitTest>
    <UnitTest name="Handle should call GetWorkPatternAsync on WorkPatternRepository" storage="c:\users\mpin\source\repos\miguel-pvs\pvsdashboard.tests\bin\debug\net6.0\pvsdashboard.tests.dll" id="7cfd8df0-cb14-894f-c35e-ff776ef748e4">
      <Execution id="3ccb9efb-13ac-4fd6-a4df-20e766e9835e" />
      <TestMethod codeBase="C:\Users\MPIN\source\repos\miguel-pvs\PVSDashboard.Tests\bin\Debug\net6.0\PVSDashboard.Tests.dll" adapterTypeName="executor://xunit/VsTestRunner2/netcoreapp" className="PVSDashboard.Tests.Application.WorkPatterns.Queries.GetWorkPattern.GetWorkPatternHandlerTests" name="HandleShouldCallGetWorkPatternAsyncOnWorkPatternRepository_WhenCommandIsSet" />
    </UnitTest>
    <UnitTest name="Handle should call CreateAbsentAsync on AbsentRepository" storage="c:\users\mpin\source\repos\miguel-pvs\pvsdashboard.tests\bin\debug\net6.0\pvsdashboard.tests.dll" id="9cc55be7-3d09-1c29-2809-1553c0977aed">
      <Execution id="5fdf84a9-7cea-484d-ae17-7c3181c1d26f" />
      <TestMethod codeBase="C:\Users\MPIN\source\repos\miguel-pvs\PVSDashboard.Tests\bin\Debug\net6.0\PVSDashboard.Tests.dll" adapterTypeName="executor://xunit/VsTestRunner2/netcoreapp" className="PVSDashboard.Tests.Application.Absent.Commands.CreateAbsent.CreateAbsentHandlerTests" name="HandleShouldCallCreateAbsentAsyncOnAbsentRepository_WhenCommandIsSet" />
    </UnitTest>
    <UnitTest name="OverLapTodayTestsAsync should return one part" storage="c:\users\mpin\source\repos\miguel-pvs\pvsdashboard.tests\bin\debug\net6.0\pvsdashboard.tests.dll" id="1157e2f6-9451-ae04-2fc7-12305b41a1b7">
      <Execution id="0e268b72-ffe1-44de-b85f-b174bba63ca6" />
      <TestMethod codeBase="C:\Users\MPIN\source\repos\miguel-pvs\PVSDashboard.Tests\bin\Debug\net6.0\PVSDashboard.Tests.dll" adapterTypeName="executor://xunit/VsTestRunner2/netcoreapp" className="PVSDashboard.Tests.Timers.OverLapTodayTests" name="OverLapTodayTestsAsyncShouldReturnOnePart_TestingEdge4" />
    </UnitTest>
    <UnitTest name="CreateAbsent should be called on AbsentRepository" storage="c:\users\mpin\source\repos\miguel-pvs\pvsdashboard.tests\bin\debug\net6.0\pvsdashboard.tests.dll" id="dce9605e-965b-ee77-1021-2ac56be3d56a">
      <Execution id="ace37bdf-74c7-4e66-b715-6992c44bbdc4" />
      <TestMethod codeBase="C:\Users\MPIN\source\repos\miguel-pvs\PVSDashboard.Tests\bin\Debug\net6.0\PVSDashboard.Tests.dll" adapterTypeName="executor://xunit/VsTestRunner2/netcoreapp" className="PVSDashboard.Tests.Persistance.AbsentRepositoryTests.CreateAbsentsTests" name="CreateAbsentShouldReturnCreatedUser_WhenRepositoryIsCalled" />
    </UnitTest>
    <UnitTest name="Handle should throw ArgumentNullException when command is not set" storage="c:\users\mpin\source\repos\miguel-pvs\pvsdashboard.tests\bin\debug\net6.0\pvsdashboard.tests.dll" id="36e51fa4-2ba5-d6ee-6e3e-8363b69153aa">
      <Execution id="c8a1c05e-5fd9-42ea-a214-a3af58b0c7ee" />
      <TestMethod codeBase="C:\Users\MPIN\source\repos\miguel-pvs\PVSDashboard.Tests\bin\Debug\net6.0\PVSDashboard.Tests.dll" adapterTypeName="executor://xunit/VsTestRunner2/netcoreapp" className="PVSDashboard.Tests.Application.EventHandlers.UnsLogicEventHandlers.EditWorkPatternUnsLogicEventHandlerTests" name="HandleShouldThrowArgumentNullException_WhenCommandIsNotSet" />
    </UnitTest>
    <UnitTest name="CreateWorkPattern should be called on WorkPatternRepository" storage="c:\users\mpin\source\repos\miguel-pvs\pvsdashboard.tests\bin\debug\net6.0\pvsdashboard.tests.dll" id="451ae410-827e-94c4-e8be-bd9b91ce0db7">
      <Execution id="586edd30-4678-47e2-a3ed-371e0678bb77" />
      <TestMethod codeBase="C:\Users\MPIN\source\repos\miguel-pvs\PVSDashboard.Tests\bin\Debug\net6.0\PVSDashboard.Tests.dll" adapterTypeName="executor://xunit/VsTestRunner2/netcoreapp" className="PVSDashboard.Tests.Persistance.WorkPatternRepositoryTests.CreateWorkPatternsTests" name="CreateWorkPatternShouldReturnCreatedUser_WhenRepositoryIsCalled" />
    </UnitTest>
    <UnitTest name="GetAbsent should be called on AbsentRepository" storage="c:\users\mpin\source\repos\miguel-pvs\pvsdashboard.tests\bin\debug\net6.0\pvsdashboard.tests.dll" id="c616bd6c-9018-dacf-b56f-cb36cbba27c7">
      <Execution id="a391be24-2bce-4fe2-aa3c-13d02a0dbbd3" />
      <TestMethod codeBase="C:\Users\MPIN\source\repos\miguel-pvs\PVSDashboard.Tests\bin\Debug\net6.0\PVSDashboard.Tests.dll" adapterTypeName="executor://xunit/VsTestRunner2/netcoreapp" className="PVSDashboard.Tests.Persistance.AbsentRepositoryTests.GetAbsentsTests" name="GetAbsentShouldReturnGetdUser_WhenRepositoryIsCalled" />
    </UnitTest>
    <UnitTest name="Handle should throw ArgumentNullException when command is not set" storage="c:\users\mpin\source\repos\miguel-pvs\pvsdashboard.tests\bin\debug\net6.0\pvsdashboard.tests.dll" id="dd90e2df-fd0f-6e8a-2b7e-0454d8190393">
      <Execution id="4cb1896e-09ba-4933-8f84-f97d336d2c2b" />
      <TestMethod codeBase="C:\Users\MPIN\source\repos\miguel-pvs\PVSDashboard.Tests\bin\Debug\net6.0\PVSDashboard.Tests.dll" adapterTypeName="executor://xunit/VsTestRunner2/netcoreapp" className="PVSDashboard.Tests.Application.WorkPatterns.Commands.CreateWorkPattern.CreateWorkPatternHandlerTests" name="HandleShouldThrowArgumentNullException_WhenCommandIsNotSet" />
    </UnitTest>
    <UnitTest name="UserId when two should not have error" storage="c:\users\mpin\source\repos\miguel-pvs\pvsdashboard.tests\bin\debug\net6.0\pvsdashboard.tests.dll" id="5e4d0f3b-565d-c9a8-e69d-e499637eb1dc">
      <Execution id="a9d8e39a-196a-48a0-b276-64a650a8a438" />
      <TestMethod codeBase="C:\Users\MPIN\source\repos\miguel-pvs\PVSDashboard.Tests\bin\Debug\net6.0\PVSDashboard.Tests.dll" adapterTypeName="executor://xunit/VsTestRunner2/netcoreapp" className="PVSDashboard.Tests.Application.WorkPatterns.Commands.EditWorkPattern.EditWorkPatternCommandValidatorTests" name="UserId_WhenTwo_ShouldNotHaveError" />
    </UnitTest>
    <UnitTest name="Handle should call CheckOutApplicationUserAsync on ApplicationUserRepository" storage="c:\users\mpin\source\repos\miguel-pvs\pvsdashboard.tests\bin\debug\net6.0\pvsdashboard.tests.dll" id="d9f71b6c-c729-0275-eae0-0fd9ce32d74b">
      <Execution id="1cbc1f1c-0ab4-4da3-8b7a-90cf30f78021" />
      <TestMethod codeBase="C:\Users\MPIN\source\repos\miguel-pvs\PVSDashboard.Tests\bin\Debug\net6.0\PVSDashboard.Tests.dll" adapterTypeName="executor://xunit/VsTestRunner2/netcoreapp" className="PVSDashboard.Tests.Application.ApplicationUsers.Commands.CheckOutApplicationUser.CheckOutApplicationUserHandlerTests" name="HandleShouldCallCheckOutApplicationUserAsyncOnApplicationUserRepository_WhenCommandIsSet" />
    </UnitTest>
    <UnitTest name="Handle should call RemoveTimerEventAsync on TimerService" storage="c:\users\mpin\source\repos\miguel-pvs\pvsdashboard.tests\bin\debug\net6.0\pvsdashboard.tests.dll" id="d8f00492-f801-fc15-b38b-bb018a6a0235">
      <Execution id="ef2f2508-e118-4224-b47f-db9b505a6981" />
      <TestMethod codeBase="C:\Users\MPIN\source\repos\miguel-pvs\PVSDashboard.Tests\bin\Debug\net6.0\PVSDashboard.Tests.dll" adapterTypeName="executor://xunit/VsTestRunner2/netcoreapp" className="PVSDashboard.Tests.Application.EventHandlers.UnsEventHandlers.RemoveTimerEventHandlerEventHandler" name="HandleShouldCallRemoveTimerEventAsyncOnTimerService_WhenCommandIsSet" />
    </UnitTest>
    <UnitTest name="TestAbsentLogic - The application should publish 4 parts and workToday has to be true - It has two absents (Random Variables-3WP,10Parts each,2Absents)" storage="c:\users\mpin\source\repos\miguel-pvs\pvsdashboard.tests\bin\debug\net6.0\pvsdashboard.tests.dll" id="a29af0aa-7ec9-333d-788f-9d4935e17f73">
      <Execution id="167e5e6d-5fe9-4688-8c7b-02e80e670dc9" />
      <TestMethod codeBase="C:\Users\MPIN\source\repos\miguel-pvs\PVSDashboard.Tests\bin\Debug\net6.0\PVSDashboard.Tests.dll" adapterTypeName="executor://xunit/VsTestRunner2/netcoreapp" className="PVSDashboard.Tests.Infrastructure.CheckInApplicationUserTests" name="CallListWorkPatternsShouldReturnTrueAndFourSchedulesForToday_UserWith2WorkPattern2PartsADay2Absent" />
    </UnitTest>
    <UnitTest name="when create a command should not have error" storage="c:\users\mpin\source\repos\miguel-pvs\pvsdashboard.tests\bin\debug\net6.0\pvsdashboard.tests.dll" id="b2496d61-7bdd-1b38-c8ba-25788140b0b0">
      <Execution id="e4f4f350-d0a4-40cf-bc0e-04cd7a9bf240" />
      <TestMethod codeBase="C:\Users\MPIN\source\repos\miguel-pvs\PVSDashboard.Tests\bin\Debug\net6.0\PVSDashboard.Tests.dll" adapterTypeName="executor://xunit/VsTestRunner2/netcoreapp" className="PVSDashboard.Tests.Application.ApplicationUsers.Queries.GetAllApplicationUser.GetAllApplicationUsersCommandValidatorTests" name="Command_WhenCreated_ShouldNotHaveError" />
    </UnitTest>
    <UnitTest name="Publish Location Test - Should Publish one UserEachLocation" storage="c:\users\mpin\source\repos\miguel-pvs\pvsdashboard.tests\bin\debug\net6.0\pvsdashboard.tests.dll" id="29ea2155-dae7-7097-3813-c8485efb967e">
      <Execution id="c191eece-99d1-4fc2-aa05-dc7a820ec6a9" />
      <TestMethod codeBase="C:\Users\MPIN\source\repos\miguel-pvs\PVSDashboard.Tests\bin\Debug\net6.0\PVSDashboard.Tests.dll" adapterTypeName="executor://xunit/VsTestRunner2/netcoreapp" className="PVSDashboard.Tests.Infrastructure.CheckInApplicationUserTests" name="CallPublishLocationAsyncAndPublishLocation" />
    </UnitTest>
    <UnitTest name="GetAllLocation should be called on ApplicationUserRepository" storage="c:\users\mpin\source\repos\miguel-pvs\pvsdashboard.tests\bin\debug\net6.0\pvsdashboard.tests.dll" id="d141e4ed-3e45-af7f-e8e6-f9fab02bd457">
      <Execution id="1cef0010-69fc-4332-91b4-a8ba08d260e9" />
      <TestMethod codeBase="C:\Users\MPIN\source\repos\miguel-pvs\PVSDashboard.Tests\bin\Debug\net6.0\PVSDashboard.Tests.dll" adapterTypeName="executor://xunit/VsTestRunner2/netcoreapp" className="PVSDashboard.Tests.Persistance.ApplicationUserRepositoryTests.GetAllLocationsTests" name="GetAllLocationShouldReturnCreatedUser_WhenRepositoryIsCalled" />
    </UnitTest>
    <UnitTest name="Body should have a child validator" storage="c:\users\mpin\source\repos\miguel-pvs\pvsdashboard.tests\bin\debug\net6.0\pvsdashboard.tests.dll" id="b7a4cae9-786e-03c5-10f1-2f139736239e">
      <Execution id="5ce1c919-9f88-4069-bd9c-c7e7436731d3" />
      <TestMethod codeBase="C:\Users\MPIN\source\repos\miguel-pvs\PVSDashboard.Tests\bin\Debug\net6.0\PVSDashboard.Tests.dll" adapterTypeName="executor://xunit/VsTestRunner2/netcoreapp" className="PVSDashboard.Tests.Application.ApplicationUsers.Commands.CreateApplicationUser.CreateApplicationUserCommandValidatorTests" name="Body_ShouldHaveChildValidator" />
    </UnitTest>
    <UnitTest name="BreakWorkPatternAsync should split beginning of the work pattern when user has a absent" storage="c:\users\mpin\source\repos\miguel-pvs\pvsdashboard.tests\bin\debug\net6.0\pvsdashboard.tests.dll" id="bf5aca2d-da30-a176-2ebd-18a9a49b2438">
      <Execution id="28cc56a2-dc34-4f19-9c63-7ccc4752454f" />
      <TestMethod codeBase="C:\Users\MPIN\source\repos\miguel-pvs\PVSDashboard.Tests\bin\Debug\net6.0\PVSDashboard.Tests.dll" adapterTypeName="executor://xunit/VsTestRunner2/netcoreapp" className="PVSDashboard.Tests.Timers.BreakWorkPatternTests" name="BreakWorkPatternAsyncShouldAlterBeginOfPart_WhenUserHasAnAbsent" />
    </UnitTest>
    <UnitTest name="Publish Check-In Test - ShouldPublish Two CheckIns,one false and one true" storage="c:\users\mpin\source\repos\miguel-pvs\pvsdashboard.tests\bin\debug\net6.0\pvsdashboard.tests.dll" id="a7b49f22-b6d1-2a41-340e-b023abcd9cd3">
      <Execution id="ca1034ba-36ce-4067-b931-5a103ab4f045" />
      <TestMethod codeBase="C:\Users\MPIN\source\repos\miguel-pvs\PVSDashboard.Tests\bin\Debug\net6.0\PVSDashboard.Tests.dll" adapterTypeName="executor://xunit/VsTestRunner2/netcoreapp" className="PVSDashboard.Tests.Infrastructure.CheckInApplicationUserTests" name="TestCallEachUserAndPublishEveryCheckIn" />
    </UnitTest>
    <UnitTest name="Handle should throw ArgumentNullException when command is not set" storage="c:\users\mpin\source\repos\miguel-pvs\pvsdashboard.tests\bin\debug\net6.0\pvsdashboard.tests.dll" id="6dc08e3c-59fa-6a33-76a3-cd8fedc2e8b0">
      <Execution id="d2298b0c-b75c-47d6-9754-9be423d352a9" />
      <TestMethod codeBase="C:\Users\MPIN\source\repos\miguel-pvs\PVSDashboard.Tests\bin\Debug\net6.0\PVSDashboard.Tests.dll" adapterTypeName="executor://xunit/VsTestRunner2/netcoreapp" className="PVSDashboard.Tests.Application.EventHandlers.UnsEventHandlers.PublishCheckInEventHandlerTests" name="HandleShouldThrowArgumentNullException_WhenCommandIsNotSet" />
    </UnitTest>
    <UnitTest name="UpdateApplicationUser should be called on ApplicationUserRepository" storage="c:\users\mpin\source\repos\miguel-pvs\pvsdashboard.tests\bin\debug\net6.0\pvsdashboard.tests.dll" id="aebe3033-d236-3230-22c9-a318041563af">
      <Execution id="e3e43ec2-c71e-4c40-a894-94ec5cc6dbca" />
      <TestMethod codeBase="C:\Users\MPIN\source\repos\miguel-pvs\PVSDashboard.Tests\bin\Debug\net6.0\PVSDashboard.Tests.dll" adapterTypeName="executor://xunit/VsTestRunner2/netcoreapp" className="PVSDashboard.Tests.Persistance.ApplicationUserRepositoryTests.UpdateApplicationUsersTests" name="UpdateApplicationUserShouldReturnUpdatedUser_WhenRepositoryIsCalled" />
    </UnitTest>
    <UnitTest name="Id when guid should not have error" storage="c:\users\mpin\source\repos\miguel-pvs\pvsdashboard.tests\bin\debug\net6.0\pvsdashboard.tests.dll" id="6a369ab2-d194-4c06-dd69-f34827735914">
      <Execution id="80d9b0f8-50ec-4c99-9ad4-7b7ffcf0b77d" />
      <TestMethod codeBase="C:\Users\MPIN\source\repos\miguel-pvs\PVSDashboard.Tests\bin\Debug\net6.0\PVSDashboard.Tests.dll" adapterTypeName="executor://xunit/VsTestRunner2/netcoreapp" className="PVSDashboard.Tests.Application.Absents.Commands.DeleteAbsent.DeleteAbsentCommandValidatorTests" name="UserId_WhenTwo_ShouldNotHaveError" />
    </UnitTest>
    <UnitTest name="GetAbsent should be called on AbsentRepository" storage="c:\users\mpin\source\repos\miguel-pvs\pvsdashboard.tests\bin\debug\net6.0\pvsdashboard.tests.dll" id="ab50d149-3e7d-44be-4975-71336fc1a6cc">
      <Execution id="940cdba6-b015-45f7-ad96-545ce1de87e8" />
      <TestMethod codeBase="C:\Users\MPIN\source\repos\miguel-pvs\PVSDashboard.Tests\bin\Debug\net6.0\PVSDashboard.Tests.dll" adapterTypeName="executor://xunit/VsTestRunner2/netcoreapp" className="PVSDashboard.Tests.Persistance.AbsentRepositoryTests.GetAbsentsTests" name="GetAbsentShouldReturnNullWhenWrongIdIsCalled_WhenRepositoryIsCalled" />
    </UnitTest>
    <UnitTest name="UserId when two should not have error" storage="c:\users\mpin\source\repos\miguel-pvs\pvsdashboard.tests\bin\debug\net6.0\pvsdashboard.tests.dll" id="f9bd4d3f-860a-0383-fb90-009e97e6a337">
      <Execution id="e0afa484-6a68-416d-9d63-89ba3b2397d0" />
      <TestMethod codeBase="C:\Users\MPIN\source\repos\miguel-pvs\PVSDashboard.Tests\bin\Debug\net6.0\PVSDashboard.Tests.dll" adapterTypeName="executor://xunit/VsTestRunner2/netcoreapp" className="PVSDashboard.Tests.Application.WorkPatterns.Commands.CreateWorkPattern.CreateWorkPatternCommandValidatorTests" name="UserId_WhenTwo_ShouldNotHaveError" />
    </UnitTest>
    <UnitTest name="Id when empty should have error" storage="c:\users\mpin\source\repos\miguel-pvs\pvsdashboard.tests\bin\debug\net6.0\pvsdashboard.tests.dll" id="f35f0ddf-2e23-6804-417a-4106134b4a7b">
      <Execution id="e92c44c1-e31a-422e-9e30-1ad8f9e2bb53" />
      <TestMethod codeBase="C:\Users\MPIN\source\repos\miguel-pvs\PVSDashboard.Tests\bin\Debug\net6.0\PVSDashboard.Tests.dll" adapterTypeName="executor://xunit/VsTestRunner2/netcoreapp" className="PVSDashboard.Tests.Application.Absents.Queries.GetById.GetByIdCommandValidatorTests" name="UserId_WhenZero_ShouldHaveError" />
    </UnitTest>
    <UnitTest name="Handle should call DeleteAbsentAsync on AbsentRepository" storage="c:\users\mpin\source\repos\miguel-pvs\pvsdashboard.tests\bin\debug\net6.0\pvsdashboard.tests.dll" id="b90ff123-90e4-c029-1178-be23f2213755">
      <Execution id="26be9860-aa55-4a9f-9fb0-795fff6d4427" />
      <TestMethod codeBase="C:\Users\MPIN\source\repos\miguel-pvs\PVSDashboard.Tests\bin\Debug\net6.0\PVSDashboard.Tests.dll" adapterTypeName="executor://xunit/VsTestRunner2/netcoreapp" className="PVSDashboard.Tests.Application.Absents.Commands.DeleteAbsent.DeleteAbsentHandlerTests" name="HandleShouldCallDeleteAbsentAsyncOnAbsentRepository_WhenCommandIsSet" />
    </UnitTest>
  </TestDefinitions>
  <TestEntries>
    <TestEntry testId="271bfa7b-404f-3662-be5e-76585cdcc95a" executionId="8ed8e53c-7e5f-43e9-b8ef-720fb69c85ac" testListId="8c84fa94-04c1-424b-9868-57a2d4851a1d" />
    <TestEntry testId="d24fc46d-a5d2-1629-253a-f6eaa85d61c8" executionId="6619dc60-cfd5-4c3e-8b26-7bcdb569a32d" testListId="8c84fa94-04c1-424b-9868-57a2d4851a1d" />
    <TestEntry testId="5ad7f662-1516-02fb-117a-e4dcba67b531" executionId="afeafd17-bc55-4327-8932-418adc8da48d" testListId="8c84fa94-04c1-424b-9868-57a2d4851a1d" />
    <TestEntry testId="71d7324f-52ff-cfd4-d761-3db4d131dc6b" executionId="34db9c2a-21f1-45aa-9388-ca0d2324f362" testListId="8c84fa94-04c1-424b-9868-57a2d4851a1d" />
    <TestEntry testId="536c3e1e-c739-0c64-327e-600a1b0482a8" executionId="07ef4f82-0685-4711-a476-086ff05b7fd3" testListId="8c84fa94-04c1-424b-9868-57a2d4851a1d" />
    <TestEntry testId="292393c3-8964-7815-677e-44bf74e3ddd2" executionId="e6c54f91-6d71-412b-be7a-1d78f383e03d" testListId="8c84fa94-04c1-424b-9868-57a2d4851a1d" />
    <TestEntry testId="6a310f27-5452-26eb-573d-b89214211eba" executionId="a426b2a5-a402-44dd-b917-5cd6ff2a605f" testListId="8c84fa94-04c1-424b-9868-57a2d4851a1d" />
    <TestEntry testId="b6e7abbd-5059-cff8-1123-348c0c2bf236" executionId="d972ee3c-56a4-486e-86e0-9431a9fbc571" testListId="8c84fa94-04c1-424b-9868-57a2d4851a1d" />
    <TestEntry testId="14014fe1-e867-69d7-9c16-37e926e7bbb2" executionId="a5d36a6e-aadf-4457-aa69-f55e1ae04aeb" testListId="8c84fa94-04c1-424b-9868-57a2d4851a1d" />
    <TestEntry testId="3b6c32a8-ccf4-b4f6-f142-9f1948e4ee4d" executionId="60eee6a3-e379-4cff-b58e-6a8d15547963" testListId="8c84fa94-04c1-424b-9868-57a2d4851a1d" />
    <TestEntry testId="39479a0b-e71a-5117-4ecc-a81ba03eb95f" executionId="87995233-88a5-4acd-8b9c-d99192003f76" testListId="8c84fa94-04c1-424b-9868-57a2d4851a1d" />
    <TestEntry testId="78635eaf-6cb2-8757-8e94-9923f580bca6" executionId="66311971-385c-44cf-92bf-17fa772df6bb" testListId="8c84fa94-04c1-424b-9868-57a2d4851a1d" />
    <TestEntry testId="2ba6167d-ee41-1ff2-7079-3f87e163678f" executionId="d1adc700-00f1-4a17-a823-630c7b475b42" testListId="8c84fa94-04c1-424b-9868-57a2d4851a1d" />
    <TestEntry testId="39537503-afbf-ab0b-3f6a-c7cb51edb22c" executionId="ac60081a-c645-4557-a945-5504eba2a21b" testListId="8c84fa94-04c1-424b-9868-57a2d4851a1d" />
    <TestEntry testId="cc11f297-0a5a-6840-8510-59412ea01baf" executionId="819e0447-7124-4439-9214-f8cfa6e26a63" testListId="8c84fa94-04c1-424b-9868-57a2d4851a1d" />
    <TestEntry testId="0d4d9e11-c0b3-d084-e6ba-f068f4b811cf" executionId="8e2f9b29-b180-4e39-8814-df4c68361fd3" testListId="8c84fa94-04c1-424b-9868-57a2d4851a1d" />
    <TestEntry testId="5845b899-8ea2-d343-d868-06dc7d125f94" executionId="b6cac1f1-8e17-4e00-a728-444b057f91bf" testListId="8c84fa94-04c1-424b-9868-57a2d4851a1d" />
    <TestEntry testId="37191a2e-a8bf-b0e8-a38d-d3632b7351ea" executionId="760f68df-083e-4e58-a4c8-d53869ba2353" testListId="8c84fa94-04c1-424b-9868-57a2d4851a1d" />
    <TestEntry testId="0274a7e4-a287-e96c-0fb1-2432a825f85e" executionId="19ff71c4-7304-42e6-b711-06b3546d7f21" testListId="8c84fa94-04c1-424b-9868-57a2d4851a1d" />
    <TestEntry testId="8c5ab19a-f9af-ada5-7a4c-124ee3557a47" executionId="b571c387-304e-4e25-abc2-ede2d88facf1" testListId="8c84fa94-04c1-424b-9868-57a2d4851a1d" />
    <TestEntry testId="6d8f7b5e-d0b0-174b-007c-0710c767806d" executionId="5b40e8ea-cb44-405b-92dd-e43ca0638382" testListId="8c84fa94-04c1-424b-9868-57a2d4851a1d" />
    <TestEntry testId="dce9605e-965b-ee77-1021-2ac56be3d56a" executionId="ace37bdf-74c7-4e66-b715-6992c44bbdc4" testListId="8c84fa94-04c1-424b-9868-57a2d4851a1d" />
    <TestEntry testId="9925f13f-3bd8-abb5-c18e-a1099485483b" executionId="41458ae2-d93d-41f8-b170-a63e0ef95307" testListId="8c84fa94-04c1-424b-9868-57a2d4851a1d" />
    <TestEntry testId="44963f54-2793-108a-6e87-949487fc0e3f" executionId="ea589e3d-a785-41f6-a89a-12f36c5ae07b" testListId="8c84fa94-04c1-424b-9868-57a2d4851a1d" />
    <TestEntry testId="bd5318d5-f599-06d8-c91e-631682e0ae1b" executionId="0602940e-f7db-4e30-a1ce-7ef94e26366e" testListId="8c84fa94-04c1-424b-9868-57a2d4851a1d" />
    <TestEntry testId="d15d11b5-1212-9f07-54aa-d8efcf776be3" executionId="4da1838d-f49c-453b-8171-19846edb9287" testListId="8c84fa94-04c1-424b-9868-57a2d4851a1d" />
    <TestEntry testId="1fe8eccd-85fc-add3-eddc-d89c9265bccb" executionId="44c6fade-bbbd-403e-b9f2-1f654f49578e" testListId="8c84fa94-04c1-424b-9868-57a2d4851a1d" />
    <TestEntry testId="bf5aca2d-da30-a176-2ebd-18a9a49b2438" executionId="28cc56a2-dc34-4f19-9c63-7ccc4752454f" testListId="8c84fa94-04c1-424b-9868-57a2d4851a1d" />
    <TestEntry testId="cecc3896-44b5-cde3-eb3c-db40aeebd339" executionId="92787a95-de21-47dc-871b-3a810dbd776a" testListId="8c84fa94-04c1-424b-9868-57a2d4851a1d" />
    <TestEntry testId="a93b2ddc-c1ff-6848-d2f1-42c5c6cc7785" executionId="c3f074f9-a657-42c1-b2fa-4e479b2b779d" testListId="8c84fa94-04c1-424b-9868-57a2d4851a1d" />
    <TestEntry testId="43795a5a-1923-2a27-a0a6-7000fa3d1f43" executionId="0cc73fa9-d449-4f7e-9158-721840ca5124" testListId="8c84fa94-04c1-424b-9868-57a2d4851a1d" />
    <TestEntry testId="d51d2188-860a-99ed-5055-aff324c4d761" executionId="51d09aac-a4b7-4a11-8f90-a4976049a799" testListId="8c84fa94-04c1-424b-9868-57a2d4851a1d" />
    <TestEntry testId="97a4524c-fb24-e21b-6d69-7a1d332f31d8" executionId="d10f85ac-345d-4eb1-84f6-11e1902eb1ed" testListId="8c84fa94-04c1-424b-9868-57a2d4851a1d" />
    <TestEntry testId="a0b0ef88-59bb-25e0-7292-f591ee930b1a" executionId="35781d19-2027-4113-8e52-952dea58dd9e" testListId="8c84fa94-04c1-424b-9868-57a2d4851a1d" />
    <TestEntry testId="2e1e71dc-123a-5d76-3ef8-658c2941c638" executionId="357ea068-2f97-46ee-ab12-af4423865d6d" testListId="8c84fa94-04c1-424b-9868-57a2d4851a1d" />
    <TestEntry testId="a93ad07c-55df-d0e2-80ef-6cc377ce4595" executionId="090e8fb7-9034-45e6-8bbe-840be43871a0" testListId="8c84fa94-04c1-424b-9868-57a2d4851a1d" />
    <TestEntry testId="0a0a42e4-6f09-755c-4a12-c90744a85175" executionId="c770f0a7-4a39-4803-92f4-e8506ed0256d" testListId="8c84fa94-04c1-424b-9868-57a2d4851a1d" />
    <TestEntry testId="bf01cab6-f48b-16c2-37d4-16d3d3444fb6" executionId="39f0d87b-11f3-4639-a99e-ea4518a55aca" testListId="8c84fa94-04c1-424b-9868-57a2d4851a1d" />
    <TestEntry testId="122a2271-1ffd-855d-c032-f111c43b0a34" executionId="5fbad902-42b6-4711-9e6f-92e41b0b1b10" testListId="8c84fa94-04c1-424b-9868-57a2d4851a1d" />
    <TestEntry testId="9ae91465-11db-c615-452f-cefe2b23fc85" executionId="014fa070-1eeb-41c1-9b8e-2ed7852029fe" testListId="8c84fa94-04c1-424b-9868-57a2d4851a1d" />
    <TestEntry testId="12b65020-75e5-e147-5a5a-de6f1f5ea3ae" executionId="0a78da9a-e591-4c13-9d43-e80b8ed79875" testListId="8c84fa94-04c1-424b-9868-57a2d4851a1d" />
    <TestEntry testId="96416deb-8d1b-fe77-d397-2971cf8e2d88" executionId="66c2d9c3-9178-42f0-905e-abaccef07b43" testListId="8c84fa94-04c1-424b-9868-57a2d4851a1d" />
    <TestEntry testId="1157e2f6-9451-ae04-2fc7-12305b41a1b7" executionId="0e268b72-ffe1-44de-b85f-b174bba63ca6" testListId="8c84fa94-04c1-424b-9868-57a2d4851a1d" />
    <TestEntry testId="1633bfdd-9d47-754b-8b5c-80c8c4581a45" executionId="1d3d0ab5-4c73-4101-98cb-25a97272f829" testListId="8c84fa94-04c1-424b-9868-57a2d4851a1d" />
    <TestEntry testId="7cfd8df0-cb14-894f-c35e-ff776ef748e4" executionId="3ccb9efb-13ac-4fd6-a4df-20e766e9835e" testListId="8c84fa94-04c1-424b-9868-57a2d4851a1d" />
    <TestEntry testId="0fb86b18-8fd6-fd2e-ea02-75050e29a8f3" executionId="b1f7d786-8219-4fa4-843e-5e40230dffe6" testListId="8c84fa94-04c1-424b-9868-57a2d4851a1d" />
    <TestEntry testId="79c9270d-ff50-cf99-8820-9adab49d2beb" executionId="3b8d7f4a-4438-4e79-ba4c-587abfb40a1c" testListId="8c84fa94-04c1-424b-9868-57a2d4851a1d" />
    <TestEntry testId="ca76c4e8-9514-4f7e-215b-a28ad4919531" executionId="115b9d6c-4188-4155-9464-7763aeb1ce4d" testListId="8c84fa94-04c1-424b-9868-57a2d4851a1d" />
    <TestEntry testId="915fd969-5467-61a8-e670-76801221b997" executionId="12bc412e-4b5c-4112-bec1-d0a64e9b3499" testListId="8c84fa94-04c1-424b-9868-57a2d4851a1d" />
    <TestEntry testId="7a45602b-352b-b8c8-f18c-3dc30a5ead37" executionId="f1f44df4-b282-4573-98ec-7321deaa2db8" testListId="8c84fa94-04c1-424b-9868-57a2d4851a1d" />
    <TestEntry testId="8503ea08-d578-105f-67bc-054e2270f525" executionId="76e996b2-4e2f-404c-9cae-91d2bb0fa5ad" testListId="8c84fa94-04c1-424b-9868-57a2d4851a1d" />
    <TestEntry testId="7defe90d-b5f1-21f2-c483-f454f4e48b9d" executionId="bb556b2d-a815-44ba-88a2-ccfa65c97d7e" testListId="8c84fa94-04c1-424b-9868-57a2d4851a1d" />
    <TestEntry testId="6a369ab2-d194-4c06-dd69-f34827735914" executionId="80d9b0f8-50ec-4c99-9ad4-7b7ffcf0b77d" testListId="8c84fa94-04c1-424b-9868-57a2d4851a1d" />
    <TestEntry testId="29ea2155-dae7-7097-3813-c8485efb967e" executionId="c191eece-99d1-4fc2-aa05-dc7a820ec6a9" testListId="8c84fa94-04c1-424b-9868-57a2d4851a1d" />
    <TestEntry testId="b7687172-4d22-dbb6-081f-c988c7cc38a7" executionId="1bf1e5db-2c74-4de5-88ee-b5da3025494b" testListId="8c84fa94-04c1-424b-9868-57a2d4851a1d" />
    <TestEntry testId="5154895c-d155-20f4-1301-64c3a6e12d10" executionId="954f54c7-67e3-4b21-850a-03b2b54f3a81" testListId="8c84fa94-04c1-424b-9868-57a2d4851a1d" />
    <TestEntry testId="cd7cf20f-9f55-b64d-9d68-19011ba40e55" executionId="c629c13c-84d2-4a86-b59b-d7c6b560e352" testListId="8c84fa94-04c1-424b-9868-57a2d4851a1d" />
    <TestEntry testId="882c97c4-af2d-51cb-6407-1833f3bfe57a" executionId="a814c5f4-4793-4f03-8d00-17108b7d57ee" testListId="8c84fa94-04c1-424b-9868-57a2d4851a1d" />
    <TestEntry testId="051a5314-3371-8ba3-14c4-c524e9f38878" executionId="e9b2179e-8ef6-4a91-bfe6-4d541a001e59" testListId="8c84fa94-04c1-424b-9868-57a2d4851a1d" />
    <TestEntry testId="170533dd-2bd3-4bd1-6e41-d5a0f372fceb" executionId="c37386f1-f500-4bad-b5b9-8204e3179d17" testListId="8c84fa94-04c1-424b-9868-57a2d4851a1d" />
    <TestEntry testId="8ed1e95b-a14d-eb90-0b05-656acc1faf3d" executionId="d633c762-4213-4625-af35-bf1605ddbe29" testListId="8c84fa94-04c1-424b-9868-57a2d4851a1d" />
    <TestEntry testId="c616bd6c-9018-dacf-b56f-cb36cbba27c7" executionId="a391be24-2bce-4fe2-aa3c-13d02a0dbbd3" testListId="8c84fa94-04c1-424b-9868-57a2d4851a1d" />
    <TestEntry testId="f107d11c-4818-42f8-3660-0d7fa960698a" executionId="473132f6-cdc0-464a-ba98-0d6c43a93395" testListId="8c84fa94-04c1-424b-9868-57a2d4851a1d" />
    <TestEntry testId="61eb8b81-069a-009c-a72b-bdd31a1699de" executionId="7e597797-6236-480f-9e6a-284c97873ea5" testListId="8c84fa94-04c1-424b-9868-57a2d4851a1d" />
    <TestEntry testId="8f4a0236-090d-a3b8-f1b9-ac66e4b3a9d9" executionId="e464ef16-bbc1-485f-a5ae-202ac4ae96df" testListId="8c84fa94-04c1-424b-9868-57a2d4851a1d" />
    <TestEntry testId="298e6fd2-e9c9-82b6-e035-61349b952d31" executionId="b300d9df-4a52-4949-8bdf-016cbefc7b4b" testListId="8c84fa94-04c1-424b-9868-57a2d4851a1d" />
    <TestEntry testId="3e23614d-5743-5f55-b932-11c6228f2852" executionId="a8b503a5-66a4-4843-a421-dad43069d061" testListId="8c84fa94-04c1-424b-9868-57a2d4851a1d" />
    <TestEntry testId="752abb40-aeb6-a6dc-d84e-288ed179a5cd" executionId="48748f68-fe1d-4d9f-8ba3-b6bfd1f9c3c9" testListId="8c84fa94-04c1-424b-9868-57a2d4851a1d" />
    <TestEntry testId="a0a076a8-7453-cdd3-0d4a-7d87486bce07" executionId="3edabea8-6422-4cd9-9aba-79a5da6509b1" testListId="8c84fa94-04c1-424b-9868-57a2d4851a1d" />
    <TestEntry testId="f9d9fa0d-0993-d793-9a41-81368b33a2c4" executionId="f25de070-d8f6-44f1-9994-a8674add1fef" testListId="8c84fa94-04c1-424b-9868-57a2d4851a1d" />
    <TestEntry testId="6a5261b2-32b1-d982-576c-dde70948e800" executionId="5eef2811-e8b8-47b2-9cd1-28e5427fd18b" testListId="8c84fa94-04c1-424b-9868-57a2d4851a1d" />
    <TestEntry testId="3584ad8c-ec13-74a8-3fc9-c77a78b3efb9" executionId="8c31a3a1-f0c7-4c89-9b02-9df3a5260935" testListId="8c84fa94-04c1-424b-9868-57a2d4851a1d" />
    <TestEntry testId="662d4422-a57f-9147-5aec-13603b5f154b" executionId="c967148a-00f0-4e3b-8925-ea7f8b0351a6" testListId="8c84fa94-04c1-424b-9868-57a2d4851a1d" />
    <TestEntry testId="819c514d-9518-38ba-05b8-6871f305e7ab" executionId="0229f6b6-3359-4053-a33e-c57f23511076" testListId="8c84fa94-04c1-424b-9868-57a2d4851a1d" />
    <TestEntry testId="0723bd44-e2bf-dde8-8aea-1cc83a64e322" executionId="d58675d0-53dc-479a-8334-77bb65d2d0fd" testListId="8c84fa94-04c1-424b-9868-57a2d4851a1d" />
    <TestEntry testId="bb6a2fe5-48fc-8839-c87d-0a18cd764994" executionId="804c01ba-206b-4746-9955-c91650349fa6" testListId="8c84fa94-04c1-424b-9868-57a2d4851a1d" />
    <TestEntry testId="c3c5c773-89c5-b785-5599-19f350b8d5ce" executionId="bb802d34-1bf2-406a-9a05-76f4f5acb101" testListId="8c84fa94-04c1-424b-9868-57a2d4851a1d" />
    <TestEntry testId="24819261-e896-29c4-5ed1-615032b1eb62" executionId="f16f8cb3-e9d3-456b-beda-11ad814fb985" testListId="8c84fa94-04c1-424b-9868-57a2d4851a1d" />
    <TestEntry testId="abbe28d9-b408-b9a7-130f-5e084bb2f63d" executionId="231724ad-2776-4706-acf2-d91c826b7a37" testListId="8c84fa94-04c1-424b-9868-57a2d4851a1d" />
    <TestEntry testId="b326e71b-b1cd-ec08-d190-8b577d84a5d1" executionId="2a6a4e81-a5bf-419f-abc1-31161c013709" testListId="8c84fa94-04c1-424b-9868-57a2d4851a1d" />
    <TestEntry testId="acd2277e-4459-c4c9-962a-711dbcea93e5" executionId="684c7d51-4faa-4542-9e26-29d179628818" testListId="8c84fa94-04c1-424b-9868-57a2d4851a1d" />
    <TestEntry testId="d030bba4-b988-0375-010f-5a14cec656a4" executionId="a65656a4-aaa4-4c99-9cfe-9d3aa6929e47" testListId="8c84fa94-04c1-424b-9868-57a2d4851a1d" />
    <TestEntry testId="e214a83a-fa75-faf5-b7dc-228036262361" executionId="954f5bb7-05fb-4144-99ef-c249d9360354" testListId="8c84fa94-04c1-424b-9868-57a2d4851a1d" />
    <TestEntry testId="a98bbcf0-8eec-9e6c-7159-f17ac9652799" executionId="9e591099-baa9-4e60-b8a8-791120778713" testListId="8c84fa94-04c1-424b-9868-57a2d4851a1d" />
    <TestEntry testId="c026a61e-dc56-792d-5647-7cc98ffa824d" executionId="806ca6e8-844c-46e9-81ed-0656713d8eb4" testListId="8c84fa94-04c1-424b-9868-57a2d4851a1d" />
    <TestEntry testId="a3ab5edc-b0e9-bb86-a1f9-ca27c187b228" executionId="223b447c-c761-497b-9116-d6fd3296c3d8" testListId="8c84fa94-04c1-424b-9868-57a2d4851a1d" />
    <TestEntry testId="f0815ade-5499-d841-1149-d1edec3ad9b7" executionId="7d8de62b-b210-4f8d-952f-f924917a7032" testListId="8c84fa94-04c1-424b-9868-57a2d4851a1d" />
    <TestEntry testId="ff9f8aa6-a7c8-9018-b082-f73e8511243f" executionId="18c96dfb-d50d-4a41-a239-d28e5f842cf2" testListId="8c84fa94-04c1-424b-9868-57a2d4851a1d" />
    <TestEntry testId="9ad69c84-4794-f3da-1cda-e6f1e31376db" executionId="09d4c151-4ddc-4b9d-a8f9-de4868684790" testListId="8c84fa94-04c1-424b-9868-57a2d4851a1d" />
    <TestEntry testId="41a15eba-6f24-6780-aca0-00a5e32658a3" executionId="4f8247e3-c068-4efe-9013-c44c966d264d" testListId="8c84fa94-04c1-424b-9868-57a2d4851a1d" />
    <TestEntry testId="95e1ec6d-15a0-ce39-fafb-5123d848e9df" executionId="bbaeca24-5386-45c0-9fa4-7d0175a1664a" testListId="8c84fa94-04c1-424b-9868-57a2d4851a1d" />
    <TestEntry testId="5f941743-319e-4a32-39c3-ae87cca4c845" executionId="aab65c88-cd3d-4e5b-9983-78a32d44f56b" testListId="8c84fa94-04c1-424b-9868-57a2d4851a1d" />
    <TestEntry testId="7fb6716f-2cd7-0e77-422b-aea5f8def823" executionId="036a437e-2d84-4ad5-9f1e-899434e06170" testListId="8c84fa94-04c1-424b-9868-57a2d4851a1d" />
    <TestEntry testId="95cee648-47de-f130-c3bb-dfe2d92f3dfe" executionId="87ef3e91-de48-4ea8-9a7c-d88148d294ea" testListId="8c84fa94-04c1-424b-9868-57a2d4851a1d" />
    <TestEntry testId="9c692326-709f-6b92-b60f-0223a565a4d9" executionId="ec604272-18c1-4611-a66b-5c553278db69" testListId="8c84fa94-04c1-424b-9868-57a2d4851a1d" />
    <TestEntry testId="7b37ec18-8810-c2ec-1ba7-9824eca28a1b" executionId="bb3e2b4b-83ec-47e6-93bb-d7a425bcd25a" testListId="8c84fa94-04c1-424b-9868-57a2d4851a1d" />
    <TestEntry testId="cb7bca63-56cc-ef60-1804-e2c2d4b59395" executionId="97b6b045-630c-4960-89ed-8c80174cafb1" testListId="8c84fa94-04c1-424b-9868-57a2d4851a1d" />
    <TestEntry testId="f3f47e87-08a1-8b20-1fbb-3fb191c97e2d" executionId="325b667b-1ee5-466e-8237-11c1d526e1b7" testListId="8c84fa94-04c1-424b-9868-57a2d4851a1d" />
    <TestEntry testId="a29af0aa-7ec9-333d-788f-9d4935e17f73" executionId="167e5e6d-5fe9-4688-8c7b-02e80e670dc9" testListId="8c84fa94-04c1-424b-9868-57a2d4851a1d" />
    <TestEntry testId="d141e4ed-3e45-af7f-e8e6-f9fab02bd457" executionId="1cef0010-69fc-4332-91b4-a8ba08d260e9" testListId="8c84fa94-04c1-424b-9868-57a2d4851a1d" />
    <TestEntry testId="54a40034-2626-f3da-c033-7329f61eb4aa" executionId="f1a40733-df79-4187-9339-ef7db2c609d6" testListId="8c84fa94-04c1-424b-9868-57a2d4851a1d" />
    <TestEntry testId="e0296e26-e142-ca35-55f1-510a9026d1e1" executionId="2310482b-3e6e-4cf4-b3ed-9872bdcef615" testListId="8c84fa94-04c1-424b-9868-57a2d4851a1d" />
    <TestEntry testId="451ae410-827e-94c4-e8be-bd9b91ce0db7" executionId="586edd30-4678-47e2-a3ed-371e0678bb77" testListId="8c84fa94-04c1-424b-9868-57a2d4851a1d" />
    <TestEntry testId="5f0f7ed3-28c4-36be-e4f0-b50071a7a544" executionId="f592db6b-0a31-443d-80aa-6dee3a3ad515" testListId="8c84fa94-04c1-424b-9868-57a2d4851a1d" />
    <TestEntry testId="64f40292-556d-2912-246f-90fd7d9aa768" executionId="36485f20-f96a-4540-8f48-6e35b76f251b" testListId="8c84fa94-04c1-424b-9868-57a2d4851a1d" />
    <TestEntry testId="6dc08e3c-59fa-6a33-76a3-cd8fedc2e8b0" executionId="d2298b0c-b75c-47d6-9754-9be423d352a9" testListId="8c84fa94-04c1-424b-9868-57a2d4851a1d" />
    <TestEntry testId="88aff77c-2dca-730a-23b1-dd96a78324b8" executionId="81c635cc-0d00-4d67-a61b-881bbcf55ad6" testListId="8c84fa94-04c1-424b-9868-57a2d4851a1d" />
    <TestEntry testId="127632f6-4844-f310-dc06-4aa4163eaafc" executionId="db7bb864-e646-44db-9496-cd4e1f11290b" testListId="8c84fa94-04c1-424b-9868-57a2d4851a1d" />
    <TestEntry testId="d09a90d4-f192-0a96-9965-12ccf2f2dce6" executionId="74d83d18-1284-4fd7-b148-a083b0083227" testListId="8c84fa94-04c1-424b-9868-57a2d4851a1d" />
    <TestEntry testId="b614e820-3e22-077a-987a-06aba2ecf3e9" executionId="56995cfd-1a90-4cb7-9a06-96933439cca1" testListId="8c84fa94-04c1-424b-9868-57a2d4851a1d" />
    <TestEntry testId="9c6309b7-29e5-d463-c10b-95d822ba1753" executionId="ae413790-6288-4b2c-b122-25185a84b415" testListId="8c84fa94-04c1-424b-9868-57a2d4851a1d" />
    <TestEntry testId="c2146bc5-d9e5-c7aa-dc2e-33b2c55dc385" executionId="7bb823e3-783b-4615-b685-2a5717af3a58" testListId="8c84fa94-04c1-424b-9868-57a2d4851a1d" />
    <TestEntry testId="dd90e2df-fd0f-6e8a-2b7e-0454d8190393" executionId="4cb1896e-09ba-4933-8f84-f97d336d2c2b" testListId="8c84fa94-04c1-424b-9868-57a2d4851a1d" />
    <TestEntry testId="07c75fc9-1c86-918f-742c-054909650bda" executionId="c58f6d0a-51e6-4a69-8dae-87faa875c08e" testListId="8c84fa94-04c1-424b-9868-57a2d4851a1d" />
    <TestEntry testId="a6ed8226-6452-3f2a-d7c3-ba01c8f6c236" executionId="69afac45-33da-4389-a78a-f71e82093669" testListId="8c84fa94-04c1-424b-9868-57a2d4851a1d" />
    <TestEntry testId="612f972d-76db-2b51-6f8a-3ecf2b8d4182" executionId="2327abfd-9647-48a9-ad0d-3cd17439549c" testListId="8c84fa94-04c1-424b-9868-57a2d4851a1d" />
    <TestEntry testId="4b2e3b75-6eab-c274-0cf0-09da5150e4cf" executionId="9f34d8dc-b7f2-49fb-8970-921993dbdd90" testListId="8c84fa94-04c1-424b-9868-57a2d4851a1d" />
    <TestEntry testId="782bb775-5959-682b-2ab5-27146b6889ab" executionId="a9ea3d59-e580-47d3-8e70-1802f7224274" testListId="8c84fa94-04c1-424b-9868-57a2d4851a1d" />
    <TestEntry testId="0f0e3fa4-8670-ef19-81e3-4ab1a48e9b7e" executionId="ac4a03f9-5652-4cae-8e41-6bee060b9765" testListId="8c84fa94-04c1-424b-9868-57a2d4851a1d" />
    <TestEntry testId="32f481c0-45b1-61bf-66b1-caa5b8e2deed" executionId="98438e2f-412c-46da-b9bc-225e7420b1c4" testListId="8c84fa94-04c1-424b-9868-57a2d4851a1d" />
    <TestEntry testId="322a542a-f021-697e-2ea3-46ab975252b3" executionId="34a86964-0ae8-4e33-8a50-1e8669546db5" testListId="8c84fa94-04c1-424b-9868-57a2d4851a1d" />
    <TestEntry testId="3afd63b8-8ed6-d81b-e280-b472c72c7cf2" executionId="645176c3-3dec-42e6-b0b4-29e48d4d865c" testListId="8c84fa94-04c1-424b-9868-57a2d4851a1d" />
    <TestEntry testId="9e5d7a0e-4ffc-18a9-d974-bf86f92af028" executionId="e7136109-19f8-4a13-9905-2c685357fb6d" testListId="8c84fa94-04c1-424b-9868-57a2d4851a1d" />
    <TestEntry testId="b53d5ef0-5490-32a1-c589-1905ca893e97" executionId="e82ea9a4-d70e-4015-bf34-c7202fbdaeaf" testListId="8c84fa94-04c1-424b-9868-57a2d4851a1d" />
    <TestEntry testId="d1138717-0d54-cd64-9bc4-30d54b6e822e" executionId="e7a329cd-2d19-40d5-8e40-511318fd8ce4" testListId="8c84fa94-04c1-424b-9868-57a2d4851a1d" />
    <TestEntry testId="8319f275-c49a-f924-916b-1d7651a721d4" executionId="a97d4451-0c39-4c79-8feb-0aedf0f2a508" testListId="8c84fa94-04c1-424b-9868-57a2d4851a1d" />
    <TestEntry testId="82d1d7e5-ab9b-5f29-4865-38cc0542af72" executionId="60ceb9db-277f-4e15-ac04-d0c9fe0db217" testListId="8c84fa94-04c1-424b-9868-57a2d4851a1d" />
    <TestEntry testId="f3afc3a0-220e-d5a2-8af0-4f8acfbc6ae2" executionId="3f7dc04c-f3a2-4ed7-8765-cefc24044c3a" testListId="8c84fa94-04c1-424b-9868-57a2d4851a1d" />
    <TestEntry testId="0fb325f5-cd9e-ebd5-c269-04eb3582b4f7" executionId="540423b7-e281-4d8d-895d-44ac241a469e" testListId="8c84fa94-04c1-424b-9868-57a2d4851a1d" />
    <TestEntry testId="b8068b19-6c9d-f40b-e75c-dfd9fcd2c67a" executionId="258ab0d0-e5c1-47b9-8864-d78a59564b49" testListId="8c84fa94-04c1-424b-9868-57a2d4851a1d" />
    <TestEntry testId="3e2d35bf-9478-7e2a-a6cd-1d4fdedfb9ad" executionId="ede00cd9-1810-4df5-b02e-41ebe75835d8" testListId="8c84fa94-04c1-424b-9868-57a2d4851a1d" />
    <TestEntry testId="ad5a3d42-36b5-80eb-5ae2-ad76a8c3027e" executionId="5e3de462-acfe-4065-badd-d55fa1cc5ff4" testListId="8c84fa94-04c1-424b-9868-57a2d4851a1d" />
    <TestEntry testId="b90ff123-90e4-c029-1178-be23f2213755" executionId="26be9860-aa55-4a9f-9fb0-795fff6d4427" testListId="8c84fa94-04c1-424b-9868-57a2d4851a1d" />
    <TestEntry testId="9a0406a9-22bd-96c6-1882-dd6fa4e4d9ec" executionId="e2fb9d50-554e-4168-9f3a-4d20fb4f80fc" testListId="8c84fa94-04c1-424b-9868-57a2d4851a1d" />
    <TestEntry testId="b6dcaad7-7901-4e09-5b5b-f4a7194519d3" executionId="9edc9f60-8edb-4857-a40c-e2f122618a2a" testListId="8c84fa94-04c1-424b-9868-57a2d4851a1d" />
    <TestEntry testId="b03bf5b4-82b5-351c-788d-185f80c0228f" executionId="61822889-15cf-4a7b-a5b2-147f84846d71" testListId="8c84fa94-04c1-424b-9868-57a2d4851a1d" />
    <TestEntry testId="81a9a9b8-c61d-a8a6-338e-f5703659314d" executionId="c7f13e0f-30a5-4940-85b3-74d26077cbf2" testListId="8c84fa94-04c1-424b-9868-57a2d4851a1d" />
    <TestEntry testId="183dd268-0c91-1032-b165-a05b0fd864de" executionId="d198dd7b-05be-4ad8-a34e-030d2a68b7d3" testListId="8c84fa94-04c1-424b-9868-57a2d4851a1d" />
    <TestEntry testId="4f40d3ad-b8ed-fa41-cf52-ef561f0128b9" executionId="3a084895-b6c6-4d19-974c-5cf5043c4771" testListId="8c84fa94-04c1-424b-9868-57a2d4851a1d" />
    <TestEntry testId="930579ab-489a-6877-7d88-bde3f23847d4" executionId="938b9456-a1f1-4d9d-a367-d14055e18da7" testListId="8c84fa94-04c1-424b-9868-57a2d4851a1d" />
    <TestEntry testId="525c7d19-6c61-14c5-a206-99095b382959" executionId="71f99ee5-6f71-422c-b59e-c1186315e94c" testListId="8c84fa94-04c1-424b-9868-57a2d4851a1d" />
    <TestEntry testId="8db67ed0-0e71-ee25-6273-494e89d17ef6" executionId="cdf9de98-f410-4891-92a8-b373334d80fc" testListId="8c84fa94-04c1-424b-9868-57a2d4851a1d" />
    <TestEntry testId="17060bf1-ae00-536e-2004-7057fb61ae65" executionId="de60d5a0-f9f3-4129-8c78-e6ee1d1ff517" testListId="8c84fa94-04c1-424b-9868-57a2d4851a1d" />
    <TestEntry testId="28c90f2e-b25e-fd04-e713-1daf7da0a78a" executionId="bbea3ade-1dad-442d-aa92-328a3af99db3" testListId="8c84fa94-04c1-424b-9868-57a2d4851a1d" />
    <TestEntry testId="dab45caa-90d9-977b-38e4-356eb4f231db" executionId="d980997e-52fa-4bab-8b54-1b64c93016bd" testListId="8c84fa94-04c1-424b-9868-57a2d4851a1d" />
    <TestEntry testId="97664390-74a2-ebb5-e008-6a9052a14c4a" executionId="4bfb4b1c-d464-4671-aae9-94dfa5b180bd" testListId="8c84fa94-04c1-424b-9868-57a2d4851a1d" />
    <TestEntry testId="59128846-617f-2fd7-f603-cede6d48d8cb" executionId="65cffa3b-4736-4730-82ad-09db69b9acc7" testListId="8c84fa94-04c1-424b-9868-57a2d4851a1d" />
    <TestEntry testId="dd6d4f7d-827e-d5e4-d190-935561962a68" executionId="ed443f94-abd3-4765-ad63-4fabcb88879b" testListId="8c84fa94-04c1-424b-9868-57a2d4851a1d" />
    <TestEntry testId="7e843e2d-ea6f-3a5c-8893-a66eecc3340a" executionId="6360b3e4-a1bf-4aa4-ac7e-70ab38daf983" testListId="8c84fa94-04c1-424b-9868-57a2d4851a1d" />
    <TestEntry testId="d0b2a8ec-ba52-1fee-3f49-23fb5a71f9a4" executionId="7d7740e0-ada4-4d50-b50e-570fbf6050cb" testListId="8c84fa94-04c1-424b-9868-57a2d4851a1d" />
    <TestEntry testId="a864b75a-e3e3-69a0-1f7e-e78c4a4d56b9" executionId="e303975f-5e01-4841-a05e-0a955e2b6874" testListId="8c84fa94-04c1-424b-9868-57a2d4851a1d" />
    <TestEntry testId="04629d4c-399a-ee38-e819-24ee5b64810c" executionId="687716a8-4819-452f-b6aa-7a358abb155d" testListId="8c84fa94-04c1-424b-9868-57a2d4851a1d" />
    <TestEntry testId="d305be99-1d11-af7e-9253-985ce2ccc564" executionId="2dd1f16e-2604-43d3-ab21-a30b60294aa7" testListId="8c84fa94-04c1-424b-9868-57a2d4851a1d" />
    <TestEntry testId="02c79312-e76a-2590-5441-6b3f06650397" executionId="6bbcbeb0-96a9-41a6-9406-a51fbcecced5" testListId="8c84fa94-04c1-424b-9868-57a2d4851a1d" />
    <TestEntry testId="e3c69655-9d2f-1b7a-2c10-b9cdea1ef550" executionId="b77d3417-d73a-4e73-85c9-d828df3bf3d2" testListId="8c84fa94-04c1-424b-9868-57a2d4851a1d" />
    <TestEntry testId="b4a0f669-1df1-9c5a-eb51-3312bada663e" executionId="8778ee87-1101-45ad-a072-5595a6bcb905" testListId="8c84fa94-04c1-424b-9868-57a2d4851a1d" />
    <TestEntry testId="7519effa-d009-e1a7-b1ef-21cef1126d9a" executionId="9533fbc2-7b8a-4365-92a3-0d09f765e3d5" testListId="8c84fa94-04c1-424b-9868-57a2d4851a1d" />
    <TestEntry testId="f826a2a6-ba98-619a-eb31-ee3ad00d6ae4" executionId="5e05682d-329c-4a08-af28-19f4b4ee95e0" testListId="8c84fa94-04c1-424b-9868-57a2d4851a1d" />
    <TestEntry testId="413519a2-11bc-c4a6-b8f4-fce889abdbc0" executionId="e89461e2-ce46-4461-9ba2-6889f9d66c04" testListId="8c84fa94-04c1-424b-9868-57a2d4851a1d" />
    <TestEntry testId="c7263076-50fe-8fc3-c6ab-6778580d56bf" executionId="7f7d6540-e2cf-474f-b138-f8be208822b8" testListId="8c84fa94-04c1-424b-9868-57a2d4851a1d" />
    <TestEntry testId="b45f0da6-4e61-4f0c-9204-2ca6f06893a3" executionId="3e8f8245-bad5-4348-a514-88a9d1847c7b" testListId="8c84fa94-04c1-424b-9868-57a2d4851a1d" />
    <TestEntry testId="0bf309d9-7a0f-2c16-677b-8c15c50abce5" executionId="34fa53d2-375c-4561-abdb-b9e52423808f" testListId="8c84fa94-04c1-424b-9868-57a2d4851a1d" />
    <TestEntry testId="25107bc8-59b7-8256-5e0d-301ba6f6235b" executionId="f04cfcad-8cbb-4970-a35a-9ffb19f0ac30" testListId="8c84fa94-04c1-424b-9868-57a2d4851a1d" />
    <TestEntry testId="feb6be2d-3bdd-c79e-7d46-c49e671f4ece" executionId="fa021443-320d-45c3-879b-8d3ee37d3016" testListId="8c84fa94-04c1-424b-9868-57a2d4851a1d" />
    <TestEntry testId="85df0c5f-15d7-1b47-d194-85032d7f84e0" executionId="e3de617d-6cf8-4486-8ca1-036fce95d85e" testListId="8c84fa94-04c1-424b-9868-57a2d4851a1d" />
    <TestEntry testId="4c6142db-aec4-175a-2174-45a3dbbd67b4" executionId="01742160-b931-4660-be6c-8611b6fd9d4e" testListId="8c84fa94-04c1-424b-9868-57a2d4851a1d" />
    <TestEntry testId="2ee7c262-7cb7-81d3-26ac-b86b78a07e81" executionId="964c08d9-34c8-4a22-b9c8-9758b3799477" testListId="8c84fa94-04c1-424b-9868-57a2d4851a1d" />
    <TestEntry testId="b38c1c9e-39b5-3c17-fdf3-f9f0ffa22297" executionId="a9ff4c76-a8d6-4128-9bc2-7e81e9bbe29a" testListId="8c84fa94-04c1-424b-9868-57a2d4851a1d" />
    <TestEntry testId="d360e954-daac-db7b-5ff0-4ff27beb2a1b" executionId="ce812978-3f0b-4f52-8957-545e36e2cc9d" testListId="8c84fa94-04c1-424b-9868-57a2d4851a1d" />
    <TestEntry testId="aa68fe52-b786-328b-4689-eb4e73fdffc8" executionId="395842d7-6aa6-425d-b0bb-4306b6e22667" testListId="8c84fa94-04c1-424b-9868-57a2d4851a1d" />
    <TestEntry testId="d26c4517-8c7b-d7c2-7f5d-ece07c675fb5" executionId="47cefbbd-abf6-4ddb-9708-37139627900a" testListId="8c84fa94-04c1-424b-9868-57a2d4851a1d" />
    <TestEntry testId="06f81eff-7547-f145-45b8-7c531aff1117" executionId="7ea2b2f3-51a3-4c9d-bd15-86776565d6e5" testListId="8c84fa94-04c1-424b-9868-57a2d4851a1d" />
    <TestEntry testId="ac9f6757-b81e-5d1f-f1f5-714dc24fd162" executionId="b0a04eaa-8b17-44ff-ba12-381e99bf28db" testListId="8c84fa94-04c1-424b-9868-57a2d4851a1d" />
    <TestEntry testId="8c4a672e-741d-22e3-1b88-957c215cb05a" executionId="13bdd266-6944-43aa-a6af-00834af8057a" testListId="8c84fa94-04c1-424b-9868-57a2d4851a1d" />
    <TestEntry testId="9e157229-1c2f-9add-58de-54cc728f64d0" executionId="3889ba70-3887-4b65-bf4e-9e45b460df9b" testListId="8c84fa94-04c1-424b-9868-57a2d4851a1d" />
    <TestEntry testId="56f89dca-5059-af8b-7096-8b90d6084cfb" executionId="b4dff2a2-ff42-4a00-a003-4a9b0498e8de" testListId="8c84fa94-04c1-424b-9868-57a2d4851a1d" />
    <TestEntry testId="f2bf2626-cb50-beac-4de1-49d72bf97b03" executionId="59279c65-f3bd-4509-b8b4-785a55808c75" testListId="8c84fa94-04c1-424b-9868-57a2d4851a1d" />
    <TestEntry testId="59fbe168-5cc9-db1a-9c4a-d101fa0e9795" executionId="b950d6b0-086e-4c79-94fd-5379c811a1a1" testListId="8c84fa94-04c1-424b-9868-57a2d4851a1d" />
    <TestEntry testId="843d11a2-b63b-77d0-5c12-8fbfe7da750d" executionId="fd031a77-0b91-43e8-bde0-2fc70bfbf785" testListId="8c84fa94-04c1-424b-9868-57a2d4851a1d" />
    <TestEntry testId="864ae539-d4d4-f2c8-7de4-24b443a6140b" executionId="f7b6b1f3-2b19-4e95-ab0e-63eaf255094a" testListId="8c84fa94-04c1-424b-9868-57a2d4851a1d" />
    <TestEntry testId="814d426e-fa9e-dcbc-1f16-9ebe2085529d" executionId="c31c981d-906b-42cc-a6ca-3d9247af3390" testListId="8c84fa94-04c1-424b-9868-57a2d4851a1d" />
    <TestEntry testId="c21ff2c8-6977-6eee-a2a9-ebf160433089" executionId="8dd08ed7-2bad-41f7-8433-563a9626606d" testListId="8c84fa94-04c1-424b-9868-57a2d4851a1d" />
    <TestEntry testId="16fa69ab-6d78-a715-68d3-51ba63c2bd32" executionId="faf9dae8-8775-410d-9a26-862b9d18e116" testListId="8c84fa94-04c1-424b-9868-57a2d4851a1d" />
    <TestEntry testId="36e51fa4-2ba5-d6ee-6e3e-8363b69153aa" executionId="c8a1c05e-5fd9-42ea-a214-a3af58b0c7ee" testListId="8c84fa94-04c1-424b-9868-57a2d4851a1d" />
    <TestEntry testId="6fca12ee-5fd1-7b80-9526-a04a7d720eb2" executionId="64ef70b2-5e77-4860-8230-eddb4e6ce072" testListId="8c84fa94-04c1-424b-9868-57a2d4851a1d" />
    <TestEntry testId="dc9ae7ff-9dae-bc7f-6804-10728c8db5a8" executionId="d2789fd1-edbe-4dbc-b4c6-c6a86b485751" testListId="8c84fa94-04c1-424b-9868-57a2d4851a1d" />
    <TestEntry testId="8c0d8121-d54c-8cf2-6321-cb99fc47e826" executionId="7beb07df-a81b-4a4b-8689-1302af190f27" testListId="8c84fa94-04c1-424b-9868-57a2d4851a1d" />
    <TestEntry testId="a138224c-a298-bb4d-f2fe-e10405c83caa" executionId="7fe738eb-e76f-4ce6-a8e9-c0de849e4da5" testListId="8c84fa94-04c1-424b-9868-57a2d4851a1d" />
    <TestEntry testId="46940ef4-69f9-b9be-c735-81544806062c" executionId="1d437709-c146-4625-ae43-bf07f61f5733" testListId="8c84fa94-04c1-424b-9868-57a2d4851a1d" />
    <TestEntry testId="d2e4186e-0a33-be03-a353-9aae06a8792c" executionId="c0ef7d74-a4d6-4072-8529-36b6afb34960" testListId="8c84fa94-04c1-424b-9868-57a2d4851a1d" />
    <TestEntry testId="cc70a3b8-23bc-4a81-495a-0970f62a6211" executionId="c44865d4-b113-400f-88b2-a788fcb3fe4f" testListId="8c84fa94-04c1-424b-9868-57a2d4851a1d" />
    <TestEntry testId="d8f00492-f801-fc15-b38b-bb018a6a0235" executionId="ef2f2508-e118-4224-b47f-db9b505a6981" testListId="8c84fa94-04c1-424b-9868-57a2d4851a1d" />
    <TestEntry testId="31d426af-6400-91ed-4743-4ca477c0d68b" executionId="3e922d2c-8597-40e4-be79-3d47e374b6b0" testListId="8c84fa94-04c1-424b-9868-57a2d4851a1d" />
    <TestEntry testId="b82f978c-f837-dd3e-1ae4-18080f269959" executionId="a6f3bd9c-c943-48e1-8157-8b9cfec4e760" testListId="8c84fa94-04c1-424b-9868-57a2d4851a1d" />
    <TestEntry testId="e40b2627-e4c3-0bed-2353-7c91aa2c448a" executionId="09445b28-0f35-40e7-a0d1-5da8ed843bd4" testListId="8c84fa94-04c1-424b-9868-57a2d4851a1d" />
    <TestEntry testId="2be9803e-8d2b-0aca-d2d7-ca6acec783f1" executionId="c4dfc038-e9ad-438b-b73f-e8445b121ef4" testListId="8c84fa94-04c1-424b-9868-57a2d4851a1d" />
    <TestEntry testId="ac826ac1-b49d-774e-c5ea-87b904cf8eff" executionId="5fd02e91-3a31-4a20-9fef-38fdb82c88d4" testListId="8c84fa94-04c1-424b-9868-57a2d4851a1d" />
    <TestEntry testId="faacfeae-2a3b-a36c-34d9-b13b09f2bbc0" executionId="9d01575b-9f85-49d4-9dd8-ba1bf6b3b05a" testListId="8c84fa94-04c1-424b-9868-57a2d4851a1d" />
    <TestEntry testId="5e4d0f3b-565d-c9a8-e69d-e499637eb1dc" executionId="a9d8e39a-196a-48a0-b276-64a650a8a438" testListId="8c84fa94-04c1-424b-9868-57a2d4851a1d" />
    <TestEntry testId="45c1c4f9-8105-2185-6b6c-2fb326db2e58" executionId="0ab72e4d-21a6-4a7b-bbbf-74c190cb1a76" testListId="8c84fa94-04c1-424b-9868-57a2d4851a1d" />
    <TestEntry testId="d9f71b6c-c729-0275-eae0-0fd9ce32d74b" executionId="1cbc1f1c-0ab4-4da3-8b7a-90cf30f78021" testListId="8c84fa94-04c1-424b-9868-57a2d4851a1d" />
    <TestEntry testId="386a068d-e2e5-5489-4749-8e317fc1d02f" executionId="ee25e2c4-c6a7-4bce-bcd7-81e31804b2f3" testListId="8c84fa94-04c1-424b-9868-57a2d4851a1d" />
    <TestEntry testId="6ff83d5c-5ddf-f32c-7dfb-2832e41f3949" executionId="3ca79764-a6fa-4104-a1e8-412a21aa04bc" testListId="8c84fa94-04c1-424b-9868-57a2d4851a1d" />
    <TestEntry testId="55ef0d05-4fb7-daf0-eaaf-99db07124667" executionId="166f396a-4f0b-4a17-9bfe-9c461e55c3c8" testListId="8c84fa94-04c1-424b-9868-57a2d4851a1d" />
    <TestEntry testId="8bd17077-987b-9649-0c21-807d633687ed" executionId="43fb010b-5dee-425c-ba19-3973c09d671f" testListId="8c84fa94-04c1-424b-9868-57a2d4851a1d" />
    <TestEntry testId="e868625a-0c17-fd8a-53c5-3ced3396ca24" executionId="39d0f443-f927-4d26-8514-a8aa2bd80792" testListId="8c84fa94-04c1-424b-9868-57a2d4851a1d" />
    <TestEntry testId="97766202-eb6c-c69c-1a69-bc11f00dda82" executionId="cfa30bf7-e357-4fa0-9645-9141d8f05cdd" testListId="8c84fa94-04c1-424b-9868-57a2d4851a1d" />
    <TestEntry testId="635d71d1-1c8d-e745-6d54-895d4b261e84" executionId="6960d248-30d8-423c-a7ca-2c7b49edd582" testListId="8c84fa94-04c1-424b-9868-57a2d4851a1d" />
    <TestEntry testId="68c3fcc4-3bc3-3499-8cf2-ccef8262d7cd" executionId="fdec0112-80e4-4f3e-82e1-aba73a854756" testListId="8c84fa94-04c1-424b-9868-57a2d4851a1d" />
    <TestEntry testId="a23c2bca-492f-75f4-f745-3fedb05d1d53" executionId="a797c3d9-c77e-4c0a-acc7-8de3fa9e39c8" testListId="8c84fa94-04c1-424b-9868-57a2d4851a1d" />
    <TestEntry testId="d8b101e7-91df-a245-6b96-9aaf35d9efc9" executionId="01366203-39af-4c98-bbcf-158a81c498da" testListId="8c84fa94-04c1-424b-9868-57a2d4851a1d" />
    <TestEntry testId="3e302f0f-8760-1d87-49c6-5f3bbe5f3a4a" executionId="57f18c98-3bc0-413c-be88-804d3a94377b" testListId="8c84fa94-04c1-424b-9868-57a2d4851a1d" />
    <TestEntry testId="3558a157-a6b0-4cc4-f068-c9db561b4789" executionId="42b66581-85ef-40a6-ae9f-b1232d49de68" testListId="8c84fa94-04c1-424b-9868-57a2d4851a1d" />
    <TestEntry testId="911ae9ef-71cb-d325-1200-6108ef70e390" executionId="9e92cc5a-ef7f-4f70-9ea4-2a6fb468f6f0" testListId="8c84fa94-04c1-424b-9868-57a2d4851a1d" />
    <TestEntry testId="afa65193-ff57-9ef3-9ece-2d16561de008" executionId="f5307534-7f6a-4b5a-a9af-6abba0287978" testListId="8c84fa94-04c1-424b-9868-57a2d4851a1d" />
    <TestEntry testId="6144cbc8-6aa4-996e-c202-c1044268adc0" executionId="f218c0de-c861-4e04-9b24-c893c0842774" testListId="8c84fa94-04c1-424b-9868-57a2d4851a1d" />
    <TestEntry testId="be487905-ec46-e555-cdb4-599fd49b488d" executionId="188b491c-a600-4fc6-9fa5-7e7cf7fa6aa0" testListId="8c84fa94-04c1-424b-9868-57a2d4851a1d" />
    <TestEntry testId="beee40a8-75cf-4d8d-4792-c2e218a384ee" executionId="4ac14884-9614-4e90-aa94-2fa74bbbfb51" testListId="8c84fa94-04c1-424b-9868-57a2d4851a1d" />
    <TestEntry testId="c068212d-e57c-766a-7bce-c404cc1adae6" executionId="bd82ce4b-2b27-4131-8147-c6bc896d6e5a" testListId="8c84fa94-04c1-424b-9868-57a2d4851a1d" />
    <TestEntry testId="16bac149-a6d1-635e-3ada-88003fa9c871" executionId="70b67b96-4ffa-4f1a-ab40-e6910b12b6d0" testListId="8c84fa94-04c1-424b-9868-57a2d4851a1d" />
    <TestEntry testId="10bec736-4a1b-841a-504d-f70a19d29b2e" executionId="79c2e3f7-e2f4-482a-b975-627fc28e8d36" testListId="8c84fa94-04c1-424b-9868-57a2d4851a1d" />
    <TestEntry testId="2c1130d3-636d-e98e-4fa0-584f88ab9f28" executionId="fe2ccac3-c622-44e5-8566-528a2e505624" testListId="8c84fa94-04c1-424b-9868-57a2d4851a1d" />
    <TestEntry testId="1efe3966-79f8-0a0d-a10d-cef7215d7c58" executionId="50edec33-0c63-4cc8-9d8b-616c426f2e09" testListId="8c84fa94-04c1-424b-9868-57a2d4851a1d" />
    <TestEntry testId="4c8b0bb1-3420-0e1b-3e26-9ab24afd81fa" executionId="2de7c81b-290a-4360-ba93-75b7d09641b3" testListId="8c84fa94-04c1-424b-9868-57a2d4851a1d" />
    <TestEntry testId="f9bd4d3f-860a-0383-fb90-009e97e6a337" executionId="e0afa484-6a68-416d-9d63-89ba3b2397d0" testListId="8c84fa94-04c1-424b-9868-57a2d4851a1d" />
    <TestEntry testId="a7b49f22-b6d1-2a41-340e-b023abcd9cd3" executionId="ca1034ba-36ce-4067-b931-5a103ab4f045" testListId="8c84fa94-04c1-424b-9868-57a2d4851a1d" />
    <TestEntry testId="dc586d63-bdd7-fd67-472b-ffe663bc6987" executionId="4b939f22-4f28-471e-a9b3-1060835b3607" testListId="8c84fa94-04c1-424b-9868-57a2d4851a1d" />
    <TestEntry testId="aebe3033-d236-3230-22c9-a318041563af" executionId="e3e43ec2-c71e-4c40-a894-94ec5cc6dbca" testListId="8c84fa94-04c1-424b-9868-57a2d4851a1d" />
    <TestEntry testId="45f9895c-43c3-977d-b114-33acc430a9b5" executionId="f82ca037-7828-4b87-a17e-63d96c816984" testListId="8c84fa94-04c1-424b-9868-57a2d4851a1d" />
    <TestEntry testId="7ba281b6-bc52-f2c5-0438-7cbd63a4c2d2" executionId="d36755d1-1982-40b5-a533-030f901faceb" testListId="8c84fa94-04c1-424b-9868-57a2d4851a1d" />
    <TestEntry testId="f1366f95-4f72-2884-45c7-ba5168144873" executionId="585d4e80-651f-41a4-876c-9c2debff5bca" testListId="8c84fa94-04c1-424b-9868-57a2d4851a1d" />
    <TestEntry testId="9cc55be7-3d09-1c29-2809-1553c0977aed" executionId="5fdf84a9-7cea-484d-ae17-7c3181c1d26f" testListId="8c84fa94-04c1-424b-9868-57a2d4851a1d" />
    <TestEntry testId="76cc295d-59c0-c520-a818-641b8b7902ca" executionId="042e5805-e5cf-4ae1-adfa-ca4d5ba0f633" testListId="8c84fa94-04c1-424b-9868-57a2d4851a1d" />
    <TestEntry testId="7e10c6e0-e8c7-3afa-ca9d-20052e3862c1" executionId="21559364-9c46-45aa-90eb-7e42178103dc" testListId="8c84fa94-04c1-424b-9868-57a2d4851a1d" />
    <TestEntry testId="67a4fed5-b327-6068-f0f1-fa2ee89ee8ed" executionId="b32112b8-01f7-4e65-9be5-18148a84cb83" testListId="8c84fa94-04c1-424b-9868-57a2d4851a1d" />
    <TestEntry testId="b0d6ef68-d383-ba5b-25bb-3f2edd55f8ad" executionId="3f1bf5e2-9099-46fd-bd2d-e139e44b1d02" testListId="8c84fa94-04c1-424b-9868-57a2d4851a1d" />
    <TestEntry testId="b2496d61-7bdd-1b38-c8ba-25788140b0b0" executionId="e4f4f350-d0a4-40cf-bc0e-04cd7a9bf240" testListId="8c84fa94-04c1-424b-9868-57a2d4851a1d" />
    <TestEntry testId="cb963fc7-101c-b5d9-7fb2-9f454b5723c8" executionId="960ded0c-b43b-4f64-ab48-04307456828d" testListId="8c84fa94-04c1-424b-9868-57a2d4851a1d" />
    <TestEntry testId="389b5af2-d187-d95c-b4b5-413447b9165a" executionId="231b1709-4ffc-4f93-977b-1ff4998ebf4f" testListId="8c84fa94-04c1-424b-9868-57a2d4851a1d" />
    <TestEntry testId="541c6956-73de-57fa-4c71-cb8c9e912e4a" executionId="8c70e4cf-793c-42ba-a267-2370df1fdacb" testListId="8c84fa94-04c1-424b-9868-57a2d4851a1d" />
    <TestEntry testId="f35f0ddf-2e23-6804-417a-4106134b4a7b" executionId="e92c44c1-e31a-422e-9e30-1ad8f9e2bb53" testListId="8c84fa94-04c1-424b-9868-57a2d4851a1d" />
    <TestEntry testId="bbe35112-da08-60ce-ad42-6224cffd6a98" executionId="b90744f3-ff65-4bcc-be95-a6813c3fa538" testListId="8c84fa94-04c1-424b-9868-57a2d4851a1d" />
    <TestEntry testId="2c9e1412-0597-515e-aa4b-9d2e5b616b4e" executionId="bccda58e-0b74-4aa1-8f9b-d5f989074169" testListId="8c84fa94-04c1-424b-9868-57a2d4851a1d" />
    <TestEntry testId="984dd8c0-ac26-0e0b-1e21-da5aa0dd1813" executionId="d4ab4401-dffd-4e64-ae94-a8c738102283" testListId="8c84fa94-04c1-424b-9868-57a2d4851a1d" />
    <TestEntry testId="ba669d38-682c-4544-79a5-efaea9ff65b3" executionId="57513750-308e-43cf-880d-c05d0f6c2f61" testListId="8c84fa94-04c1-424b-9868-57a2d4851a1d" />
    <TestEntry testId="4b0b1c20-4c72-0c35-f5db-fbf754fe30b0" executionId="601e0035-cbe9-40a8-8a4a-6d598ac7f21b" testListId="8c84fa94-04c1-424b-9868-57a2d4851a1d" />
    <TestEntry testId="eac1d9f3-dae5-1c75-a273-7a8f607c02f8" executionId="22cacfdf-048d-473a-916b-19a0d59569ce" testListId="8c84fa94-04c1-424b-9868-57a2d4851a1d" />
    <TestEntry testId="18dab6da-4b95-88a5-3654-f621b6610aa6" executionId="1567ad64-1d08-42f1-ae8d-9e00909bb15a" testListId="8c84fa94-04c1-424b-9868-57a2d4851a1d" />
    <TestEntry testId="894e0f66-0002-0dda-541f-4a0bb4c2ddf9" executionId="89918e96-f635-4dba-b61b-e7400512c343" testListId="8c84fa94-04c1-424b-9868-57a2d4851a1d" />
    <TestEntry testId="ab50d149-3e7d-44be-4975-71336fc1a6cc" executionId="940cdba6-b015-45f7-ad96-545ce1de87e8" testListId="8c84fa94-04c1-424b-9868-57a2d4851a1d" />
    <TestEntry testId="9536a9a9-70e7-ec1d-755a-d610e611693a" executionId="4f755dda-fdf4-47c2-9bee-09781cf40998" testListId="8c84fa94-04c1-424b-9868-57a2d4851a1d" />
    <TestEntry testId="da3f4ae0-23e4-0c7d-723d-de7d7188eb96" executionId="6e9ed6bf-6965-4c83-b40b-c5063c8f1270" testListId="8c84fa94-04c1-424b-9868-57a2d4851a1d" />
    <TestEntry testId="b7a4cae9-786e-03c5-10f1-2f139736239e" executionId="5ce1c919-9f88-4069-bd9c-c7e7436731d3" testListId="8c84fa94-04c1-424b-9868-57a2d4851a1d" />
    <TestEntry testId="763df5cf-3ee2-8019-d730-70d0c4c6b301" executionId="819defba-6e60-4ff0-b5ba-e8dbac5f99ff" testListId="8c84fa94-04c1-424b-9868-57a2d4851a1d" />
    <TestEntry testId="bfb51307-54c6-c663-cefc-dd157415f4ec" executionId="5ad55544-3c2b-4f37-a0e4-3135c24f64ab" testListId="8c84fa94-04c1-424b-9868-57a2d4851a1d" />
    <TestEntry testId="5f90274d-834c-6d39-cdd5-d55ba84c542e" executionId="cdc6cc8e-12b2-497e-bab2-e5512846f4d9" testListId="8c84fa94-04c1-424b-9868-57a2d4851a1d" />
    <TestEntry testId="0996a3ba-0e56-cb82-b303-d10f38492b7f" executionId="a2f840cc-7f34-49ec-9bd6-71c76f25f6b9" testListId="8c84fa94-04c1-424b-9868-57a2d4851a1d" />
    <TestEntry testId="03fc1fa8-5713-2ba4-c703-a2ab46d29c81" executionId="13790a63-d312-42c8-b257-cc4a348547df" testListId="8c84fa94-04c1-424b-9868-57a2d4851a1d" />
    <TestEntry testId="9a98a419-864c-19fe-91f6-0db64a77f3cb" executionId="507e29fe-d0fc-4202-b035-46057419a9c8" testListId="8c84fa94-04c1-424b-9868-57a2d4851a1d" />
    <TestEntry testId="149120f3-24f6-8015-2ad2-4784af2d7d82" executionId="e4aeedee-9c10-418b-942c-3134c830d782" testListId="8c84fa94-04c1-424b-9868-57a2d4851a1d" />
    <TestEntry testId="9e2f9116-2cc6-0c90-8304-8c7bc2bc6d92" executionId="3ed000dd-9e4f-4312-9e72-13ef238b295a" testListId="8c84fa94-04c1-424b-9868-57a2d4851a1d" />
    <TestEntry testId="dd3cb1b7-fdae-90be-c1de-0e8ca742b8ea" executionId="bcb6aaee-9f07-42dc-a7c5-06b0292b309e" testListId="8c84fa94-04c1-424b-9868-57a2d4851a1d" />
    <TestEntry testId="0300b1e8-6a3f-fb1d-7a0e-414fbf85cce2" executionId="b0df3271-c2d0-4cd8-8e74-da9a35f77bd5" testListId="8c84fa94-04c1-424b-9868-57a2d4851a1d" />
    <TestEntry testId="e1caaf3b-92ac-af50-1a89-334de7e943da" executionId="b1f70632-d221-48fd-8768-ce4cdd71c290" testListId="8c84fa94-04c1-424b-9868-57a2d4851a1d" />
    <TestEntry testId="aa98de75-2376-7c3e-3691-5e1041077e24" executionId="c81cfa01-ae65-43ed-9150-d48d6bec6782" testListId="8c84fa94-04c1-424b-9868-57a2d4851a1d" />
    <TestEntry testId="de18c74d-7d4b-360a-514e-6e012bbe492e" executionId="d16feb2b-b573-4f85-9d84-ab20ec9b227f" testListId="8c84fa94-04c1-424b-9868-57a2d4851a1d" />
    <TestEntry testId="3e393a9f-3558-3520-1017-40ebd0c8e5aa" executionId="32915275-08cf-412b-b3f2-81b436913424" testListId="8c84fa94-04c1-424b-9868-57a2d4851a1d" />
    <TestEntry testId="35935ac0-0e64-7c4f-4c9f-00087fad989b" executionId="7293a077-2262-4202-9d87-4a0bcd49e19d" testListId="8c84fa94-04c1-424b-9868-57a2d4851a1d" />
    <TestEntry testId="f6160c4c-22d0-caa3-cbc5-14303cb9174d" executionId="35f7efb7-995c-4be6-af01-3a8571bcca53" testListId="8c84fa94-04c1-424b-9868-57a2d4851a1d" />
  </TestEntries>
  <TestLists>
    <TestList name="Results Not in a List" id="8c84fa94-04c1-424b-9868-57a2d4851a1d" />
    <TestList name="All Loaded Results" id="19431567-8539-422a-85d7-44ee4e166bda" />
  </TestLists>
  <ResultSummary outcome="Failed">
    <Counters total="269" executed="269" passed="268" failed="1" error="0" timeout="0" aborted="0" inconclusive="0" passedButRunAborted="0" notRunnable="0" notExecuted="0" disconnected="0" warning="0" completed="0" inProgress="0" pending="0" />
    <Output>
      <StdOut>[xUnit.net 00:00:00.01] xUnit.net VSTest Adapter v2.4.5+1caef2f33e (64-bit .NET 6.0.13)&#xD;
[xUnit.net 00:00:01.42]   Discovering: PVSDashboard.Tests&#xD;
[xUnit.net 00:00:01.50]   Discovered:  PVSDashboard.Tests&#xD;
[xUnit.net 00:00:01.50]   Starting:    PVSDashboard.Tests&#xD;
[xUnit.net 00:00:04.34]       Moq.MockException : ITimerService.RemoveAbsentsAsync([Absent], CancellationToken) invocation failed with mock behavior Strict.
All invocations on the mock must have a corresponding setup.&#xD;
[xUnit.net 00:00:04.34]       Stack Trace:&#xD;
[xUnit.net 00:00:04.34]         C:\projects\moq4\src\Moq\Interception\InterceptionAspects.cs(182,0): at Moq.FailForStrictMock.Handle(Invocation invocation, Mock mock)&#xD;
[xUnit.net 00:00:04.34]         C:\projects\moq4\src\Moq\Interception\Mock.cs(27,0): at Moq.Mock.Moq.IInterceptor.Intercept(Invocation invocation)&#xD;
[xUnit.net 00:00:04.34]         C:\projects\moq4\src\Moq\Interception\CastleProxyFactory.cs(107,0): at Moq.CastleProxyFactory.Interceptor.Intercept(IInvocation underlying)&#xD;
[xUnit.net 00:00:04.34]            at Castle.DynamicProxy.AbstractInvocation.Proceed()&#xD;
[xUnit.net 00:00:04.34]            at Castle.Proxies.ITimerServiceProxy.RemoveAbsentsAsync(List`1 listAllAbsentss, CancellationToken cancellationToken)&#xD;
[xUnit.net 00:00:04.34]         C:\Users\MPIN\source\repos\miguel-pvs\Project1\Application\EventHandlers\AbsentLogic\AbsentLogicEventHandler.cs(42,0): at Project1.Application.EventHandlers.AbsentLogic.AbsentLogicEventHandler.Handle(AbsentLogicEvent notification, CancellationToken cancellationToken)&#xD;
[xUnit.net 00:00:04.34]         C:\Users\MPIN\source\repos\miguel-pvs\PVSDashboard.Tests\Application\EventHandlers\AbsentLogicEventHandlers\AbsentLogicEventHandlerTests.cs(118,0): at PVSDashboard.Tests.Application.EventHandlers.AbsentLogicEventHandlers.AbsentLogicEventHandlerTests.HandleShouldCallAbsentLogicEventAsyncOnApplicationUserRepository_WhenCommandIsSet()&#xD;
[xUnit.net 00:00:04.34]         --- End of stack trace from previous location ---&#xD;
[xUnit.net 00:00:04.79]   Finished:    PVSDashboard.Tests&#xD;
</StdOut>
    </Output>
    <RunInfos>
      <RunInfo computerName="E-LAPTOP-018" outcome="Min" timestamp="2023-01-12T10:46:17.8792639+01:00">
        <Text>[xUnit.net 00:00:04.34]     Handle should call AbsentLogicEventAsync on ApplicationUserRepository [FAIL]</Text>
      </RunInfo>
    </RunInfos>
  </ResultSummary>
</TestRun>